[2023-09-09 19:07:46,696] {taskinstance.py:1179} INFO - Dependencies all met for <TaskInstance: data_cleaning_dag.cleaned_data_message scheduled__2023-09-09T19:06:37.520888+00:00 [queued]>
[2023-09-09 19:07:46,701] {taskinstance.py:1179} INFO - Dependencies all met for <TaskInstance: data_cleaning_dag.cleaned_data_message scheduled__2023-09-09T19:06:37.520888+00:00 [queued]>
[2023-09-09 19:07:46,702] {taskinstance.py:1376} INFO - 
--------------------------------------------------------------------------------
[2023-09-09 19:07:46,702] {taskinstance.py:1377} INFO - Starting attempt 1 of 1
[2023-09-09 19:07:46,702] {taskinstance.py:1378} INFO - 
--------------------------------------------------------------------------------
[2023-09-09 19:07:46,709] {taskinstance.py:1397} INFO - Executing <Task(PythonOperator): cleaned_data_message> on 2023-09-09 19:06:37.520888+00:00
[2023-09-09 19:07:46,713] {standard_task_runner.py:52} INFO - Started process 276 to run task
[2023-09-09 19:07:46,716] {standard_task_runner.py:79} INFO - Running: ['***', 'tasks', 'run', 'data_cleaning_dag', 'cleaned_data_message', 'scheduled__2023-09-09T19:06:37.520888+00:00', '--job-id', '10', '--raw', '--subdir', 'DAGS_FOLDER/data_cleaning_dag/data_cleaning.py', '--cfg-path', '/tmp/tmpax3um_24', '--error-file', '/tmp/tmpe42pbnwh']
[2023-09-09 19:07:46,717] {standard_task_runner.py:80} INFO - Job 10: Subtask cleaned_data_message
[2023-09-09 19:07:46,768] {task_command.py:371} INFO - Running <TaskInstance: data_cleaning_dag.cleaned_data_message scheduled__2023-09-09T19:06:37.520888+00:00 [running]> on host 6373db7196fd
[2023-09-09 19:07:46,805] {taskinstance.py:1591} INFO - Exporting the following env vars:
AIRFLOW_CTX_DAG_OWNER=***
AIRFLOW_CTX_DAG_ID=data_cleaning_dag
AIRFLOW_CTX_TASK_ID=cleaned_data_message
AIRFLOW_CTX_EXECUTION_DATE=2023-09-09T19:06:37.520888+00:00
AIRFLOW_CTX_TRY_NUMBER=1
AIRFLOW_CTX_DAG_RUN_ID=scheduled__2023-09-09T19:06:37.520888+00:00
[2023-09-09 19:07:46,806] {logging_mixin.py:115} INFO - Data successfully cleaned
[2023-09-09 19:07:46,807] {python.py:173} INFO - Done. Returned value was: None
[2023-09-09 19:07:46,814] {taskinstance.py:1420} INFO - Marking task as SUCCESS. dag_id=data_cleaning_dag, task_id=cleaned_data_message, execution_date=20230909T190637, start_date=20230909T190746, end_date=20230909T190746
[2023-09-09 19:07:46,849] {local_task_job.py:156} INFO - Task exited with return code 0
[2023-09-09 19:07:46,867] {local_task_job.py:273} INFO - 0 downstream tasks scheduled from follow-on schedule check
