[2023-09-09 18:40:40,201] {processor.py:153} INFO - Started process (PID=45) to work on /home/airflow/.local/lib/python3.7/site-packages/airflow/example_dags/example_task_group_decorator.py
[2023-09-09 18:40:40,201] {processor.py:641} INFO - Processing file /home/airflow/.local/lib/python3.7/site-packages/airflow/example_dags/example_task_group_decorator.py for tasks to queue
[2023-09-09 18:40:40,202] {logging_mixin.py:115} INFO - [2023-09-09 18:40:40,202] {dagbag.py:508} INFO - Filling up the DagBag from /home/airflow/.local/lib/python3.7/site-packages/airflow/example_dags/example_task_group_decorator.py
[2023-09-09 18:40:40,227] {processor.py:651} INFO - DAG(s) dict_keys(['example_task_group_decorator']) retrieved from /home/airflow/.local/lib/python3.7/site-packages/airflow/example_dags/example_task_group_decorator.py
[2023-09-09 18:40:40,296] {logging_mixin.py:115} INFO - [2023-09-09 18:40:40,296] {manager.py:508} INFO - Created Permission View: can edit on DAG:example_task_group_decorator
[2023-09-09 18:40:40,302] {logging_mixin.py:115} INFO - [2023-09-09 18:40:40,302] {manager.py:508} INFO - Created Permission View: can read on DAG:example_task_group_decorator
[2023-09-09 18:40:40,313] {logging_mixin.py:115} INFO - [2023-09-09 18:40:40,313] {manager.py:508} INFO - Created Permission View: can delete on DAG:example_task_group_decorator
[2023-09-09 18:40:40,314] {logging_mixin.py:115} INFO - [2023-09-09 18:40:40,314] {dag.py:2420} INFO - Sync 1 DAGs
[2023-09-09 18:40:40,320] {logging_mixin.py:115} INFO - [2023-09-09 18:40:40,320] {dag.py:2439} INFO - Creating ORM DAG for example_task_group_decorator
[2023-09-09 18:40:40,327] {logging_mixin.py:115} INFO - [2023-09-09 18:40:40,327] {dag.py:2972} INFO - Setting next_dagrun for example_task_group_decorator to 2023-09-08T18:40:40.326937+00:00, run_after=2023-09-09T18:40:40.326937+00:00
[2023-09-09 18:40:40,341] {processor.py:161} INFO - Processing /home/airflow/.local/lib/python3.7/site-packages/airflow/example_dags/example_task_group_decorator.py took 0.144 seconds
[2023-09-09 18:41:11,222] {processor.py:153} INFO - Started process (PID=108) to work on /home/airflow/.local/lib/python3.7/site-packages/airflow/example_dags/example_task_group_decorator.py
[2023-09-09 18:41:11,224] {processor.py:641} INFO - Processing file /home/airflow/.local/lib/python3.7/site-packages/airflow/example_dags/example_task_group_decorator.py for tasks to queue
[2023-09-09 18:41:11,224] {logging_mixin.py:115} INFO - [2023-09-09 18:41:11,224] {dagbag.py:508} INFO - Filling up the DagBag from /home/airflow/.local/lib/python3.7/site-packages/airflow/example_dags/example_task_group_decorator.py
[2023-09-09 18:41:11,243] {processor.py:651} INFO - DAG(s) dict_keys(['example_task_group_decorator']) retrieved from /home/airflow/.local/lib/python3.7/site-packages/airflow/example_dags/example_task_group_decorator.py
[2023-09-09 18:41:11,282] {logging_mixin.py:115} INFO - [2023-09-09 18:41:11,281] {dag.py:2420} INFO - Sync 1 DAGs
[2023-09-09 18:41:11,291] {logging_mixin.py:115} INFO - [2023-09-09 18:41:11,291] {dag.py:2972} INFO - Setting next_dagrun for example_task_group_decorator to 2023-09-08T18:41:11.290991+00:00, run_after=2023-09-09T18:41:11.290991+00:00
[2023-09-09 18:41:11,297] {processor.py:161} INFO - Processing /home/airflow/.local/lib/python3.7/site-packages/airflow/example_dags/example_task_group_decorator.py took 0.078 seconds
[2023-09-09 18:41:41,499] {processor.py:153} INFO - Started process (PID=171) to work on /home/airflow/.local/lib/python3.7/site-packages/airflow/example_dags/example_task_group_decorator.py
[2023-09-09 18:41:41,500] {processor.py:641} INFO - Processing file /home/airflow/.local/lib/python3.7/site-packages/airflow/example_dags/example_task_group_decorator.py for tasks to queue
[2023-09-09 18:41:41,501] {logging_mixin.py:115} INFO - [2023-09-09 18:41:41,501] {dagbag.py:508} INFO - Filling up the DagBag from /home/airflow/.local/lib/python3.7/site-packages/airflow/example_dags/example_task_group_decorator.py
[2023-09-09 18:41:41,523] {processor.py:651} INFO - DAG(s) dict_keys(['example_task_group_decorator']) retrieved from /home/airflow/.local/lib/python3.7/site-packages/airflow/example_dags/example_task_group_decorator.py
[2023-09-09 18:41:41,564] {logging_mixin.py:115} INFO - [2023-09-09 18:41:41,563] {dag.py:2420} INFO - Sync 1 DAGs
[2023-09-09 18:41:41,572] {logging_mixin.py:115} INFO - [2023-09-09 18:41:41,572] {dag.py:2972} INFO - Setting next_dagrun for example_task_group_decorator to 2023-09-08T18:41:41.572668+00:00, run_after=2023-09-09T18:41:41.572668+00:00
[2023-09-09 18:41:41,578] {processor.py:161} INFO - Processing /home/airflow/.local/lib/python3.7/site-packages/airflow/example_dags/example_task_group_decorator.py took 0.083 seconds
[2023-09-09 18:42:11,937] {processor.py:153} INFO - Started process (PID=235) to work on /home/airflow/.local/lib/python3.7/site-packages/airflow/example_dags/example_task_group_decorator.py
[2023-09-09 18:42:11,938] {processor.py:641} INFO - Processing file /home/airflow/.local/lib/python3.7/site-packages/airflow/example_dags/example_task_group_decorator.py for tasks to queue
[2023-09-09 18:42:11,939] {logging_mixin.py:115} INFO - [2023-09-09 18:42:11,939] {dagbag.py:508} INFO - Filling up the DagBag from /home/airflow/.local/lib/python3.7/site-packages/airflow/example_dags/example_task_group_decorator.py
[2023-09-09 18:42:11,961] {processor.py:651} INFO - DAG(s) dict_keys(['example_task_group_decorator']) retrieved from /home/airflow/.local/lib/python3.7/site-packages/airflow/example_dags/example_task_group_decorator.py
[2023-09-09 18:42:12,000] {logging_mixin.py:115} INFO - [2023-09-09 18:42:12,000] {dag.py:2420} INFO - Sync 1 DAGs
[2023-09-09 18:42:12,009] {logging_mixin.py:115} INFO - [2023-09-09 18:42:12,009] {dag.py:2972} INFO - Setting next_dagrun for example_task_group_decorator to 2023-09-08T18:42:12.009370+00:00, run_after=2023-09-09T18:42:12.009370+00:00
[2023-09-09 18:42:12,015] {processor.py:161} INFO - Processing /home/airflow/.local/lib/python3.7/site-packages/airflow/example_dags/example_task_group_decorator.py took 0.083 seconds
[2023-09-09 18:42:42,251] {processor.py:153} INFO - Started process (PID=289) to work on /home/airflow/.local/lib/python3.7/site-packages/airflow/example_dags/example_task_group_decorator.py
[2023-09-09 18:42:42,254] {processor.py:641} INFO - Processing file /home/airflow/.local/lib/python3.7/site-packages/airflow/example_dags/example_task_group_decorator.py for tasks to queue
[2023-09-09 18:42:42,255] {logging_mixin.py:115} INFO - [2023-09-09 18:42:42,255] {dagbag.py:508} INFO - Filling up the DagBag from /home/airflow/.local/lib/python3.7/site-packages/airflow/example_dags/example_task_group_decorator.py
[2023-09-09 18:42:42,284] {processor.py:651} INFO - DAG(s) dict_keys(['example_task_group_decorator']) retrieved from /home/airflow/.local/lib/python3.7/site-packages/airflow/example_dags/example_task_group_decorator.py
[2023-09-09 18:42:42,366] {logging_mixin.py:115} INFO - [2023-09-09 18:42:42,366] {dag.py:2420} INFO - Sync 1 DAGs
[2023-09-09 18:42:42,420] {logging_mixin.py:115} INFO - [2023-09-09 18:42:42,420] {dag.py:2972} INFO - Setting next_dagrun for example_task_group_decorator to 2023-09-08T18:42:42.420260+00:00, run_after=2023-09-09T18:42:42.420260+00:00
[2023-09-09 18:42:42,444] {processor.py:161} INFO - Processing /home/airflow/.local/lib/python3.7/site-packages/airflow/example_dags/example_task_group_decorator.py took 0.196 seconds
[2023-09-09 18:43:13,175] {processor.py:153} INFO - Started process (PID=353) to work on /home/airflow/.local/lib/python3.7/site-packages/airflow/example_dags/example_task_group_decorator.py
[2023-09-09 18:43:13,176] {processor.py:641} INFO - Processing file /home/airflow/.local/lib/python3.7/site-packages/airflow/example_dags/example_task_group_decorator.py for tasks to queue
[2023-09-09 18:43:13,177] {logging_mixin.py:115} INFO - [2023-09-09 18:43:13,177] {dagbag.py:508} INFO - Filling up the DagBag from /home/airflow/.local/lib/python3.7/site-packages/airflow/example_dags/example_task_group_decorator.py
[2023-09-09 18:43:13,199] {processor.py:651} INFO - DAG(s) dict_keys(['example_task_group_decorator']) retrieved from /home/airflow/.local/lib/python3.7/site-packages/airflow/example_dags/example_task_group_decorator.py
[2023-09-09 18:43:13,238] {logging_mixin.py:115} INFO - [2023-09-09 18:43:13,238] {dag.py:2420} INFO - Sync 1 DAGs
[2023-09-09 18:43:13,252] {logging_mixin.py:115} INFO - [2023-09-09 18:43:13,252] {dag.py:2972} INFO - Setting next_dagrun for example_task_group_decorator to 2023-09-08T18:43:13.252490+00:00, run_after=2023-09-09T18:43:13.252490+00:00
[2023-09-09 18:43:13,260] {processor.py:161} INFO - Processing /home/airflow/.local/lib/python3.7/site-packages/airflow/example_dags/example_task_group_decorator.py took 0.090 seconds
[2023-09-09 18:43:43,510] {processor.py:153} INFO - Started process (PID=415) to work on /home/airflow/.local/lib/python3.7/site-packages/airflow/example_dags/example_task_group_decorator.py
[2023-09-09 18:43:43,511] {processor.py:641} INFO - Processing file /home/airflow/.local/lib/python3.7/site-packages/airflow/example_dags/example_task_group_decorator.py for tasks to queue
[2023-09-09 18:43:43,512] {logging_mixin.py:115} INFO - [2023-09-09 18:43:43,512] {dagbag.py:508} INFO - Filling up the DagBag from /home/airflow/.local/lib/python3.7/site-packages/airflow/example_dags/example_task_group_decorator.py
[2023-09-09 18:43:43,527] {processor.py:651} INFO - DAG(s) dict_keys(['example_task_group_decorator']) retrieved from /home/airflow/.local/lib/python3.7/site-packages/airflow/example_dags/example_task_group_decorator.py
[2023-09-09 18:43:43,561] {logging_mixin.py:115} INFO - [2023-09-09 18:43:43,561] {dag.py:2420} INFO - Sync 1 DAGs
[2023-09-09 18:43:43,570] {logging_mixin.py:115} INFO - [2023-09-09 18:43:43,570] {dag.py:2972} INFO - Setting next_dagrun for example_task_group_decorator to 2023-09-08T18:43:43.570370+00:00, run_after=2023-09-09T18:43:43.570370+00:00
[2023-09-09 18:43:43,576] {processor.py:161} INFO - Processing /home/airflow/.local/lib/python3.7/site-packages/airflow/example_dags/example_task_group_decorator.py took 0.069 seconds
[2023-09-09 18:44:13,850] {processor.py:153} INFO - Started process (PID=477) to work on /home/airflow/.local/lib/python3.7/site-packages/airflow/example_dags/example_task_group_decorator.py
[2023-09-09 18:44:13,851] {processor.py:641} INFO - Processing file /home/airflow/.local/lib/python3.7/site-packages/airflow/example_dags/example_task_group_decorator.py for tasks to queue
[2023-09-09 18:44:13,852] {logging_mixin.py:115} INFO - [2023-09-09 18:44:13,852] {dagbag.py:508} INFO - Filling up the DagBag from /home/airflow/.local/lib/python3.7/site-packages/airflow/example_dags/example_task_group_decorator.py
[2023-09-09 18:44:13,869] {processor.py:651} INFO - DAG(s) dict_keys(['example_task_group_decorator']) retrieved from /home/airflow/.local/lib/python3.7/site-packages/airflow/example_dags/example_task_group_decorator.py
[2023-09-09 18:44:13,907] {logging_mixin.py:115} INFO - [2023-09-09 18:44:13,907] {dag.py:2420} INFO - Sync 1 DAGs
[2023-09-09 18:44:13,915] {logging_mixin.py:115} INFO - [2023-09-09 18:44:13,915] {dag.py:2972} INFO - Setting next_dagrun for example_task_group_decorator to 2023-09-08T18:44:13.915748+00:00, run_after=2023-09-09T18:44:13.915748+00:00
[2023-09-09 18:44:13,921] {processor.py:161} INFO - Processing /home/airflow/.local/lib/python3.7/site-packages/airflow/example_dags/example_task_group_decorator.py took 0.075 seconds
[2023-09-09 18:44:44,103] {processor.py:153} INFO - Started process (PID=540) to work on /home/airflow/.local/lib/python3.7/site-packages/airflow/example_dags/example_task_group_decorator.py
[2023-09-09 18:44:44,104] {processor.py:641} INFO - Processing file /home/airflow/.local/lib/python3.7/site-packages/airflow/example_dags/example_task_group_decorator.py for tasks to queue
[2023-09-09 18:44:44,106] {logging_mixin.py:115} INFO - [2023-09-09 18:44:44,105] {dagbag.py:508} INFO - Filling up the DagBag from /home/airflow/.local/lib/python3.7/site-packages/airflow/example_dags/example_task_group_decorator.py
[2023-09-09 18:44:44,127] {processor.py:651} INFO - DAG(s) dict_keys(['example_task_group_decorator']) retrieved from /home/airflow/.local/lib/python3.7/site-packages/airflow/example_dags/example_task_group_decorator.py
[2023-09-09 18:44:44,167] {logging_mixin.py:115} INFO - [2023-09-09 18:44:44,167] {dag.py:2420} INFO - Sync 1 DAGs
[2023-09-09 18:44:44,175] {logging_mixin.py:115} INFO - [2023-09-09 18:44:44,175] {dag.py:2972} INFO - Setting next_dagrun for example_task_group_decorator to 2023-09-08T18:44:44.175739+00:00, run_after=2023-09-09T18:44:44.175739+00:00
[2023-09-09 18:44:44,181] {processor.py:161} INFO - Processing /home/airflow/.local/lib/python3.7/site-packages/airflow/example_dags/example_task_group_decorator.py took 0.083 seconds
[2023-09-09 18:45:14,591] {processor.py:153} INFO - Started process (PID=603) to work on /home/airflow/.local/lib/python3.7/site-packages/airflow/example_dags/example_task_group_decorator.py
[2023-09-09 18:45:14,592] {processor.py:641} INFO - Processing file /home/airflow/.local/lib/python3.7/site-packages/airflow/example_dags/example_task_group_decorator.py for tasks to queue
[2023-09-09 18:45:14,593] {logging_mixin.py:115} INFO - [2023-09-09 18:45:14,593] {dagbag.py:508} INFO - Filling up the DagBag from /home/airflow/.local/lib/python3.7/site-packages/airflow/example_dags/example_task_group_decorator.py
[2023-09-09 18:45:14,614] {processor.py:651} INFO - DAG(s) dict_keys(['example_task_group_decorator']) retrieved from /home/airflow/.local/lib/python3.7/site-packages/airflow/example_dags/example_task_group_decorator.py
[2023-09-09 18:45:14,640] {logging_mixin.py:115} INFO - [2023-09-09 18:45:14,640] {dag.py:2420} INFO - Sync 1 DAGs
[2023-09-09 18:45:14,655] {logging_mixin.py:115} INFO - [2023-09-09 18:45:14,655] {dag.py:2972} INFO - Setting next_dagrun for example_task_group_decorator to 2023-09-08T18:45:14.655071+00:00, run_after=2023-09-09T18:45:14.655071+00:00
[2023-09-09 18:45:14,661] {processor.py:161} INFO - Processing /home/airflow/.local/lib/python3.7/site-packages/airflow/example_dags/example_task_group_decorator.py took 0.075 seconds
[2023-09-09 18:45:44,924] {processor.py:153} INFO - Started process (PID=656) to work on /home/airflow/.local/lib/python3.7/site-packages/airflow/example_dags/example_task_group_decorator.py
[2023-09-09 18:45:44,925] {processor.py:641} INFO - Processing file /home/airflow/.local/lib/python3.7/site-packages/airflow/example_dags/example_task_group_decorator.py for tasks to queue
[2023-09-09 18:45:44,926] {logging_mixin.py:115} INFO - [2023-09-09 18:45:44,926] {dagbag.py:508} INFO - Filling up the DagBag from /home/airflow/.local/lib/python3.7/site-packages/airflow/example_dags/example_task_group_decorator.py
[2023-09-09 18:45:44,946] {processor.py:651} INFO - DAG(s) dict_keys(['example_task_group_decorator']) retrieved from /home/airflow/.local/lib/python3.7/site-packages/airflow/example_dags/example_task_group_decorator.py
[2023-09-09 18:45:44,983] {logging_mixin.py:115} INFO - [2023-09-09 18:45:44,983] {dag.py:2420} INFO - Sync 1 DAGs
[2023-09-09 18:45:44,992] {logging_mixin.py:115} INFO - [2023-09-09 18:45:44,992] {dag.py:2972} INFO - Setting next_dagrun for example_task_group_decorator to 2023-09-08T18:45:44.992573+00:00, run_after=2023-09-09T18:45:44.992573+00:00
[2023-09-09 18:45:44,999] {processor.py:161} INFO - Processing /home/airflow/.local/lib/python3.7/site-packages/airflow/example_dags/example_task_group_decorator.py took 0.080 seconds
[2023-09-09 18:46:15,219] {processor.py:153} INFO - Started process (PID=717) to work on /home/airflow/.local/lib/python3.7/site-packages/airflow/example_dags/example_task_group_decorator.py
[2023-09-09 18:46:15,220] {processor.py:641} INFO - Processing file /home/airflow/.local/lib/python3.7/site-packages/airflow/example_dags/example_task_group_decorator.py for tasks to queue
[2023-09-09 18:46:15,221] {logging_mixin.py:115} INFO - [2023-09-09 18:46:15,221] {dagbag.py:508} INFO - Filling up the DagBag from /home/airflow/.local/lib/python3.7/site-packages/airflow/example_dags/example_task_group_decorator.py
[2023-09-09 18:46:15,240] {processor.py:651} INFO - DAG(s) dict_keys(['example_task_group_decorator']) retrieved from /home/airflow/.local/lib/python3.7/site-packages/airflow/example_dags/example_task_group_decorator.py
[2023-09-09 18:46:15,283] {logging_mixin.py:115} INFO - [2023-09-09 18:46:15,283] {dag.py:2420} INFO - Sync 1 DAGs
[2023-09-09 18:46:15,294] {logging_mixin.py:115} INFO - [2023-09-09 18:46:15,294] {dag.py:2972} INFO - Setting next_dagrun for example_task_group_decorator to 2023-09-08T18:46:15.293862+00:00, run_after=2023-09-09T18:46:15.293862+00:00
[2023-09-09 18:46:15,300] {processor.py:161} INFO - Processing /home/airflow/.local/lib/python3.7/site-packages/airflow/example_dags/example_task_group_decorator.py took 0.084 seconds
[2023-09-09 18:46:45,493] {processor.py:153} INFO - Started process (PID=780) to work on /home/airflow/.local/lib/python3.7/site-packages/airflow/example_dags/example_task_group_decorator.py
[2023-09-09 18:46:45,494] {processor.py:641} INFO - Processing file /home/airflow/.local/lib/python3.7/site-packages/airflow/example_dags/example_task_group_decorator.py for tasks to queue
[2023-09-09 18:46:45,495] {logging_mixin.py:115} INFO - [2023-09-09 18:46:45,495] {dagbag.py:508} INFO - Filling up the DagBag from /home/airflow/.local/lib/python3.7/site-packages/airflow/example_dags/example_task_group_decorator.py
[2023-09-09 18:46:45,518] {processor.py:651} INFO - DAG(s) dict_keys(['example_task_group_decorator']) retrieved from /home/airflow/.local/lib/python3.7/site-packages/airflow/example_dags/example_task_group_decorator.py
[2023-09-09 18:46:45,536] {logging_mixin.py:115} INFO - [2023-09-09 18:46:45,536] {dag.py:2420} INFO - Sync 1 DAGs
[2023-09-09 18:46:45,548] {logging_mixin.py:115} INFO - [2023-09-09 18:46:45,548] {dag.py:2972} INFO - Setting next_dagrun for example_task_group_decorator to 2023-09-08T18:46:45.547866+00:00, run_after=2023-09-09T18:46:45.547866+00:00
[2023-09-09 18:46:45,553] {processor.py:161} INFO - Processing /home/airflow/.local/lib/python3.7/site-packages/airflow/example_dags/example_task_group_decorator.py took 0.065 seconds
[2023-09-09 18:47:15,757] {processor.py:153} INFO - Started process (PID=843) to work on /home/airflow/.local/lib/python3.7/site-packages/airflow/example_dags/example_task_group_decorator.py
[2023-09-09 18:47:15,758] {processor.py:641} INFO - Processing file /home/airflow/.local/lib/python3.7/site-packages/airflow/example_dags/example_task_group_decorator.py for tasks to queue
[2023-09-09 18:47:15,760] {logging_mixin.py:115} INFO - [2023-09-09 18:47:15,760] {dagbag.py:508} INFO - Filling up the DagBag from /home/airflow/.local/lib/python3.7/site-packages/airflow/example_dags/example_task_group_decorator.py
[2023-09-09 18:47:15,784] {processor.py:651} INFO - DAG(s) dict_keys(['example_task_group_decorator']) retrieved from /home/airflow/.local/lib/python3.7/site-packages/airflow/example_dags/example_task_group_decorator.py
[2023-09-09 18:47:15,804] {logging_mixin.py:115} INFO - [2023-09-09 18:47:15,804] {dag.py:2420} INFO - Sync 1 DAGs
[2023-09-09 18:47:15,815] {logging_mixin.py:115} INFO - [2023-09-09 18:47:15,815] {dag.py:2972} INFO - Setting next_dagrun for example_task_group_decorator to 2023-09-08T18:47:15.815061+00:00, run_after=2023-09-09T18:47:15.815061+00:00
[2023-09-09 18:47:15,820] {processor.py:161} INFO - Processing /home/airflow/.local/lib/python3.7/site-packages/airflow/example_dags/example_task_group_decorator.py took 0.069 seconds
[2023-09-09 18:47:45,996] {processor.py:153} INFO - Started process (PID=906) to work on /home/airflow/.local/lib/python3.7/site-packages/airflow/example_dags/example_task_group_decorator.py
[2023-09-09 18:47:45,997] {processor.py:641} INFO - Processing file /home/airflow/.local/lib/python3.7/site-packages/airflow/example_dags/example_task_group_decorator.py for tasks to queue
[2023-09-09 18:47:45,998] {logging_mixin.py:115} INFO - [2023-09-09 18:47:45,998] {dagbag.py:508} INFO - Filling up the DagBag from /home/airflow/.local/lib/python3.7/site-packages/airflow/example_dags/example_task_group_decorator.py
[2023-09-09 18:47:46,017] {processor.py:651} INFO - DAG(s) dict_keys(['example_task_group_decorator']) retrieved from /home/airflow/.local/lib/python3.7/site-packages/airflow/example_dags/example_task_group_decorator.py
[2023-09-09 18:47:46,036] {logging_mixin.py:115} INFO - [2023-09-09 18:47:46,036] {dag.py:2420} INFO - Sync 1 DAGs
[2023-09-09 18:47:46,047] {logging_mixin.py:115} INFO - [2023-09-09 18:47:46,047] {dag.py:2972} INFO - Setting next_dagrun for example_task_group_decorator to 2023-09-08T18:47:46.047282+00:00, run_after=2023-09-09T18:47:46.047282+00:00
[2023-09-09 18:47:46,052] {processor.py:161} INFO - Processing /home/airflow/.local/lib/python3.7/site-packages/airflow/example_dags/example_task_group_decorator.py took 0.061 seconds
[2023-09-09 18:48:16,211] {processor.py:153} INFO - Started process (PID=968) to work on /home/airflow/.local/lib/python3.7/site-packages/airflow/example_dags/example_task_group_decorator.py
[2023-09-09 18:48:16,211] {processor.py:641} INFO - Processing file /home/airflow/.local/lib/python3.7/site-packages/airflow/example_dags/example_task_group_decorator.py for tasks to queue
[2023-09-09 18:48:16,212] {logging_mixin.py:115} INFO - [2023-09-09 18:48:16,212] {dagbag.py:508} INFO - Filling up the DagBag from /home/airflow/.local/lib/python3.7/site-packages/airflow/example_dags/example_task_group_decorator.py
[2023-09-09 18:48:16,224] {processor.py:651} INFO - DAG(s) dict_keys(['example_task_group_decorator']) retrieved from /home/airflow/.local/lib/python3.7/site-packages/airflow/example_dags/example_task_group_decorator.py
[2023-09-09 18:48:16,262] {logging_mixin.py:115} INFO - [2023-09-09 18:48:16,262] {dag.py:2420} INFO - Sync 1 DAGs
[2023-09-09 18:48:16,271] {logging_mixin.py:115} INFO - [2023-09-09 18:48:16,271] {dag.py:2972} INFO - Setting next_dagrun for example_task_group_decorator to 2023-09-08T18:48:16.271115+00:00, run_after=2023-09-09T18:48:16.271115+00:00
[2023-09-09 18:48:16,277] {processor.py:161} INFO - Processing /home/airflow/.local/lib/python3.7/site-packages/airflow/example_dags/example_task_group_decorator.py took 0.069 seconds
[2023-09-09 18:48:46,435] {processor.py:153} INFO - Started process (PID=1022) to work on /home/airflow/.local/lib/python3.7/site-packages/airflow/example_dags/example_task_group_decorator.py
[2023-09-09 18:48:46,436] {processor.py:641} INFO - Processing file /home/airflow/.local/lib/python3.7/site-packages/airflow/example_dags/example_task_group_decorator.py for tasks to queue
[2023-09-09 18:48:46,437] {logging_mixin.py:115} INFO - [2023-09-09 18:48:46,437] {dagbag.py:508} INFO - Filling up the DagBag from /home/airflow/.local/lib/python3.7/site-packages/airflow/example_dags/example_task_group_decorator.py
[2023-09-09 18:48:46,460] {processor.py:651} INFO - DAG(s) dict_keys(['example_task_group_decorator']) retrieved from /home/airflow/.local/lib/python3.7/site-packages/airflow/example_dags/example_task_group_decorator.py
[2023-09-09 18:48:46,499] {logging_mixin.py:115} INFO - [2023-09-09 18:48:46,499] {dag.py:2420} INFO - Sync 1 DAGs
[2023-09-09 18:48:46,508] {logging_mixin.py:115} INFO - [2023-09-09 18:48:46,508] {dag.py:2972} INFO - Setting next_dagrun for example_task_group_decorator to 2023-09-08T18:48:46.508196+00:00, run_after=2023-09-09T18:48:46.508196+00:00
[2023-09-09 18:48:46,513] {processor.py:161} INFO - Processing /home/airflow/.local/lib/python3.7/site-packages/airflow/example_dags/example_task_group_decorator.py took 0.084 seconds
[2023-09-09 18:57:33,861] {processor.py:153} INFO - Started process (PID=45) to work on /home/airflow/.local/lib/python3.7/site-packages/airflow/example_dags/example_task_group_decorator.py
[2023-09-09 18:57:33,863] {processor.py:641} INFO - Processing file /home/airflow/.local/lib/python3.7/site-packages/airflow/example_dags/example_task_group_decorator.py for tasks to queue
[2023-09-09 18:57:33,864] {logging_mixin.py:115} INFO - [2023-09-09 18:57:33,864] {dagbag.py:508} INFO - Filling up the DagBag from /home/airflow/.local/lib/python3.7/site-packages/airflow/example_dags/example_task_group_decorator.py
[2023-09-09 18:57:33,896] {processor.py:651} INFO - DAG(s) dict_keys(['example_task_group_decorator']) retrieved from /home/airflow/.local/lib/python3.7/site-packages/airflow/example_dags/example_task_group_decorator.py
[2023-09-09 18:57:33,945] {logging_mixin.py:115} INFO - [2023-09-09 18:57:33,945] {dag.py:2420} INFO - Sync 1 DAGs
[2023-09-09 18:57:33,958] {logging_mixin.py:115} INFO - [2023-09-09 18:57:33,958] {dag.py:2972} INFO - Setting next_dagrun for example_task_group_decorator to 2023-09-08T18:57:33.957850+00:00, run_after=2023-09-09T18:57:33.957850+00:00
[2023-09-09 18:57:33,964] {processor.py:161} INFO - Processing /home/airflow/.local/lib/python3.7/site-packages/airflow/example_dags/example_task_group_decorator.py took 0.105 seconds
[2023-09-09 18:58:04,271] {processor.py:153} INFO - Started process (PID=108) to work on /home/airflow/.local/lib/python3.7/site-packages/airflow/example_dags/example_task_group_decorator.py
[2023-09-09 18:58:04,271] {processor.py:641} INFO - Processing file /home/airflow/.local/lib/python3.7/site-packages/airflow/example_dags/example_task_group_decorator.py for tasks to queue
[2023-09-09 18:58:04,272] {logging_mixin.py:115} INFO - [2023-09-09 18:58:04,272] {dagbag.py:508} INFO - Filling up the DagBag from /home/airflow/.local/lib/python3.7/site-packages/airflow/example_dags/example_task_group_decorator.py
[2023-09-09 18:58:04,283] {processor.py:651} INFO - DAG(s) dict_keys(['example_task_group_decorator']) retrieved from /home/airflow/.local/lib/python3.7/site-packages/airflow/example_dags/example_task_group_decorator.py
[2023-09-09 18:58:04,318] {logging_mixin.py:115} INFO - [2023-09-09 18:58:04,318] {dag.py:2420} INFO - Sync 1 DAGs
[2023-09-09 18:58:04,327] {logging_mixin.py:115} INFO - [2023-09-09 18:58:04,327] {dag.py:2972} INFO - Setting next_dagrun for example_task_group_decorator to 2023-09-08T18:58:04.327152+00:00, run_after=2023-09-09T18:58:04.327152+00:00
[2023-09-09 18:58:04,333] {processor.py:161} INFO - Processing /home/airflow/.local/lib/python3.7/site-packages/airflow/example_dags/example_task_group_decorator.py took 0.064 seconds
[2023-09-09 18:58:34,586] {processor.py:153} INFO - Started process (PID=171) to work on /home/airflow/.local/lib/python3.7/site-packages/airflow/example_dags/example_task_group_decorator.py
[2023-09-09 18:58:34,587] {processor.py:641} INFO - Processing file /home/airflow/.local/lib/python3.7/site-packages/airflow/example_dags/example_task_group_decorator.py for tasks to queue
[2023-09-09 18:58:34,587] {logging_mixin.py:115} INFO - [2023-09-09 18:58:34,587] {dagbag.py:508} INFO - Filling up the DagBag from /home/airflow/.local/lib/python3.7/site-packages/airflow/example_dags/example_task_group_decorator.py
[2023-09-09 18:58:34,598] {processor.py:651} INFO - DAG(s) dict_keys(['example_task_group_decorator']) retrieved from /home/airflow/.local/lib/python3.7/site-packages/airflow/example_dags/example_task_group_decorator.py
[2023-09-09 18:58:34,629] {logging_mixin.py:115} INFO - [2023-09-09 18:58:34,629] {dag.py:2420} INFO - Sync 1 DAGs
[2023-09-09 18:58:34,638] {logging_mixin.py:115} INFO - [2023-09-09 18:58:34,638] {dag.py:2972} INFO - Setting next_dagrun for example_task_group_decorator to 2023-09-08T18:58:34.638301+00:00, run_after=2023-09-09T18:58:34.638301+00:00
[2023-09-09 18:58:34,644] {processor.py:161} INFO - Processing /home/airflow/.local/lib/python3.7/site-packages/airflow/example_dags/example_task_group_decorator.py took 0.059 seconds
[2023-09-09 18:59:04,869] {processor.py:153} INFO - Started process (PID=233) to work on /home/airflow/.local/lib/python3.7/site-packages/airflow/example_dags/example_task_group_decorator.py
[2023-09-09 18:59:04,870] {processor.py:641} INFO - Processing file /home/airflow/.local/lib/python3.7/site-packages/airflow/example_dags/example_task_group_decorator.py for tasks to queue
[2023-09-09 18:59:04,870] {logging_mixin.py:115} INFO - [2023-09-09 18:59:04,870] {dagbag.py:508} INFO - Filling up the DagBag from /home/airflow/.local/lib/python3.7/site-packages/airflow/example_dags/example_task_group_decorator.py
[2023-09-09 18:59:04,881] {processor.py:651} INFO - DAG(s) dict_keys(['example_task_group_decorator']) retrieved from /home/airflow/.local/lib/python3.7/site-packages/airflow/example_dags/example_task_group_decorator.py
[2023-09-09 18:59:04,914] {logging_mixin.py:115} INFO - [2023-09-09 18:59:04,914] {dag.py:2420} INFO - Sync 1 DAGs
[2023-09-09 18:59:04,923] {logging_mixin.py:115} INFO - [2023-09-09 18:59:04,923] {dag.py:2972} INFO - Setting next_dagrun for example_task_group_decorator to 2023-09-08T18:59:04.923613+00:00, run_after=2023-09-09T18:59:04.923613+00:00
[2023-09-09 18:59:04,929] {processor.py:161} INFO - Processing /home/airflow/.local/lib/python3.7/site-packages/airflow/example_dags/example_task_group_decorator.py took 0.062 seconds
[2023-09-09 18:59:35,283] {processor.py:153} INFO - Started process (PID=287) to work on /home/airflow/.local/lib/python3.7/site-packages/airflow/example_dags/example_task_group_decorator.py
[2023-09-09 18:59:35,283] {processor.py:641} INFO - Processing file /home/airflow/.local/lib/python3.7/site-packages/airflow/example_dags/example_task_group_decorator.py for tasks to queue
[2023-09-09 18:59:35,284] {logging_mixin.py:115} INFO - [2023-09-09 18:59:35,284] {dagbag.py:508} INFO - Filling up the DagBag from /home/airflow/.local/lib/python3.7/site-packages/airflow/example_dags/example_task_group_decorator.py
[2023-09-09 18:59:35,296] {processor.py:651} INFO - DAG(s) dict_keys(['example_task_group_decorator']) retrieved from /home/airflow/.local/lib/python3.7/site-packages/airflow/example_dags/example_task_group_decorator.py
[2023-09-09 18:59:35,330] {logging_mixin.py:115} INFO - [2023-09-09 18:59:35,330] {dag.py:2420} INFO - Sync 1 DAGs
[2023-09-09 18:59:35,340] {logging_mixin.py:115} INFO - [2023-09-09 18:59:35,340] {dag.py:2972} INFO - Setting next_dagrun for example_task_group_decorator to 2023-09-08T18:59:35.339920+00:00, run_after=2023-09-09T18:59:35.339920+00:00
[2023-09-09 18:59:35,345] {processor.py:161} INFO - Processing /home/airflow/.local/lib/python3.7/site-packages/airflow/example_dags/example_task_group_decorator.py took 0.065 seconds
[2023-09-09 19:00:05,543] {processor.py:153} INFO - Started process (PID=349) to work on /home/airflow/.local/lib/python3.7/site-packages/airflow/example_dags/example_task_group_decorator.py
[2023-09-09 19:00:05,544] {processor.py:641} INFO - Processing file /home/airflow/.local/lib/python3.7/site-packages/airflow/example_dags/example_task_group_decorator.py for tasks to queue
[2023-09-09 19:00:05,544] {logging_mixin.py:115} INFO - [2023-09-09 19:00:05,544] {dagbag.py:508} INFO - Filling up the DagBag from /home/airflow/.local/lib/python3.7/site-packages/airflow/example_dags/example_task_group_decorator.py
[2023-09-09 19:00:05,555] {processor.py:651} INFO - DAG(s) dict_keys(['example_task_group_decorator']) retrieved from /home/airflow/.local/lib/python3.7/site-packages/airflow/example_dags/example_task_group_decorator.py
[2023-09-09 19:00:05,589] {logging_mixin.py:115} INFO - [2023-09-09 19:00:05,589] {dag.py:2420} INFO - Sync 1 DAGs
[2023-09-09 19:00:05,599] {logging_mixin.py:115} INFO - [2023-09-09 19:00:05,599] {dag.py:2972} INFO - Setting next_dagrun for example_task_group_decorator to 2023-09-08T19:00:05.598875+00:00, run_after=2023-09-09T19:00:05.598875+00:00
[2023-09-09 19:00:05,604] {processor.py:161} INFO - Processing /home/airflow/.local/lib/python3.7/site-packages/airflow/example_dags/example_task_group_decorator.py took 0.063 seconds
[2023-09-09 19:00:35,916] {processor.py:153} INFO - Started process (PID=413) to work on /home/airflow/.local/lib/python3.7/site-packages/airflow/example_dags/example_task_group_decorator.py
[2023-09-09 19:00:35,917] {processor.py:641} INFO - Processing file /home/airflow/.local/lib/python3.7/site-packages/airflow/example_dags/example_task_group_decorator.py for tasks to queue
[2023-09-09 19:00:35,918] {logging_mixin.py:115} INFO - [2023-09-09 19:00:35,918] {dagbag.py:508} INFO - Filling up the DagBag from /home/airflow/.local/lib/python3.7/site-packages/airflow/example_dags/example_task_group_decorator.py
[2023-09-09 19:00:35,931] {processor.py:651} INFO - DAG(s) dict_keys(['example_task_group_decorator']) retrieved from /home/airflow/.local/lib/python3.7/site-packages/airflow/example_dags/example_task_group_decorator.py
[2023-09-09 19:00:35,971] {logging_mixin.py:115} INFO - [2023-09-09 19:00:35,971] {dag.py:2420} INFO - Sync 1 DAGs
[2023-09-09 19:00:35,980] {logging_mixin.py:115} INFO - [2023-09-09 19:00:35,980] {dag.py:2972} INFO - Setting next_dagrun for example_task_group_decorator to 2023-09-08T19:00:35.980340+00:00, run_after=2023-09-09T19:00:35.980340+00:00
[2023-09-09 19:00:35,986] {processor.py:161} INFO - Processing /home/airflow/.local/lib/python3.7/site-packages/airflow/example_dags/example_task_group_decorator.py took 0.073 seconds
[2023-09-09 19:01:06,102] {processor.py:153} INFO - Started process (PID=477) to work on /home/airflow/.local/lib/python3.7/site-packages/airflow/example_dags/example_task_group_decorator.py
[2023-09-09 19:01:06,103] {processor.py:641} INFO - Processing file /home/airflow/.local/lib/python3.7/site-packages/airflow/example_dags/example_task_group_decorator.py for tasks to queue
[2023-09-09 19:01:06,103] {logging_mixin.py:115} INFO - [2023-09-09 19:01:06,103] {dagbag.py:508} INFO - Filling up the DagBag from /home/airflow/.local/lib/python3.7/site-packages/airflow/example_dags/example_task_group_decorator.py
[2023-09-09 19:01:06,114] {processor.py:651} INFO - DAG(s) dict_keys(['example_task_group_decorator']) retrieved from /home/airflow/.local/lib/python3.7/site-packages/airflow/example_dags/example_task_group_decorator.py
[2023-09-09 19:01:06,147] {logging_mixin.py:115} INFO - [2023-09-09 19:01:06,147] {dag.py:2420} INFO - Sync 1 DAGs
[2023-09-09 19:01:06,156] {logging_mixin.py:115} INFO - [2023-09-09 19:01:06,156] {dag.py:2972} INFO - Setting next_dagrun for example_task_group_decorator to 2023-09-08T19:01:06.156032+00:00, run_after=2023-09-09T19:01:06.156032+00:00
[2023-09-09 19:01:06,162] {processor.py:161} INFO - Processing /home/airflow/.local/lib/python3.7/site-packages/airflow/example_dags/example_task_group_decorator.py took 0.062 seconds
[2023-09-09 19:01:36,412] {processor.py:153} INFO - Started process (PID=540) to work on /home/airflow/.local/lib/python3.7/site-packages/airflow/example_dags/example_task_group_decorator.py
[2023-09-09 19:01:36,412] {processor.py:641} INFO - Processing file /home/airflow/.local/lib/python3.7/site-packages/airflow/example_dags/example_task_group_decorator.py for tasks to queue
[2023-09-09 19:01:36,413] {logging_mixin.py:115} INFO - [2023-09-09 19:01:36,413] {dagbag.py:508} INFO - Filling up the DagBag from /home/airflow/.local/lib/python3.7/site-packages/airflow/example_dags/example_task_group_decorator.py
[2023-09-09 19:01:36,426] {processor.py:651} INFO - DAG(s) dict_keys(['example_task_group_decorator']) retrieved from /home/airflow/.local/lib/python3.7/site-packages/airflow/example_dags/example_task_group_decorator.py
[2023-09-09 19:01:36,459] {logging_mixin.py:115} INFO - [2023-09-09 19:01:36,459] {dag.py:2420} INFO - Sync 1 DAGs
[2023-09-09 19:01:36,468] {logging_mixin.py:115} INFO - [2023-09-09 19:01:36,468] {dag.py:2972} INFO - Setting next_dagrun for example_task_group_decorator to 2023-09-08T19:01:36.468761+00:00, run_after=2023-09-09T19:01:36.468761+00:00
[2023-09-09 19:01:36,475] {processor.py:161} INFO - Processing /home/airflow/.local/lib/python3.7/site-packages/airflow/example_dags/example_task_group_decorator.py took 0.065 seconds
[2023-09-09 19:02:06,733] {processor.py:153} INFO - Started process (PID=603) to work on /home/airflow/.local/lib/python3.7/site-packages/airflow/example_dags/example_task_group_decorator.py
[2023-09-09 19:02:06,734] {processor.py:641} INFO - Processing file /home/airflow/.local/lib/python3.7/site-packages/airflow/example_dags/example_task_group_decorator.py for tasks to queue
[2023-09-09 19:02:06,737] {logging_mixin.py:115} INFO - [2023-09-09 19:02:06,737] {dagbag.py:508} INFO - Filling up the DagBag from /home/airflow/.local/lib/python3.7/site-packages/airflow/example_dags/example_task_group_decorator.py
[2023-09-09 19:02:06,754] {processor.py:651} INFO - DAG(s) dict_keys(['example_task_group_decorator']) retrieved from /home/airflow/.local/lib/python3.7/site-packages/airflow/example_dags/example_task_group_decorator.py
[2023-09-09 19:02:06,788] {logging_mixin.py:115} INFO - [2023-09-09 19:02:06,788] {dag.py:2420} INFO - Sync 1 DAGs
[2023-09-09 19:02:06,798] {logging_mixin.py:115} INFO - [2023-09-09 19:02:06,798] {dag.py:2972} INFO - Setting next_dagrun for example_task_group_decorator to 2023-09-08T19:02:06.797982+00:00, run_after=2023-09-09T19:02:06.797982+00:00
[2023-09-09 19:02:06,806] {processor.py:161} INFO - Processing /home/airflow/.local/lib/python3.7/site-packages/airflow/example_dags/example_task_group_decorator.py took 0.075 seconds
[2023-09-09 19:02:37,644] {processor.py:153} INFO - Started process (PID=661) to work on /home/airflow/.local/lib/python3.7/site-packages/airflow/example_dags/example_task_group_decorator.py
[2023-09-09 19:02:37,644] {processor.py:641} INFO - Processing file /home/airflow/.local/lib/python3.7/site-packages/airflow/example_dags/example_task_group_decorator.py for tasks to queue
[2023-09-09 19:02:37,645] {logging_mixin.py:115} INFO - [2023-09-09 19:02:37,645] {dagbag.py:508} INFO - Filling up the DagBag from /home/airflow/.local/lib/python3.7/site-packages/airflow/example_dags/example_task_group_decorator.py
[2023-09-09 19:02:37,656] {processor.py:651} INFO - DAG(s) dict_keys(['example_task_group_decorator']) retrieved from /home/airflow/.local/lib/python3.7/site-packages/airflow/example_dags/example_task_group_decorator.py
[2023-09-09 19:02:37,690] {logging_mixin.py:115} INFO - [2023-09-09 19:02:37,689] {dag.py:2420} INFO - Sync 1 DAGs
[2023-09-09 19:02:37,698] {logging_mixin.py:115} INFO - [2023-09-09 19:02:37,698] {dag.py:2972} INFO - Setting next_dagrun for example_task_group_decorator to 2023-09-08T19:02:37.698783+00:00, run_after=2023-09-09T19:02:37.698783+00:00
[2023-09-09 19:02:37,705] {processor.py:161} INFO - Processing /home/airflow/.local/lib/python3.7/site-packages/airflow/example_dags/example_task_group_decorator.py took 0.063 seconds
[2023-09-09 19:03:35,216] {processor.py:153} INFO - Started process (PID=45) to work on /home/airflow/.local/lib/python3.7/site-packages/airflow/example_dags/example_task_group_decorator.py
[2023-09-09 19:03:35,220] {processor.py:641} INFO - Processing file /home/airflow/.local/lib/python3.7/site-packages/airflow/example_dags/example_task_group_decorator.py for tasks to queue
[2023-09-09 19:03:35,220] {logging_mixin.py:115} INFO - [2023-09-09 19:03:35,220] {dagbag.py:508} INFO - Filling up the DagBag from /home/airflow/.local/lib/python3.7/site-packages/airflow/example_dags/example_task_group_decorator.py
[2023-09-09 19:03:35,236] {processor.py:651} INFO - DAG(s) dict_keys(['example_task_group_decorator']) retrieved from /home/airflow/.local/lib/python3.7/site-packages/airflow/example_dags/example_task_group_decorator.py
[2023-09-09 19:03:35,302] {logging_mixin.py:115} INFO - [2023-09-09 19:03:35,302] {dag.py:2420} INFO - Sync 1 DAGs
[2023-09-09 19:03:35,347] {logging_mixin.py:115} INFO - [2023-09-09 19:03:35,347] {dag.py:2972} INFO - Setting next_dagrun for example_task_group_decorator to 2023-09-08T19:03:35.347093+00:00, run_after=2023-09-09T19:03:35.347093+00:00
[2023-09-09 19:03:35,368] {processor.py:161} INFO - Processing /home/airflow/.local/lib/python3.7/site-packages/airflow/example_dags/example_task_group_decorator.py took 0.154 seconds
[2023-09-09 19:04:05,450] {processor.py:153} INFO - Started process (PID=108) to work on /home/airflow/.local/lib/python3.7/site-packages/airflow/example_dags/example_task_group_decorator.py
[2023-09-09 19:04:05,450] {processor.py:641} INFO - Processing file /home/airflow/.local/lib/python3.7/site-packages/airflow/example_dags/example_task_group_decorator.py for tasks to queue
[2023-09-09 19:04:05,451] {logging_mixin.py:115} INFO - [2023-09-09 19:04:05,451] {dagbag.py:508} INFO - Filling up the DagBag from /home/airflow/.local/lib/python3.7/site-packages/airflow/example_dags/example_task_group_decorator.py
[2023-09-09 19:04:05,462] {processor.py:651} INFO - DAG(s) dict_keys(['example_task_group_decorator']) retrieved from /home/airflow/.local/lib/python3.7/site-packages/airflow/example_dags/example_task_group_decorator.py
[2023-09-09 19:04:05,495] {logging_mixin.py:115} INFO - [2023-09-09 19:04:05,495] {dag.py:2420} INFO - Sync 1 DAGs
[2023-09-09 19:04:05,504] {logging_mixin.py:115} INFO - [2023-09-09 19:04:05,504] {dag.py:2972} INFO - Setting next_dagrun for example_task_group_decorator to 2023-09-08T19:04:05.504162+00:00, run_after=2023-09-09T19:04:05.504162+00:00
[2023-09-09 19:04:05,517] {processor.py:161} INFO - Processing /home/airflow/.local/lib/python3.7/site-packages/airflow/example_dags/example_task_group_decorator.py took 0.069 seconds
[2023-09-09 19:04:35,803] {processor.py:153} INFO - Started process (PID=170) to work on /home/airflow/.local/lib/python3.7/site-packages/airflow/example_dags/example_task_group_decorator.py
[2023-09-09 19:04:35,804] {processor.py:641} INFO - Processing file /home/airflow/.local/lib/python3.7/site-packages/airflow/example_dags/example_task_group_decorator.py for tasks to queue
[2023-09-09 19:04:35,804] {logging_mixin.py:115} INFO - [2023-09-09 19:04:35,804] {dagbag.py:508} INFO - Filling up the DagBag from /home/airflow/.local/lib/python3.7/site-packages/airflow/example_dags/example_task_group_decorator.py
[2023-09-09 19:04:35,815] {processor.py:651} INFO - DAG(s) dict_keys(['example_task_group_decorator']) retrieved from /home/airflow/.local/lib/python3.7/site-packages/airflow/example_dags/example_task_group_decorator.py
[2023-09-09 19:04:35,845] {logging_mixin.py:115} INFO - [2023-09-09 19:04:35,845] {dag.py:2420} INFO - Sync 1 DAGs
[2023-09-09 19:04:35,854] {logging_mixin.py:115} INFO - [2023-09-09 19:04:35,854] {dag.py:2972} INFO - Setting next_dagrun for example_task_group_decorator to 2023-09-08T19:04:35.854626+00:00, run_after=2023-09-09T19:04:35.854626+00:00
[2023-09-09 19:04:35,861] {processor.py:161} INFO - Processing /home/airflow/.local/lib/python3.7/site-packages/airflow/example_dags/example_task_group_decorator.py took 0.059 seconds
[2023-09-09 19:05:06,085] {processor.py:153} INFO - Started process (PID=234) to work on /home/airflow/.local/lib/python3.7/site-packages/airflow/example_dags/example_task_group_decorator.py
[2023-09-09 19:05:06,086] {processor.py:641} INFO - Processing file /home/airflow/.local/lib/python3.7/site-packages/airflow/example_dags/example_task_group_decorator.py for tasks to queue
[2023-09-09 19:05:06,086] {logging_mixin.py:115} INFO - [2023-09-09 19:05:06,086] {dagbag.py:508} INFO - Filling up the DagBag from /home/airflow/.local/lib/python3.7/site-packages/airflow/example_dags/example_task_group_decorator.py
[2023-09-09 19:05:06,097] {processor.py:651} INFO - DAG(s) dict_keys(['example_task_group_decorator']) retrieved from /home/airflow/.local/lib/python3.7/site-packages/airflow/example_dags/example_task_group_decorator.py
[2023-09-09 19:05:06,127] {logging_mixin.py:115} INFO - [2023-09-09 19:05:06,127] {dag.py:2420} INFO - Sync 1 DAGs
[2023-09-09 19:05:06,136] {logging_mixin.py:115} INFO - [2023-09-09 19:05:06,136] {dag.py:2972} INFO - Setting next_dagrun for example_task_group_decorator to 2023-09-08T19:05:06.135883+00:00, run_after=2023-09-09T19:05:06.135883+00:00
[2023-09-09 19:05:06,141] {processor.py:161} INFO - Processing /home/airflow/.local/lib/python3.7/site-packages/airflow/example_dags/example_task_group_decorator.py took 0.058 seconds
[2023-09-09 19:05:36,444] {processor.py:153} INFO - Started process (PID=288) to work on /home/airflow/.local/lib/python3.7/site-packages/airflow/example_dags/example_task_group_decorator.py
[2023-09-09 19:05:36,444] {processor.py:641} INFO - Processing file /home/airflow/.local/lib/python3.7/site-packages/airflow/example_dags/example_task_group_decorator.py for tasks to queue
[2023-09-09 19:05:36,445] {logging_mixin.py:115} INFO - [2023-09-09 19:05:36,445] {dagbag.py:508} INFO - Filling up the DagBag from /home/airflow/.local/lib/python3.7/site-packages/airflow/example_dags/example_task_group_decorator.py
[2023-09-09 19:05:36,456] {processor.py:651} INFO - DAG(s) dict_keys(['example_task_group_decorator']) retrieved from /home/airflow/.local/lib/python3.7/site-packages/airflow/example_dags/example_task_group_decorator.py
[2023-09-09 19:05:36,488] {logging_mixin.py:115} INFO - [2023-09-09 19:05:36,488] {dag.py:2420} INFO - Sync 1 DAGs
[2023-09-09 19:05:36,497] {logging_mixin.py:115} INFO - [2023-09-09 19:05:36,497] {dag.py:2972} INFO - Setting next_dagrun for example_task_group_decorator to 2023-09-08T19:05:36.497223+00:00, run_after=2023-09-09T19:05:36.497223+00:00
[2023-09-09 19:05:36,503] {processor.py:161} INFO - Processing /home/airflow/.local/lib/python3.7/site-packages/airflow/example_dags/example_task_group_decorator.py took 0.061 seconds
[2023-09-09 19:06:06,749] {processor.py:153} INFO - Started process (PID=350) to work on /home/airflow/.local/lib/python3.7/site-packages/airflow/example_dags/example_task_group_decorator.py
[2023-09-09 19:06:06,749] {processor.py:641} INFO - Processing file /home/airflow/.local/lib/python3.7/site-packages/airflow/example_dags/example_task_group_decorator.py for tasks to queue
[2023-09-09 19:06:06,750] {logging_mixin.py:115} INFO - [2023-09-09 19:06:06,750] {dagbag.py:508} INFO - Filling up the DagBag from /home/airflow/.local/lib/python3.7/site-packages/airflow/example_dags/example_task_group_decorator.py
[2023-09-09 19:06:06,761] {processor.py:651} INFO - DAG(s) dict_keys(['example_task_group_decorator']) retrieved from /home/airflow/.local/lib/python3.7/site-packages/airflow/example_dags/example_task_group_decorator.py
[2023-09-09 19:06:06,794] {logging_mixin.py:115} INFO - [2023-09-09 19:06:06,794] {dag.py:2420} INFO - Sync 1 DAGs
[2023-09-09 19:06:06,802] {logging_mixin.py:115} INFO - [2023-09-09 19:06:06,802] {dag.py:2972} INFO - Setting next_dagrun for example_task_group_decorator to 2023-09-08T19:06:06.802778+00:00, run_after=2023-09-09T19:06:06.802778+00:00
[2023-09-09 19:06:06,808] {processor.py:161} INFO - Processing /home/airflow/.local/lib/python3.7/site-packages/airflow/example_dags/example_task_group_decorator.py took 0.061 seconds
[2023-09-09 19:06:37,067] {processor.py:153} INFO - Started process (PID=413) to work on /home/airflow/.local/lib/python3.7/site-packages/airflow/example_dags/example_task_group_decorator.py
[2023-09-09 19:06:37,068] {processor.py:641} INFO - Processing file /home/airflow/.local/lib/python3.7/site-packages/airflow/example_dags/example_task_group_decorator.py for tasks to queue
[2023-09-09 19:06:37,068] {logging_mixin.py:115} INFO - [2023-09-09 19:06:37,068] {dagbag.py:508} INFO - Filling up the DagBag from /home/airflow/.local/lib/python3.7/site-packages/airflow/example_dags/example_task_group_decorator.py
[2023-09-09 19:06:37,079] {processor.py:651} INFO - DAG(s) dict_keys(['example_task_group_decorator']) retrieved from /home/airflow/.local/lib/python3.7/site-packages/airflow/example_dags/example_task_group_decorator.py
[2023-09-09 19:06:37,112] {logging_mixin.py:115} INFO - [2023-09-09 19:06:37,112] {dag.py:2420} INFO - Sync 1 DAGs
[2023-09-09 19:06:37,121] {logging_mixin.py:115} INFO - [2023-09-09 19:06:37,120] {dag.py:2972} INFO - Setting next_dagrun for example_task_group_decorator to 2023-09-08T19:06:37.120813+00:00, run_after=2023-09-09T19:06:37.120813+00:00
[2023-09-09 19:06:37,127] {processor.py:161} INFO - Processing /home/airflow/.local/lib/python3.7/site-packages/airflow/example_dags/example_task_group_decorator.py took 0.061 seconds
[2023-09-09 19:07:07,373] {processor.py:153} INFO - Started process (PID=476) to work on /home/airflow/.local/lib/python3.7/site-packages/airflow/example_dags/example_task_group_decorator.py
[2023-09-09 19:07:07,374] {processor.py:641} INFO - Processing file /home/airflow/.local/lib/python3.7/site-packages/airflow/example_dags/example_task_group_decorator.py for tasks to queue
[2023-09-09 19:07:07,374] {logging_mixin.py:115} INFO - [2023-09-09 19:07:07,374] {dagbag.py:508} INFO - Filling up the DagBag from /home/airflow/.local/lib/python3.7/site-packages/airflow/example_dags/example_task_group_decorator.py
[2023-09-09 19:07:07,385] {processor.py:651} INFO - DAG(s) dict_keys(['example_task_group_decorator']) retrieved from /home/airflow/.local/lib/python3.7/site-packages/airflow/example_dags/example_task_group_decorator.py
[2023-09-09 19:07:07,418] {logging_mixin.py:115} INFO - [2023-09-09 19:07:07,418] {dag.py:2420} INFO - Sync 1 DAGs
[2023-09-09 19:07:07,426] {logging_mixin.py:115} INFO - [2023-09-09 19:07:07,426] {dag.py:2972} INFO - Setting next_dagrun for example_task_group_decorator to 2023-09-08T19:07:07.426415+00:00, run_after=2023-09-09T19:07:07.426415+00:00
[2023-09-09 19:07:07,432] {processor.py:161} INFO - Processing /home/airflow/.local/lib/python3.7/site-packages/airflow/example_dags/example_task_group_decorator.py took 0.061 seconds
[2023-09-09 19:07:37,690] {processor.py:153} INFO - Started process (PID=539) to work on /home/airflow/.local/lib/python3.7/site-packages/airflow/example_dags/example_task_group_decorator.py
[2023-09-09 19:07:37,691] {processor.py:641} INFO - Processing file /home/airflow/.local/lib/python3.7/site-packages/airflow/example_dags/example_task_group_decorator.py for tasks to queue
[2023-09-09 19:07:37,691] {logging_mixin.py:115} INFO - [2023-09-09 19:07:37,691] {dagbag.py:508} INFO - Filling up the DagBag from /home/airflow/.local/lib/python3.7/site-packages/airflow/example_dags/example_task_group_decorator.py
[2023-09-09 19:07:37,702] {processor.py:651} INFO - DAG(s) dict_keys(['example_task_group_decorator']) retrieved from /home/airflow/.local/lib/python3.7/site-packages/airflow/example_dags/example_task_group_decorator.py
[2023-09-09 19:07:37,736] {logging_mixin.py:115} INFO - [2023-09-09 19:07:37,736] {dag.py:2420} INFO - Sync 1 DAGs
[2023-09-09 19:07:37,747] {logging_mixin.py:115} INFO - [2023-09-09 19:07:37,747] {dag.py:2972} INFO - Setting next_dagrun for example_task_group_decorator to 2023-09-08T19:07:37.747674+00:00, run_after=2023-09-09T19:07:37.747674+00:00
[2023-09-09 19:07:37,755] {processor.py:161} INFO - Processing /home/airflow/.local/lib/python3.7/site-packages/airflow/example_dags/example_task_group_decorator.py took 0.067 seconds
[2023-09-09 19:08:08,262] {processor.py:153} INFO - Started process (PID=602) to work on /home/airflow/.local/lib/python3.7/site-packages/airflow/example_dags/example_task_group_decorator.py
[2023-09-09 19:08:08,263] {processor.py:641} INFO - Processing file /home/airflow/.local/lib/python3.7/site-packages/airflow/example_dags/example_task_group_decorator.py for tasks to queue
[2023-09-09 19:08:08,263] {logging_mixin.py:115} INFO - [2023-09-09 19:08:08,263] {dagbag.py:508} INFO - Filling up the DagBag from /home/airflow/.local/lib/python3.7/site-packages/airflow/example_dags/example_task_group_decorator.py
[2023-09-09 19:08:08,275] {processor.py:651} INFO - DAG(s) dict_keys(['example_task_group_decorator']) retrieved from /home/airflow/.local/lib/python3.7/site-packages/airflow/example_dags/example_task_group_decorator.py
[2023-09-09 19:08:08,291] {logging_mixin.py:115} INFO - [2023-09-09 19:08:08,291] {dag.py:2420} INFO - Sync 1 DAGs
[2023-09-09 19:08:08,302] {logging_mixin.py:115} INFO - [2023-09-09 19:08:08,302] {dag.py:2972} INFO - Setting next_dagrun for example_task_group_decorator to 2023-09-08T19:08:08.302566+00:00, run_after=2023-09-09T19:08:08.302566+00:00
[2023-09-09 19:08:08,308] {processor.py:161} INFO - Processing /home/airflow/.local/lib/python3.7/site-packages/airflow/example_dags/example_task_group_decorator.py took 0.048 seconds
[2023-09-09 19:08:38,916] {processor.py:153} INFO - Started process (PID=655) to work on /home/airflow/.local/lib/python3.7/site-packages/airflow/example_dags/example_task_group_decorator.py
[2023-09-09 19:08:38,917] {processor.py:641} INFO - Processing file /home/airflow/.local/lib/python3.7/site-packages/airflow/example_dags/example_task_group_decorator.py for tasks to queue
[2023-09-09 19:08:38,918] {logging_mixin.py:115} INFO - [2023-09-09 19:08:38,918] {dagbag.py:508} INFO - Filling up the DagBag from /home/airflow/.local/lib/python3.7/site-packages/airflow/example_dags/example_task_group_decorator.py
[2023-09-09 19:08:38,932] {processor.py:651} INFO - DAG(s) dict_keys(['example_task_group_decorator']) retrieved from /home/airflow/.local/lib/python3.7/site-packages/airflow/example_dags/example_task_group_decorator.py
[2023-09-09 19:08:38,968] {logging_mixin.py:115} INFO - [2023-09-09 19:08:38,968] {dag.py:2420} INFO - Sync 1 DAGs
[2023-09-09 19:08:38,977] {logging_mixin.py:115} INFO - [2023-09-09 19:08:38,977] {dag.py:2972} INFO - Setting next_dagrun for example_task_group_decorator to 2023-09-08T19:08:38.977196+00:00, run_after=2023-09-09T19:08:38.977196+00:00
[2023-09-09 19:08:38,983] {processor.py:161} INFO - Processing /home/airflow/.local/lib/python3.7/site-packages/airflow/example_dags/example_task_group_decorator.py took 0.068 seconds
[2023-09-09 19:09:09,289] {processor.py:153} INFO - Started process (PID=718) to work on /home/airflow/.local/lib/python3.7/site-packages/airflow/example_dags/example_task_group_decorator.py
[2023-09-09 19:09:09,289] {processor.py:641} INFO - Processing file /home/airflow/.local/lib/python3.7/site-packages/airflow/example_dags/example_task_group_decorator.py for tasks to queue
[2023-09-09 19:09:09,290] {logging_mixin.py:115} INFO - [2023-09-09 19:09:09,290] {dagbag.py:508} INFO - Filling up the DagBag from /home/airflow/.local/lib/python3.7/site-packages/airflow/example_dags/example_task_group_decorator.py
[2023-09-09 19:09:09,302] {processor.py:651} INFO - DAG(s) dict_keys(['example_task_group_decorator']) retrieved from /home/airflow/.local/lib/python3.7/site-packages/airflow/example_dags/example_task_group_decorator.py
[2023-09-09 19:09:09,336] {logging_mixin.py:115} INFO - [2023-09-09 19:09:09,336] {dag.py:2420} INFO - Sync 1 DAGs
[2023-09-09 19:09:09,345] {logging_mixin.py:115} INFO - [2023-09-09 19:09:09,345] {dag.py:2972} INFO - Setting next_dagrun for example_task_group_decorator to 2023-09-08T19:09:09.345033+00:00, run_after=2023-09-09T19:09:09.345033+00:00
[2023-09-09 19:09:09,351] {processor.py:161} INFO - Processing /home/airflow/.local/lib/python3.7/site-packages/airflow/example_dags/example_task_group_decorator.py took 0.064 seconds
