[2023-09-09 18:40:42,413] {processor.py:153} INFO - Started process (PID=67) to work on /home/airflow/.local/lib/python3.7/site-packages/airflow/example_dags/example_skip_dag.py
[2023-09-09 18:40:42,414] {processor.py:641} INFO - Processing file /home/airflow/.local/lib/python3.7/site-packages/airflow/example_dags/example_skip_dag.py for tasks to queue
[2023-09-09 18:40:42,414] {logging_mixin.py:115} INFO - [2023-09-09 18:40:42,414] {dagbag.py:508} INFO - Filling up the DagBag from /home/airflow/.local/lib/python3.7/site-packages/airflow/example_dags/example_skip_dag.py
[2023-09-09 18:40:42,423] {processor.py:651} INFO - DAG(s) dict_keys(['example_skip_dag']) retrieved from /home/airflow/.local/lib/python3.7/site-packages/airflow/example_dags/example_skip_dag.py
[2023-09-09 18:40:42,498] {logging_mixin.py:115} INFO - [2023-09-09 18:40:42,498] {manager.py:508} INFO - Created Permission View: can edit on DAG:example_skip_dag
[2023-09-09 18:40:42,505] {logging_mixin.py:115} INFO - [2023-09-09 18:40:42,505] {manager.py:508} INFO - Created Permission View: can read on DAG:example_skip_dag
[2023-09-09 18:40:42,510] {logging_mixin.py:115} INFO - [2023-09-09 18:40:42,510] {manager.py:508} INFO - Created Permission View: can delete on DAG:example_skip_dag
[2023-09-09 18:40:42,511] {logging_mixin.py:115} INFO - [2023-09-09 18:40:42,511] {dag.py:2420} INFO - Sync 1 DAGs
[2023-09-09 18:40:42,518] {logging_mixin.py:115} INFO - [2023-09-09 18:40:42,518] {dag.py:2439} INFO - Creating ORM DAG for example_skip_dag
[2023-09-09 18:40:42,526] {logging_mixin.py:115} INFO - [2023-09-09 18:40:42,526] {dag.py:2972} INFO - Setting next_dagrun for example_skip_dag to 2023-09-08T18:40:42.526603+00:00, run_after=2023-09-09T18:40:42.526603+00:00
[2023-09-09 18:40:42,537] {processor.py:161} INFO - Processing /home/airflow/.local/lib/python3.7/site-packages/airflow/example_dags/example_skip_dag.py took 0.126 seconds
[2023-09-09 18:41:12,898] {processor.py:153} INFO - Started process (PID=130) to work on /home/airflow/.local/lib/python3.7/site-packages/airflow/example_dags/example_skip_dag.py
[2023-09-09 18:41:12,899] {processor.py:641} INFO - Processing file /home/airflow/.local/lib/python3.7/site-packages/airflow/example_dags/example_skip_dag.py for tasks to queue
[2023-09-09 18:41:12,899] {logging_mixin.py:115} INFO - [2023-09-09 18:41:12,899] {dagbag.py:508} INFO - Filling up the DagBag from /home/airflow/.local/lib/python3.7/site-packages/airflow/example_dags/example_skip_dag.py
[2023-09-09 18:41:12,902] {processor.py:651} INFO - DAG(s) dict_keys(['example_skip_dag']) retrieved from /home/airflow/.local/lib/python3.7/site-packages/airflow/example_dags/example_skip_dag.py
[2023-09-09 18:41:12,915] {logging_mixin.py:115} INFO - [2023-09-09 18:41:12,915] {dag.py:2420} INFO - Sync 1 DAGs
[2023-09-09 18:41:12,925] {logging_mixin.py:115} INFO - [2023-09-09 18:41:12,925] {dag.py:2972} INFO - Setting next_dagrun for example_skip_dag to 2023-09-08T18:41:12.924992+00:00, run_after=2023-09-09T18:41:12.924992+00:00
[2023-09-09 18:41:12,930] {processor.py:161} INFO - Processing /home/airflow/.local/lib/python3.7/site-packages/airflow/example_dags/example_skip_dag.py took 0.033 seconds
[2023-09-09 18:41:43,190] {processor.py:153} INFO - Started process (PID=193) to work on /home/airflow/.local/lib/python3.7/site-packages/airflow/example_dags/example_skip_dag.py
[2023-09-09 18:41:43,191] {processor.py:641} INFO - Processing file /home/airflow/.local/lib/python3.7/site-packages/airflow/example_dags/example_skip_dag.py for tasks to queue
[2023-09-09 18:41:43,192] {logging_mixin.py:115} INFO - [2023-09-09 18:41:43,192] {dagbag.py:508} INFO - Filling up the DagBag from /home/airflow/.local/lib/python3.7/site-packages/airflow/example_dags/example_skip_dag.py
[2023-09-09 18:41:43,195] {processor.py:651} INFO - DAG(s) dict_keys(['example_skip_dag']) retrieved from /home/airflow/.local/lib/python3.7/site-packages/airflow/example_dags/example_skip_dag.py
[2023-09-09 18:41:43,210] {logging_mixin.py:115} INFO - [2023-09-09 18:41:43,210] {dag.py:2420} INFO - Sync 1 DAGs
[2023-09-09 18:41:43,220] {logging_mixin.py:115} INFO - [2023-09-09 18:41:43,220] {dag.py:2972} INFO - Setting next_dagrun for example_skip_dag to 2023-09-08T18:41:43.220635+00:00, run_after=2023-09-09T18:41:43.220635+00:00
[2023-09-09 18:41:43,226] {processor.py:161} INFO - Processing /home/airflow/.local/lib/python3.7/site-packages/airflow/example_dags/example_skip_dag.py took 0.038 seconds
[2023-09-09 18:42:13,647] {processor.py:153} INFO - Started process (PID=257) to work on /home/airflow/.local/lib/python3.7/site-packages/airflow/example_dags/example_skip_dag.py
[2023-09-09 18:42:13,647] {processor.py:641} INFO - Processing file /home/airflow/.local/lib/python3.7/site-packages/airflow/example_dags/example_skip_dag.py for tasks to queue
[2023-09-09 18:42:13,648] {logging_mixin.py:115} INFO - [2023-09-09 18:42:13,648] {dagbag.py:508} INFO - Filling up the DagBag from /home/airflow/.local/lib/python3.7/site-packages/airflow/example_dags/example_skip_dag.py
[2023-09-09 18:42:13,650] {processor.py:651} INFO - DAG(s) dict_keys(['example_skip_dag']) retrieved from /home/airflow/.local/lib/python3.7/site-packages/airflow/example_dags/example_skip_dag.py
[2023-09-09 18:42:13,665] {logging_mixin.py:115} INFO - [2023-09-09 18:42:13,665] {dag.py:2420} INFO - Sync 1 DAGs
[2023-09-09 18:42:13,675] {logging_mixin.py:115} INFO - [2023-09-09 18:42:13,675] {dag.py:2972} INFO - Setting next_dagrun for example_skip_dag to 2023-09-08T18:42:13.675161+00:00, run_after=2023-09-09T18:42:13.675161+00:00
[2023-09-09 18:42:13,680] {processor.py:161} INFO - Processing /home/airflow/.local/lib/python3.7/site-packages/airflow/example_dags/example_skip_dag.py took 0.035 seconds
[2023-09-09 18:42:44,588] {processor.py:153} INFO - Started process (PID=320) to work on /home/airflow/.local/lib/python3.7/site-packages/airflow/example_dags/example_skip_dag.py
[2023-09-09 18:42:44,589] {processor.py:641} INFO - Processing file /home/airflow/.local/lib/python3.7/site-packages/airflow/example_dags/example_skip_dag.py for tasks to queue
[2023-09-09 18:42:44,589] {logging_mixin.py:115} INFO - [2023-09-09 18:42:44,589] {dagbag.py:508} INFO - Filling up the DagBag from /home/airflow/.local/lib/python3.7/site-packages/airflow/example_dags/example_skip_dag.py
[2023-09-09 18:42:44,592] {processor.py:651} INFO - DAG(s) dict_keys(['example_skip_dag']) retrieved from /home/airflow/.local/lib/python3.7/site-packages/airflow/example_dags/example_skip_dag.py
[2023-09-09 18:42:44,607] {logging_mixin.py:115} INFO - [2023-09-09 18:42:44,607] {dag.py:2420} INFO - Sync 1 DAGs
[2023-09-09 18:42:44,617] {logging_mixin.py:115} INFO - [2023-09-09 18:42:44,617] {dag.py:2972} INFO - Setting next_dagrun for example_skip_dag to 2023-09-08T18:42:44.617357+00:00, run_after=2023-09-09T18:42:44.617357+00:00
[2023-09-09 18:42:44,622] {processor.py:161} INFO - Processing /home/airflow/.local/lib/python3.7/site-packages/airflow/example_dags/example_skip_dag.py took 0.036 seconds
[2023-09-09 18:43:14,940] {processor.py:153} INFO - Started process (PID=382) to work on /home/airflow/.local/lib/python3.7/site-packages/airflow/example_dags/example_skip_dag.py
[2023-09-09 18:43:14,942] {processor.py:641} INFO - Processing file /home/airflow/.local/lib/python3.7/site-packages/airflow/example_dags/example_skip_dag.py for tasks to queue
[2023-09-09 18:43:14,945] {logging_mixin.py:115} INFO - [2023-09-09 18:43:14,945] {dagbag.py:508} INFO - Filling up the DagBag from /home/airflow/.local/lib/python3.7/site-packages/airflow/example_dags/example_skip_dag.py
[2023-09-09 18:43:14,949] {processor.py:651} INFO - DAG(s) dict_keys(['example_skip_dag']) retrieved from /home/airflow/.local/lib/python3.7/site-packages/airflow/example_dags/example_skip_dag.py
[2023-09-09 18:43:14,973] {logging_mixin.py:115} INFO - [2023-09-09 18:43:14,973] {dag.py:2420} INFO - Sync 1 DAGs
[2023-09-09 18:43:14,988] {logging_mixin.py:115} INFO - [2023-09-09 18:43:14,988] {dag.py:2972} INFO - Setting next_dagrun for example_skip_dag to 2023-09-08T18:43:14.987962+00:00, run_after=2023-09-09T18:43:14.987962+00:00
[2023-09-09 18:43:14,994] {processor.py:161} INFO - Processing /home/airflow/.local/lib/python3.7/site-packages/airflow/example_dags/example_skip_dag.py took 0.057 seconds
[2023-09-09 18:43:45,162] {processor.py:153} INFO - Started process (PID=437) to work on /home/airflow/.local/lib/python3.7/site-packages/airflow/example_dags/example_skip_dag.py
[2023-09-09 18:43:45,162] {processor.py:641} INFO - Processing file /home/airflow/.local/lib/python3.7/site-packages/airflow/example_dags/example_skip_dag.py for tasks to queue
[2023-09-09 18:43:45,163] {logging_mixin.py:115} INFO - [2023-09-09 18:43:45,163] {dagbag.py:508} INFO - Filling up the DagBag from /home/airflow/.local/lib/python3.7/site-packages/airflow/example_dags/example_skip_dag.py
[2023-09-09 18:43:45,165] {processor.py:651} INFO - DAG(s) dict_keys(['example_skip_dag']) retrieved from /home/airflow/.local/lib/python3.7/site-packages/airflow/example_dags/example_skip_dag.py
[2023-09-09 18:43:45,179] {logging_mixin.py:115} INFO - [2023-09-09 18:43:45,179] {dag.py:2420} INFO - Sync 1 DAGs
[2023-09-09 18:43:45,189] {logging_mixin.py:115} INFO - [2023-09-09 18:43:45,189] {dag.py:2972} INFO - Setting next_dagrun for example_skip_dag to 2023-09-08T18:43:45.189137+00:00, run_after=2023-09-09T18:43:45.189137+00:00
[2023-09-09 18:43:45,194] {processor.py:161} INFO - Processing /home/airflow/.local/lib/python3.7/site-packages/airflow/example_dags/example_skip_dag.py took 0.034 seconds
[2023-09-09 18:44:15,552] {processor.py:153} INFO - Started process (PID=499) to work on /home/airflow/.local/lib/python3.7/site-packages/airflow/example_dags/example_skip_dag.py
[2023-09-09 18:44:15,553] {processor.py:641} INFO - Processing file /home/airflow/.local/lib/python3.7/site-packages/airflow/example_dags/example_skip_dag.py for tasks to queue
[2023-09-09 18:44:15,554] {logging_mixin.py:115} INFO - [2023-09-09 18:44:15,554] {dagbag.py:508} INFO - Filling up the DagBag from /home/airflow/.local/lib/python3.7/site-packages/airflow/example_dags/example_skip_dag.py
[2023-09-09 18:44:15,556] {processor.py:651} INFO - DAG(s) dict_keys(['example_skip_dag']) retrieved from /home/airflow/.local/lib/python3.7/site-packages/airflow/example_dags/example_skip_dag.py
[2023-09-09 18:44:15,572] {logging_mixin.py:115} INFO - [2023-09-09 18:44:15,572] {dag.py:2420} INFO - Sync 1 DAGs
[2023-09-09 18:44:15,582] {logging_mixin.py:115} INFO - [2023-09-09 18:44:15,582] {dag.py:2972} INFO - Setting next_dagrun for example_skip_dag to 2023-09-08T18:44:15.582439+00:00, run_after=2023-09-09T18:44:15.582439+00:00
[2023-09-09 18:44:15,587] {processor.py:161} INFO - Processing /home/airflow/.local/lib/python3.7/site-packages/airflow/example_dags/example_skip_dag.py took 0.036 seconds
[2023-09-09 18:44:45,731] {processor.py:153} INFO - Started process (PID=562) to work on /home/airflow/.local/lib/python3.7/site-packages/airflow/example_dags/example_skip_dag.py
[2023-09-09 18:44:45,732] {processor.py:641} INFO - Processing file /home/airflow/.local/lib/python3.7/site-packages/airflow/example_dags/example_skip_dag.py for tasks to queue
[2023-09-09 18:44:45,732] {logging_mixin.py:115} INFO - [2023-09-09 18:44:45,732] {dagbag.py:508} INFO - Filling up the DagBag from /home/airflow/.local/lib/python3.7/site-packages/airflow/example_dags/example_skip_dag.py
[2023-09-09 18:44:45,735] {processor.py:651} INFO - DAG(s) dict_keys(['example_skip_dag']) retrieved from /home/airflow/.local/lib/python3.7/site-packages/airflow/example_dags/example_skip_dag.py
[2023-09-09 18:44:45,751] {logging_mixin.py:115} INFO - [2023-09-09 18:44:45,751] {dag.py:2420} INFO - Sync 1 DAGs
[2023-09-09 18:44:45,761] {logging_mixin.py:115} INFO - [2023-09-09 18:44:45,761] {dag.py:2972} INFO - Setting next_dagrun for example_skip_dag to 2023-09-08T18:44:45.761695+00:00, run_after=2023-09-09T18:44:45.761695+00:00
[2023-09-09 18:44:45,767] {processor.py:161} INFO - Processing /home/airflow/.local/lib/python3.7/site-packages/airflow/example_dags/example_skip_dag.py took 0.038 seconds
[2023-09-09 18:45:16,314] {processor.py:153} INFO - Started process (PID=625) to work on /home/airflow/.local/lib/python3.7/site-packages/airflow/example_dags/example_skip_dag.py
[2023-09-09 18:45:16,315] {processor.py:641} INFO - Processing file /home/airflow/.local/lib/python3.7/site-packages/airflow/example_dags/example_skip_dag.py for tasks to queue
[2023-09-09 18:45:16,316] {logging_mixin.py:115} INFO - [2023-09-09 18:45:16,316] {dagbag.py:508} INFO - Filling up the DagBag from /home/airflow/.local/lib/python3.7/site-packages/airflow/example_dags/example_skip_dag.py
[2023-09-09 18:45:16,319] {processor.py:651} INFO - DAG(s) dict_keys(['example_skip_dag']) retrieved from /home/airflow/.local/lib/python3.7/site-packages/airflow/example_dags/example_skip_dag.py
[2023-09-09 18:45:16,334] {logging_mixin.py:115} INFO - [2023-09-09 18:45:16,334] {dag.py:2420} INFO - Sync 1 DAGs
[2023-09-09 18:45:16,344] {logging_mixin.py:115} INFO - [2023-09-09 18:45:16,344] {dag.py:2972} INFO - Setting next_dagrun for example_skip_dag to 2023-09-08T18:45:16.344011+00:00, run_after=2023-09-09T18:45:16.344011+00:00
[2023-09-09 18:45:16,349] {processor.py:161} INFO - Processing /home/airflow/.local/lib/python3.7/site-packages/airflow/example_dags/example_skip_dag.py took 0.036 seconds
[2023-09-09 18:45:46,619] {processor.py:153} INFO - Started process (PID=686) to work on /home/airflow/.local/lib/python3.7/site-packages/airflow/example_dags/example_skip_dag.py
[2023-09-09 18:45:46,620] {processor.py:641} INFO - Processing file /home/airflow/.local/lib/python3.7/site-packages/airflow/example_dags/example_skip_dag.py for tasks to queue
[2023-09-09 18:45:46,620] {logging_mixin.py:115} INFO - [2023-09-09 18:45:46,620] {dagbag.py:508} INFO - Filling up the DagBag from /home/airflow/.local/lib/python3.7/site-packages/airflow/example_dags/example_skip_dag.py
[2023-09-09 18:45:46,623] {processor.py:651} INFO - DAG(s) dict_keys(['example_skip_dag']) retrieved from /home/airflow/.local/lib/python3.7/site-packages/airflow/example_dags/example_skip_dag.py
[2023-09-09 18:45:46,636] {logging_mixin.py:115} INFO - [2023-09-09 18:45:46,636] {dag.py:2420} INFO - Sync 1 DAGs
[2023-09-09 18:45:46,646] {logging_mixin.py:115} INFO - [2023-09-09 18:45:46,646] {dag.py:2972} INFO - Setting next_dagrun for example_skip_dag to 2023-09-08T18:45:46.646086+00:00, run_after=2023-09-09T18:45:46.646086+00:00
[2023-09-09 18:45:46,651] {processor.py:161} INFO - Processing /home/airflow/.local/lib/python3.7/site-packages/airflow/example_dags/example_skip_dag.py took 0.034 seconds
[2023-09-09 18:46:16,904] {processor.py:153} INFO - Started process (PID=739) to work on /home/airflow/.local/lib/python3.7/site-packages/airflow/example_dags/example_skip_dag.py
[2023-09-09 18:46:16,905] {processor.py:641} INFO - Processing file /home/airflow/.local/lib/python3.7/site-packages/airflow/example_dags/example_skip_dag.py for tasks to queue
[2023-09-09 18:46:16,905] {logging_mixin.py:115} INFO - [2023-09-09 18:46:16,905] {dagbag.py:508} INFO - Filling up the DagBag from /home/airflow/.local/lib/python3.7/site-packages/airflow/example_dags/example_skip_dag.py
[2023-09-09 18:46:16,908] {processor.py:651} INFO - DAG(s) dict_keys(['example_skip_dag']) retrieved from /home/airflow/.local/lib/python3.7/site-packages/airflow/example_dags/example_skip_dag.py
[2023-09-09 18:46:16,922] {logging_mixin.py:115} INFO - [2023-09-09 18:46:16,922] {dag.py:2420} INFO - Sync 1 DAGs
[2023-09-09 18:46:16,932] {logging_mixin.py:115} INFO - [2023-09-09 18:46:16,932] {dag.py:2972} INFO - Setting next_dagrun for example_skip_dag to 2023-09-08T18:46:16.932065+00:00, run_after=2023-09-09T18:46:16.932065+00:00
[2023-09-09 18:46:16,937] {processor.py:161} INFO - Processing /home/airflow/.local/lib/python3.7/site-packages/airflow/example_dags/example_skip_dag.py took 0.034 seconds
[2023-09-09 18:46:47,140] {processor.py:153} INFO - Started process (PID=802) to work on /home/airflow/.local/lib/python3.7/site-packages/airflow/example_dags/example_skip_dag.py
[2023-09-09 18:46:47,141] {processor.py:641} INFO - Processing file /home/airflow/.local/lib/python3.7/site-packages/airflow/example_dags/example_skip_dag.py for tasks to queue
[2023-09-09 18:46:47,141] {logging_mixin.py:115} INFO - [2023-09-09 18:46:47,141] {dagbag.py:508} INFO - Filling up the DagBag from /home/airflow/.local/lib/python3.7/site-packages/airflow/example_dags/example_skip_dag.py
[2023-09-09 18:46:47,144] {processor.py:651} INFO - DAG(s) dict_keys(['example_skip_dag']) retrieved from /home/airflow/.local/lib/python3.7/site-packages/airflow/example_dags/example_skip_dag.py
[2023-09-09 18:46:47,158] {logging_mixin.py:115} INFO - [2023-09-09 18:46:47,158] {dag.py:2420} INFO - Sync 1 DAGs
[2023-09-09 18:46:47,168] {logging_mixin.py:115} INFO - [2023-09-09 18:46:47,168] {dag.py:2972} INFO - Setting next_dagrun for example_skip_dag to 2023-09-08T18:46:47.168612+00:00, run_after=2023-09-09T18:46:47.168612+00:00
[2023-09-09 18:46:47,173] {processor.py:161} INFO - Processing /home/airflow/.local/lib/python3.7/site-packages/airflow/example_dags/example_skip_dag.py took 0.035 seconds
[2023-09-09 18:47:17,486] {processor.py:153} INFO - Started process (PID=865) to work on /home/airflow/.local/lib/python3.7/site-packages/airflow/example_dags/example_skip_dag.py
[2023-09-09 18:47:17,487] {processor.py:641} INFO - Processing file /home/airflow/.local/lib/python3.7/site-packages/airflow/example_dags/example_skip_dag.py for tasks to queue
[2023-09-09 18:47:17,487] {logging_mixin.py:115} INFO - [2023-09-09 18:47:17,487] {dagbag.py:508} INFO - Filling up the DagBag from /home/airflow/.local/lib/python3.7/site-packages/airflow/example_dags/example_skip_dag.py
[2023-09-09 18:47:17,490] {processor.py:651} INFO - DAG(s) dict_keys(['example_skip_dag']) retrieved from /home/airflow/.local/lib/python3.7/site-packages/airflow/example_dags/example_skip_dag.py
[2023-09-09 18:47:17,505] {logging_mixin.py:115} INFO - [2023-09-09 18:47:17,505] {dag.py:2420} INFO - Sync 1 DAGs
[2023-09-09 18:47:17,515] {logging_mixin.py:115} INFO - [2023-09-09 18:47:17,515] {dag.py:2972} INFO - Setting next_dagrun for example_skip_dag to 2023-09-08T18:47:17.514843+00:00, run_after=2023-09-09T18:47:17.514843+00:00
[2023-09-09 18:47:17,519] {processor.py:161} INFO - Processing /home/airflow/.local/lib/python3.7/site-packages/airflow/example_dags/example_skip_dag.py took 0.035 seconds
[2023-09-09 18:47:47,621] {processor.py:153} INFO - Started process (PID=928) to work on /home/airflow/.local/lib/python3.7/site-packages/airflow/example_dags/example_skip_dag.py
[2023-09-09 18:47:47,621] {processor.py:641} INFO - Processing file /home/airflow/.local/lib/python3.7/site-packages/airflow/example_dags/example_skip_dag.py for tasks to queue
[2023-09-09 18:47:47,622] {logging_mixin.py:115} INFO - [2023-09-09 18:47:47,622] {dagbag.py:508} INFO - Filling up the DagBag from /home/airflow/.local/lib/python3.7/site-packages/airflow/example_dags/example_skip_dag.py
[2023-09-09 18:47:47,624] {processor.py:651} INFO - DAG(s) dict_keys(['example_skip_dag']) retrieved from /home/airflow/.local/lib/python3.7/site-packages/airflow/example_dags/example_skip_dag.py
[2023-09-09 18:47:47,638] {logging_mixin.py:115} INFO - [2023-09-09 18:47:47,637] {dag.py:2420} INFO - Sync 1 DAGs
[2023-09-09 18:47:47,648] {logging_mixin.py:115} INFO - [2023-09-09 18:47:47,648] {dag.py:2972} INFO - Setting next_dagrun for example_skip_dag to 2023-09-08T18:47:47.647849+00:00, run_after=2023-09-09T18:47:47.647849+00:00
[2023-09-09 18:47:47,653] {processor.py:161} INFO - Processing /home/airflow/.local/lib/python3.7/site-packages/airflow/example_dags/example_skip_dag.py took 0.034 seconds
[2023-09-09 18:48:17,853] {processor.py:153} INFO - Started process (PID=990) to work on /home/airflow/.local/lib/python3.7/site-packages/airflow/example_dags/example_skip_dag.py
[2023-09-09 18:48:17,853] {processor.py:641} INFO - Processing file /home/airflow/.local/lib/python3.7/site-packages/airflow/example_dags/example_skip_dag.py for tasks to queue
[2023-09-09 18:48:17,854] {logging_mixin.py:115} INFO - [2023-09-09 18:48:17,854] {dagbag.py:508} INFO - Filling up the DagBag from /home/airflow/.local/lib/python3.7/site-packages/airflow/example_dags/example_skip_dag.py
[2023-09-09 18:48:17,857] {processor.py:651} INFO - DAG(s) dict_keys(['example_skip_dag']) retrieved from /home/airflow/.local/lib/python3.7/site-packages/airflow/example_dags/example_skip_dag.py
[2023-09-09 18:48:17,872] {logging_mixin.py:115} INFO - [2023-09-09 18:48:17,872] {dag.py:2420} INFO - Sync 1 DAGs
[2023-09-09 18:48:17,881] {logging_mixin.py:115} INFO - [2023-09-09 18:48:17,881] {dag.py:2972} INFO - Setting next_dagrun for example_skip_dag to 2023-09-08T18:48:17.881777+00:00, run_after=2023-09-09T18:48:17.881777+00:00
[2023-09-09 18:48:17,886] {processor.py:161} INFO - Processing /home/airflow/.local/lib/python3.7/site-packages/airflow/example_dags/example_skip_dag.py took 0.035 seconds
[2023-09-09 18:48:48,103] {processor.py:153} INFO - Started process (PID=1052) to work on /home/airflow/.local/lib/python3.7/site-packages/airflow/example_dags/example_skip_dag.py
[2023-09-09 18:48:48,103] {processor.py:641} INFO - Processing file /home/airflow/.local/lib/python3.7/site-packages/airflow/example_dags/example_skip_dag.py for tasks to queue
[2023-09-09 18:48:48,104] {logging_mixin.py:115} INFO - [2023-09-09 18:48:48,104] {dagbag.py:508} INFO - Filling up the DagBag from /home/airflow/.local/lib/python3.7/site-packages/airflow/example_dags/example_skip_dag.py
[2023-09-09 18:48:48,106] {processor.py:651} INFO - DAG(s) dict_keys(['example_skip_dag']) retrieved from /home/airflow/.local/lib/python3.7/site-packages/airflow/example_dags/example_skip_dag.py
[2023-09-09 18:48:48,122] {logging_mixin.py:115} INFO - [2023-09-09 18:48:48,122] {dag.py:2420} INFO - Sync 1 DAGs
[2023-09-09 18:48:48,133] {logging_mixin.py:115} INFO - [2023-09-09 18:48:48,133] {dag.py:2972} INFO - Setting next_dagrun for example_skip_dag to 2023-09-08T18:48:48.132960+00:00, run_after=2023-09-09T18:48:48.132960+00:00
[2023-09-09 18:48:48,140] {processor.py:161} INFO - Processing /home/airflow/.local/lib/python3.7/site-packages/airflow/example_dags/example_skip_dag.py took 0.039 seconds
[2023-09-09 18:57:35,460] {processor.py:153} INFO - Started process (PID=67) to work on /home/airflow/.local/lib/python3.7/site-packages/airflow/example_dags/example_skip_dag.py
[2023-09-09 18:57:35,464] {processor.py:641} INFO - Processing file /home/airflow/.local/lib/python3.7/site-packages/airflow/example_dags/example_skip_dag.py for tasks to queue
[2023-09-09 18:57:35,466] {logging_mixin.py:115} INFO - [2023-09-09 18:57:35,466] {dagbag.py:508} INFO - Filling up the DagBag from /home/airflow/.local/lib/python3.7/site-packages/airflow/example_dags/example_skip_dag.py
[2023-09-09 18:57:35,474] {processor.py:651} INFO - DAG(s) dict_keys(['example_skip_dag']) retrieved from /home/airflow/.local/lib/python3.7/site-packages/airflow/example_dags/example_skip_dag.py
[2023-09-09 18:57:35,548] {logging_mixin.py:115} INFO - [2023-09-09 18:57:35,548] {dag.py:2420} INFO - Sync 1 DAGs
[2023-09-09 18:57:35,591] {logging_mixin.py:115} INFO - [2023-09-09 18:57:35,591] {dag.py:2972} INFO - Setting next_dagrun for example_skip_dag to 2023-09-08T18:57:35.590779+00:00, run_after=2023-09-09T18:57:35.590779+00:00
[2023-09-09 18:57:35,604] {processor.py:161} INFO - Processing /home/airflow/.local/lib/python3.7/site-packages/airflow/example_dags/example_skip_dag.py took 0.151 seconds
[2023-09-09 18:58:05,947] {processor.py:153} INFO - Started process (PID=130) to work on /home/airflow/.local/lib/python3.7/site-packages/airflow/example_dags/example_skip_dag.py
[2023-09-09 18:58:05,947] {processor.py:641} INFO - Processing file /home/airflow/.local/lib/python3.7/site-packages/airflow/example_dags/example_skip_dag.py for tasks to queue
[2023-09-09 18:58:05,948] {logging_mixin.py:115} INFO - [2023-09-09 18:58:05,948] {dagbag.py:508} INFO - Filling up the DagBag from /home/airflow/.local/lib/python3.7/site-packages/airflow/example_dags/example_skip_dag.py
[2023-09-09 18:58:05,951] {processor.py:651} INFO - DAG(s) dict_keys(['example_skip_dag']) retrieved from /home/airflow/.local/lib/python3.7/site-packages/airflow/example_dags/example_skip_dag.py
[2023-09-09 18:58:05,964] {logging_mixin.py:115} INFO - [2023-09-09 18:58:05,964] {dag.py:2420} INFO - Sync 1 DAGs
[2023-09-09 18:58:05,974] {logging_mixin.py:115} INFO - [2023-09-09 18:58:05,974] {dag.py:2972} INFO - Setting next_dagrun for example_skip_dag to 2023-09-08T18:58:05.974697+00:00, run_after=2023-09-09T18:58:05.974697+00:00
[2023-09-09 18:58:05,980] {processor.py:161} INFO - Processing /home/airflow/.local/lib/python3.7/site-packages/airflow/example_dags/example_skip_dag.py took 0.034 seconds
[2023-09-09 18:58:36,277] {processor.py:153} INFO - Started process (PID=193) to work on /home/airflow/.local/lib/python3.7/site-packages/airflow/example_dags/example_skip_dag.py
[2023-09-09 18:58:36,278] {processor.py:641} INFO - Processing file /home/airflow/.local/lib/python3.7/site-packages/airflow/example_dags/example_skip_dag.py for tasks to queue
[2023-09-09 18:58:36,278] {logging_mixin.py:115} INFO - [2023-09-09 18:58:36,278] {dagbag.py:508} INFO - Filling up the DagBag from /home/airflow/.local/lib/python3.7/site-packages/airflow/example_dags/example_skip_dag.py
[2023-09-09 18:58:36,281] {processor.py:651} INFO - DAG(s) dict_keys(['example_skip_dag']) retrieved from /home/airflow/.local/lib/python3.7/site-packages/airflow/example_dags/example_skip_dag.py
[2023-09-09 18:58:36,297] {logging_mixin.py:115} INFO - [2023-09-09 18:58:36,297] {dag.py:2420} INFO - Sync 1 DAGs
[2023-09-09 18:58:36,308] {logging_mixin.py:115} INFO - [2023-09-09 18:58:36,308] {dag.py:2972} INFO - Setting next_dagrun for example_skip_dag to 2023-09-08T18:58:36.308037+00:00, run_after=2023-09-09T18:58:36.308037+00:00
[2023-09-09 18:58:36,313] {processor.py:161} INFO - Processing /home/airflow/.local/lib/python3.7/site-packages/airflow/example_dags/example_skip_dag.py took 0.038 seconds
[2023-09-09 18:59:06,534] {processor.py:153} INFO - Started process (PID=255) to work on /home/airflow/.local/lib/python3.7/site-packages/airflow/example_dags/example_skip_dag.py
[2023-09-09 18:59:06,535] {processor.py:641} INFO - Processing file /home/airflow/.local/lib/python3.7/site-packages/airflow/example_dags/example_skip_dag.py for tasks to queue
[2023-09-09 18:59:06,536] {logging_mixin.py:115} INFO - [2023-09-09 18:59:06,536] {dagbag.py:508} INFO - Filling up the DagBag from /home/airflow/.local/lib/python3.7/site-packages/airflow/example_dags/example_skip_dag.py
[2023-09-09 18:59:06,539] {processor.py:651} INFO - DAG(s) dict_keys(['example_skip_dag']) retrieved from /home/airflow/.local/lib/python3.7/site-packages/airflow/example_dags/example_skip_dag.py
[2023-09-09 18:59:06,554] {logging_mixin.py:115} INFO - [2023-09-09 18:59:06,554] {dag.py:2420} INFO - Sync 1 DAGs
[2023-09-09 18:59:06,564] {logging_mixin.py:115} INFO - [2023-09-09 18:59:06,564] {dag.py:2972} INFO - Setting next_dagrun for example_skip_dag to 2023-09-08T18:59:06.564449+00:00, run_after=2023-09-09T18:59:06.564449+00:00
[2023-09-09 18:59:06,570] {processor.py:161} INFO - Processing /home/airflow/.local/lib/python3.7/site-packages/airflow/example_dags/example_skip_dag.py took 0.037 seconds
[2023-09-09 18:59:36,920] {processor.py:153} INFO - Started process (PID=318) to work on /home/airflow/.local/lib/python3.7/site-packages/airflow/example_dags/example_skip_dag.py
[2023-09-09 18:59:36,921] {processor.py:641} INFO - Processing file /home/airflow/.local/lib/python3.7/site-packages/airflow/example_dags/example_skip_dag.py for tasks to queue
[2023-09-09 18:59:36,921] {logging_mixin.py:115} INFO - [2023-09-09 18:59:36,921] {dagbag.py:508} INFO - Filling up the DagBag from /home/airflow/.local/lib/python3.7/site-packages/airflow/example_dags/example_skip_dag.py
[2023-09-09 18:59:36,924] {processor.py:651} INFO - DAG(s) dict_keys(['example_skip_dag']) retrieved from /home/airflow/.local/lib/python3.7/site-packages/airflow/example_dags/example_skip_dag.py
[2023-09-09 18:59:36,941] {logging_mixin.py:115} INFO - [2023-09-09 18:59:36,941] {dag.py:2420} INFO - Sync 1 DAGs
[2023-09-09 18:59:36,955] {logging_mixin.py:115} INFO - [2023-09-09 18:59:36,954] {dag.py:2972} INFO - Setting next_dagrun for example_skip_dag to 2023-09-08T18:59:36.954814+00:00, run_after=2023-09-09T18:59:36.954814+00:00
[2023-09-09 18:59:36,960] {processor.py:161} INFO - Processing /home/airflow/.local/lib/python3.7/site-packages/airflow/example_dags/example_skip_dag.py took 0.042 seconds
[2023-09-09 19:00:07,230] {processor.py:153} INFO - Started process (PID=371) to work on /home/airflow/.local/lib/python3.7/site-packages/airflow/example_dags/example_skip_dag.py
[2023-09-09 19:00:07,231] {processor.py:641} INFO - Processing file /home/airflow/.local/lib/python3.7/site-packages/airflow/example_dags/example_skip_dag.py for tasks to queue
[2023-09-09 19:00:07,232] {logging_mixin.py:115} INFO - [2023-09-09 19:00:07,232] {dagbag.py:508} INFO - Filling up the DagBag from /home/airflow/.local/lib/python3.7/site-packages/airflow/example_dags/example_skip_dag.py
[2023-09-09 19:00:07,235] {processor.py:651} INFO - DAG(s) dict_keys(['example_skip_dag']) retrieved from /home/airflow/.local/lib/python3.7/site-packages/airflow/example_dags/example_skip_dag.py
[2023-09-09 19:00:07,251] {logging_mixin.py:115} INFO - [2023-09-09 19:00:07,251] {dag.py:2420} INFO - Sync 1 DAGs
[2023-09-09 19:00:07,262] {logging_mixin.py:115} INFO - [2023-09-09 19:00:07,262] {dag.py:2972} INFO - Setting next_dagrun for example_skip_dag to 2023-09-08T19:00:07.262209+00:00, run_after=2023-09-09T19:00:07.262209+00:00
[2023-09-09 19:00:07,267] {processor.py:161} INFO - Processing /home/airflow/.local/lib/python3.7/site-packages/airflow/example_dags/example_skip_dag.py took 0.039 seconds
[2023-09-09 19:00:37,570] {processor.py:153} INFO - Started process (PID=435) to work on /home/airflow/.local/lib/python3.7/site-packages/airflow/example_dags/example_skip_dag.py
[2023-09-09 19:00:37,570] {processor.py:641} INFO - Processing file /home/airflow/.local/lib/python3.7/site-packages/airflow/example_dags/example_skip_dag.py for tasks to queue
[2023-09-09 19:00:37,571] {logging_mixin.py:115} INFO - [2023-09-09 19:00:37,571] {dagbag.py:508} INFO - Filling up the DagBag from /home/airflow/.local/lib/python3.7/site-packages/airflow/example_dags/example_skip_dag.py
[2023-09-09 19:00:37,573] {processor.py:651} INFO - DAG(s) dict_keys(['example_skip_dag']) retrieved from /home/airflow/.local/lib/python3.7/site-packages/airflow/example_dags/example_skip_dag.py
[2023-09-09 19:00:37,588] {logging_mixin.py:115} INFO - [2023-09-09 19:00:37,588] {dag.py:2420} INFO - Sync 1 DAGs
[2023-09-09 19:00:37,598] {logging_mixin.py:115} INFO - [2023-09-09 19:00:37,598] {dag.py:2972} INFO - Setting next_dagrun for example_skip_dag to 2023-09-08T19:00:37.598359+00:00, run_after=2023-09-09T19:00:37.598359+00:00
[2023-09-09 19:00:37,603] {processor.py:161} INFO - Processing /home/airflow/.local/lib/python3.7/site-packages/airflow/example_dags/example_skip_dag.py took 0.035 seconds
[2023-09-09 19:01:07,721] {processor.py:153} INFO - Started process (PID=499) to work on /home/airflow/.local/lib/python3.7/site-packages/airflow/example_dags/example_skip_dag.py
[2023-09-09 19:01:07,722] {processor.py:641} INFO - Processing file /home/airflow/.local/lib/python3.7/site-packages/airflow/example_dags/example_skip_dag.py for tasks to queue
[2023-09-09 19:01:07,722] {logging_mixin.py:115} INFO - [2023-09-09 19:01:07,722] {dagbag.py:508} INFO - Filling up the DagBag from /home/airflow/.local/lib/python3.7/site-packages/airflow/example_dags/example_skip_dag.py
[2023-09-09 19:01:07,725] {processor.py:651} INFO - DAG(s) dict_keys(['example_skip_dag']) retrieved from /home/airflow/.local/lib/python3.7/site-packages/airflow/example_dags/example_skip_dag.py
[2023-09-09 19:01:07,740] {logging_mixin.py:115} INFO - [2023-09-09 19:01:07,740] {dag.py:2420} INFO - Sync 1 DAGs
[2023-09-09 19:01:07,750] {logging_mixin.py:115} INFO - [2023-09-09 19:01:07,750] {dag.py:2972} INFO - Setting next_dagrun for example_skip_dag to 2023-09-08T19:01:07.749997+00:00, run_after=2023-09-09T19:01:07.749997+00:00
[2023-09-09 19:01:07,755] {processor.py:161} INFO - Processing /home/airflow/.local/lib/python3.7/site-packages/airflow/example_dags/example_skip_dag.py took 0.035 seconds
[2023-09-09 19:01:38,081] {processor.py:153} INFO - Started process (PID=562) to work on /home/airflow/.local/lib/python3.7/site-packages/airflow/example_dags/example_skip_dag.py
[2023-09-09 19:01:38,082] {processor.py:641} INFO - Processing file /home/airflow/.local/lib/python3.7/site-packages/airflow/example_dags/example_skip_dag.py for tasks to queue
[2023-09-09 19:01:38,082] {logging_mixin.py:115} INFO - [2023-09-09 19:01:38,082] {dagbag.py:508} INFO - Filling up the DagBag from /home/airflow/.local/lib/python3.7/site-packages/airflow/example_dags/example_skip_dag.py
[2023-09-09 19:01:38,085] {processor.py:651} INFO - DAG(s) dict_keys(['example_skip_dag']) retrieved from /home/airflow/.local/lib/python3.7/site-packages/airflow/example_dags/example_skip_dag.py
[2023-09-09 19:01:38,099] {logging_mixin.py:115} INFO - [2023-09-09 19:01:38,099] {dag.py:2420} INFO - Sync 1 DAGs
[2023-09-09 19:01:38,108] {logging_mixin.py:115} INFO - [2023-09-09 19:01:38,108] {dag.py:2972} INFO - Setting next_dagrun for example_skip_dag to 2023-09-08T19:01:38.108507+00:00, run_after=2023-09-09T19:01:38.108507+00:00
[2023-09-09 19:01:38,113] {processor.py:161} INFO - Processing /home/airflow/.local/lib/python3.7/site-packages/airflow/example_dags/example_skip_dag.py took 0.034 seconds
[2023-09-09 19:02:08,737] {processor.py:153} INFO - Started process (PID=625) to work on /home/airflow/.local/lib/python3.7/site-packages/airflow/example_dags/example_skip_dag.py
[2023-09-09 19:02:08,737] {processor.py:641} INFO - Processing file /home/airflow/.local/lib/python3.7/site-packages/airflow/example_dags/example_skip_dag.py for tasks to queue
[2023-09-09 19:02:08,738] {logging_mixin.py:115} INFO - [2023-09-09 19:02:08,738] {dagbag.py:508} INFO - Filling up the DagBag from /home/airflow/.local/lib/python3.7/site-packages/airflow/example_dags/example_skip_dag.py
[2023-09-09 19:02:08,741] {processor.py:651} INFO - DAG(s) dict_keys(['example_skip_dag']) retrieved from /home/airflow/.local/lib/python3.7/site-packages/airflow/example_dags/example_skip_dag.py
[2023-09-09 19:02:08,756] {logging_mixin.py:115} INFO - [2023-09-09 19:02:08,756] {dag.py:2420} INFO - Sync 1 DAGs
[2023-09-09 19:02:08,766] {logging_mixin.py:115} INFO - [2023-09-09 19:02:08,766] {dag.py:2972} INFO - Setting next_dagrun for example_skip_dag to 2023-09-08T19:02:08.766655+00:00, run_after=2023-09-09T19:02:08.766655+00:00
[2023-09-09 19:02:08,772] {processor.py:161} INFO - Processing /home/airflow/.local/lib/python3.7/site-packages/airflow/example_dags/example_skip_dag.py took 0.037 seconds
[2023-09-09 19:02:39,369] {processor.py:153} INFO - Started process (PID=692) to work on /home/airflow/.local/lib/python3.7/site-packages/airflow/example_dags/example_skip_dag.py
[2023-09-09 19:02:39,372] {processor.py:641} INFO - Processing file /home/airflow/.local/lib/python3.7/site-packages/airflow/example_dags/example_skip_dag.py for tasks to queue
[2023-09-09 19:02:39,373] {logging_mixin.py:115} INFO - [2023-09-09 19:02:39,373] {dagbag.py:508} INFO - Filling up the DagBag from /home/airflow/.local/lib/python3.7/site-packages/airflow/example_dags/example_skip_dag.py
[2023-09-09 19:02:39,376] {processor.py:651} INFO - DAG(s) dict_keys(['example_skip_dag']) retrieved from /home/airflow/.local/lib/python3.7/site-packages/airflow/example_dags/example_skip_dag.py
[2023-09-09 19:02:39,394] {logging_mixin.py:115} INFO - [2023-09-09 19:02:39,394] {dag.py:2420} INFO - Sync 1 DAGs
[2023-09-09 19:02:39,406] {logging_mixin.py:115} INFO - [2023-09-09 19:02:39,406] {dag.py:2972} INFO - Setting next_dagrun for example_skip_dag to 2023-09-08T19:02:39.406700+00:00, run_after=2023-09-09T19:02:39.406700+00:00
[2023-09-09 19:02:39,412] {processor.py:161} INFO - Processing /home/airflow/.local/lib/python3.7/site-packages/airflow/example_dags/example_skip_dag.py took 0.046 seconds
[2023-09-09 19:03:36,706] {processor.py:153} INFO - Started process (PID=67) to work on /home/airflow/.local/lib/python3.7/site-packages/airflow/example_dags/example_skip_dag.py
[2023-09-09 19:03:36,708] {processor.py:641} INFO - Processing file /home/airflow/.local/lib/python3.7/site-packages/airflow/example_dags/example_skip_dag.py for tasks to queue
[2023-09-09 19:03:36,708] {logging_mixin.py:115} INFO - [2023-09-09 19:03:36,708] {dagbag.py:508} INFO - Filling up the DagBag from /home/airflow/.local/lib/python3.7/site-packages/airflow/example_dags/example_skip_dag.py
[2023-09-09 19:03:36,715] {processor.py:651} INFO - DAG(s) dict_keys(['example_skip_dag']) retrieved from /home/airflow/.local/lib/python3.7/site-packages/airflow/example_dags/example_skip_dag.py
[2023-09-09 19:03:36,750] {logging_mixin.py:115} INFO - [2023-09-09 19:03:36,750] {dag.py:2420} INFO - Sync 1 DAGs
[2023-09-09 19:03:36,771] {logging_mixin.py:115} INFO - [2023-09-09 19:03:36,771] {dag.py:2972} INFO - Setting next_dagrun for example_skip_dag to 2023-09-08T19:03:36.771388+00:00, run_after=2023-09-09T19:03:36.771388+00:00
[2023-09-09 19:03:36,792] {processor.py:161} INFO - Processing /home/airflow/.local/lib/python3.7/site-packages/airflow/example_dags/example_skip_dag.py took 0.088 seconds
[2023-09-09 19:04:07,177] {processor.py:153} INFO - Started process (PID=130) to work on /home/airflow/.local/lib/python3.7/site-packages/airflow/example_dags/example_skip_dag.py
[2023-09-09 19:04:07,178] {processor.py:641} INFO - Processing file /home/airflow/.local/lib/python3.7/site-packages/airflow/example_dags/example_skip_dag.py for tasks to queue
[2023-09-09 19:04:07,178] {logging_mixin.py:115} INFO - [2023-09-09 19:04:07,178] {dagbag.py:508} INFO - Filling up the DagBag from /home/airflow/.local/lib/python3.7/site-packages/airflow/example_dags/example_skip_dag.py
[2023-09-09 19:04:07,181] {processor.py:651} INFO - DAG(s) dict_keys(['example_skip_dag']) retrieved from /home/airflow/.local/lib/python3.7/site-packages/airflow/example_dags/example_skip_dag.py
[2023-09-09 19:04:07,195] {logging_mixin.py:115} INFO - [2023-09-09 19:04:07,195] {dag.py:2420} INFO - Sync 1 DAGs
[2023-09-09 19:04:07,205] {logging_mixin.py:115} INFO - [2023-09-09 19:04:07,205] {dag.py:2972} INFO - Setting next_dagrun for example_skip_dag to 2023-09-08T19:04:07.205315+00:00, run_after=2023-09-09T19:04:07.205315+00:00
[2023-09-09 19:04:07,210] {processor.py:161} INFO - Processing /home/airflow/.local/lib/python3.7/site-packages/airflow/example_dags/example_skip_dag.py took 0.034 seconds
[2023-09-09 19:04:37,531] {processor.py:153} INFO - Started process (PID=192) to work on /home/airflow/.local/lib/python3.7/site-packages/airflow/example_dags/example_skip_dag.py
[2023-09-09 19:04:37,531] {processor.py:641} INFO - Processing file /home/airflow/.local/lib/python3.7/site-packages/airflow/example_dags/example_skip_dag.py for tasks to queue
[2023-09-09 19:04:37,532] {logging_mixin.py:115} INFO - [2023-09-09 19:04:37,532] {dagbag.py:508} INFO - Filling up the DagBag from /home/airflow/.local/lib/python3.7/site-packages/airflow/example_dags/example_skip_dag.py
[2023-09-09 19:04:37,535] {processor.py:651} INFO - DAG(s) dict_keys(['example_skip_dag']) retrieved from /home/airflow/.local/lib/python3.7/site-packages/airflow/example_dags/example_skip_dag.py
[2023-09-09 19:04:37,549] {logging_mixin.py:115} INFO - [2023-09-09 19:04:37,549] {dag.py:2420} INFO - Sync 1 DAGs
[2023-09-09 19:04:37,559] {logging_mixin.py:115} INFO - [2023-09-09 19:04:37,559] {dag.py:2972} INFO - Setting next_dagrun for example_skip_dag to 2023-09-08T19:04:37.559206+00:00, run_after=2023-09-09T19:04:37.559206+00:00
[2023-09-09 19:04:37,564] {processor.py:161} INFO - Processing /home/airflow/.local/lib/python3.7/site-packages/airflow/example_dags/example_skip_dag.py took 0.035 seconds
[2023-09-09 19:05:07,813] {processor.py:153} INFO - Started process (PID=256) to work on /home/airflow/.local/lib/python3.7/site-packages/airflow/example_dags/example_skip_dag.py
[2023-09-09 19:05:07,814] {processor.py:641} INFO - Processing file /home/airflow/.local/lib/python3.7/site-packages/airflow/example_dags/example_skip_dag.py for tasks to queue
[2023-09-09 19:05:07,814] {logging_mixin.py:115} INFO - [2023-09-09 19:05:07,814] {dagbag.py:508} INFO - Filling up the DagBag from /home/airflow/.local/lib/python3.7/site-packages/airflow/example_dags/example_skip_dag.py
[2023-09-09 19:05:07,818] {processor.py:651} INFO - DAG(s) dict_keys(['example_skip_dag']) retrieved from /home/airflow/.local/lib/python3.7/site-packages/airflow/example_dags/example_skip_dag.py
[2023-09-09 19:05:07,832] {logging_mixin.py:115} INFO - [2023-09-09 19:05:07,832] {dag.py:2420} INFO - Sync 1 DAGs
[2023-09-09 19:05:07,842] {logging_mixin.py:115} INFO - [2023-09-09 19:05:07,842] {dag.py:2972} INFO - Setting next_dagrun for example_skip_dag to 2023-09-08T19:05:07.842305+00:00, run_after=2023-09-09T19:05:07.842305+00:00
[2023-09-09 19:05:07,847] {processor.py:161} INFO - Processing /home/airflow/.local/lib/python3.7/site-packages/airflow/example_dags/example_skip_dag.py took 0.036 seconds
[2023-09-09 19:05:38,088] {processor.py:153} INFO - Started process (PID=318) to work on /home/airflow/.local/lib/python3.7/site-packages/airflow/example_dags/example_skip_dag.py
[2023-09-09 19:05:38,089] {processor.py:641} INFO - Processing file /home/airflow/.local/lib/python3.7/site-packages/airflow/example_dags/example_skip_dag.py for tasks to queue
[2023-09-09 19:05:38,089] {logging_mixin.py:115} INFO - [2023-09-09 19:05:38,089] {dagbag.py:508} INFO - Filling up the DagBag from /home/airflow/.local/lib/python3.7/site-packages/airflow/example_dags/example_skip_dag.py
[2023-09-09 19:05:38,093] {processor.py:651} INFO - DAG(s) dict_keys(['example_skip_dag']) retrieved from /home/airflow/.local/lib/python3.7/site-packages/airflow/example_dags/example_skip_dag.py
[2023-09-09 19:05:38,112] {logging_mixin.py:115} INFO - [2023-09-09 19:05:38,112] {dag.py:2420} INFO - Sync 1 DAGs
[2023-09-09 19:05:38,123] {logging_mixin.py:115} INFO - [2023-09-09 19:05:38,123] {dag.py:2972} INFO - Setting next_dagrun for example_skip_dag to 2023-09-08T19:05:38.122850+00:00, run_after=2023-09-09T19:05:38.122850+00:00
[2023-09-09 19:05:38,129] {processor.py:161} INFO - Processing /home/airflow/.local/lib/python3.7/site-packages/airflow/example_dags/example_skip_dag.py took 0.043 seconds
[2023-09-09 19:06:08,431] {processor.py:153} INFO - Started process (PID=372) to work on /home/airflow/.local/lib/python3.7/site-packages/airflow/example_dags/example_skip_dag.py
[2023-09-09 19:06:08,431] {processor.py:641} INFO - Processing file /home/airflow/.local/lib/python3.7/site-packages/airflow/example_dags/example_skip_dag.py for tasks to queue
[2023-09-09 19:06:08,432] {logging_mixin.py:115} INFO - [2023-09-09 19:06:08,432] {dagbag.py:508} INFO - Filling up the DagBag from /home/airflow/.local/lib/python3.7/site-packages/airflow/example_dags/example_skip_dag.py
[2023-09-09 19:06:08,434] {processor.py:651} INFO - DAG(s) dict_keys(['example_skip_dag']) retrieved from /home/airflow/.local/lib/python3.7/site-packages/airflow/example_dags/example_skip_dag.py
[2023-09-09 19:06:08,448] {logging_mixin.py:115} INFO - [2023-09-09 19:06:08,448] {dag.py:2420} INFO - Sync 1 DAGs
[2023-09-09 19:06:08,458] {logging_mixin.py:115} INFO - [2023-09-09 19:06:08,457] {dag.py:2972} INFO - Setting next_dagrun for example_skip_dag to 2023-09-08T19:06:08.457827+00:00, run_after=2023-09-09T19:06:08.457827+00:00
[2023-09-09 19:06:08,463] {processor.py:161} INFO - Processing /home/airflow/.local/lib/python3.7/site-packages/airflow/example_dags/example_skip_dag.py took 0.033 seconds
[2023-09-09 19:06:38,761] {processor.py:153} INFO - Started process (PID=435) to work on /home/airflow/.local/lib/python3.7/site-packages/airflow/example_dags/example_skip_dag.py
[2023-09-09 19:06:38,761] {processor.py:641} INFO - Processing file /home/airflow/.local/lib/python3.7/site-packages/airflow/example_dags/example_skip_dag.py for tasks to queue
[2023-09-09 19:06:38,762] {logging_mixin.py:115} INFO - [2023-09-09 19:06:38,762] {dagbag.py:508} INFO - Filling up the DagBag from /home/airflow/.local/lib/python3.7/site-packages/airflow/example_dags/example_skip_dag.py
[2023-09-09 19:06:38,764] {processor.py:651} INFO - DAG(s) dict_keys(['example_skip_dag']) retrieved from /home/airflow/.local/lib/python3.7/site-packages/airflow/example_dags/example_skip_dag.py
[2023-09-09 19:06:38,778] {logging_mixin.py:115} INFO - [2023-09-09 19:06:38,778] {dag.py:2420} INFO - Sync 1 DAGs
[2023-09-09 19:06:38,787] {logging_mixin.py:115} INFO - [2023-09-09 19:06:38,787] {dag.py:2972} INFO - Setting next_dagrun for example_skip_dag to 2023-09-08T19:06:38.787632+00:00, run_after=2023-09-09T19:06:38.787632+00:00
[2023-09-09 19:06:38,792] {processor.py:161} INFO - Processing /home/airflow/.local/lib/python3.7/site-packages/airflow/example_dags/example_skip_dag.py took 0.034 seconds
[2023-09-09 19:07:09,072] {processor.py:153} INFO - Started process (PID=498) to work on /home/airflow/.local/lib/python3.7/site-packages/airflow/example_dags/example_skip_dag.py
[2023-09-09 19:07:09,073] {processor.py:641} INFO - Processing file /home/airflow/.local/lib/python3.7/site-packages/airflow/example_dags/example_skip_dag.py for tasks to queue
[2023-09-09 19:07:09,073] {logging_mixin.py:115} INFO - [2023-09-09 19:07:09,073] {dagbag.py:508} INFO - Filling up the DagBag from /home/airflow/.local/lib/python3.7/site-packages/airflow/example_dags/example_skip_dag.py
[2023-09-09 19:07:09,076] {processor.py:651} INFO - DAG(s) dict_keys(['example_skip_dag']) retrieved from /home/airflow/.local/lib/python3.7/site-packages/airflow/example_dags/example_skip_dag.py
[2023-09-09 19:07:09,091] {logging_mixin.py:115} INFO - [2023-09-09 19:07:09,091] {dag.py:2420} INFO - Sync 1 DAGs
[2023-09-09 19:07:09,100] {logging_mixin.py:115} INFO - [2023-09-09 19:07:09,100] {dag.py:2972} INFO - Setting next_dagrun for example_skip_dag to 2023-09-08T19:07:09.100659+00:00, run_after=2023-09-09T19:07:09.100659+00:00
[2023-09-09 19:07:09,106] {processor.py:161} INFO - Processing /home/airflow/.local/lib/python3.7/site-packages/airflow/example_dags/example_skip_dag.py took 0.035 seconds
[2023-09-09 19:07:39,500] {processor.py:153} INFO - Started process (PID=561) to work on /home/airflow/.local/lib/python3.7/site-packages/airflow/example_dags/example_skip_dag.py
[2023-09-09 19:07:39,501] {processor.py:641} INFO - Processing file /home/airflow/.local/lib/python3.7/site-packages/airflow/example_dags/example_skip_dag.py for tasks to queue
[2023-09-09 19:07:39,502] {logging_mixin.py:115} INFO - [2023-09-09 19:07:39,502] {dagbag.py:508} INFO - Filling up the DagBag from /home/airflow/.local/lib/python3.7/site-packages/airflow/example_dags/example_skip_dag.py
[2023-09-09 19:07:39,505] {processor.py:651} INFO - DAG(s) dict_keys(['example_skip_dag']) retrieved from /home/airflow/.local/lib/python3.7/site-packages/airflow/example_dags/example_skip_dag.py
[2023-09-09 19:07:39,522] {logging_mixin.py:115} INFO - [2023-09-09 19:07:39,522] {dag.py:2420} INFO - Sync 1 DAGs
[2023-09-09 19:07:39,536] {logging_mixin.py:115} INFO - [2023-09-09 19:07:39,536] {dag.py:2972} INFO - Setting next_dagrun for example_skip_dag to 2023-09-08T19:07:39.535944+00:00, run_after=2023-09-09T19:07:39.535944+00:00
[2023-09-09 19:07:39,543] {processor.py:161} INFO - Processing /home/airflow/.local/lib/python3.7/site-packages/airflow/example_dags/example_skip_dag.py took 0.045 seconds
[2023-09-09 19:08:10,124] {processor.py:153} INFO - Started process (PID=624) to work on /home/airflow/.local/lib/python3.7/site-packages/airflow/example_dags/example_skip_dag.py
[2023-09-09 19:08:10,125] {processor.py:641} INFO - Processing file /home/airflow/.local/lib/python3.7/site-packages/airflow/example_dags/example_skip_dag.py for tasks to queue
[2023-09-09 19:08:10,125] {logging_mixin.py:115} INFO - [2023-09-09 19:08:10,125] {dagbag.py:508} INFO - Filling up the DagBag from /home/airflow/.local/lib/python3.7/site-packages/airflow/example_dags/example_skip_dag.py
[2023-09-09 19:08:10,128] {processor.py:651} INFO - DAG(s) dict_keys(['example_skip_dag']) retrieved from /home/airflow/.local/lib/python3.7/site-packages/airflow/example_dags/example_skip_dag.py
[2023-09-09 19:08:10,144] {logging_mixin.py:115} INFO - [2023-09-09 19:08:10,144] {dag.py:2420} INFO - Sync 1 DAGs
[2023-09-09 19:08:10,155] {logging_mixin.py:115} INFO - [2023-09-09 19:08:10,155] {dag.py:2972} INFO - Setting next_dagrun for example_skip_dag to 2023-09-08T19:08:10.155147+00:00, run_after=2023-09-09T19:08:10.155147+00:00
[2023-09-09 19:08:10,163] {processor.py:161} INFO - Processing /home/airflow/.local/lib/python3.7/site-packages/airflow/example_dags/example_skip_dag.py took 0.041 seconds
[2023-09-09 19:08:40,585] {processor.py:153} INFO - Started process (PID=686) to work on /home/airflow/.local/lib/python3.7/site-packages/airflow/example_dags/example_skip_dag.py
[2023-09-09 19:08:40,586] {processor.py:641} INFO - Processing file /home/airflow/.local/lib/python3.7/site-packages/airflow/example_dags/example_skip_dag.py for tasks to queue
[2023-09-09 19:08:40,587] {logging_mixin.py:115} INFO - [2023-09-09 19:08:40,586] {dagbag.py:508} INFO - Filling up the DagBag from /home/airflow/.local/lib/python3.7/site-packages/airflow/example_dags/example_skip_dag.py
[2023-09-09 19:08:40,589] {processor.py:651} INFO - DAG(s) dict_keys(['example_skip_dag']) retrieved from /home/airflow/.local/lib/python3.7/site-packages/airflow/example_dags/example_skip_dag.py
[2023-09-09 19:08:40,606] {logging_mixin.py:115} INFO - [2023-09-09 19:08:40,606] {dag.py:2420} INFO - Sync 1 DAGs
[2023-09-09 19:08:40,616] {logging_mixin.py:115} INFO - [2023-09-09 19:08:40,616] {dag.py:2972} INFO - Setting next_dagrun for example_skip_dag to 2023-09-08T19:08:40.616389+00:00, run_after=2023-09-09T19:08:40.616389+00:00
[2023-09-09 19:08:40,623] {processor.py:161} INFO - Processing /home/airflow/.local/lib/python3.7/site-packages/airflow/example_dags/example_skip_dag.py took 0.040 seconds
[2023-09-09 19:09:10,906] {processor.py:153} INFO - Started process (PID=740) to work on /home/airflow/.local/lib/python3.7/site-packages/airflow/example_dags/example_skip_dag.py
[2023-09-09 19:09:10,907] {processor.py:641} INFO - Processing file /home/airflow/.local/lib/python3.7/site-packages/airflow/example_dags/example_skip_dag.py for tasks to queue
[2023-09-09 19:09:10,907] {logging_mixin.py:115} INFO - [2023-09-09 19:09:10,907] {dagbag.py:508} INFO - Filling up the DagBag from /home/airflow/.local/lib/python3.7/site-packages/airflow/example_dags/example_skip_dag.py
[2023-09-09 19:09:10,910] {processor.py:651} INFO - DAG(s) dict_keys(['example_skip_dag']) retrieved from /home/airflow/.local/lib/python3.7/site-packages/airflow/example_dags/example_skip_dag.py
[2023-09-09 19:09:10,926] {logging_mixin.py:115} INFO - [2023-09-09 19:09:10,926] {dag.py:2420} INFO - Sync 1 DAGs
[2023-09-09 19:09:10,936] {logging_mixin.py:115} INFO - [2023-09-09 19:09:10,936] {dag.py:2972} INFO - Setting next_dagrun for example_skip_dag to 2023-09-08T19:09:10.936029+00:00, run_after=2023-09-09T19:09:10.936029+00:00
[2023-09-09 19:09:10,941] {processor.py:161} INFO - Processing /home/airflow/.local/lib/python3.7/site-packages/airflow/example_dags/example_skip_dag.py took 0.037 seconds
