[2023-09-09 18:40:39,611] {processor.py:153} INFO - Started process (PID=39) to work on /home/airflow/.local/lib/python3.7/site-packages/airflow/example_dags/example_subdag_operator.py
[2023-09-09 18:40:39,612] {processor.py:641} INFO - Processing file /home/airflow/.local/lib/python3.7/site-packages/airflow/example_dags/example_subdag_operator.py for tasks to queue
[2023-09-09 18:40:39,613] {logging_mixin.py:115} INFO - [2023-09-09 18:40:39,613] {dagbag.py:508} INFO - Filling up the DagBag from /home/airflow/.local/lib/python3.7/site-packages/airflow/example_dags/example_subdag_operator.py
[2023-09-09 18:40:39,639] {processor.py:651} INFO - DAG(s) dict_keys(['example_subdag_operator.section-1', 'example_subdag_operator.section-2', 'example_subdag_operator']) retrieved from /home/airflow/.local/lib/python3.7/site-packages/airflow/example_dags/example_subdag_operator.py
[2023-09-09 18:40:39,689] {logging_mixin.py:115} INFO - [2023-09-09 18:40:39,689] {manager.py:508} INFO - Created Permission View: can edit on DAG:example_subdag_operator
[2023-09-09 18:40:39,694] {logging_mixin.py:115} INFO - [2023-09-09 18:40:39,694] {manager.py:508} INFO - Created Permission View: can read on DAG:example_subdag_operator
[2023-09-09 18:40:39,698] {logging_mixin.py:115} INFO - [2023-09-09 18:40:39,698] {manager.py:508} INFO - Created Permission View: can delete on DAG:example_subdag_operator
[2023-09-09 18:40:39,698] {logging_mixin.py:115} INFO - [2023-09-09 18:40:39,698] {dag.py:2420} INFO - Sync 3 DAGs
[2023-09-09 18:40:39,703] {logging_mixin.py:115} INFO - [2023-09-09 18:40:39,703] {dag.py:2439} INFO - Creating ORM DAG for example_subdag_operator.section-2
[2023-09-09 18:40:39,704] {logging_mixin.py:115} INFO - [2023-09-09 18:40:39,704] {dag.py:2439} INFO - Creating ORM DAG for example_subdag_operator.section-1
[2023-09-09 18:40:39,704] {logging_mixin.py:115} INFO - [2023-09-09 18:40:39,704] {dag.py:2439} INFO - Creating ORM DAG for example_subdag_operator
[2023-09-09 18:40:39,712] {logging_mixin.py:115} INFO - [2023-09-09 18:40:39,712] {dag.py:2972} INFO - Setting next_dagrun for example_subdag_operator to 2022-01-01T00:00:00+00:00, run_after=2022-01-01T00:00:00+00:00
[2023-09-09 18:40:39,713] {logging_mixin.py:115} INFO - [2023-09-09 18:40:39,713] {dag.py:2972} INFO - Setting next_dagrun for example_subdag_operator.section-1 to None, run_after=None
[2023-09-09 18:40:39,713] {logging_mixin.py:115} INFO - [2023-09-09 18:40:39,713] {dag.py:2972} INFO - Setting next_dagrun for example_subdag_operator.section-2 to None, run_after=None
[2023-09-09 18:40:39,726] {logging_mixin.py:115} INFO - [2023-09-09 18:40:39,726] {dag.py:2420} INFO - Sync 2 DAGs
[2023-09-09 18:40:39,734] {logging_mixin.py:115} INFO - [2023-09-09 18:40:39,734] {dag.py:2972} INFO - Setting next_dagrun for example_subdag_operator.section-1 to None, run_after=None
[2023-09-09 18:40:39,736] {logging_mixin.py:115} INFO - [2023-09-09 18:40:39,736] {dag.py:2972} INFO - Setting next_dagrun for example_subdag_operator.section-2 to None, run_after=None
[2023-09-09 18:40:39,746] {processor.py:161} INFO - Processing /home/airflow/.local/lib/python3.7/site-packages/airflow/example_dags/example_subdag_operator.py took 0.137 seconds
[2023-09-09 18:41:09,855] {processor.py:153} INFO - Started process (PID=100) to work on /home/airflow/.local/lib/python3.7/site-packages/airflow/example_dags/example_subdag_operator.py
[2023-09-09 18:41:09,856] {processor.py:641} INFO - Processing file /home/airflow/.local/lib/python3.7/site-packages/airflow/example_dags/example_subdag_operator.py for tasks to queue
[2023-09-09 18:41:09,857] {logging_mixin.py:115} INFO - [2023-09-09 18:41:09,857] {dagbag.py:508} INFO - Filling up the DagBag from /home/airflow/.local/lib/python3.7/site-packages/airflow/example_dags/example_subdag_operator.py
[2023-09-09 18:41:09,873] {processor.py:651} INFO - DAG(s) dict_keys(['example_subdag_operator.section-1', 'example_subdag_operator.section-2', 'example_subdag_operator']) retrieved from /home/airflow/.local/lib/python3.7/site-packages/airflow/example_dags/example_subdag_operator.py
[2023-09-09 18:41:09,890] {logging_mixin.py:115} INFO - [2023-09-09 18:41:09,890] {dag.py:2420} INFO - Sync 3 DAGs
[2023-09-09 18:41:09,900] {logging_mixin.py:115} INFO - [2023-09-09 18:41:09,899] {dag.py:2972} INFO - Setting next_dagrun for example_subdag_operator to 2022-01-01T00:00:00+00:00, run_after=2022-01-01T00:00:00+00:00
[2023-09-09 18:41:09,900] {logging_mixin.py:115} INFO - [2023-09-09 18:41:09,900] {dag.py:2972} INFO - Setting next_dagrun for example_subdag_operator.section-1 to None, run_after=None
[2023-09-09 18:41:09,900] {logging_mixin.py:115} INFO - [2023-09-09 18:41:09,900] {dag.py:2972} INFO - Setting next_dagrun for example_subdag_operator.section-2 to None, run_after=None
[2023-09-09 18:41:09,904] {logging_mixin.py:115} INFO - [2023-09-09 18:41:09,904] {dag.py:2420} INFO - Sync 2 DAGs
[2023-09-09 18:41:09,906] {logging_mixin.py:115} INFO - [2023-09-09 18:41:09,906] {dag.py:2972} INFO - Setting next_dagrun for example_subdag_operator.section-1 to None, run_after=None
[2023-09-09 18:41:09,907] {logging_mixin.py:115} INFO - [2023-09-09 18:41:09,907] {dag.py:2972} INFO - Setting next_dagrun for example_subdag_operator.section-2 to None, run_after=None
[2023-09-09 18:41:09,911] {processor.py:161} INFO - Processing /home/airflow/.local/lib/python3.7/site-packages/airflow/example_dags/example_subdag_operator.py took 0.057 seconds
[2023-09-09 18:41:40,253] {processor.py:153} INFO - Started process (PID=163) to work on /home/airflow/.local/lib/python3.7/site-packages/airflow/example_dags/example_subdag_operator.py
[2023-09-09 18:41:40,253] {processor.py:641} INFO - Processing file /home/airflow/.local/lib/python3.7/site-packages/airflow/example_dags/example_subdag_operator.py for tasks to queue
[2023-09-09 18:41:40,254] {logging_mixin.py:115} INFO - [2023-09-09 18:41:40,254] {dagbag.py:508} INFO - Filling up the DagBag from /home/airflow/.local/lib/python3.7/site-packages/airflow/example_dags/example_subdag_operator.py
[2023-09-09 18:41:40,269] {processor.py:651} INFO - DAG(s) dict_keys(['example_subdag_operator.section-1', 'example_subdag_operator.section-2', 'example_subdag_operator']) retrieved from /home/airflow/.local/lib/python3.7/site-packages/airflow/example_dags/example_subdag_operator.py
[2023-09-09 18:41:40,283] {logging_mixin.py:115} INFO - [2023-09-09 18:41:40,283] {dag.py:2420} INFO - Sync 3 DAGs
[2023-09-09 18:41:40,292] {logging_mixin.py:115} INFO - [2023-09-09 18:41:40,292] {dag.py:2972} INFO - Setting next_dagrun for example_subdag_operator to 2022-01-01T00:00:00+00:00, run_after=2022-01-01T00:00:00+00:00
[2023-09-09 18:41:40,293] {logging_mixin.py:115} INFO - [2023-09-09 18:41:40,293] {dag.py:2972} INFO - Setting next_dagrun for example_subdag_operator.section-1 to None, run_after=None
[2023-09-09 18:41:40,293] {logging_mixin.py:115} INFO - [2023-09-09 18:41:40,293] {dag.py:2972} INFO - Setting next_dagrun for example_subdag_operator.section-2 to None, run_after=None
[2023-09-09 18:41:40,296] {logging_mixin.py:115} INFO - [2023-09-09 18:41:40,296] {dag.py:2420} INFO - Sync 2 DAGs
[2023-09-09 18:41:40,298] {logging_mixin.py:115} INFO - [2023-09-09 18:41:40,298] {dag.py:2972} INFO - Setting next_dagrun for example_subdag_operator.section-1 to None, run_after=None
[2023-09-09 18:41:40,299] {logging_mixin.py:115} INFO - [2023-09-09 18:41:40,299] {dag.py:2972} INFO - Setting next_dagrun for example_subdag_operator.section-2 to None, run_after=None
[2023-09-09 18:41:40,302] {processor.py:161} INFO - Processing /home/airflow/.local/lib/python3.7/site-packages/airflow/example_dags/example_subdag_operator.py took 0.051 seconds
[2023-09-09 18:42:10,616] {processor.py:153} INFO - Started process (PID=227) to work on /home/airflow/.local/lib/python3.7/site-packages/airflow/example_dags/example_subdag_operator.py
[2023-09-09 18:42:10,617] {processor.py:641} INFO - Processing file /home/airflow/.local/lib/python3.7/site-packages/airflow/example_dags/example_subdag_operator.py for tasks to queue
[2023-09-09 18:42:10,618] {logging_mixin.py:115} INFO - [2023-09-09 18:42:10,618] {dagbag.py:508} INFO - Filling up the DagBag from /home/airflow/.local/lib/python3.7/site-packages/airflow/example_dags/example_subdag_operator.py
[2023-09-09 18:42:10,645] {processor.py:651} INFO - DAG(s) dict_keys(['example_subdag_operator.section-1', 'example_subdag_operator.section-2', 'example_subdag_operator']) retrieved from /home/airflow/.local/lib/python3.7/site-packages/airflow/example_dags/example_subdag_operator.py
[2023-09-09 18:42:10,665] {logging_mixin.py:115} INFO - [2023-09-09 18:42:10,665] {dag.py:2420} INFO - Sync 3 DAGs
[2023-09-09 18:42:10,678] {logging_mixin.py:115} INFO - [2023-09-09 18:42:10,678] {dag.py:2972} INFO - Setting next_dagrun for example_subdag_operator to 2022-01-01T00:00:00+00:00, run_after=2022-01-01T00:00:00+00:00
[2023-09-09 18:42:10,679] {logging_mixin.py:115} INFO - [2023-09-09 18:42:10,679] {dag.py:2972} INFO - Setting next_dagrun for example_subdag_operator.section-1 to None, run_after=None
[2023-09-09 18:42:10,679] {logging_mixin.py:115} INFO - [2023-09-09 18:42:10,679] {dag.py:2972} INFO - Setting next_dagrun for example_subdag_operator.section-2 to None, run_after=None
[2023-09-09 18:42:10,686] {logging_mixin.py:115} INFO - [2023-09-09 18:42:10,686] {dag.py:2420} INFO - Sync 2 DAGs
[2023-09-09 18:42:10,689] {logging_mixin.py:115} INFO - [2023-09-09 18:42:10,689] {dag.py:2972} INFO - Setting next_dagrun for example_subdag_operator.section-1 to None, run_after=None
[2023-09-09 18:42:10,689] {logging_mixin.py:115} INFO - [2023-09-09 18:42:10,689] {dag.py:2972} INFO - Setting next_dagrun for example_subdag_operator.section-2 to None, run_after=None
[2023-09-09 18:42:10,692] {processor.py:161} INFO - Processing /home/airflow/.local/lib/python3.7/site-packages/airflow/example_dags/example_subdag_operator.py took 0.078 seconds
[2023-09-09 18:42:41,035] {processor.py:153} INFO - Started process (PID=281) to work on /home/airflow/.local/lib/python3.7/site-packages/airflow/example_dags/example_subdag_operator.py
[2023-09-09 18:42:41,035] {processor.py:641} INFO - Processing file /home/airflow/.local/lib/python3.7/site-packages/airflow/example_dags/example_subdag_operator.py for tasks to queue
[2023-09-09 18:42:41,036] {logging_mixin.py:115} INFO - [2023-09-09 18:42:41,036] {dagbag.py:508} INFO - Filling up the DagBag from /home/airflow/.local/lib/python3.7/site-packages/airflow/example_dags/example_subdag_operator.py
[2023-09-09 18:42:41,051] {processor.py:651} INFO - DAG(s) dict_keys(['example_subdag_operator.section-1', 'example_subdag_operator.section-2', 'example_subdag_operator']) retrieved from /home/airflow/.local/lib/python3.7/site-packages/airflow/example_dags/example_subdag_operator.py
[2023-09-09 18:42:41,065] {logging_mixin.py:115} INFO - [2023-09-09 18:42:41,065] {dag.py:2420} INFO - Sync 3 DAGs
[2023-09-09 18:42:41,077] {logging_mixin.py:115} INFO - [2023-09-09 18:42:41,077] {dag.py:2972} INFO - Setting next_dagrun for example_subdag_operator to 2022-01-01T00:00:00+00:00, run_after=2022-01-01T00:00:00+00:00
[2023-09-09 18:42:41,079] {logging_mixin.py:115} INFO - [2023-09-09 18:42:41,079] {dag.py:2972} INFO - Setting next_dagrun for example_subdag_operator.section-1 to None, run_after=None
[2023-09-09 18:42:41,079] {logging_mixin.py:115} INFO - [2023-09-09 18:42:41,079] {dag.py:2972} INFO - Setting next_dagrun for example_subdag_operator.section-2 to None, run_after=None
[2023-09-09 18:42:41,083] {logging_mixin.py:115} INFO - [2023-09-09 18:42:41,083] {dag.py:2420} INFO - Sync 2 DAGs
[2023-09-09 18:42:41,085] {logging_mixin.py:115} INFO - [2023-09-09 18:42:41,085] {dag.py:2972} INFO - Setting next_dagrun for example_subdag_operator.section-1 to None, run_after=None
[2023-09-09 18:42:41,086] {logging_mixin.py:115} INFO - [2023-09-09 18:42:41,086] {dag.py:2972} INFO - Setting next_dagrun for example_subdag_operator.section-2 to None, run_after=None
[2023-09-09 18:42:41,089] {processor.py:161} INFO - Processing /home/airflow/.local/lib/python3.7/site-packages/airflow/example_dags/example_subdag_operator.py took 0.056 seconds
[2023-09-09 18:43:12,027] {processor.py:153} INFO - Started process (PID=347) to work on /home/airflow/.local/lib/python3.7/site-packages/airflow/example_dags/example_subdag_operator.py
[2023-09-09 18:43:12,028] {processor.py:641} INFO - Processing file /home/airflow/.local/lib/python3.7/site-packages/airflow/example_dags/example_subdag_operator.py for tasks to queue
[2023-09-09 18:43:12,028] {logging_mixin.py:115} INFO - [2023-09-09 18:43:12,028] {dagbag.py:508} INFO - Filling up the DagBag from /home/airflow/.local/lib/python3.7/site-packages/airflow/example_dags/example_subdag_operator.py
[2023-09-09 18:43:12,044] {processor.py:651} INFO - DAG(s) dict_keys(['example_subdag_operator.section-1', 'example_subdag_operator.section-2', 'example_subdag_operator']) retrieved from /home/airflow/.local/lib/python3.7/site-packages/airflow/example_dags/example_subdag_operator.py
[2023-09-09 18:43:12,058] {logging_mixin.py:115} INFO - [2023-09-09 18:43:12,058] {dag.py:2420} INFO - Sync 3 DAGs
[2023-09-09 18:43:12,068] {logging_mixin.py:115} INFO - [2023-09-09 18:43:12,068] {dag.py:2972} INFO - Setting next_dagrun for example_subdag_operator to 2022-01-01T00:00:00+00:00, run_after=2022-01-01T00:00:00+00:00
[2023-09-09 18:43:12,068] {logging_mixin.py:115} INFO - [2023-09-09 18:43:12,068] {dag.py:2972} INFO - Setting next_dagrun for example_subdag_operator.section-1 to None, run_after=None
[2023-09-09 18:43:12,069] {logging_mixin.py:115} INFO - [2023-09-09 18:43:12,069] {dag.py:2972} INFO - Setting next_dagrun for example_subdag_operator.section-2 to None, run_after=None
[2023-09-09 18:43:12,072] {logging_mixin.py:115} INFO - [2023-09-09 18:43:12,072] {dag.py:2420} INFO - Sync 2 DAGs
[2023-09-09 18:43:12,074] {logging_mixin.py:115} INFO - [2023-09-09 18:43:12,074] {dag.py:2972} INFO - Setting next_dagrun for example_subdag_operator.section-1 to None, run_after=None
[2023-09-09 18:43:12,075] {logging_mixin.py:115} INFO - [2023-09-09 18:43:12,075] {dag.py:2972} INFO - Setting next_dagrun for example_subdag_operator.section-2 to None, run_after=None
[2023-09-09 18:43:12,078] {processor.py:161} INFO - Processing /home/airflow/.local/lib/python3.7/site-packages/airflow/example_dags/example_subdag_operator.py took 0.053 seconds
[2023-09-09 18:43:42,383] {processor.py:153} INFO - Started process (PID=409) to work on /home/airflow/.local/lib/python3.7/site-packages/airflow/example_dags/example_subdag_operator.py
[2023-09-09 18:43:42,387] {processor.py:641} INFO - Processing file /home/airflow/.local/lib/python3.7/site-packages/airflow/example_dags/example_subdag_operator.py for tasks to queue
[2023-09-09 18:43:42,388] {logging_mixin.py:115} INFO - [2023-09-09 18:43:42,388] {dagbag.py:508} INFO - Filling up the DagBag from /home/airflow/.local/lib/python3.7/site-packages/airflow/example_dags/example_subdag_operator.py
[2023-09-09 18:43:42,403] {processor.py:651} INFO - DAG(s) dict_keys(['example_subdag_operator.section-1', 'example_subdag_operator.section-2', 'example_subdag_operator']) retrieved from /home/airflow/.local/lib/python3.7/site-packages/airflow/example_dags/example_subdag_operator.py
[2023-09-09 18:43:42,417] {logging_mixin.py:115} INFO - [2023-09-09 18:43:42,417] {dag.py:2420} INFO - Sync 3 DAGs
[2023-09-09 18:43:42,427] {logging_mixin.py:115} INFO - [2023-09-09 18:43:42,427] {dag.py:2972} INFO - Setting next_dagrun for example_subdag_operator to 2022-01-01T00:00:00+00:00, run_after=2022-01-01T00:00:00+00:00
[2023-09-09 18:43:42,427] {logging_mixin.py:115} INFO - [2023-09-09 18:43:42,427] {dag.py:2972} INFO - Setting next_dagrun for example_subdag_operator.section-1 to None, run_after=None
[2023-09-09 18:43:42,427] {logging_mixin.py:115} INFO - [2023-09-09 18:43:42,427] {dag.py:2972} INFO - Setting next_dagrun for example_subdag_operator.section-2 to None, run_after=None
[2023-09-09 18:43:42,430] {logging_mixin.py:115} INFO - [2023-09-09 18:43:42,430] {dag.py:2420} INFO - Sync 2 DAGs
[2023-09-09 18:43:42,433] {logging_mixin.py:115} INFO - [2023-09-09 18:43:42,433] {dag.py:2972} INFO - Setting next_dagrun for example_subdag_operator.section-1 to None, run_after=None
[2023-09-09 18:43:42,433] {logging_mixin.py:115} INFO - [2023-09-09 18:43:42,433] {dag.py:2972} INFO - Setting next_dagrun for example_subdag_operator.section-2 to None, run_after=None
[2023-09-09 18:43:42,436] {processor.py:161} INFO - Processing /home/airflow/.local/lib/python3.7/site-packages/airflow/example_dags/example_subdag_operator.py took 0.055 seconds
[2023-09-09 18:44:12,660] {processor.py:153} INFO - Started process (PID=471) to work on /home/airflow/.local/lib/python3.7/site-packages/airflow/example_dags/example_subdag_operator.py
[2023-09-09 18:44:12,661] {processor.py:641} INFO - Processing file /home/airflow/.local/lib/python3.7/site-packages/airflow/example_dags/example_subdag_operator.py for tasks to queue
[2023-09-09 18:44:12,661] {logging_mixin.py:115} INFO - [2023-09-09 18:44:12,661] {dagbag.py:508} INFO - Filling up the DagBag from /home/airflow/.local/lib/python3.7/site-packages/airflow/example_dags/example_subdag_operator.py
[2023-09-09 18:44:12,676] {processor.py:651} INFO - DAG(s) dict_keys(['example_subdag_operator.section-1', 'example_subdag_operator.section-2', 'example_subdag_operator']) retrieved from /home/airflow/.local/lib/python3.7/site-packages/airflow/example_dags/example_subdag_operator.py
[2023-09-09 18:44:12,691] {logging_mixin.py:115} INFO - [2023-09-09 18:44:12,691] {dag.py:2420} INFO - Sync 3 DAGs
[2023-09-09 18:44:12,700] {logging_mixin.py:115} INFO - [2023-09-09 18:44:12,700] {dag.py:2972} INFO - Setting next_dagrun for example_subdag_operator to 2022-01-01T00:00:00+00:00, run_after=2022-01-01T00:00:00+00:00
[2023-09-09 18:44:12,701] {logging_mixin.py:115} INFO - [2023-09-09 18:44:12,701] {dag.py:2972} INFO - Setting next_dagrun for example_subdag_operator.section-1 to None, run_after=None
[2023-09-09 18:44:12,701] {logging_mixin.py:115} INFO - [2023-09-09 18:44:12,701] {dag.py:2972} INFO - Setting next_dagrun for example_subdag_operator.section-2 to None, run_after=None
[2023-09-09 18:44:12,705] {logging_mixin.py:115} INFO - [2023-09-09 18:44:12,705] {dag.py:2420} INFO - Sync 2 DAGs
[2023-09-09 18:44:12,708] {logging_mixin.py:115} INFO - [2023-09-09 18:44:12,708] {dag.py:2972} INFO - Setting next_dagrun for example_subdag_operator.section-1 to None, run_after=None
[2023-09-09 18:44:12,708] {logging_mixin.py:115} INFO - [2023-09-09 18:44:12,708] {dag.py:2972} INFO - Setting next_dagrun for example_subdag_operator.section-2 to None, run_after=None
[2023-09-09 18:44:12,711] {processor.py:161} INFO - Processing /home/airflow/.local/lib/python3.7/site-packages/airflow/example_dags/example_subdag_operator.py took 0.053 seconds
[2023-09-09 18:44:42,938] {processor.py:153} INFO - Started process (PID=534) to work on /home/airflow/.local/lib/python3.7/site-packages/airflow/example_dags/example_subdag_operator.py
[2023-09-09 18:44:42,939] {processor.py:641} INFO - Processing file /home/airflow/.local/lib/python3.7/site-packages/airflow/example_dags/example_subdag_operator.py for tasks to queue
[2023-09-09 18:44:42,939] {logging_mixin.py:115} INFO - [2023-09-09 18:44:42,939] {dagbag.py:508} INFO - Filling up the DagBag from /home/airflow/.local/lib/python3.7/site-packages/airflow/example_dags/example_subdag_operator.py
[2023-09-09 18:44:42,955] {processor.py:651} INFO - DAG(s) dict_keys(['example_subdag_operator.section-1', 'example_subdag_operator.section-2', 'example_subdag_operator']) retrieved from /home/airflow/.local/lib/python3.7/site-packages/airflow/example_dags/example_subdag_operator.py
[2023-09-09 18:44:42,969] {logging_mixin.py:115} INFO - [2023-09-09 18:44:42,969] {dag.py:2420} INFO - Sync 3 DAGs
[2023-09-09 18:44:42,979] {logging_mixin.py:115} INFO - [2023-09-09 18:44:42,979] {dag.py:2972} INFO - Setting next_dagrun for example_subdag_operator to 2022-01-01T00:00:00+00:00, run_after=2022-01-01T00:00:00+00:00
[2023-09-09 18:44:42,980] {logging_mixin.py:115} INFO - [2023-09-09 18:44:42,980] {dag.py:2972} INFO - Setting next_dagrun for example_subdag_operator.section-1 to None, run_after=None
[2023-09-09 18:44:42,980] {logging_mixin.py:115} INFO - [2023-09-09 18:44:42,980] {dag.py:2972} INFO - Setting next_dagrun for example_subdag_operator.section-2 to None, run_after=None
[2023-09-09 18:44:42,984] {logging_mixin.py:115} INFO - [2023-09-09 18:44:42,984] {dag.py:2420} INFO - Sync 2 DAGs
[2023-09-09 18:44:42,986] {logging_mixin.py:115} INFO - [2023-09-09 18:44:42,986] {dag.py:2972} INFO - Setting next_dagrun for example_subdag_operator.section-1 to None, run_after=None
[2023-09-09 18:44:42,987] {logging_mixin.py:115} INFO - [2023-09-09 18:44:42,987] {dag.py:2972} INFO - Setting next_dagrun for example_subdag_operator.section-2 to None, run_after=None
[2023-09-09 18:44:42,990] {processor.py:161} INFO - Processing /home/airflow/.local/lib/python3.7/site-packages/airflow/example_dags/example_subdag_operator.py took 0.053 seconds
[2023-09-09 18:45:13,266] {processor.py:153} INFO - Started process (PID=597) to work on /home/airflow/.local/lib/python3.7/site-packages/airflow/example_dags/example_subdag_operator.py
[2023-09-09 18:45:13,267] {processor.py:641} INFO - Processing file /home/airflow/.local/lib/python3.7/site-packages/airflow/example_dags/example_subdag_operator.py for tasks to queue
[2023-09-09 18:45:13,268] {logging_mixin.py:115} INFO - [2023-09-09 18:45:13,268] {dagbag.py:508} INFO - Filling up the DagBag from /home/airflow/.local/lib/python3.7/site-packages/airflow/example_dags/example_subdag_operator.py
[2023-09-09 18:45:13,288] {processor.py:651} INFO - DAG(s) dict_keys(['example_subdag_operator.section-1', 'example_subdag_operator.section-2', 'example_subdag_operator']) retrieved from /home/airflow/.local/lib/python3.7/site-packages/airflow/example_dags/example_subdag_operator.py
[2023-09-09 18:45:13,307] {logging_mixin.py:115} INFO - [2023-09-09 18:45:13,307] {dag.py:2420} INFO - Sync 3 DAGs
[2023-09-09 18:45:13,321] {logging_mixin.py:115} INFO - [2023-09-09 18:45:13,321] {dag.py:2972} INFO - Setting next_dagrun for example_subdag_operator to 2022-01-01T00:00:00+00:00, run_after=2022-01-01T00:00:00+00:00
[2023-09-09 18:45:13,322] {logging_mixin.py:115} INFO - [2023-09-09 18:45:13,322] {dag.py:2972} INFO - Setting next_dagrun for example_subdag_operator.section-1 to None, run_after=None
[2023-09-09 18:45:13,324] {logging_mixin.py:115} INFO - [2023-09-09 18:45:13,323] {dag.py:2972} INFO - Setting next_dagrun for example_subdag_operator.section-2 to None, run_after=None
[2023-09-09 18:45:13,339] {logging_mixin.py:115} INFO - [2023-09-09 18:45:13,339] {dag.py:2420} INFO - Sync 2 DAGs
[2023-09-09 18:45:13,352] {logging_mixin.py:115} INFO - [2023-09-09 18:45:13,352] {dag.py:2972} INFO - Setting next_dagrun for example_subdag_operator.section-1 to None, run_after=None
[2023-09-09 18:45:13,353] {logging_mixin.py:115} INFO - [2023-09-09 18:45:13,353] {dag.py:2972} INFO - Setting next_dagrun for example_subdag_operator.section-2 to None, run_after=None
[2023-09-09 18:45:13,361] {processor.py:161} INFO - Processing /home/airflow/.local/lib/python3.7/site-packages/airflow/example_dags/example_subdag_operator.py took 0.111 seconds
[2023-09-09 18:45:43,766] {processor.py:153} INFO - Started process (PID=650) to work on /home/airflow/.local/lib/python3.7/site-packages/airflow/example_dags/example_subdag_operator.py
[2023-09-09 18:45:43,767] {processor.py:641} INFO - Processing file /home/airflow/.local/lib/python3.7/site-packages/airflow/example_dags/example_subdag_operator.py for tasks to queue
[2023-09-09 18:45:43,767] {logging_mixin.py:115} INFO - [2023-09-09 18:45:43,767] {dagbag.py:508} INFO - Filling up the DagBag from /home/airflow/.local/lib/python3.7/site-packages/airflow/example_dags/example_subdag_operator.py
[2023-09-09 18:45:43,781] {processor.py:651} INFO - DAG(s) dict_keys(['example_subdag_operator.section-1', 'example_subdag_operator.section-2', 'example_subdag_operator']) retrieved from /home/airflow/.local/lib/python3.7/site-packages/airflow/example_dags/example_subdag_operator.py
[2023-09-09 18:45:43,795] {logging_mixin.py:115} INFO - [2023-09-09 18:45:43,795] {dag.py:2420} INFO - Sync 3 DAGs
[2023-09-09 18:45:43,808] {logging_mixin.py:115} INFO - [2023-09-09 18:45:43,808] {dag.py:2972} INFO - Setting next_dagrun for example_subdag_operator to 2022-01-01T00:00:00+00:00, run_after=2022-01-01T00:00:00+00:00
[2023-09-09 18:45:43,808] {logging_mixin.py:115} INFO - [2023-09-09 18:45:43,808] {dag.py:2972} INFO - Setting next_dagrun for example_subdag_operator.section-1 to None, run_after=None
[2023-09-09 18:45:43,809] {logging_mixin.py:115} INFO - [2023-09-09 18:45:43,809] {dag.py:2972} INFO - Setting next_dagrun for example_subdag_operator.section-2 to None, run_after=None
[2023-09-09 18:45:43,812] {logging_mixin.py:115} INFO - [2023-09-09 18:45:43,812] {dag.py:2420} INFO - Sync 2 DAGs
[2023-09-09 18:45:43,815] {logging_mixin.py:115} INFO - [2023-09-09 18:45:43,815] {dag.py:2972} INFO - Setting next_dagrun for example_subdag_operator.section-1 to None, run_after=None
[2023-09-09 18:45:43,815] {logging_mixin.py:115} INFO - [2023-09-09 18:45:43,815] {dag.py:2972} INFO - Setting next_dagrun for example_subdag_operator.section-2 to None, run_after=None
[2023-09-09 18:45:43,818] {processor.py:161} INFO - Processing /home/airflow/.local/lib/python3.7/site-packages/airflow/example_dags/example_subdag_operator.py took 0.054 seconds
[2023-09-09 18:46:14,087] {processor.py:153} INFO - Started process (PID=711) to work on /home/airflow/.local/lib/python3.7/site-packages/airflow/example_dags/example_subdag_operator.py
[2023-09-09 18:46:14,088] {processor.py:641} INFO - Processing file /home/airflow/.local/lib/python3.7/site-packages/airflow/example_dags/example_subdag_operator.py for tasks to queue
[2023-09-09 18:46:14,089] {logging_mixin.py:115} INFO - [2023-09-09 18:46:14,089] {dagbag.py:508} INFO - Filling up the DagBag from /home/airflow/.local/lib/python3.7/site-packages/airflow/example_dags/example_subdag_operator.py
[2023-09-09 18:46:14,105] {processor.py:651} INFO - DAG(s) dict_keys(['example_subdag_operator.section-1', 'example_subdag_operator.section-2', 'example_subdag_operator']) retrieved from /home/airflow/.local/lib/python3.7/site-packages/airflow/example_dags/example_subdag_operator.py
[2023-09-09 18:46:14,122] {logging_mixin.py:115} INFO - [2023-09-09 18:46:14,122] {dag.py:2420} INFO - Sync 3 DAGs
[2023-09-09 18:46:14,132] {logging_mixin.py:115} INFO - [2023-09-09 18:46:14,132] {dag.py:2972} INFO - Setting next_dagrun for example_subdag_operator to 2022-01-01T00:00:00+00:00, run_after=2022-01-01T00:00:00+00:00
[2023-09-09 18:46:14,132] {logging_mixin.py:115} INFO - [2023-09-09 18:46:14,132] {dag.py:2972} INFO - Setting next_dagrun for example_subdag_operator.section-1 to None, run_after=None
[2023-09-09 18:46:14,132] {logging_mixin.py:115} INFO - [2023-09-09 18:46:14,132] {dag.py:2972} INFO - Setting next_dagrun for example_subdag_operator.section-2 to None, run_after=None
[2023-09-09 18:46:14,135] {logging_mixin.py:115} INFO - [2023-09-09 18:46:14,135] {dag.py:2420} INFO - Sync 2 DAGs
[2023-09-09 18:46:14,138] {logging_mixin.py:115} INFO - [2023-09-09 18:46:14,138] {dag.py:2972} INFO - Setting next_dagrun for example_subdag_operator.section-1 to None, run_after=None
[2023-09-09 18:46:14,138] {logging_mixin.py:115} INFO - [2023-09-09 18:46:14,138] {dag.py:2972} INFO - Setting next_dagrun for example_subdag_operator.section-2 to None, run_after=None
[2023-09-09 18:46:14,141] {processor.py:161} INFO - Processing /home/airflow/.local/lib/python3.7/site-packages/airflow/example_dags/example_subdag_operator.py took 0.056 seconds
[2023-09-09 18:46:44,305] {processor.py:153} INFO - Started process (PID=774) to work on /home/airflow/.local/lib/python3.7/site-packages/airflow/example_dags/example_subdag_operator.py
[2023-09-09 18:46:44,306] {processor.py:641} INFO - Processing file /home/airflow/.local/lib/python3.7/site-packages/airflow/example_dags/example_subdag_operator.py for tasks to queue
[2023-09-09 18:46:44,306] {logging_mixin.py:115} INFO - [2023-09-09 18:46:44,306] {dagbag.py:508} INFO - Filling up the DagBag from /home/airflow/.local/lib/python3.7/site-packages/airflow/example_dags/example_subdag_operator.py
[2023-09-09 18:46:44,320] {processor.py:651} INFO - DAG(s) dict_keys(['example_subdag_operator.section-1', 'example_subdag_operator.section-2', 'example_subdag_operator']) retrieved from /home/airflow/.local/lib/python3.7/site-packages/airflow/example_dags/example_subdag_operator.py
[2023-09-09 18:46:44,333] {logging_mixin.py:115} INFO - [2023-09-09 18:46:44,333] {dag.py:2420} INFO - Sync 3 DAGs
[2023-09-09 18:46:44,343] {logging_mixin.py:115} INFO - [2023-09-09 18:46:44,343] {dag.py:2972} INFO - Setting next_dagrun for example_subdag_operator to 2022-01-01T00:00:00+00:00, run_after=2022-01-01T00:00:00+00:00
[2023-09-09 18:46:44,343] {logging_mixin.py:115} INFO - [2023-09-09 18:46:44,343] {dag.py:2972} INFO - Setting next_dagrun for example_subdag_operator.section-1 to None, run_after=None
[2023-09-09 18:46:44,343] {logging_mixin.py:115} INFO - [2023-09-09 18:46:44,343] {dag.py:2972} INFO - Setting next_dagrun for example_subdag_operator.section-2 to None, run_after=None
[2023-09-09 18:46:44,346] {logging_mixin.py:115} INFO - [2023-09-09 18:46:44,346] {dag.py:2420} INFO - Sync 2 DAGs
[2023-09-09 18:46:44,349] {logging_mixin.py:115} INFO - [2023-09-09 18:46:44,349] {dag.py:2972} INFO - Setting next_dagrun for example_subdag_operator.section-1 to None, run_after=None
[2023-09-09 18:46:44,349] {logging_mixin.py:115} INFO - [2023-09-09 18:46:44,349] {dag.py:2972} INFO - Setting next_dagrun for example_subdag_operator.section-2 to None, run_after=None
[2023-09-09 18:46:44,352] {processor.py:161} INFO - Processing /home/airflow/.local/lib/python3.7/site-packages/airflow/example_dags/example_subdag_operator.py took 0.049 seconds
[2023-09-09 18:47:14,569] {processor.py:153} INFO - Started process (PID=837) to work on /home/airflow/.local/lib/python3.7/site-packages/airflow/example_dags/example_subdag_operator.py
[2023-09-09 18:47:14,570] {processor.py:641} INFO - Processing file /home/airflow/.local/lib/python3.7/site-packages/airflow/example_dags/example_subdag_operator.py for tasks to queue
[2023-09-09 18:47:14,570] {logging_mixin.py:115} INFO - [2023-09-09 18:47:14,570] {dagbag.py:508} INFO - Filling up the DagBag from /home/airflow/.local/lib/python3.7/site-packages/airflow/example_dags/example_subdag_operator.py
[2023-09-09 18:47:14,586] {processor.py:651} INFO - DAG(s) dict_keys(['example_subdag_operator.section-1', 'example_subdag_operator.section-2', 'example_subdag_operator']) retrieved from /home/airflow/.local/lib/python3.7/site-packages/airflow/example_dags/example_subdag_operator.py
[2023-09-09 18:47:14,600] {logging_mixin.py:115} INFO - [2023-09-09 18:47:14,600] {dag.py:2420} INFO - Sync 3 DAGs
[2023-09-09 18:47:14,610] {logging_mixin.py:115} INFO - [2023-09-09 18:47:14,610] {dag.py:2972} INFO - Setting next_dagrun for example_subdag_operator to 2022-01-01T00:00:00+00:00, run_after=2022-01-01T00:00:00+00:00
[2023-09-09 18:47:14,610] {logging_mixin.py:115} INFO - [2023-09-09 18:47:14,610] {dag.py:2972} INFO - Setting next_dagrun for example_subdag_operator.section-1 to None, run_after=None
[2023-09-09 18:47:14,611] {logging_mixin.py:115} INFO - [2023-09-09 18:47:14,611] {dag.py:2972} INFO - Setting next_dagrun for example_subdag_operator.section-2 to None, run_after=None
[2023-09-09 18:47:14,614] {logging_mixin.py:115} INFO - [2023-09-09 18:47:14,614] {dag.py:2420} INFO - Sync 2 DAGs
[2023-09-09 18:47:14,616] {logging_mixin.py:115} INFO - [2023-09-09 18:47:14,616] {dag.py:2972} INFO - Setting next_dagrun for example_subdag_operator.section-1 to None, run_after=None
[2023-09-09 18:47:14,617] {logging_mixin.py:115} INFO - [2023-09-09 18:47:14,617] {dag.py:2972} INFO - Setting next_dagrun for example_subdag_operator.section-2 to None, run_after=None
[2023-09-09 18:47:14,620] {processor.py:161} INFO - Processing /home/airflow/.local/lib/python3.7/site-packages/airflow/example_dags/example_subdag_operator.py took 0.053 seconds
[2023-09-09 18:47:44,858] {processor.py:153} INFO - Started process (PID=900) to work on /home/airflow/.local/lib/python3.7/site-packages/airflow/example_dags/example_subdag_operator.py
[2023-09-09 18:47:44,859] {processor.py:641} INFO - Processing file /home/airflow/.local/lib/python3.7/site-packages/airflow/example_dags/example_subdag_operator.py for tasks to queue
[2023-09-09 18:47:44,859] {logging_mixin.py:115} INFO - [2023-09-09 18:47:44,859] {dagbag.py:508} INFO - Filling up the DagBag from /home/airflow/.local/lib/python3.7/site-packages/airflow/example_dags/example_subdag_operator.py
[2023-09-09 18:47:44,873] {processor.py:651} INFO - DAG(s) dict_keys(['example_subdag_operator.section-1', 'example_subdag_operator.section-2', 'example_subdag_operator']) retrieved from /home/airflow/.local/lib/python3.7/site-packages/airflow/example_dags/example_subdag_operator.py
[2023-09-09 18:47:44,886] {logging_mixin.py:115} INFO - [2023-09-09 18:47:44,886] {dag.py:2420} INFO - Sync 3 DAGs
[2023-09-09 18:47:44,895] {logging_mixin.py:115} INFO - [2023-09-09 18:47:44,895] {dag.py:2972} INFO - Setting next_dagrun for example_subdag_operator to 2022-01-01T00:00:00+00:00, run_after=2022-01-01T00:00:00+00:00
[2023-09-09 18:47:44,895] {logging_mixin.py:115} INFO - [2023-09-09 18:47:44,895] {dag.py:2972} INFO - Setting next_dagrun for example_subdag_operator.section-1 to None, run_after=None
[2023-09-09 18:47:44,896] {logging_mixin.py:115} INFO - [2023-09-09 18:47:44,896] {dag.py:2972} INFO - Setting next_dagrun for example_subdag_operator.section-2 to None, run_after=None
[2023-09-09 18:47:44,899] {logging_mixin.py:115} INFO - [2023-09-09 18:47:44,899] {dag.py:2420} INFO - Sync 2 DAGs
[2023-09-09 18:47:44,901] {logging_mixin.py:115} INFO - [2023-09-09 18:47:44,901] {dag.py:2972} INFO - Setting next_dagrun for example_subdag_operator.section-1 to None, run_after=None
[2023-09-09 18:47:44,902] {logging_mixin.py:115} INFO - [2023-09-09 18:47:44,902] {dag.py:2972} INFO - Setting next_dagrun for example_subdag_operator.section-2 to None, run_after=None
[2023-09-09 18:47:44,905] {processor.py:161} INFO - Processing /home/airflow/.local/lib/python3.7/site-packages/airflow/example_dags/example_subdag_operator.py took 0.048 seconds
[2023-09-09 18:48:14,984] {processor.py:153} INFO - Started process (PID=953) to work on /home/airflow/.local/lib/python3.7/site-packages/airflow/example_dags/example_subdag_operator.py
[2023-09-09 18:48:14,985] {processor.py:641} INFO - Processing file /home/airflow/.local/lib/python3.7/site-packages/airflow/example_dags/example_subdag_operator.py for tasks to queue
[2023-09-09 18:48:14,985] {logging_mixin.py:115} INFO - [2023-09-09 18:48:14,985] {dagbag.py:508} INFO - Filling up the DagBag from /home/airflow/.local/lib/python3.7/site-packages/airflow/example_dags/example_subdag_operator.py
[2023-09-09 18:48:15,000] {processor.py:651} INFO - DAG(s) dict_keys(['example_subdag_operator.section-1', 'example_subdag_operator.section-2', 'example_subdag_operator']) retrieved from /home/airflow/.local/lib/python3.7/site-packages/airflow/example_dags/example_subdag_operator.py
[2023-09-09 18:48:15,014] {logging_mixin.py:115} INFO - [2023-09-09 18:48:15,014] {dag.py:2420} INFO - Sync 3 DAGs
[2023-09-09 18:48:15,025] {logging_mixin.py:115} INFO - [2023-09-09 18:48:15,024] {dag.py:2972} INFO - Setting next_dagrun for example_subdag_operator to 2022-01-01T00:00:00+00:00, run_after=2022-01-01T00:00:00+00:00
[2023-09-09 18:48:15,025] {logging_mixin.py:115} INFO - [2023-09-09 18:48:15,025] {dag.py:2972} INFO - Setting next_dagrun for example_subdag_operator.section-1 to None, run_after=None
[2023-09-09 18:48:15,025] {logging_mixin.py:115} INFO - [2023-09-09 18:48:15,025] {dag.py:2972} INFO - Setting next_dagrun for example_subdag_operator.section-2 to None, run_after=None
[2023-09-09 18:48:15,028] {logging_mixin.py:115} INFO - [2023-09-09 18:48:15,028] {dag.py:2420} INFO - Sync 2 DAGs
[2023-09-09 18:48:15,031] {logging_mixin.py:115} INFO - [2023-09-09 18:48:15,031] {dag.py:2972} INFO - Setting next_dagrun for example_subdag_operator.section-1 to None, run_after=None
[2023-09-09 18:48:15,032] {logging_mixin.py:115} INFO - [2023-09-09 18:48:15,032] {dag.py:2972} INFO - Setting next_dagrun for example_subdag_operator.section-2 to None, run_after=None
[2023-09-09 18:48:15,038] {processor.py:161} INFO - Processing /home/airflow/.local/lib/python3.7/site-packages/airflow/example_dags/example_subdag_operator.py took 0.055 seconds
[2023-09-09 18:48:45,201] {processor.py:153} INFO - Started process (PID=1014) to work on /home/airflow/.local/lib/python3.7/site-packages/airflow/example_dags/example_subdag_operator.py
[2023-09-09 18:48:45,202] {processor.py:641} INFO - Processing file /home/airflow/.local/lib/python3.7/site-packages/airflow/example_dags/example_subdag_operator.py for tasks to queue
[2023-09-09 18:48:45,202] {logging_mixin.py:115} INFO - [2023-09-09 18:48:45,202] {dagbag.py:508} INFO - Filling up the DagBag from /home/airflow/.local/lib/python3.7/site-packages/airflow/example_dags/example_subdag_operator.py
[2023-09-09 18:48:45,216] {processor.py:651} INFO - DAG(s) dict_keys(['example_subdag_operator.section-1', 'example_subdag_operator.section-2', 'example_subdag_operator']) retrieved from /home/airflow/.local/lib/python3.7/site-packages/airflow/example_dags/example_subdag_operator.py
[2023-09-09 18:48:45,230] {logging_mixin.py:115} INFO - [2023-09-09 18:48:45,230] {dag.py:2420} INFO - Sync 3 DAGs
[2023-09-09 18:48:45,239] {logging_mixin.py:115} INFO - [2023-09-09 18:48:45,239] {dag.py:2972} INFO - Setting next_dagrun for example_subdag_operator to 2022-01-01T00:00:00+00:00, run_after=2022-01-01T00:00:00+00:00
[2023-09-09 18:48:45,239] {logging_mixin.py:115} INFO - [2023-09-09 18:48:45,239] {dag.py:2972} INFO - Setting next_dagrun for example_subdag_operator.section-1 to None, run_after=None
[2023-09-09 18:48:45,240] {logging_mixin.py:115} INFO - [2023-09-09 18:48:45,240] {dag.py:2972} INFO - Setting next_dagrun for example_subdag_operator.section-2 to None, run_after=None
[2023-09-09 18:48:45,242] {logging_mixin.py:115} INFO - [2023-09-09 18:48:45,242] {dag.py:2420} INFO - Sync 2 DAGs
[2023-09-09 18:48:45,245] {logging_mixin.py:115} INFO - [2023-09-09 18:48:45,245] {dag.py:2972} INFO - Setting next_dagrun for example_subdag_operator.section-1 to None, run_after=None
[2023-09-09 18:48:45,245] {logging_mixin.py:115} INFO - [2023-09-09 18:48:45,245] {dag.py:2972} INFO - Setting next_dagrun for example_subdag_operator.section-2 to None, run_after=None
[2023-09-09 18:48:45,248] {processor.py:161} INFO - Processing /home/airflow/.local/lib/python3.7/site-packages/airflow/example_dags/example_subdag_operator.py took 0.049 seconds
[2023-09-09 18:57:33,317] {processor.py:153} INFO - Started process (PID=39) to work on /home/airflow/.local/lib/python3.7/site-packages/airflow/example_dags/example_subdag_operator.py
[2023-09-09 18:57:33,318] {processor.py:641} INFO - Processing file /home/airflow/.local/lib/python3.7/site-packages/airflow/example_dags/example_subdag_operator.py for tasks to queue
[2023-09-09 18:57:33,319] {logging_mixin.py:115} INFO - [2023-09-09 18:57:33,319] {dagbag.py:508} INFO - Filling up the DagBag from /home/airflow/.local/lib/python3.7/site-packages/airflow/example_dags/example_subdag_operator.py
[2023-09-09 18:57:33,334] {processor.py:651} INFO - DAG(s) dict_keys(['example_subdag_operator.section-1', 'example_subdag_operator.section-2', 'example_subdag_operator']) retrieved from /home/airflow/.local/lib/python3.7/site-packages/airflow/example_dags/example_subdag_operator.py
[2023-09-09 18:57:33,352] {logging_mixin.py:115} INFO - [2023-09-09 18:57:33,352] {dag.py:2420} INFO - Sync 3 DAGs
[2023-09-09 18:57:33,365] {logging_mixin.py:115} INFO - [2023-09-09 18:57:33,365] {dag.py:2972} INFO - Setting next_dagrun for example_subdag_operator to 2022-01-01T00:00:00+00:00, run_after=2022-01-01T00:00:00+00:00
[2023-09-09 18:57:33,366] {logging_mixin.py:115} INFO - [2023-09-09 18:57:33,366] {dag.py:2972} INFO - Setting next_dagrun for example_subdag_operator.section-1 to None, run_after=None
[2023-09-09 18:57:33,366] {logging_mixin.py:115} INFO - [2023-09-09 18:57:33,366] {dag.py:2972} INFO - Setting next_dagrun for example_subdag_operator.section-2 to None, run_after=None
[2023-09-09 18:57:33,371] {logging_mixin.py:115} INFO - [2023-09-09 18:57:33,371] {dag.py:2420} INFO - Sync 2 DAGs
[2023-09-09 18:57:33,374] {logging_mixin.py:115} INFO - [2023-09-09 18:57:33,374] {dag.py:2972} INFO - Setting next_dagrun for example_subdag_operator.section-1 to None, run_after=None
[2023-09-09 18:57:33,375] {logging_mixin.py:115} INFO - [2023-09-09 18:57:33,375] {dag.py:2972} INFO - Setting next_dagrun for example_subdag_operator.section-2 to None, run_after=None
[2023-09-09 18:57:33,379] {processor.py:161} INFO - Processing /home/airflow/.local/lib/python3.7/site-packages/airflow/example_dags/example_subdag_operator.py took 0.064 seconds
[2023-09-09 18:58:04,053] {processor.py:153} INFO - Started process (PID=102) to work on /home/airflow/.local/lib/python3.7/site-packages/airflow/example_dags/example_subdag_operator.py
[2023-09-09 18:58:04,054] {processor.py:641} INFO - Processing file /home/airflow/.local/lib/python3.7/site-packages/airflow/example_dags/example_subdag_operator.py for tasks to queue
[2023-09-09 18:58:04,055] {logging_mixin.py:115} INFO - [2023-09-09 18:58:04,055] {dagbag.py:508} INFO - Filling up the DagBag from /home/airflow/.local/lib/python3.7/site-packages/airflow/example_dags/example_subdag_operator.py
[2023-09-09 18:58:04,069] {processor.py:651} INFO - DAG(s) dict_keys(['example_subdag_operator.section-1', 'example_subdag_operator.section-2', 'example_subdag_operator']) retrieved from /home/airflow/.local/lib/python3.7/site-packages/airflow/example_dags/example_subdag_operator.py
[2023-09-09 18:58:04,085] {logging_mixin.py:115} INFO - [2023-09-09 18:58:04,085] {dag.py:2420} INFO - Sync 3 DAGs
[2023-09-09 18:58:04,094] {logging_mixin.py:115} INFO - [2023-09-09 18:58:04,094] {dag.py:2972} INFO - Setting next_dagrun for example_subdag_operator to 2022-01-01T00:00:00+00:00, run_after=2022-01-01T00:00:00+00:00
[2023-09-09 18:58:04,095] {logging_mixin.py:115} INFO - [2023-09-09 18:58:04,095] {dag.py:2972} INFO - Setting next_dagrun for example_subdag_operator.section-1 to None, run_after=None
[2023-09-09 18:58:04,095] {logging_mixin.py:115} INFO - [2023-09-09 18:58:04,095] {dag.py:2972} INFO - Setting next_dagrun for example_subdag_operator.section-2 to None, run_after=None
[2023-09-09 18:58:04,098] {logging_mixin.py:115} INFO - [2023-09-09 18:58:04,098] {dag.py:2420} INFO - Sync 2 DAGs
[2023-09-09 18:58:04,101] {logging_mixin.py:115} INFO - [2023-09-09 18:58:04,101] {dag.py:2972} INFO - Setting next_dagrun for example_subdag_operator.section-1 to None, run_after=None
[2023-09-09 18:58:04,101] {logging_mixin.py:115} INFO - [2023-09-09 18:58:04,101] {dag.py:2972} INFO - Setting next_dagrun for example_subdag_operator.section-2 to None, run_after=None
[2023-09-09 18:58:04,104] {processor.py:161} INFO - Processing /home/airflow/.local/lib/python3.7/site-packages/airflow/example_dags/example_subdag_operator.py took 0.053 seconds
[2023-09-09 18:58:34,430] {processor.py:153} INFO - Started process (PID=165) to work on /home/airflow/.local/lib/python3.7/site-packages/airflow/example_dags/example_subdag_operator.py
[2023-09-09 18:58:34,430] {processor.py:641} INFO - Processing file /home/airflow/.local/lib/python3.7/site-packages/airflow/example_dags/example_subdag_operator.py for tasks to queue
[2023-09-09 18:58:34,431] {logging_mixin.py:115} INFO - [2023-09-09 18:58:34,431] {dagbag.py:508} INFO - Filling up the DagBag from /home/airflow/.local/lib/python3.7/site-packages/airflow/example_dags/example_subdag_operator.py
[2023-09-09 18:58:34,446] {processor.py:651} INFO - DAG(s) dict_keys(['example_subdag_operator.section-1', 'example_subdag_operator.section-2', 'example_subdag_operator']) retrieved from /home/airflow/.local/lib/python3.7/site-packages/airflow/example_dags/example_subdag_operator.py
[2023-09-09 18:58:34,461] {logging_mixin.py:115} INFO - [2023-09-09 18:58:34,461] {dag.py:2420} INFO - Sync 3 DAGs
[2023-09-09 18:58:34,471] {logging_mixin.py:115} INFO - [2023-09-09 18:58:34,471] {dag.py:2972} INFO - Setting next_dagrun for example_subdag_operator to 2022-01-01T00:00:00+00:00, run_after=2022-01-01T00:00:00+00:00
[2023-09-09 18:58:34,472] {logging_mixin.py:115} INFO - [2023-09-09 18:58:34,472] {dag.py:2972} INFO - Setting next_dagrun for example_subdag_operator.section-1 to None, run_after=None
[2023-09-09 18:58:34,472] {logging_mixin.py:115} INFO - [2023-09-09 18:58:34,472] {dag.py:2972} INFO - Setting next_dagrun for example_subdag_operator.section-2 to None, run_after=None
[2023-09-09 18:58:34,475] {logging_mixin.py:115} INFO - [2023-09-09 18:58:34,475] {dag.py:2420} INFO - Sync 2 DAGs
[2023-09-09 18:58:34,479] {logging_mixin.py:115} INFO - [2023-09-09 18:58:34,479] {dag.py:2972} INFO - Setting next_dagrun for example_subdag_operator.section-1 to None, run_after=None
[2023-09-09 18:58:34,480] {logging_mixin.py:115} INFO - [2023-09-09 18:58:34,480] {dag.py:2972} INFO - Setting next_dagrun for example_subdag_operator.section-2 to None, run_after=None
[2023-09-09 18:58:34,483] {processor.py:161} INFO - Processing /home/airflow/.local/lib/python3.7/site-packages/airflow/example_dags/example_subdag_operator.py took 0.055 seconds
[2023-09-09 18:59:04,687] {processor.py:153} INFO - Started process (PID=227) to work on /home/airflow/.local/lib/python3.7/site-packages/airflow/example_dags/example_subdag_operator.py
[2023-09-09 18:59:04,688] {processor.py:641} INFO - Processing file /home/airflow/.local/lib/python3.7/site-packages/airflow/example_dags/example_subdag_operator.py for tasks to queue
[2023-09-09 18:59:04,689] {logging_mixin.py:115} INFO - [2023-09-09 18:59:04,689] {dagbag.py:508} INFO - Filling up the DagBag from /home/airflow/.local/lib/python3.7/site-packages/airflow/example_dags/example_subdag_operator.py
[2023-09-09 18:59:04,705] {processor.py:651} INFO - DAG(s) dict_keys(['example_subdag_operator.section-1', 'example_subdag_operator.section-2', 'example_subdag_operator']) retrieved from /home/airflow/.local/lib/python3.7/site-packages/airflow/example_dags/example_subdag_operator.py
[2023-09-09 18:59:04,720] {logging_mixin.py:115} INFO - [2023-09-09 18:59:04,720] {dag.py:2420} INFO - Sync 3 DAGs
[2023-09-09 18:59:04,731] {logging_mixin.py:115} INFO - [2023-09-09 18:59:04,730] {dag.py:2972} INFO - Setting next_dagrun for example_subdag_operator to 2022-01-01T00:00:00+00:00, run_after=2022-01-01T00:00:00+00:00
[2023-09-09 18:59:04,731] {logging_mixin.py:115} INFO - [2023-09-09 18:59:04,731] {dag.py:2972} INFO - Setting next_dagrun for example_subdag_operator.section-1 to None, run_after=None
[2023-09-09 18:59:04,732] {logging_mixin.py:115} INFO - [2023-09-09 18:59:04,731] {dag.py:2972} INFO - Setting next_dagrun for example_subdag_operator.section-2 to None, run_after=None
[2023-09-09 18:59:04,735] {logging_mixin.py:115} INFO - [2023-09-09 18:59:04,735] {dag.py:2420} INFO - Sync 2 DAGs
[2023-09-09 18:59:04,738] {logging_mixin.py:115} INFO - [2023-09-09 18:59:04,738] {dag.py:2972} INFO - Setting next_dagrun for example_subdag_operator.section-1 to None, run_after=None
[2023-09-09 18:59:04,738] {logging_mixin.py:115} INFO - [2023-09-09 18:59:04,738] {dag.py:2972} INFO - Setting next_dagrun for example_subdag_operator.section-2 to None, run_after=None
[2023-09-09 18:59:04,742] {processor.py:161} INFO - Processing /home/airflow/.local/lib/python3.7/site-packages/airflow/example_dags/example_subdag_operator.py took 0.057 seconds
[2023-09-09 18:59:35,065] {processor.py:153} INFO - Started process (PID=281) to work on /home/airflow/.local/lib/python3.7/site-packages/airflow/example_dags/example_subdag_operator.py
[2023-09-09 18:59:35,066] {processor.py:641} INFO - Processing file /home/airflow/.local/lib/python3.7/site-packages/airflow/example_dags/example_subdag_operator.py for tasks to queue
[2023-09-09 18:59:35,068] {logging_mixin.py:115} INFO - [2023-09-09 18:59:35,067] {dagbag.py:508} INFO - Filling up the DagBag from /home/airflow/.local/lib/python3.7/site-packages/airflow/example_dags/example_subdag_operator.py
[2023-09-09 18:59:35,085] {processor.py:651} INFO - DAG(s) dict_keys(['example_subdag_operator.section-1', 'example_subdag_operator.section-2', 'example_subdag_operator']) retrieved from /home/airflow/.local/lib/python3.7/site-packages/airflow/example_dags/example_subdag_operator.py
[2023-09-09 18:59:35,103] {logging_mixin.py:115} INFO - [2023-09-09 18:59:35,103] {dag.py:2420} INFO - Sync 3 DAGs
[2023-09-09 18:59:35,113] {logging_mixin.py:115} INFO - [2023-09-09 18:59:35,113] {dag.py:2972} INFO - Setting next_dagrun for example_subdag_operator to 2022-01-01T00:00:00+00:00, run_after=2022-01-01T00:00:00+00:00
[2023-09-09 18:59:35,114] {logging_mixin.py:115} INFO - [2023-09-09 18:59:35,114] {dag.py:2972} INFO - Setting next_dagrun for example_subdag_operator.section-1 to None, run_after=None
[2023-09-09 18:59:35,114] {logging_mixin.py:115} INFO - [2023-09-09 18:59:35,114] {dag.py:2972} INFO - Setting next_dagrun for example_subdag_operator.section-2 to None, run_after=None
[2023-09-09 18:59:35,117] {logging_mixin.py:115} INFO - [2023-09-09 18:59:35,117] {dag.py:2420} INFO - Sync 2 DAGs
[2023-09-09 18:59:35,119] {logging_mixin.py:115} INFO - [2023-09-09 18:59:35,119] {dag.py:2972} INFO - Setting next_dagrun for example_subdag_operator.section-1 to None, run_after=None
[2023-09-09 18:59:35,120] {logging_mixin.py:115} INFO - [2023-09-09 18:59:35,120] {dag.py:2972} INFO - Setting next_dagrun for example_subdag_operator.section-2 to None, run_after=None
[2023-09-09 18:59:35,123] {processor.py:161} INFO - Processing /home/airflow/.local/lib/python3.7/site-packages/airflow/example_dags/example_subdag_operator.py took 0.059 seconds
[2023-09-09 19:00:05,394] {processor.py:153} INFO - Started process (PID=344) to work on /home/airflow/.local/lib/python3.7/site-packages/airflow/example_dags/example_subdag_operator.py
[2023-09-09 19:00:05,394] {processor.py:641} INFO - Processing file /home/airflow/.local/lib/python3.7/site-packages/airflow/example_dags/example_subdag_operator.py for tasks to queue
[2023-09-09 19:00:05,395] {logging_mixin.py:115} INFO - [2023-09-09 19:00:05,395] {dagbag.py:508} INFO - Filling up the DagBag from /home/airflow/.local/lib/python3.7/site-packages/airflow/example_dags/example_subdag_operator.py
[2023-09-09 19:00:05,409] {processor.py:651} INFO - DAG(s) dict_keys(['example_subdag_operator.section-1', 'example_subdag_operator.section-2', 'example_subdag_operator']) retrieved from /home/airflow/.local/lib/python3.7/site-packages/airflow/example_dags/example_subdag_operator.py
[2023-09-09 19:00:05,423] {logging_mixin.py:115} INFO - [2023-09-09 19:00:05,423] {dag.py:2420} INFO - Sync 3 DAGs
[2023-09-09 19:00:05,434] {logging_mixin.py:115} INFO - [2023-09-09 19:00:05,434] {dag.py:2972} INFO - Setting next_dagrun for example_subdag_operator to 2022-01-01T00:00:00+00:00, run_after=2022-01-01T00:00:00+00:00
[2023-09-09 19:00:05,434] {logging_mixin.py:115} INFO - [2023-09-09 19:00:05,434] {dag.py:2972} INFO - Setting next_dagrun for example_subdag_operator.section-1 to None, run_after=None
[2023-09-09 19:00:05,434] {logging_mixin.py:115} INFO - [2023-09-09 19:00:05,434] {dag.py:2972} INFO - Setting next_dagrun for example_subdag_operator.section-2 to None, run_after=None
[2023-09-09 19:00:05,437] {logging_mixin.py:115} INFO - [2023-09-09 19:00:05,437] {dag.py:2420} INFO - Sync 2 DAGs
[2023-09-09 19:00:05,439] {logging_mixin.py:115} INFO - [2023-09-09 19:00:05,439] {dag.py:2972} INFO - Setting next_dagrun for example_subdag_operator.section-1 to None, run_after=None
[2023-09-09 19:00:05,440] {logging_mixin.py:115} INFO - [2023-09-09 19:00:05,440] {dag.py:2972} INFO - Setting next_dagrun for example_subdag_operator.section-2 to None, run_after=None
[2023-09-09 19:00:05,443] {processor.py:161} INFO - Processing /home/airflow/.local/lib/python3.7/site-packages/airflow/example_dags/example_subdag_operator.py took 0.051 seconds
[2023-09-09 19:00:35,755] {processor.py:153} INFO - Started process (PID=408) to work on /home/airflow/.local/lib/python3.7/site-packages/airflow/example_dags/example_subdag_operator.py
[2023-09-09 19:00:35,756] {processor.py:641} INFO - Processing file /home/airflow/.local/lib/python3.7/site-packages/airflow/example_dags/example_subdag_operator.py for tasks to queue
[2023-09-09 19:00:35,756] {logging_mixin.py:115} INFO - [2023-09-09 19:00:35,756] {dagbag.py:508} INFO - Filling up the DagBag from /home/airflow/.local/lib/python3.7/site-packages/airflow/example_dags/example_subdag_operator.py
[2023-09-09 19:00:35,771] {processor.py:651} INFO - DAG(s) dict_keys(['example_subdag_operator.section-1', 'example_subdag_operator.section-2', 'example_subdag_operator']) retrieved from /home/airflow/.local/lib/python3.7/site-packages/airflow/example_dags/example_subdag_operator.py
[2023-09-09 19:00:35,788] {logging_mixin.py:115} INFO - [2023-09-09 19:00:35,788] {dag.py:2420} INFO - Sync 3 DAGs
[2023-09-09 19:00:35,798] {logging_mixin.py:115} INFO - [2023-09-09 19:00:35,798] {dag.py:2972} INFO - Setting next_dagrun for example_subdag_operator to 2022-01-01T00:00:00+00:00, run_after=2022-01-01T00:00:00+00:00
[2023-09-09 19:00:35,799] {logging_mixin.py:115} INFO - [2023-09-09 19:00:35,799] {dag.py:2972} INFO - Setting next_dagrun for example_subdag_operator.section-1 to None, run_after=None
[2023-09-09 19:00:35,799] {logging_mixin.py:115} INFO - [2023-09-09 19:00:35,799] {dag.py:2972} INFO - Setting next_dagrun for example_subdag_operator.section-2 to None, run_after=None
[2023-09-09 19:00:35,802] {logging_mixin.py:115} INFO - [2023-09-09 19:00:35,802] {dag.py:2420} INFO - Sync 2 DAGs
[2023-09-09 19:00:35,805] {logging_mixin.py:115} INFO - [2023-09-09 19:00:35,805] {dag.py:2972} INFO - Setting next_dagrun for example_subdag_operator.section-1 to None, run_after=None
[2023-09-09 19:00:35,805] {logging_mixin.py:115} INFO - [2023-09-09 19:00:35,805] {dag.py:2972} INFO - Setting next_dagrun for example_subdag_operator.section-2 to None, run_after=None
[2023-09-09 19:00:35,808] {processor.py:161} INFO - Processing /home/airflow/.local/lib/python3.7/site-packages/airflow/example_dags/example_subdag_operator.py took 0.056 seconds
[2023-09-09 19:01:05,945] {processor.py:153} INFO - Started process (PID=471) to work on /home/airflow/.local/lib/python3.7/site-packages/airflow/example_dags/example_subdag_operator.py
[2023-09-09 19:01:05,946] {processor.py:641} INFO - Processing file /home/airflow/.local/lib/python3.7/site-packages/airflow/example_dags/example_subdag_operator.py for tasks to queue
[2023-09-09 19:01:05,946] {logging_mixin.py:115} INFO - [2023-09-09 19:01:05,946] {dagbag.py:508} INFO - Filling up the DagBag from /home/airflow/.local/lib/python3.7/site-packages/airflow/example_dags/example_subdag_operator.py
[2023-09-09 19:01:05,961] {processor.py:651} INFO - DAG(s) dict_keys(['example_subdag_operator.section-1', 'example_subdag_operator.section-2', 'example_subdag_operator']) retrieved from /home/airflow/.local/lib/python3.7/site-packages/airflow/example_dags/example_subdag_operator.py
[2023-09-09 19:01:05,975] {logging_mixin.py:115} INFO - [2023-09-09 19:01:05,974] {dag.py:2420} INFO - Sync 3 DAGs
[2023-09-09 19:01:05,984] {logging_mixin.py:115} INFO - [2023-09-09 19:01:05,984] {dag.py:2972} INFO - Setting next_dagrun for example_subdag_operator to 2022-01-01T00:00:00+00:00, run_after=2022-01-01T00:00:00+00:00
[2023-09-09 19:01:05,985] {logging_mixin.py:115} INFO - [2023-09-09 19:01:05,985] {dag.py:2972} INFO - Setting next_dagrun for example_subdag_operator.section-1 to None, run_after=None
[2023-09-09 19:01:05,985] {logging_mixin.py:115} INFO - [2023-09-09 19:01:05,985] {dag.py:2972} INFO - Setting next_dagrun for example_subdag_operator.section-2 to None, run_after=None
[2023-09-09 19:01:05,988] {logging_mixin.py:115} INFO - [2023-09-09 19:01:05,988] {dag.py:2420} INFO - Sync 2 DAGs
[2023-09-09 19:01:05,990] {logging_mixin.py:115} INFO - [2023-09-09 19:01:05,990] {dag.py:2972} INFO - Setting next_dagrun for example_subdag_operator.section-1 to None, run_after=None
[2023-09-09 19:01:05,991] {logging_mixin.py:115} INFO - [2023-09-09 19:01:05,991] {dag.py:2972} INFO - Setting next_dagrun for example_subdag_operator.section-2 to None, run_after=None
[2023-09-09 19:01:05,994] {processor.py:161} INFO - Processing /home/airflow/.local/lib/python3.7/site-packages/airflow/example_dags/example_subdag_operator.py took 0.050 seconds
[2023-09-09 19:01:36,198] {processor.py:153} INFO - Started process (PID=534) to work on /home/airflow/.local/lib/python3.7/site-packages/airflow/example_dags/example_subdag_operator.py
[2023-09-09 19:01:36,199] {processor.py:641} INFO - Processing file /home/airflow/.local/lib/python3.7/site-packages/airflow/example_dags/example_subdag_operator.py for tasks to queue
[2023-09-09 19:01:36,199] {logging_mixin.py:115} INFO - [2023-09-09 19:01:36,199] {dagbag.py:508} INFO - Filling up the DagBag from /home/airflow/.local/lib/python3.7/site-packages/airflow/example_dags/example_subdag_operator.py
[2023-09-09 19:01:36,215] {processor.py:651} INFO - DAG(s) dict_keys(['example_subdag_operator.section-1', 'example_subdag_operator.section-2', 'example_subdag_operator']) retrieved from /home/airflow/.local/lib/python3.7/site-packages/airflow/example_dags/example_subdag_operator.py
[2023-09-09 19:01:36,230] {logging_mixin.py:115} INFO - [2023-09-09 19:01:36,230] {dag.py:2420} INFO - Sync 3 DAGs
[2023-09-09 19:01:36,240] {logging_mixin.py:115} INFO - [2023-09-09 19:01:36,240] {dag.py:2972} INFO - Setting next_dagrun for example_subdag_operator to 2022-01-01T00:00:00+00:00, run_after=2022-01-01T00:00:00+00:00
[2023-09-09 19:01:36,240] {logging_mixin.py:115} INFO - [2023-09-09 19:01:36,240] {dag.py:2972} INFO - Setting next_dagrun for example_subdag_operator.section-1 to None, run_after=None
[2023-09-09 19:01:36,241] {logging_mixin.py:115} INFO - [2023-09-09 19:01:36,241] {dag.py:2972} INFO - Setting next_dagrun for example_subdag_operator.section-2 to None, run_after=None
[2023-09-09 19:01:36,244] {logging_mixin.py:115} INFO - [2023-09-09 19:01:36,244] {dag.py:2420} INFO - Sync 2 DAGs
[2023-09-09 19:01:36,247] {logging_mixin.py:115} INFO - [2023-09-09 19:01:36,247] {dag.py:2972} INFO - Setting next_dagrun for example_subdag_operator.section-1 to None, run_after=None
[2023-09-09 19:01:36,247] {logging_mixin.py:115} INFO - [2023-09-09 19:01:36,247] {dag.py:2972} INFO - Setting next_dagrun for example_subdag_operator.section-2 to None, run_after=None
[2023-09-09 19:01:36,251] {processor.py:161} INFO - Processing /home/airflow/.local/lib/python3.7/site-packages/airflow/example_dags/example_subdag_operator.py took 0.054 seconds
[2023-09-09 19:02:06,530] {processor.py:153} INFO - Started process (PID=595) to work on /home/airflow/.local/lib/python3.7/site-packages/airflow/example_dags/example_subdag_operator.py
[2023-09-09 19:02:06,530] {processor.py:641} INFO - Processing file /home/airflow/.local/lib/python3.7/site-packages/airflow/example_dags/example_subdag_operator.py for tasks to queue
[2023-09-09 19:02:06,531] {logging_mixin.py:115} INFO - [2023-09-09 19:02:06,531] {dagbag.py:508} INFO - Filling up the DagBag from /home/airflow/.local/lib/python3.7/site-packages/airflow/example_dags/example_subdag_operator.py
[2023-09-09 19:02:06,547] {processor.py:651} INFO - DAG(s) dict_keys(['example_subdag_operator.section-1', 'example_subdag_operator.section-2', 'example_subdag_operator']) retrieved from /home/airflow/.local/lib/python3.7/site-packages/airflow/example_dags/example_subdag_operator.py
[2023-09-09 19:02:06,567] {logging_mixin.py:115} INFO - [2023-09-09 19:02:06,567] {dag.py:2420} INFO - Sync 3 DAGs
[2023-09-09 19:02:06,579] {logging_mixin.py:115} INFO - [2023-09-09 19:02:06,579] {dag.py:2972} INFO - Setting next_dagrun for example_subdag_operator to 2022-01-01T00:00:00+00:00, run_after=2022-01-01T00:00:00+00:00
[2023-09-09 19:02:06,580] {logging_mixin.py:115} INFO - [2023-09-09 19:02:06,580] {dag.py:2972} INFO - Setting next_dagrun for example_subdag_operator.section-1 to None, run_after=None
[2023-09-09 19:02:06,580] {logging_mixin.py:115} INFO - [2023-09-09 19:02:06,580] {dag.py:2972} INFO - Setting next_dagrun for example_subdag_operator.section-2 to None, run_after=None
[2023-09-09 19:02:06,584] {logging_mixin.py:115} INFO - [2023-09-09 19:02:06,584] {dag.py:2420} INFO - Sync 2 DAGs
[2023-09-09 19:02:06,586] {logging_mixin.py:115} INFO - [2023-09-09 19:02:06,586] {dag.py:2972} INFO - Setting next_dagrun for example_subdag_operator.section-1 to None, run_after=None
[2023-09-09 19:02:06,587] {logging_mixin.py:115} INFO - [2023-09-09 19:02:06,587] {dag.py:2972} INFO - Setting next_dagrun for example_subdag_operator.section-2 to None, run_after=None
[2023-09-09 19:02:06,593] {processor.py:161} INFO - Processing /home/airflow/.local/lib/python3.7/site-packages/airflow/example_dags/example_subdag_operator.py took 0.065 seconds
[2023-09-09 19:02:37,431] {processor.py:153} INFO - Started process (PID=655) to work on /home/airflow/.local/lib/python3.7/site-packages/airflow/example_dags/example_subdag_operator.py
[2023-09-09 19:02:37,432] {processor.py:641} INFO - Processing file /home/airflow/.local/lib/python3.7/site-packages/airflow/example_dags/example_subdag_operator.py for tasks to queue
[2023-09-09 19:02:37,433] {logging_mixin.py:115} INFO - [2023-09-09 19:02:37,433] {dagbag.py:508} INFO - Filling up the DagBag from /home/airflow/.local/lib/python3.7/site-packages/airflow/example_dags/example_subdag_operator.py
[2023-09-09 19:02:37,448] {processor.py:651} INFO - DAG(s) dict_keys(['example_subdag_operator.section-1', 'example_subdag_operator.section-2', 'example_subdag_operator']) retrieved from /home/airflow/.local/lib/python3.7/site-packages/airflow/example_dags/example_subdag_operator.py
[2023-09-09 19:02:37,462] {logging_mixin.py:115} INFO - [2023-09-09 19:02:37,462] {dag.py:2420} INFO - Sync 3 DAGs
[2023-09-09 19:02:37,472] {logging_mixin.py:115} INFO - [2023-09-09 19:02:37,472] {dag.py:2972} INFO - Setting next_dagrun for example_subdag_operator to 2022-01-01T00:00:00+00:00, run_after=2022-01-01T00:00:00+00:00
[2023-09-09 19:02:37,473] {logging_mixin.py:115} INFO - [2023-09-09 19:02:37,473] {dag.py:2972} INFO - Setting next_dagrun for example_subdag_operator.section-1 to None, run_after=None
[2023-09-09 19:02:37,473] {logging_mixin.py:115} INFO - [2023-09-09 19:02:37,473] {dag.py:2972} INFO - Setting next_dagrun for example_subdag_operator.section-2 to None, run_after=None
[2023-09-09 19:02:37,476] {logging_mixin.py:115} INFO - [2023-09-09 19:02:37,476] {dag.py:2420} INFO - Sync 2 DAGs
[2023-09-09 19:02:37,479] {logging_mixin.py:115} INFO - [2023-09-09 19:02:37,479] {dag.py:2972} INFO - Setting next_dagrun for example_subdag_operator.section-1 to None, run_after=None
[2023-09-09 19:02:37,479] {logging_mixin.py:115} INFO - [2023-09-09 19:02:37,479] {dag.py:2972} INFO - Setting next_dagrun for example_subdag_operator.section-2 to None, run_after=None
[2023-09-09 19:02:37,482] {processor.py:161} INFO - Processing /home/airflow/.local/lib/python3.7/site-packages/airflow/example_dags/example_subdag_operator.py took 0.053 seconds
[2023-09-09 19:03:34,702] {processor.py:153} INFO - Started process (PID=39) to work on /home/airflow/.local/lib/python3.7/site-packages/airflow/example_dags/example_subdag_operator.py
[2023-09-09 19:03:34,707] {processor.py:641} INFO - Processing file /home/airflow/.local/lib/python3.7/site-packages/airflow/example_dags/example_subdag_operator.py for tasks to queue
[2023-09-09 19:03:34,707] {logging_mixin.py:115} INFO - [2023-09-09 19:03:34,707] {dagbag.py:508} INFO - Filling up the DagBag from /home/airflow/.local/lib/python3.7/site-packages/airflow/example_dags/example_subdag_operator.py
[2023-09-09 19:03:34,742] {processor.py:651} INFO - DAG(s) dict_keys(['example_subdag_operator.section-1', 'example_subdag_operator.section-2', 'example_subdag_operator']) retrieved from /home/airflow/.local/lib/python3.7/site-packages/airflow/example_dags/example_subdag_operator.py
[2023-09-09 19:03:34,845] {logging_mixin.py:115} INFO - [2023-09-09 19:03:34,845] {dag.py:2420} INFO - Sync 3 DAGs
[2023-09-09 19:03:34,866] {logging_mixin.py:115} INFO - [2023-09-09 19:03:34,866] {dag.py:2972} INFO - Setting next_dagrun for example_subdag_operator to 2022-01-01T00:00:00+00:00, run_after=2022-01-01T00:00:00+00:00
[2023-09-09 19:03:34,867] {logging_mixin.py:115} INFO - [2023-09-09 19:03:34,867] {dag.py:2972} INFO - Setting next_dagrun for example_subdag_operator.section-1 to None, run_after=None
[2023-09-09 19:03:34,867] {logging_mixin.py:115} INFO - [2023-09-09 19:03:34,867] {dag.py:2972} INFO - Setting next_dagrun for example_subdag_operator.section-2 to None, run_after=None
[2023-09-09 19:03:34,874] {logging_mixin.py:115} INFO - [2023-09-09 19:03:34,874] {dag.py:2420} INFO - Sync 2 DAGs
[2023-09-09 19:03:34,880] {logging_mixin.py:115} INFO - [2023-09-09 19:03:34,880] {dag.py:2972} INFO - Setting next_dagrun for example_subdag_operator.section-1 to None, run_after=None
[2023-09-09 19:03:34,881] {logging_mixin.py:115} INFO - [2023-09-09 19:03:34,881] {dag.py:2972} INFO - Setting next_dagrun for example_subdag_operator.section-2 to None, run_after=None
[2023-09-09 19:03:34,885] {processor.py:161} INFO - Processing /home/airflow/.local/lib/python3.7/site-packages/airflow/example_dags/example_subdag_operator.py took 0.185 seconds
[2023-09-09 19:04:05,075] {processor.py:153} INFO - Started process (PID=100) to work on /home/airflow/.local/lib/python3.7/site-packages/airflow/example_dags/example_subdag_operator.py
[2023-09-09 19:04:05,075] {processor.py:641} INFO - Processing file /home/airflow/.local/lib/python3.7/site-packages/airflow/example_dags/example_subdag_operator.py for tasks to queue
[2023-09-09 19:04:05,076] {logging_mixin.py:115} INFO - [2023-09-09 19:04:05,076] {dagbag.py:508} INFO - Filling up the DagBag from /home/airflow/.local/lib/python3.7/site-packages/airflow/example_dags/example_subdag_operator.py
[2023-09-09 19:04:05,091] {processor.py:651} INFO - DAG(s) dict_keys(['example_subdag_operator.section-1', 'example_subdag_operator.section-2', 'example_subdag_operator']) retrieved from /home/airflow/.local/lib/python3.7/site-packages/airflow/example_dags/example_subdag_operator.py
[2023-09-09 19:04:05,105] {logging_mixin.py:115} INFO - [2023-09-09 19:04:05,105] {dag.py:2420} INFO - Sync 3 DAGs
[2023-09-09 19:04:05,115] {logging_mixin.py:115} INFO - [2023-09-09 19:04:05,115] {dag.py:2972} INFO - Setting next_dagrun for example_subdag_operator to 2022-01-01T00:00:00+00:00, run_after=2022-01-01T00:00:00+00:00
[2023-09-09 19:04:05,115] {logging_mixin.py:115} INFO - [2023-09-09 19:04:05,115] {dag.py:2972} INFO - Setting next_dagrun for example_subdag_operator.section-1 to None, run_after=None
[2023-09-09 19:04:05,116] {logging_mixin.py:115} INFO - [2023-09-09 19:04:05,116] {dag.py:2972} INFO - Setting next_dagrun for example_subdag_operator.section-2 to None, run_after=None
[2023-09-09 19:04:05,119] {logging_mixin.py:115} INFO - [2023-09-09 19:04:05,119] {dag.py:2420} INFO - Sync 2 DAGs
[2023-09-09 19:04:05,121] {logging_mixin.py:115} INFO - [2023-09-09 19:04:05,121] {dag.py:2972} INFO - Setting next_dagrun for example_subdag_operator.section-1 to None, run_after=None
[2023-09-09 19:04:05,121] {logging_mixin.py:115} INFO - [2023-09-09 19:04:05,121] {dag.py:2972} INFO - Setting next_dagrun for example_subdag_operator.section-2 to None, run_after=None
[2023-09-09 19:04:05,130] {processor.py:161} INFO - Processing /home/airflow/.local/lib/python3.7/site-packages/airflow/example_dags/example_subdag_operator.py took 0.057 seconds
[2023-09-09 19:04:35,644] {processor.py:153} INFO - Started process (PID=164) to work on /home/airflow/.local/lib/python3.7/site-packages/airflow/example_dags/example_subdag_operator.py
[2023-09-09 19:04:35,645] {processor.py:641} INFO - Processing file /home/airflow/.local/lib/python3.7/site-packages/airflow/example_dags/example_subdag_operator.py for tasks to queue
[2023-09-09 19:04:35,646] {logging_mixin.py:115} INFO - [2023-09-09 19:04:35,646] {dagbag.py:508} INFO - Filling up the DagBag from /home/airflow/.local/lib/python3.7/site-packages/airflow/example_dags/example_subdag_operator.py
[2023-09-09 19:04:35,660] {processor.py:651} INFO - DAG(s) dict_keys(['example_subdag_operator.section-1', 'example_subdag_operator.section-2', 'example_subdag_operator']) retrieved from /home/airflow/.local/lib/python3.7/site-packages/airflow/example_dags/example_subdag_operator.py
[2023-09-09 19:04:35,674] {logging_mixin.py:115} INFO - [2023-09-09 19:04:35,674] {dag.py:2420} INFO - Sync 3 DAGs
[2023-09-09 19:04:35,683] {logging_mixin.py:115} INFO - [2023-09-09 19:04:35,683] {dag.py:2972} INFO - Setting next_dagrun for example_subdag_operator to 2022-01-01T00:00:00+00:00, run_after=2022-01-01T00:00:00+00:00
[2023-09-09 19:04:35,684] {logging_mixin.py:115} INFO - [2023-09-09 19:04:35,684] {dag.py:2972} INFO - Setting next_dagrun for example_subdag_operator.section-1 to None, run_after=None
[2023-09-09 19:04:35,684] {logging_mixin.py:115} INFO - [2023-09-09 19:04:35,684] {dag.py:2972} INFO - Setting next_dagrun for example_subdag_operator.section-2 to None, run_after=None
[2023-09-09 19:04:35,687] {logging_mixin.py:115} INFO - [2023-09-09 19:04:35,687] {dag.py:2420} INFO - Sync 2 DAGs
[2023-09-09 19:04:35,690] {logging_mixin.py:115} INFO - [2023-09-09 19:04:35,690] {dag.py:2972} INFO - Setting next_dagrun for example_subdag_operator.section-1 to None, run_after=None
[2023-09-09 19:04:35,690] {logging_mixin.py:115} INFO - [2023-09-09 19:04:35,690] {dag.py:2972} INFO - Setting next_dagrun for example_subdag_operator.section-2 to None, run_after=None
[2023-09-09 19:04:35,693] {processor.py:161} INFO - Processing /home/airflow/.local/lib/python3.7/site-packages/airflow/example_dags/example_subdag_operator.py took 0.050 seconds
[2023-09-09 19:05:05,932] {processor.py:153} INFO - Started process (PID=228) to work on /home/airflow/.local/lib/python3.7/site-packages/airflow/example_dags/example_subdag_operator.py
[2023-09-09 19:05:05,933] {processor.py:641} INFO - Processing file /home/airflow/.local/lib/python3.7/site-packages/airflow/example_dags/example_subdag_operator.py for tasks to queue
[2023-09-09 19:05:05,934] {logging_mixin.py:115} INFO - [2023-09-09 19:05:05,934] {dagbag.py:508} INFO - Filling up the DagBag from /home/airflow/.local/lib/python3.7/site-packages/airflow/example_dags/example_subdag_operator.py
[2023-09-09 19:05:05,949] {processor.py:651} INFO - DAG(s) dict_keys(['example_subdag_operator.section-1', 'example_subdag_operator.section-2', 'example_subdag_operator']) retrieved from /home/airflow/.local/lib/python3.7/site-packages/airflow/example_dags/example_subdag_operator.py
[2023-09-09 19:05:05,964] {logging_mixin.py:115} INFO - [2023-09-09 19:05:05,964] {dag.py:2420} INFO - Sync 3 DAGs
[2023-09-09 19:05:05,974] {logging_mixin.py:115} INFO - [2023-09-09 19:05:05,974] {dag.py:2972} INFO - Setting next_dagrun for example_subdag_operator to 2022-01-01T00:00:00+00:00, run_after=2022-01-01T00:00:00+00:00
[2023-09-09 19:05:05,974] {logging_mixin.py:115} INFO - [2023-09-09 19:05:05,974] {dag.py:2972} INFO - Setting next_dagrun for example_subdag_operator.section-1 to None, run_after=None
[2023-09-09 19:05:05,974] {logging_mixin.py:115} INFO - [2023-09-09 19:05:05,974] {dag.py:2972} INFO - Setting next_dagrun for example_subdag_operator.section-2 to None, run_after=None
[2023-09-09 19:05:05,977] {logging_mixin.py:115} INFO - [2023-09-09 19:05:05,977] {dag.py:2420} INFO - Sync 2 DAGs
[2023-09-09 19:05:05,980] {logging_mixin.py:115} INFO - [2023-09-09 19:05:05,980] {dag.py:2972} INFO - Setting next_dagrun for example_subdag_operator.section-1 to None, run_after=None
[2023-09-09 19:05:05,980] {logging_mixin.py:115} INFO - [2023-09-09 19:05:05,980] {dag.py:2972} INFO - Setting next_dagrun for example_subdag_operator.section-2 to None, run_after=None
[2023-09-09 19:05:05,984] {processor.py:161} INFO - Processing /home/airflow/.local/lib/python3.7/site-packages/airflow/example_dags/example_subdag_operator.py took 0.054 seconds
[2023-09-09 19:05:36,239] {processor.py:153} INFO - Started process (PID=282) to work on /home/airflow/.local/lib/python3.7/site-packages/airflow/example_dags/example_subdag_operator.py
[2023-09-09 19:05:36,239] {processor.py:641} INFO - Processing file /home/airflow/.local/lib/python3.7/site-packages/airflow/example_dags/example_subdag_operator.py for tasks to queue
[2023-09-09 19:05:36,240] {logging_mixin.py:115} INFO - [2023-09-09 19:05:36,240] {dagbag.py:508} INFO - Filling up the DagBag from /home/airflow/.local/lib/python3.7/site-packages/airflow/example_dags/example_subdag_operator.py
[2023-09-09 19:05:36,256] {processor.py:651} INFO - DAG(s) dict_keys(['example_subdag_operator.section-1', 'example_subdag_operator.section-2', 'example_subdag_operator']) retrieved from /home/airflow/.local/lib/python3.7/site-packages/airflow/example_dags/example_subdag_operator.py
[2023-09-09 19:05:36,271] {logging_mixin.py:115} INFO - [2023-09-09 19:05:36,271] {dag.py:2420} INFO - Sync 3 DAGs
[2023-09-09 19:05:36,281] {logging_mixin.py:115} INFO - [2023-09-09 19:05:36,281] {dag.py:2972} INFO - Setting next_dagrun for example_subdag_operator to 2022-01-01T00:00:00+00:00, run_after=2022-01-01T00:00:00+00:00
[2023-09-09 19:05:36,282] {logging_mixin.py:115} INFO - [2023-09-09 19:05:36,282] {dag.py:2972} INFO - Setting next_dagrun for example_subdag_operator.section-1 to None, run_after=None
[2023-09-09 19:05:36,282] {logging_mixin.py:115} INFO - [2023-09-09 19:05:36,282] {dag.py:2972} INFO - Setting next_dagrun for example_subdag_operator.section-2 to None, run_after=None
[2023-09-09 19:05:36,285] {logging_mixin.py:115} INFO - [2023-09-09 19:05:36,285] {dag.py:2420} INFO - Sync 2 DAGs
[2023-09-09 19:05:36,287] {logging_mixin.py:115} INFO - [2023-09-09 19:05:36,287] {dag.py:2972} INFO - Setting next_dagrun for example_subdag_operator.section-1 to None, run_after=None
[2023-09-09 19:05:36,288] {logging_mixin.py:115} INFO - [2023-09-09 19:05:36,288] {dag.py:2972} INFO - Setting next_dagrun for example_subdag_operator.section-2 to None, run_after=None
[2023-09-09 19:05:36,291] {processor.py:161} INFO - Processing /home/airflow/.local/lib/python3.7/site-packages/airflow/example_dags/example_subdag_operator.py took 0.054 seconds
[2023-09-09 19:06:06,547] {processor.py:153} INFO - Started process (PID=344) to work on /home/airflow/.local/lib/python3.7/site-packages/airflow/example_dags/example_subdag_operator.py
[2023-09-09 19:06:06,548] {processor.py:641} INFO - Processing file /home/airflow/.local/lib/python3.7/site-packages/airflow/example_dags/example_subdag_operator.py for tasks to queue
[2023-09-09 19:06:06,548] {logging_mixin.py:115} INFO - [2023-09-09 19:06:06,548] {dagbag.py:508} INFO - Filling up the DagBag from /home/airflow/.local/lib/python3.7/site-packages/airflow/example_dags/example_subdag_operator.py
[2023-09-09 19:06:06,563] {processor.py:651} INFO - DAG(s) dict_keys(['example_subdag_operator.section-1', 'example_subdag_operator.section-2', 'example_subdag_operator']) retrieved from /home/airflow/.local/lib/python3.7/site-packages/airflow/example_dags/example_subdag_operator.py
[2023-09-09 19:06:06,577] {logging_mixin.py:115} INFO - [2023-09-09 19:06:06,577] {dag.py:2420} INFO - Sync 3 DAGs
[2023-09-09 19:06:06,587] {logging_mixin.py:115} INFO - [2023-09-09 19:06:06,587] {dag.py:2972} INFO - Setting next_dagrun for example_subdag_operator to 2022-01-01T00:00:00+00:00, run_after=2022-01-01T00:00:00+00:00
[2023-09-09 19:06:06,588] {logging_mixin.py:115} INFO - [2023-09-09 19:06:06,588] {dag.py:2972} INFO - Setting next_dagrun for example_subdag_operator.section-1 to None, run_after=None
[2023-09-09 19:06:06,588] {logging_mixin.py:115} INFO - [2023-09-09 19:06:06,588] {dag.py:2972} INFO - Setting next_dagrun for example_subdag_operator.section-2 to None, run_after=None
[2023-09-09 19:06:06,591] {logging_mixin.py:115} INFO - [2023-09-09 19:06:06,591] {dag.py:2420} INFO - Sync 2 DAGs
[2023-09-09 19:06:06,594] {logging_mixin.py:115} INFO - [2023-09-09 19:06:06,593] {dag.py:2972} INFO - Setting next_dagrun for example_subdag_operator.section-1 to None, run_after=None
[2023-09-09 19:06:06,594] {logging_mixin.py:115} INFO - [2023-09-09 19:06:06,594] {dag.py:2972} INFO - Setting next_dagrun for example_subdag_operator.section-2 to None, run_after=None
[2023-09-09 19:06:06,597] {processor.py:161} INFO - Processing /home/airflow/.local/lib/python3.7/site-packages/airflow/example_dags/example_subdag_operator.py took 0.052 seconds
[2023-09-09 19:06:36,910] {processor.py:153} INFO - Started process (PID=407) to work on /home/airflow/.local/lib/python3.7/site-packages/airflow/example_dags/example_subdag_operator.py
[2023-09-09 19:06:36,911] {processor.py:641} INFO - Processing file /home/airflow/.local/lib/python3.7/site-packages/airflow/example_dags/example_subdag_operator.py for tasks to queue
[2023-09-09 19:06:36,911] {logging_mixin.py:115} INFO - [2023-09-09 19:06:36,911] {dagbag.py:508} INFO - Filling up the DagBag from /home/airflow/.local/lib/python3.7/site-packages/airflow/example_dags/example_subdag_operator.py
[2023-09-09 19:06:36,926] {processor.py:651} INFO - DAG(s) dict_keys(['example_subdag_operator.section-1', 'example_subdag_operator.section-2', 'example_subdag_operator']) retrieved from /home/airflow/.local/lib/python3.7/site-packages/airflow/example_dags/example_subdag_operator.py
[2023-09-09 19:06:36,940] {logging_mixin.py:115} INFO - [2023-09-09 19:06:36,940] {dag.py:2420} INFO - Sync 3 DAGs
[2023-09-09 19:06:36,950] {logging_mixin.py:115} INFO - [2023-09-09 19:06:36,950] {dag.py:2972} INFO - Setting next_dagrun for example_subdag_operator to 2022-01-01T00:00:00+00:00, run_after=2022-01-01T00:00:00+00:00
[2023-09-09 19:06:36,950] {logging_mixin.py:115} INFO - [2023-09-09 19:06:36,950] {dag.py:2972} INFO - Setting next_dagrun for example_subdag_operator.section-1 to None, run_after=None
[2023-09-09 19:06:36,951] {logging_mixin.py:115} INFO - [2023-09-09 19:06:36,951] {dag.py:2972} INFO - Setting next_dagrun for example_subdag_operator.section-2 to None, run_after=None
[2023-09-09 19:06:36,954] {logging_mixin.py:115} INFO - [2023-09-09 19:06:36,954] {dag.py:2420} INFO - Sync 2 DAGs
[2023-09-09 19:06:36,956] {logging_mixin.py:115} INFO - [2023-09-09 19:06:36,956] {dag.py:2972} INFO - Setting next_dagrun for example_subdag_operator.section-1 to None, run_after=None
[2023-09-09 19:06:36,956] {logging_mixin.py:115} INFO - [2023-09-09 19:06:36,956] {dag.py:2972} INFO - Setting next_dagrun for example_subdag_operator.section-2 to None, run_after=None
[2023-09-09 19:06:36,960] {processor.py:161} INFO - Processing /home/airflow/.local/lib/python3.7/site-packages/airflow/example_dags/example_subdag_operator.py took 0.051 seconds
[2023-09-09 19:07:07,213] {processor.py:153} INFO - Started process (PID=470) to work on /home/airflow/.local/lib/python3.7/site-packages/airflow/example_dags/example_subdag_operator.py
[2023-09-09 19:07:07,214] {processor.py:641} INFO - Processing file /home/airflow/.local/lib/python3.7/site-packages/airflow/example_dags/example_subdag_operator.py for tasks to queue
[2023-09-09 19:07:07,214] {logging_mixin.py:115} INFO - [2023-09-09 19:07:07,214] {dagbag.py:508} INFO - Filling up the DagBag from /home/airflow/.local/lib/python3.7/site-packages/airflow/example_dags/example_subdag_operator.py
[2023-09-09 19:07:07,231] {processor.py:651} INFO - DAG(s) dict_keys(['example_subdag_operator.section-1', 'example_subdag_operator.section-2', 'example_subdag_operator']) retrieved from /home/airflow/.local/lib/python3.7/site-packages/airflow/example_dags/example_subdag_operator.py
[2023-09-09 19:07:07,245] {logging_mixin.py:115} INFO - [2023-09-09 19:07:07,244] {dag.py:2420} INFO - Sync 3 DAGs
[2023-09-09 19:07:07,254] {logging_mixin.py:115} INFO - [2023-09-09 19:07:07,254] {dag.py:2972} INFO - Setting next_dagrun for example_subdag_operator to 2022-01-01T00:00:00+00:00, run_after=2022-01-01T00:00:00+00:00
[2023-09-09 19:07:07,255] {logging_mixin.py:115} INFO - [2023-09-09 19:07:07,255] {dag.py:2972} INFO - Setting next_dagrun for example_subdag_operator.section-1 to None, run_after=None
[2023-09-09 19:07:07,255] {logging_mixin.py:115} INFO - [2023-09-09 19:07:07,255] {dag.py:2972} INFO - Setting next_dagrun for example_subdag_operator.section-2 to None, run_after=None
[2023-09-09 19:07:07,258] {logging_mixin.py:115} INFO - [2023-09-09 19:07:07,258] {dag.py:2420} INFO - Sync 2 DAGs
[2023-09-09 19:07:07,260] {logging_mixin.py:115} INFO - [2023-09-09 19:07:07,260] {dag.py:2972} INFO - Setting next_dagrun for example_subdag_operator.section-1 to None, run_after=None
[2023-09-09 19:07:07,261] {logging_mixin.py:115} INFO - [2023-09-09 19:07:07,261] {dag.py:2972} INFO - Setting next_dagrun for example_subdag_operator.section-2 to None, run_after=None
[2023-09-09 19:07:07,264] {processor.py:161} INFO - Processing /home/airflow/.local/lib/python3.7/site-packages/airflow/example_dags/example_subdag_operator.py took 0.053 seconds
[2023-09-09 19:07:37,528] {processor.py:153} INFO - Started process (PID=533) to work on /home/airflow/.local/lib/python3.7/site-packages/airflow/example_dags/example_subdag_operator.py
[2023-09-09 19:07:37,529] {processor.py:641} INFO - Processing file /home/airflow/.local/lib/python3.7/site-packages/airflow/example_dags/example_subdag_operator.py for tasks to queue
[2023-09-09 19:07:37,529] {logging_mixin.py:115} INFO - [2023-09-09 19:07:37,529] {dagbag.py:508} INFO - Filling up the DagBag from /home/airflow/.local/lib/python3.7/site-packages/airflow/example_dags/example_subdag_operator.py
[2023-09-09 19:07:37,544] {processor.py:651} INFO - DAG(s) dict_keys(['example_subdag_operator.section-1', 'example_subdag_operator.section-2', 'example_subdag_operator']) retrieved from /home/airflow/.local/lib/python3.7/site-packages/airflow/example_dags/example_subdag_operator.py
[2023-09-09 19:07:37,562] {logging_mixin.py:115} INFO - [2023-09-09 19:07:37,562] {dag.py:2420} INFO - Sync 3 DAGs
[2023-09-09 19:07:37,571] {logging_mixin.py:115} INFO - [2023-09-09 19:07:37,571] {dag.py:2972} INFO - Setting next_dagrun for example_subdag_operator to 2022-01-01T00:00:00+00:00, run_after=2022-01-01T00:00:00+00:00
[2023-09-09 19:07:37,572] {logging_mixin.py:115} INFO - [2023-09-09 19:07:37,572] {dag.py:2972} INFO - Setting next_dagrun for example_subdag_operator.section-1 to None, run_after=None
[2023-09-09 19:07:37,572] {logging_mixin.py:115} INFO - [2023-09-09 19:07:37,572] {dag.py:2972} INFO - Setting next_dagrun for example_subdag_operator.section-2 to None, run_after=None
[2023-09-09 19:07:37,575] {logging_mixin.py:115} INFO - [2023-09-09 19:07:37,575] {dag.py:2420} INFO - Sync 2 DAGs
[2023-09-09 19:07:37,578] {logging_mixin.py:115} INFO - [2023-09-09 19:07:37,578] {dag.py:2972} INFO - Setting next_dagrun for example_subdag_operator.section-1 to None, run_after=None
[2023-09-09 19:07:37,578] {logging_mixin.py:115} INFO - [2023-09-09 19:07:37,578] {dag.py:2972} INFO - Setting next_dagrun for example_subdag_operator.section-2 to None, run_after=None
[2023-09-09 19:07:37,581] {processor.py:161} INFO - Processing /home/airflow/.local/lib/python3.7/site-packages/airflow/example_dags/example_subdag_operator.py took 0.054 seconds
[2023-09-09 19:08:08,061] {processor.py:153} INFO - Started process (PID=596) to work on /home/airflow/.local/lib/python3.7/site-packages/airflow/example_dags/example_subdag_operator.py
[2023-09-09 19:08:08,062] {processor.py:641} INFO - Processing file /home/airflow/.local/lib/python3.7/site-packages/airflow/example_dags/example_subdag_operator.py for tasks to queue
[2023-09-09 19:08:08,063] {logging_mixin.py:115} INFO - [2023-09-09 19:08:08,063] {dagbag.py:508} INFO - Filling up the DagBag from /home/airflow/.local/lib/python3.7/site-packages/airflow/example_dags/example_subdag_operator.py
[2023-09-09 19:08:08,080] {processor.py:651} INFO - DAG(s) dict_keys(['example_subdag_operator.section-1', 'example_subdag_operator.section-2', 'example_subdag_operator']) retrieved from /home/airflow/.local/lib/python3.7/site-packages/airflow/example_dags/example_subdag_operator.py
[2023-09-09 19:08:08,097] {logging_mixin.py:115} INFO - [2023-09-09 19:08:08,097] {dag.py:2420} INFO - Sync 3 DAGs
[2023-09-09 19:08:08,108] {logging_mixin.py:115} INFO - [2023-09-09 19:08:08,108] {dag.py:2972} INFO - Setting next_dagrun for example_subdag_operator to 2022-01-01T00:00:00+00:00, run_after=2022-01-01T00:00:00+00:00
[2023-09-09 19:08:08,108] {logging_mixin.py:115} INFO - [2023-09-09 19:08:08,108] {dag.py:2972} INFO - Setting next_dagrun for example_subdag_operator.section-1 to None, run_after=None
[2023-09-09 19:08:08,108] {logging_mixin.py:115} INFO - [2023-09-09 19:08:08,108] {dag.py:2972} INFO - Setting next_dagrun for example_subdag_operator.section-2 to None, run_after=None
[2023-09-09 19:08:08,111] {logging_mixin.py:115} INFO - [2023-09-09 19:08:08,111] {dag.py:2420} INFO - Sync 2 DAGs
[2023-09-09 19:08:08,114] {logging_mixin.py:115} INFO - [2023-09-09 19:08:08,114] {dag.py:2972} INFO - Setting next_dagrun for example_subdag_operator.section-1 to None, run_after=None
[2023-09-09 19:08:08,115] {logging_mixin.py:115} INFO - [2023-09-09 19:08:08,115] {dag.py:2972} INFO - Setting next_dagrun for example_subdag_operator.section-2 to None, run_after=None
[2023-09-09 19:08:08,119] {processor.py:161} INFO - Processing /home/airflow/.local/lib/python3.7/site-packages/airflow/example_dags/example_subdag_operator.py took 0.059 seconds
[2023-09-09 19:08:38,745] {processor.py:153} INFO - Started process (PID=649) to work on /home/airflow/.local/lib/python3.7/site-packages/airflow/example_dags/example_subdag_operator.py
[2023-09-09 19:08:38,745] {processor.py:641} INFO - Processing file /home/airflow/.local/lib/python3.7/site-packages/airflow/example_dags/example_subdag_operator.py for tasks to queue
[2023-09-09 19:08:38,746] {logging_mixin.py:115} INFO - [2023-09-09 19:08:38,746] {dagbag.py:508} INFO - Filling up the DagBag from /home/airflow/.local/lib/python3.7/site-packages/airflow/example_dags/example_subdag_operator.py
[2023-09-09 19:08:38,760] {processor.py:651} INFO - DAG(s) dict_keys(['example_subdag_operator.section-1', 'example_subdag_operator.section-2', 'example_subdag_operator']) retrieved from /home/airflow/.local/lib/python3.7/site-packages/airflow/example_dags/example_subdag_operator.py
[2023-09-09 19:08:38,781] {logging_mixin.py:115} INFO - [2023-09-09 19:08:38,781] {dag.py:2420} INFO - Sync 3 DAGs
[2023-09-09 19:08:38,791] {logging_mixin.py:115} INFO - [2023-09-09 19:08:38,791] {dag.py:2972} INFO - Setting next_dagrun for example_subdag_operator to 2022-01-01T00:00:00+00:00, run_after=2022-01-01T00:00:00+00:00
[2023-09-09 19:08:38,792] {logging_mixin.py:115} INFO - [2023-09-09 19:08:38,792] {dag.py:2972} INFO - Setting next_dagrun for example_subdag_operator.section-1 to None, run_after=None
[2023-09-09 19:08:38,792] {logging_mixin.py:115} INFO - [2023-09-09 19:08:38,792] {dag.py:2972} INFO - Setting next_dagrun for example_subdag_operator.section-2 to None, run_after=None
[2023-09-09 19:08:38,796] {logging_mixin.py:115} INFO - [2023-09-09 19:08:38,795] {dag.py:2420} INFO - Sync 2 DAGs
[2023-09-09 19:08:38,798] {logging_mixin.py:115} INFO - [2023-09-09 19:08:38,798] {dag.py:2972} INFO - Setting next_dagrun for example_subdag_operator.section-1 to None, run_after=None
[2023-09-09 19:08:38,798] {logging_mixin.py:115} INFO - [2023-09-09 19:08:38,798] {dag.py:2972} INFO - Setting next_dagrun for example_subdag_operator.section-2 to None, run_after=None
[2023-09-09 19:08:38,802] {processor.py:161} INFO - Processing /home/airflow/.local/lib/python3.7/site-packages/airflow/example_dags/example_subdag_operator.py took 0.059 seconds
[2023-09-09 19:09:09,077] {processor.py:153} INFO - Started process (PID=712) to work on /home/airflow/.local/lib/python3.7/site-packages/airflow/example_dags/example_subdag_operator.py
[2023-09-09 19:09:09,078] {processor.py:641} INFO - Processing file /home/airflow/.local/lib/python3.7/site-packages/airflow/example_dags/example_subdag_operator.py for tasks to queue
[2023-09-09 19:09:09,078] {logging_mixin.py:115} INFO - [2023-09-09 19:09:09,078] {dagbag.py:508} INFO - Filling up the DagBag from /home/airflow/.local/lib/python3.7/site-packages/airflow/example_dags/example_subdag_operator.py
[2023-09-09 19:09:09,097] {processor.py:651} INFO - DAG(s) dict_keys(['example_subdag_operator.section-1', 'example_subdag_operator.section-2', 'example_subdag_operator']) retrieved from /home/airflow/.local/lib/python3.7/site-packages/airflow/example_dags/example_subdag_operator.py
[2023-09-09 19:09:09,112] {logging_mixin.py:115} INFO - [2023-09-09 19:09:09,112] {dag.py:2420} INFO - Sync 3 DAGs
[2023-09-09 19:09:09,122] {logging_mixin.py:115} INFO - [2023-09-09 19:09:09,121] {dag.py:2972} INFO - Setting next_dagrun for example_subdag_operator to 2022-01-01T00:00:00+00:00, run_after=2022-01-01T00:00:00+00:00
[2023-09-09 19:09:09,122] {logging_mixin.py:115} INFO - [2023-09-09 19:09:09,122] {dag.py:2972} INFO - Setting next_dagrun for example_subdag_operator.section-1 to None, run_after=None
[2023-09-09 19:09:09,122] {logging_mixin.py:115} INFO - [2023-09-09 19:09:09,122] {dag.py:2972} INFO - Setting next_dagrun for example_subdag_operator.section-2 to None, run_after=None
[2023-09-09 19:09:09,125] {logging_mixin.py:115} INFO - [2023-09-09 19:09:09,125] {dag.py:2420} INFO - Sync 2 DAGs
[2023-09-09 19:09:09,128] {logging_mixin.py:115} INFO - [2023-09-09 19:09:09,128] {dag.py:2972} INFO - Setting next_dagrun for example_subdag_operator.section-1 to None, run_after=None
[2023-09-09 19:09:09,128] {logging_mixin.py:115} INFO - [2023-09-09 19:09:09,128] {dag.py:2972} INFO - Setting next_dagrun for example_subdag_operator.section-2 to None, run_after=None
[2023-09-09 19:09:09,131] {processor.py:161} INFO - Processing /home/airflow/.local/lib/python3.7/site-packages/airflow/example_dags/example_subdag_operator.py took 0.056 seconds
