[2023-09-09 18:40:41,385] {processor.py:153} INFO - Started process (PID=57) to work on /home/airflow/.local/lib/python3.7/site-packages/airflow/example_dags/example_time_delta_sensor_async.py
[2023-09-09 18:40:41,387] {processor.py:641} INFO - Processing file /home/airflow/.local/lib/python3.7/site-packages/airflow/example_dags/example_time_delta_sensor_async.py for tasks to queue
[2023-09-09 18:40:41,388] {logging_mixin.py:115} INFO - [2023-09-09 18:40:41,388] {dagbag.py:508} INFO - Filling up the DagBag from /home/airflow/.local/lib/python3.7/site-packages/airflow/example_dags/example_time_delta_sensor_async.py
[2023-09-09 18:40:41,403] {processor.py:651} INFO - DAG(s) dict_keys(['example_time_delta_sensor_async']) retrieved from /home/airflow/.local/lib/python3.7/site-packages/airflow/example_dags/example_time_delta_sensor_async.py
[2023-09-09 18:40:41,602] {logging_mixin.py:115} INFO - [2023-09-09 18:40:41,602] {manager.py:508} INFO - Created Permission View: can edit on DAG:example_time_delta_sensor_async
[2023-09-09 18:40:41,619] {logging_mixin.py:115} INFO - [2023-09-09 18:40:41,619] {manager.py:508} INFO - Created Permission View: can read on DAG:example_time_delta_sensor_async
[2023-09-09 18:40:41,629] {logging_mixin.py:115} INFO - [2023-09-09 18:40:41,629] {manager.py:508} INFO - Created Permission View: can delete on DAG:example_time_delta_sensor_async
[2023-09-09 18:40:41,631] {logging_mixin.py:115} INFO - [2023-09-09 18:40:41,631] {dag.py:2420} INFO - Sync 1 DAGs
[2023-09-09 18:40:41,645] {logging_mixin.py:115} INFO - [2023-09-09 18:40:41,645] {dag.py:2439} INFO - Creating ORM DAG for example_time_delta_sensor_async
[2023-09-09 18:40:41,664] {logging_mixin.py:115} INFO - [2023-09-09 18:40:41,664] {dag.py:2972} INFO - Setting next_dagrun for example_time_delta_sensor_async to None, run_after=None
[2023-09-09 18:40:41,677] {processor.py:161} INFO - Processing /home/airflow/.local/lib/python3.7/site-packages/airflow/example_dags/example_time_delta_sensor_async.py took 0.295 seconds
[2023-09-09 18:41:12,629] {processor.py:153} INFO - Started process (PID=120) to work on /home/airflow/.local/lib/python3.7/site-packages/airflow/example_dags/example_time_delta_sensor_async.py
[2023-09-09 18:41:12,631] {processor.py:641} INFO - Processing file /home/airflow/.local/lib/python3.7/site-packages/airflow/example_dags/example_time_delta_sensor_async.py for tasks to queue
[2023-09-09 18:41:12,631] {logging_mixin.py:115} INFO - [2023-09-09 18:41:12,631] {dagbag.py:508} INFO - Filling up the DagBag from /home/airflow/.local/lib/python3.7/site-packages/airflow/example_dags/example_time_delta_sensor_async.py
[2023-09-09 18:41:12,636] {processor.py:651} INFO - DAG(s) dict_keys(['example_time_delta_sensor_async']) retrieved from /home/airflow/.local/lib/python3.7/site-packages/airflow/example_dags/example_time_delta_sensor_async.py
[2023-09-09 18:41:12,666] {logging_mixin.py:115} INFO - [2023-09-09 18:41:12,666] {dag.py:2420} INFO - Sync 1 DAGs
[2023-09-09 18:41:12,676] {logging_mixin.py:115} INFO - [2023-09-09 18:41:12,676] {dag.py:2972} INFO - Setting next_dagrun for example_time_delta_sensor_async to None, run_after=None
[2023-09-09 18:41:12,681] {processor.py:161} INFO - Processing /home/airflow/.local/lib/python3.7/site-packages/airflow/example_dags/example_time_delta_sensor_async.py took 0.056 seconds
[2023-09-09 18:41:42,904] {processor.py:153} INFO - Started process (PID=183) to work on /home/airflow/.local/lib/python3.7/site-packages/airflow/example_dags/example_time_delta_sensor_async.py
[2023-09-09 18:41:42,905] {processor.py:641} INFO - Processing file /home/airflow/.local/lib/python3.7/site-packages/airflow/example_dags/example_time_delta_sensor_async.py for tasks to queue
[2023-09-09 18:41:42,906] {logging_mixin.py:115} INFO - [2023-09-09 18:41:42,906] {dagbag.py:508} INFO - Filling up the DagBag from /home/airflow/.local/lib/python3.7/site-packages/airflow/example_dags/example_time_delta_sensor_async.py
[2023-09-09 18:41:42,910] {processor.py:651} INFO - DAG(s) dict_keys(['example_time_delta_sensor_async']) retrieved from /home/airflow/.local/lib/python3.7/site-packages/airflow/example_dags/example_time_delta_sensor_async.py
[2023-09-09 18:41:42,935] {logging_mixin.py:115} INFO - [2023-09-09 18:41:42,934] {dag.py:2420} INFO - Sync 1 DAGs
[2023-09-09 18:41:42,944] {logging_mixin.py:115} INFO - [2023-09-09 18:41:42,944] {dag.py:2972} INFO - Setting next_dagrun for example_time_delta_sensor_async to None, run_after=None
[2023-09-09 18:41:42,950] {processor.py:161} INFO - Processing /home/airflow/.local/lib/python3.7/site-packages/airflow/example_dags/example_time_delta_sensor_async.py took 0.049 seconds
[2023-09-09 18:42:13,344] {processor.py:153} INFO - Started process (PID=247) to work on /home/airflow/.local/lib/python3.7/site-packages/airflow/example_dags/example_time_delta_sensor_async.py
[2023-09-09 18:42:13,346] {processor.py:641} INFO - Processing file /home/airflow/.local/lib/python3.7/site-packages/airflow/example_dags/example_time_delta_sensor_async.py for tasks to queue
[2023-09-09 18:42:13,347] {logging_mixin.py:115} INFO - [2023-09-09 18:42:13,347] {dagbag.py:508} INFO - Filling up the DagBag from /home/airflow/.local/lib/python3.7/site-packages/airflow/example_dags/example_time_delta_sensor_async.py
[2023-09-09 18:42:13,354] {processor.py:651} INFO - DAG(s) dict_keys(['example_time_delta_sensor_async']) retrieved from /home/airflow/.local/lib/python3.7/site-packages/airflow/example_dags/example_time_delta_sensor_async.py
[2023-09-09 18:42:13,381] {logging_mixin.py:115} INFO - [2023-09-09 18:42:13,381] {dag.py:2420} INFO - Sync 1 DAGs
[2023-09-09 18:42:13,392] {logging_mixin.py:115} INFO - [2023-09-09 18:42:13,392] {dag.py:2972} INFO - Setting next_dagrun for example_time_delta_sensor_async to None, run_after=None
[2023-09-09 18:42:13,397] {processor.py:161} INFO - Processing /home/airflow/.local/lib/python3.7/site-packages/airflow/example_dags/example_time_delta_sensor_async.py took 0.058 seconds
[2023-09-09 18:42:44,266] {processor.py:153} INFO - Started process (PID=310) to work on /home/airflow/.local/lib/python3.7/site-packages/airflow/example_dags/example_time_delta_sensor_async.py
[2023-09-09 18:42:44,269] {processor.py:641} INFO - Processing file /home/airflow/.local/lib/python3.7/site-packages/airflow/example_dags/example_time_delta_sensor_async.py for tasks to queue
[2023-09-09 18:42:44,270] {logging_mixin.py:115} INFO - [2023-09-09 18:42:44,270] {dagbag.py:508} INFO - Filling up the DagBag from /home/airflow/.local/lib/python3.7/site-packages/airflow/example_dags/example_time_delta_sensor_async.py
[2023-09-09 18:42:44,277] {processor.py:651} INFO - DAG(s) dict_keys(['example_time_delta_sensor_async']) retrieved from /home/airflow/.local/lib/python3.7/site-packages/airflow/example_dags/example_time_delta_sensor_async.py
[2023-09-09 18:42:44,310] {logging_mixin.py:115} INFO - [2023-09-09 18:42:44,310] {dag.py:2420} INFO - Sync 1 DAGs
[2023-09-09 18:42:44,321] {logging_mixin.py:115} INFO - [2023-09-09 18:42:44,321] {dag.py:2972} INFO - Setting next_dagrun for example_time_delta_sensor_async to None, run_after=None
[2023-09-09 18:42:44,326] {processor.py:161} INFO - Processing /home/airflow/.local/lib/python3.7/site-packages/airflow/example_dags/example_time_delta_sensor_async.py took 0.067 seconds
[2023-09-09 18:43:14,621] {processor.py:153} INFO - Started process (PID=365) to work on /home/airflow/.local/lib/python3.7/site-packages/airflow/example_dags/example_time_delta_sensor_async.py
[2023-09-09 18:43:14,623] {processor.py:641} INFO - Processing file /home/airflow/.local/lib/python3.7/site-packages/airflow/example_dags/example_time_delta_sensor_async.py for tasks to queue
[2023-09-09 18:43:14,624] {logging_mixin.py:115} INFO - [2023-09-09 18:43:14,623] {dagbag.py:508} INFO - Filling up the DagBag from /home/airflow/.local/lib/python3.7/site-packages/airflow/example_dags/example_time_delta_sensor_async.py
[2023-09-09 18:43:14,629] {processor.py:651} INFO - DAG(s) dict_keys(['example_time_delta_sensor_async']) retrieved from /home/airflow/.local/lib/python3.7/site-packages/airflow/example_dags/example_time_delta_sensor_async.py
[2023-09-09 18:43:14,657] {logging_mixin.py:115} INFO - [2023-09-09 18:43:14,657] {dag.py:2420} INFO - Sync 1 DAGs
[2023-09-09 18:43:14,667] {logging_mixin.py:115} INFO - [2023-09-09 18:43:14,667] {dag.py:2972} INFO - Setting next_dagrun for example_time_delta_sensor_async to None, run_after=None
[2023-09-09 18:43:14,672] {processor.py:161} INFO - Processing /home/airflow/.local/lib/python3.7/site-packages/airflow/example_dags/example_time_delta_sensor_async.py took 0.055 seconds
[2023-09-09 18:43:44,884] {processor.py:153} INFO - Started process (PID=427) to work on /home/airflow/.local/lib/python3.7/site-packages/airflow/example_dags/example_time_delta_sensor_async.py
[2023-09-09 18:43:44,886] {processor.py:641} INFO - Processing file /home/airflow/.local/lib/python3.7/site-packages/airflow/example_dags/example_time_delta_sensor_async.py for tasks to queue
[2023-09-09 18:43:44,887] {logging_mixin.py:115} INFO - [2023-09-09 18:43:44,886] {dagbag.py:508} INFO - Filling up the DagBag from /home/airflow/.local/lib/python3.7/site-packages/airflow/example_dags/example_time_delta_sensor_async.py
[2023-09-09 18:43:44,892] {processor.py:651} INFO - DAG(s) dict_keys(['example_time_delta_sensor_async']) retrieved from /home/airflow/.local/lib/python3.7/site-packages/airflow/example_dags/example_time_delta_sensor_async.py
[2023-09-09 18:43:44,921] {logging_mixin.py:115} INFO - [2023-09-09 18:43:44,921] {dag.py:2420} INFO - Sync 1 DAGs
[2023-09-09 18:43:44,932] {logging_mixin.py:115} INFO - [2023-09-09 18:43:44,932] {dag.py:2972} INFO - Setting next_dagrun for example_time_delta_sensor_async to None, run_after=None
[2023-09-09 18:43:44,938] {processor.py:161} INFO - Processing /home/airflow/.local/lib/python3.7/site-packages/airflow/example_dags/example_time_delta_sensor_async.py took 0.058 seconds
[2023-09-09 18:44:15,253] {processor.py:153} INFO - Started process (PID=489) to work on /home/airflow/.local/lib/python3.7/site-packages/airflow/example_dags/example_time_delta_sensor_async.py
[2023-09-09 18:44:15,254] {processor.py:641} INFO - Processing file /home/airflow/.local/lib/python3.7/site-packages/airflow/example_dags/example_time_delta_sensor_async.py for tasks to queue
[2023-09-09 18:44:15,255] {logging_mixin.py:115} INFO - [2023-09-09 18:44:15,254] {dagbag.py:508} INFO - Filling up the DagBag from /home/airflow/.local/lib/python3.7/site-packages/airflow/example_dags/example_time_delta_sensor_async.py
[2023-09-09 18:44:15,260] {processor.py:651} INFO - DAG(s) dict_keys(['example_time_delta_sensor_async']) retrieved from /home/airflow/.local/lib/python3.7/site-packages/airflow/example_dags/example_time_delta_sensor_async.py
[2023-09-09 18:44:15,289] {logging_mixin.py:115} INFO - [2023-09-09 18:44:15,288] {dag.py:2420} INFO - Sync 1 DAGs
[2023-09-09 18:44:15,299] {logging_mixin.py:115} INFO - [2023-09-09 18:44:15,299] {dag.py:2972} INFO - Setting next_dagrun for example_time_delta_sensor_async to None, run_after=None
[2023-09-09 18:44:15,304] {processor.py:161} INFO - Processing /home/airflow/.local/lib/python3.7/site-packages/airflow/example_dags/example_time_delta_sensor_async.py took 0.055 seconds
[2023-09-09 18:44:45,461] {processor.py:153} INFO - Started process (PID=552) to work on /home/airflow/.local/lib/python3.7/site-packages/airflow/example_dags/example_time_delta_sensor_async.py
[2023-09-09 18:44:45,462] {processor.py:641} INFO - Processing file /home/airflow/.local/lib/python3.7/site-packages/airflow/example_dags/example_time_delta_sensor_async.py for tasks to queue
[2023-09-09 18:44:45,462] {logging_mixin.py:115} INFO - [2023-09-09 18:44:45,462] {dagbag.py:508} INFO - Filling up the DagBag from /home/airflow/.local/lib/python3.7/site-packages/airflow/example_dags/example_time_delta_sensor_async.py
[2023-09-09 18:44:45,467] {processor.py:651} INFO - DAG(s) dict_keys(['example_time_delta_sensor_async']) retrieved from /home/airflow/.local/lib/python3.7/site-packages/airflow/example_dags/example_time_delta_sensor_async.py
[2023-09-09 18:44:45,493] {logging_mixin.py:115} INFO - [2023-09-09 18:44:45,493] {dag.py:2420} INFO - Sync 1 DAGs
[2023-09-09 18:44:45,504] {logging_mixin.py:115} INFO - [2023-09-09 18:44:45,504] {dag.py:2972} INFO - Setting next_dagrun for example_time_delta_sensor_async to None, run_after=None
[2023-09-09 18:44:45,511] {processor.py:161} INFO - Processing /home/airflow/.local/lib/python3.7/site-packages/airflow/example_dags/example_time_delta_sensor_async.py took 0.052 seconds
[2023-09-09 18:45:16,037] {processor.py:153} INFO - Started process (PID=615) to work on /home/airflow/.local/lib/python3.7/site-packages/airflow/example_dags/example_time_delta_sensor_async.py
[2023-09-09 18:45:16,039] {processor.py:641} INFO - Processing file /home/airflow/.local/lib/python3.7/site-packages/airflow/example_dags/example_time_delta_sensor_async.py for tasks to queue
[2023-09-09 18:45:16,041] {logging_mixin.py:115} INFO - [2023-09-09 18:45:16,041] {dagbag.py:508} INFO - Filling up the DagBag from /home/airflow/.local/lib/python3.7/site-packages/airflow/example_dags/example_time_delta_sensor_async.py
[2023-09-09 18:45:16,048] {processor.py:651} INFO - DAG(s) dict_keys(['example_time_delta_sensor_async']) retrieved from /home/airflow/.local/lib/python3.7/site-packages/airflow/example_dags/example_time_delta_sensor_async.py
[2023-09-09 18:45:16,079] {logging_mixin.py:115} INFO - [2023-09-09 18:45:16,079] {dag.py:2420} INFO - Sync 1 DAGs
[2023-09-09 18:45:16,089] {logging_mixin.py:115} INFO - [2023-09-09 18:45:16,089] {dag.py:2972} INFO - Setting next_dagrun for example_time_delta_sensor_async to None, run_after=None
[2023-09-09 18:45:16,095] {processor.py:161} INFO - Processing /home/airflow/.local/lib/python3.7/site-packages/airflow/example_dags/example_time_delta_sensor_async.py took 0.063 seconds
[2023-09-09 18:45:46,300] {processor.py:153} INFO - Started process (PID=676) to work on /home/airflow/.local/lib/python3.7/site-packages/airflow/example_dags/example_time_delta_sensor_async.py
[2023-09-09 18:45:46,301] {processor.py:641} INFO - Processing file /home/airflow/.local/lib/python3.7/site-packages/airflow/example_dags/example_time_delta_sensor_async.py for tasks to queue
[2023-09-09 18:45:46,302] {logging_mixin.py:115} INFO - [2023-09-09 18:45:46,302] {dagbag.py:508} INFO - Filling up the DagBag from /home/airflow/.local/lib/python3.7/site-packages/airflow/example_dags/example_time_delta_sensor_async.py
[2023-09-09 18:45:46,304] {processor.py:651} INFO - DAG(s) dict_keys(['example_time_delta_sensor_async']) retrieved from /home/airflow/.local/lib/python3.7/site-packages/airflow/example_dags/example_time_delta_sensor_async.py
[2023-09-09 18:45:46,325] {logging_mixin.py:115} INFO - [2023-09-09 18:45:46,325] {dag.py:2420} INFO - Sync 1 DAGs
[2023-09-09 18:45:46,334] {logging_mixin.py:115} INFO - [2023-09-09 18:45:46,334] {dag.py:2972} INFO - Setting next_dagrun for example_time_delta_sensor_async to None, run_after=None
[2023-09-09 18:45:46,339] {processor.py:161} INFO - Processing /home/airflow/.local/lib/python3.7/site-packages/airflow/example_dags/example_time_delta_sensor_async.py took 0.041 seconds
[2023-09-09 18:46:16,597] {processor.py:153} INFO - Started process (PID=729) to work on /home/airflow/.local/lib/python3.7/site-packages/airflow/example_dags/example_time_delta_sensor_async.py
[2023-09-09 18:46:16,601] {processor.py:641} INFO - Processing file /home/airflow/.local/lib/python3.7/site-packages/airflow/example_dags/example_time_delta_sensor_async.py for tasks to queue
[2023-09-09 18:46:16,602] {logging_mixin.py:115} INFO - [2023-09-09 18:46:16,601] {dagbag.py:508} INFO - Filling up the DagBag from /home/airflow/.local/lib/python3.7/site-packages/airflow/example_dags/example_time_delta_sensor_async.py
[2023-09-09 18:46:16,608] {processor.py:651} INFO - DAG(s) dict_keys(['example_time_delta_sensor_async']) retrieved from /home/airflow/.local/lib/python3.7/site-packages/airflow/example_dags/example_time_delta_sensor_async.py
[2023-09-09 18:46:16,638] {logging_mixin.py:115} INFO - [2023-09-09 18:46:16,638] {dag.py:2420} INFO - Sync 1 DAGs
[2023-09-09 18:46:16,648] {logging_mixin.py:115} INFO - [2023-09-09 18:46:16,648] {dag.py:2972} INFO - Setting next_dagrun for example_time_delta_sensor_async to None, run_after=None
[2023-09-09 18:46:16,654] {processor.py:161} INFO - Processing /home/airflow/.local/lib/python3.7/site-packages/airflow/example_dags/example_time_delta_sensor_async.py took 0.061 seconds
[2023-09-09 18:46:46,852] {processor.py:153} INFO - Started process (PID=792) to work on /home/airflow/.local/lib/python3.7/site-packages/airflow/example_dags/example_time_delta_sensor_async.py
[2023-09-09 18:46:46,853] {processor.py:641} INFO - Processing file /home/airflow/.local/lib/python3.7/site-packages/airflow/example_dags/example_time_delta_sensor_async.py for tasks to queue
[2023-09-09 18:46:46,854] {logging_mixin.py:115} INFO - [2023-09-09 18:46:46,854] {dagbag.py:508} INFO - Filling up the DagBag from /home/airflow/.local/lib/python3.7/site-packages/airflow/example_dags/example_time_delta_sensor_async.py
[2023-09-09 18:46:46,857] {processor.py:651} INFO - DAG(s) dict_keys(['example_time_delta_sensor_async']) retrieved from /home/airflow/.local/lib/python3.7/site-packages/airflow/example_dags/example_time_delta_sensor_async.py
[2023-09-09 18:46:46,906] {logging_mixin.py:115} INFO - [2023-09-09 18:46:46,906] {dag.py:2420} INFO - Sync 1 DAGs
[2023-09-09 18:46:46,916] {logging_mixin.py:115} INFO - [2023-09-09 18:46:46,916] {dag.py:2972} INFO - Setting next_dagrun for example_time_delta_sensor_async to None, run_after=None
[2023-09-09 18:46:46,921] {processor.py:161} INFO - Processing /home/airflow/.local/lib/python3.7/site-packages/airflow/example_dags/example_time_delta_sensor_async.py took 0.071 seconds
[2023-09-09 18:47:17,181] {processor.py:153} INFO - Started process (PID=855) to work on /home/airflow/.local/lib/python3.7/site-packages/airflow/example_dags/example_time_delta_sensor_async.py
[2023-09-09 18:47:17,183] {processor.py:641} INFO - Processing file /home/airflow/.local/lib/python3.7/site-packages/airflow/example_dags/example_time_delta_sensor_async.py for tasks to queue
[2023-09-09 18:47:17,184] {logging_mixin.py:115} INFO - [2023-09-09 18:47:17,184] {dagbag.py:508} INFO - Filling up the DagBag from /home/airflow/.local/lib/python3.7/site-packages/airflow/example_dags/example_time_delta_sensor_async.py
[2023-09-09 18:47:17,190] {processor.py:651} INFO - DAG(s) dict_keys(['example_time_delta_sensor_async']) retrieved from /home/airflow/.local/lib/python3.7/site-packages/airflow/example_dags/example_time_delta_sensor_async.py
[2023-09-09 18:47:17,218] {logging_mixin.py:115} INFO - [2023-09-09 18:47:17,218] {dag.py:2420} INFO - Sync 1 DAGs
[2023-09-09 18:47:17,229] {logging_mixin.py:115} INFO - [2023-09-09 18:47:17,229] {dag.py:2972} INFO - Setting next_dagrun for example_time_delta_sensor_async to None, run_after=None
[2023-09-09 18:47:17,234] {processor.py:161} INFO - Processing /home/airflow/.local/lib/python3.7/site-packages/airflow/example_dags/example_time_delta_sensor_async.py took 0.059 seconds
[2023-09-09 18:47:47,352] {processor.py:153} INFO - Started process (PID=918) to work on /home/airflow/.local/lib/python3.7/site-packages/airflow/example_dags/example_time_delta_sensor_async.py
[2023-09-09 18:47:47,354] {processor.py:641} INFO - Processing file /home/airflow/.local/lib/python3.7/site-packages/airflow/example_dags/example_time_delta_sensor_async.py for tasks to queue
[2023-09-09 18:47:47,355] {logging_mixin.py:115} INFO - [2023-09-09 18:47:47,354] {dagbag.py:508} INFO - Filling up the DagBag from /home/airflow/.local/lib/python3.7/site-packages/airflow/example_dags/example_time_delta_sensor_async.py
[2023-09-09 18:47:47,359] {processor.py:651} INFO - DAG(s) dict_keys(['example_time_delta_sensor_async']) retrieved from /home/airflow/.local/lib/python3.7/site-packages/airflow/example_dags/example_time_delta_sensor_async.py
[2023-09-09 18:47:47,387] {logging_mixin.py:115} INFO - [2023-09-09 18:47:47,386] {dag.py:2420} INFO - Sync 1 DAGs
[2023-09-09 18:47:47,397] {logging_mixin.py:115} INFO - [2023-09-09 18:47:47,397] {dag.py:2972} INFO - Setting next_dagrun for example_time_delta_sensor_async to None, run_after=None
[2023-09-09 18:47:47,402] {processor.py:161} INFO - Processing /home/airflow/.local/lib/python3.7/site-packages/airflow/example_dags/example_time_delta_sensor_async.py took 0.054 seconds
[2023-09-09 18:48:17,557] {processor.py:153} INFO - Started process (PID=980) to work on /home/airflow/.local/lib/python3.7/site-packages/airflow/example_dags/example_time_delta_sensor_async.py
[2023-09-09 18:48:17,558] {processor.py:641} INFO - Processing file /home/airflow/.local/lib/python3.7/site-packages/airflow/example_dags/example_time_delta_sensor_async.py for tasks to queue
[2023-09-09 18:48:17,559] {logging_mixin.py:115} INFO - [2023-09-09 18:48:17,559] {dagbag.py:508} INFO - Filling up the DagBag from /home/airflow/.local/lib/python3.7/site-packages/airflow/example_dags/example_time_delta_sensor_async.py
[2023-09-09 18:48:17,562] {processor.py:651} INFO - DAG(s) dict_keys(['example_time_delta_sensor_async']) retrieved from /home/airflow/.local/lib/python3.7/site-packages/airflow/example_dags/example_time_delta_sensor_async.py
[2023-09-09 18:48:17,586] {logging_mixin.py:115} INFO - [2023-09-09 18:48:17,586] {dag.py:2420} INFO - Sync 1 DAGs
[2023-09-09 18:48:17,596] {logging_mixin.py:115} INFO - [2023-09-09 18:48:17,596] {dag.py:2972} INFO - Setting next_dagrun for example_time_delta_sensor_async to None, run_after=None
[2023-09-09 18:48:17,601] {processor.py:161} INFO - Processing /home/airflow/.local/lib/python3.7/site-packages/airflow/example_dags/example_time_delta_sensor_async.py took 0.047 seconds
[2023-09-09 18:48:47,830] {processor.py:153} INFO - Started process (PID=1042) to work on /home/airflow/.local/lib/python3.7/site-packages/airflow/example_dags/example_time_delta_sensor_async.py
[2023-09-09 18:48:47,831] {processor.py:641} INFO - Processing file /home/airflow/.local/lib/python3.7/site-packages/airflow/example_dags/example_time_delta_sensor_async.py for tasks to queue
[2023-09-09 18:48:47,831] {logging_mixin.py:115} INFO - [2023-09-09 18:48:47,831] {dagbag.py:508} INFO - Filling up the DagBag from /home/airflow/.local/lib/python3.7/site-packages/airflow/example_dags/example_time_delta_sensor_async.py
[2023-09-09 18:48:47,834] {processor.py:651} INFO - DAG(s) dict_keys(['example_time_delta_sensor_async']) retrieved from /home/airflow/.local/lib/python3.7/site-packages/airflow/example_dags/example_time_delta_sensor_async.py
[2023-09-09 18:48:47,855] {logging_mixin.py:115} INFO - [2023-09-09 18:48:47,855] {dag.py:2420} INFO - Sync 1 DAGs
[2023-09-09 18:48:47,864] {logging_mixin.py:115} INFO - [2023-09-09 18:48:47,864] {dag.py:2972} INFO - Setting next_dagrun for example_time_delta_sensor_async to None, run_after=None
[2023-09-09 18:48:47,869] {processor.py:161} INFO - Processing /home/airflow/.local/lib/python3.7/site-packages/airflow/example_dags/example_time_delta_sensor_async.py took 0.041 seconds
[2023-09-09 18:57:34,513] {processor.py:153} INFO - Started process (PID=57) to work on /home/airflow/.local/lib/python3.7/site-packages/airflow/example_dags/example_time_delta_sensor_async.py
[2023-09-09 18:57:34,514] {processor.py:641} INFO - Processing file /home/airflow/.local/lib/python3.7/site-packages/airflow/example_dags/example_time_delta_sensor_async.py for tasks to queue
[2023-09-09 18:57:34,515] {logging_mixin.py:115} INFO - [2023-09-09 18:57:34,515] {dagbag.py:508} INFO - Filling up the DagBag from /home/airflow/.local/lib/python3.7/site-packages/airflow/example_dags/example_time_delta_sensor_async.py
[2023-09-09 18:57:34,522] {processor.py:651} INFO - DAG(s) dict_keys(['example_time_delta_sensor_async']) retrieved from /home/airflow/.local/lib/python3.7/site-packages/airflow/example_dags/example_time_delta_sensor_async.py
[2023-09-09 18:57:34,551] {logging_mixin.py:115} INFO - [2023-09-09 18:57:34,551] {dag.py:2420} INFO - Sync 1 DAGs
[2023-09-09 18:57:34,566] {logging_mixin.py:115} INFO - [2023-09-09 18:57:34,566] {dag.py:2972} INFO - Setting next_dagrun for example_time_delta_sensor_async to None, run_after=None
[2023-09-09 18:57:34,573] {processor.py:161} INFO - Processing /home/airflow/.local/lib/python3.7/site-packages/airflow/example_dags/example_time_delta_sensor_async.py took 0.062 seconds
[2023-09-09 18:58:04,658] {processor.py:153} INFO - Started process (PID=120) to work on /home/airflow/.local/lib/python3.7/site-packages/airflow/example_dags/example_time_delta_sensor_async.py
[2023-09-09 18:58:04,659] {processor.py:641} INFO - Processing file /home/airflow/.local/lib/python3.7/site-packages/airflow/example_dags/example_time_delta_sensor_async.py for tasks to queue
[2023-09-09 18:58:04,659] {logging_mixin.py:115} INFO - [2023-09-09 18:58:04,659] {dagbag.py:508} INFO - Filling up the DagBag from /home/airflow/.local/lib/python3.7/site-packages/airflow/example_dags/example_time_delta_sensor_async.py
[2023-09-09 18:58:04,662] {processor.py:651} INFO - DAG(s) dict_keys(['example_time_delta_sensor_async']) retrieved from /home/airflow/.local/lib/python3.7/site-packages/airflow/example_dags/example_time_delta_sensor_async.py
[2023-09-09 18:58:04,681] {logging_mixin.py:115} INFO - [2023-09-09 18:58:04,681] {dag.py:2420} INFO - Sync 1 DAGs
[2023-09-09 18:58:04,690] {logging_mixin.py:115} INFO - [2023-09-09 18:58:04,690] {dag.py:2972} INFO - Setting next_dagrun for example_time_delta_sensor_async to None, run_after=None
[2023-09-09 18:58:04,695] {processor.py:161} INFO - Processing /home/airflow/.local/lib/python3.7/site-packages/airflow/example_dags/example_time_delta_sensor_async.py took 0.038 seconds
[2023-09-09 18:58:34,933] {processor.py:153} INFO - Started process (PID=183) to work on /home/airflow/.local/lib/python3.7/site-packages/airflow/example_dags/example_time_delta_sensor_async.py
[2023-09-09 18:58:34,934] {processor.py:641} INFO - Processing file /home/airflow/.local/lib/python3.7/site-packages/airflow/example_dags/example_time_delta_sensor_async.py for tasks to queue
[2023-09-09 18:58:34,935] {logging_mixin.py:115} INFO - [2023-09-09 18:58:34,935] {dagbag.py:508} INFO - Filling up the DagBag from /home/airflow/.local/lib/python3.7/site-packages/airflow/example_dags/example_time_delta_sensor_async.py
[2023-09-09 18:58:34,938] {processor.py:651} INFO - DAG(s) dict_keys(['example_time_delta_sensor_async']) retrieved from /home/airflow/.local/lib/python3.7/site-packages/airflow/example_dags/example_time_delta_sensor_async.py
[2023-09-09 18:58:34,957] {logging_mixin.py:115} INFO - [2023-09-09 18:58:34,957] {dag.py:2420} INFO - Sync 1 DAGs
[2023-09-09 18:58:34,966] {logging_mixin.py:115} INFO - [2023-09-09 18:58:34,966] {dag.py:2972} INFO - Setting next_dagrun for example_time_delta_sensor_async to None, run_after=None
[2023-09-09 18:58:34,971] {processor.py:161} INFO - Processing /home/airflow/.local/lib/python3.7/site-packages/airflow/example_dags/example_time_delta_sensor_async.py took 0.039 seconds
[2023-09-09 18:59:05,238] {processor.py:153} INFO - Started process (PID=245) to work on /home/airflow/.local/lib/python3.7/site-packages/airflow/example_dags/example_time_delta_sensor_async.py
[2023-09-09 18:59:05,238] {processor.py:641} INFO - Processing file /home/airflow/.local/lib/python3.7/site-packages/airflow/example_dags/example_time_delta_sensor_async.py for tasks to queue
[2023-09-09 18:59:05,239] {logging_mixin.py:115} INFO - [2023-09-09 18:59:05,239] {dagbag.py:508} INFO - Filling up the DagBag from /home/airflow/.local/lib/python3.7/site-packages/airflow/example_dags/example_time_delta_sensor_async.py
[2023-09-09 18:59:05,242] {processor.py:651} INFO - DAG(s) dict_keys(['example_time_delta_sensor_async']) retrieved from /home/airflow/.local/lib/python3.7/site-packages/airflow/example_dags/example_time_delta_sensor_async.py
[2023-09-09 18:59:05,260] {logging_mixin.py:115} INFO - [2023-09-09 18:59:05,260] {dag.py:2420} INFO - Sync 1 DAGs
[2023-09-09 18:59:05,270] {logging_mixin.py:115} INFO - [2023-09-09 18:59:05,270] {dag.py:2972} INFO - Setting next_dagrun for example_time_delta_sensor_async to None, run_after=None
[2023-09-09 18:59:05,275] {processor.py:161} INFO - Processing /home/airflow/.local/lib/python3.7/site-packages/airflow/example_dags/example_time_delta_sensor_async.py took 0.039 seconds
[2023-09-09 18:59:35,679] {processor.py:153} INFO - Started process (PID=299) to work on /home/airflow/.local/lib/python3.7/site-packages/airflow/example_dags/example_time_delta_sensor_async.py
[2023-09-09 18:59:35,679] {processor.py:641} INFO - Processing file /home/airflow/.local/lib/python3.7/site-packages/airflow/example_dags/example_time_delta_sensor_async.py for tasks to queue
[2023-09-09 18:59:35,680] {logging_mixin.py:115} INFO - [2023-09-09 18:59:35,680] {dagbag.py:508} INFO - Filling up the DagBag from /home/airflow/.local/lib/python3.7/site-packages/airflow/example_dags/example_time_delta_sensor_async.py
[2023-09-09 18:59:35,683] {processor.py:651} INFO - DAG(s) dict_keys(['example_time_delta_sensor_async']) retrieved from /home/airflow/.local/lib/python3.7/site-packages/airflow/example_dags/example_time_delta_sensor_async.py
[2023-09-09 18:59:35,702] {logging_mixin.py:115} INFO - [2023-09-09 18:59:35,702] {dag.py:2420} INFO - Sync 1 DAGs
[2023-09-09 18:59:35,711] {logging_mixin.py:115} INFO - [2023-09-09 18:59:35,711] {dag.py:2972} INFO - Setting next_dagrun for example_time_delta_sensor_async to None, run_after=None
[2023-09-09 18:59:35,716] {processor.py:161} INFO - Processing /home/airflow/.local/lib/python3.7/site-packages/airflow/example_dags/example_time_delta_sensor_async.py took 0.039 seconds
[2023-09-09 19:00:05,906] {processor.py:153} INFO - Started process (PID=361) to work on /home/airflow/.local/lib/python3.7/site-packages/airflow/example_dags/example_time_delta_sensor_async.py
[2023-09-09 19:00:05,906] {processor.py:641} INFO - Processing file /home/airflow/.local/lib/python3.7/site-packages/airflow/example_dags/example_time_delta_sensor_async.py for tasks to queue
[2023-09-09 19:00:05,907] {logging_mixin.py:115} INFO - [2023-09-09 19:00:05,907] {dagbag.py:508} INFO - Filling up the DagBag from /home/airflow/.local/lib/python3.7/site-packages/airflow/example_dags/example_time_delta_sensor_async.py
[2023-09-09 19:00:05,910] {processor.py:651} INFO - DAG(s) dict_keys(['example_time_delta_sensor_async']) retrieved from /home/airflow/.local/lib/python3.7/site-packages/airflow/example_dags/example_time_delta_sensor_async.py
[2023-09-09 19:00:05,932] {logging_mixin.py:115} INFO - [2023-09-09 19:00:05,932] {dag.py:2420} INFO - Sync 1 DAGs
[2023-09-09 19:00:05,942] {logging_mixin.py:115} INFO - [2023-09-09 19:00:05,942] {dag.py:2972} INFO - Setting next_dagrun for example_time_delta_sensor_async to None, run_after=None
[2023-09-09 19:00:05,947] {processor.py:161} INFO - Processing /home/airflow/.local/lib/python3.7/site-packages/airflow/example_dags/example_time_delta_sensor_async.py took 0.044 seconds
[2023-09-09 19:00:36,279] {processor.py:153} INFO - Started process (PID=425) to work on /home/airflow/.local/lib/python3.7/site-packages/airflow/example_dags/example_time_delta_sensor_async.py
[2023-09-09 19:00:36,279] {processor.py:641} INFO - Processing file /home/airflow/.local/lib/python3.7/site-packages/airflow/example_dags/example_time_delta_sensor_async.py for tasks to queue
[2023-09-09 19:00:36,280] {logging_mixin.py:115} INFO - [2023-09-09 19:00:36,280] {dagbag.py:508} INFO - Filling up the DagBag from /home/airflow/.local/lib/python3.7/site-packages/airflow/example_dags/example_time_delta_sensor_async.py
[2023-09-09 19:00:36,283] {processor.py:651} INFO - DAG(s) dict_keys(['example_time_delta_sensor_async']) retrieved from /home/airflow/.local/lib/python3.7/site-packages/airflow/example_dags/example_time_delta_sensor_async.py
[2023-09-09 19:00:36,302] {logging_mixin.py:115} INFO - [2023-09-09 19:00:36,302] {dag.py:2420} INFO - Sync 1 DAGs
[2023-09-09 19:00:36,312] {logging_mixin.py:115} INFO - [2023-09-09 19:00:36,312] {dag.py:2972} INFO - Setting next_dagrun for example_time_delta_sensor_async to None, run_after=None
[2023-09-09 19:00:36,317] {processor.py:161} INFO - Processing /home/airflow/.local/lib/python3.7/site-packages/airflow/example_dags/example_time_delta_sensor_async.py took 0.040 seconds
[2023-09-09 19:01:06,432] {processor.py:153} INFO - Started process (PID=489) to work on /home/airflow/.local/lib/python3.7/site-packages/airflow/example_dags/example_time_delta_sensor_async.py
[2023-09-09 19:01:06,432] {processor.py:641} INFO - Processing file /home/airflow/.local/lib/python3.7/site-packages/airflow/example_dags/example_time_delta_sensor_async.py for tasks to queue
[2023-09-09 19:01:06,433] {logging_mixin.py:115} INFO - [2023-09-09 19:01:06,433] {dagbag.py:508} INFO - Filling up the DagBag from /home/airflow/.local/lib/python3.7/site-packages/airflow/example_dags/example_time_delta_sensor_async.py
[2023-09-09 19:01:06,436] {processor.py:651} INFO - DAG(s) dict_keys(['example_time_delta_sensor_async']) retrieved from /home/airflow/.local/lib/python3.7/site-packages/airflow/example_dags/example_time_delta_sensor_async.py
[2023-09-09 19:01:06,455] {logging_mixin.py:115} INFO - [2023-09-09 19:01:06,455] {dag.py:2420} INFO - Sync 1 DAGs
[2023-09-09 19:01:06,465] {logging_mixin.py:115} INFO - [2023-09-09 19:01:06,465] {dag.py:2972} INFO - Setting next_dagrun for example_time_delta_sensor_async to None, run_after=None
[2023-09-09 19:01:06,473] {processor.py:161} INFO - Processing /home/airflow/.local/lib/python3.7/site-packages/airflow/example_dags/example_time_delta_sensor_async.py took 0.043 seconds
[2023-09-09 19:01:36,733] {processor.py:153} INFO - Started process (PID=552) to work on /home/airflow/.local/lib/python3.7/site-packages/airflow/example_dags/example_time_delta_sensor_async.py
[2023-09-09 19:01:36,734] {processor.py:641} INFO - Processing file /home/airflow/.local/lib/python3.7/site-packages/airflow/example_dags/example_time_delta_sensor_async.py for tasks to queue
[2023-09-09 19:01:36,734] {logging_mixin.py:115} INFO - [2023-09-09 19:01:36,734] {dagbag.py:508} INFO - Filling up the DagBag from /home/airflow/.local/lib/python3.7/site-packages/airflow/example_dags/example_time_delta_sensor_async.py
[2023-09-09 19:01:36,737] {processor.py:651} INFO - DAG(s) dict_keys(['example_time_delta_sensor_async']) retrieved from /home/airflow/.local/lib/python3.7/site-packages/airflow/example_dags/example_time_delta_sensor_async.py
[2023-09-09 19:01:36,757] {logging_mixin.py:115} INFO - [2023-09-09 19:01:36,757] {dag.py:2420} INFO - Sync 1 DAGs
[2023-09-09 19:01:36,767] {logging_mixin.py:115} INFO - [2023-09-09 19:01:36,767] {dag.py:2972} INFO - Setting next_dagrun for example_time_delta_sensor_async to None, run_after=None
[2023-09-09 19:01:36,772] {processor.py:161} INFO - Processing /home/airflow/.local/lib/python3.7/site-packages/airflow/example_dags/example_time_delta_sensor_async.py took 0.041 seconds
[2023-09-09 19:02:07,275] {processor.py:153} INFO - Started process (PID=615) to work on /home/airflow/.local/lib/python3.7/site-packages/airflow/example_dags/example_time_delta_sensor_async.py
[2023-09-09 19:02:07,276] {processor.py:641} INFO - Processing file /home/airflow/.local/lib/python3.7/site-packages/airflow/example_dags/example_time_delta_sensor_async.py for tasks to queue
[2023-09-09 19:02:07,276] {logging_mixin.py:115} INFO - [2023-09-09 19:02:07,276] {dagbag.py:508} INFO - Filling up the DagBag from /home/airflow/.local/lib/python3.7/site-packages/airflow/example_dags/example_time_delta_sensor_async.py
[2023-09-09 19:02:07,279] {processor.py:651} INFO - DAG(s) dict_keys(['example_time_delta_sensor_async']) retrieved from /home/airflow/.local/lib/python3.7/site-packages/airflow/example_dags/example_time_delta_sensor_async.py
[2023-09-09 19:02:07,299] {logging_mixin.py:115} INFO - [2023-09-09 19:02:07,299] {dag.py:2420} INFO - Sync 1 DAGs
[2023-09-09 19:02:07,309] {logging_mixin.py:115} INFO - [2023-09-09 19:02:07,309] {dag.py:2972} INFO - Setting next_dagrun for example_time_delta_sensor_async to None, run_after=None
[2023-09-09 19:02:07,314] {processor.py:161} INFO - Processing /home/airflow/.local/lib/python3.7/site-packages/airflow/example_dags/example_time_delta_sensor_async.py took 0.041 seconds
[2023-09-09 19:02:38,004] {processor.py:153} INFO - Started process (PID=673) to work on /home/airflow/.local/lib/python3.7/site-packages/airflow/example_dags/example_time_delta_sensor_async.py
[2023-09-09 19:02:38,004] {processor.py:641} INFO - Processing file /home/airflow/.local/lib/python3.7/site-packages/airflow/example_dags/example_time_delta_sensor_async.py for tasks to queue
[2023-09-09 19:02:38,005] {logging_mixin.py:115} INFO - [2023-09-09 19:02:38,005] {dagbag.py:508} INFO - Filling up the DagBag from /home/airflow/.local/lib/python3.7/site-packages/airflow/example_dags/example_time_delta_sensor_async.py
[2023-09-09 19:02:38,008] {processor.py:651} INFO - DAG(s) dict_keys(['example_time_delta_sensor_async']) retrieved from /home/airflow/.local/lib/python3.7/site-packages/airflow/example_dags/example_time_delta_sensor_async.py
[2023-09-09 19:02:38,027] {logging_mixin.py:115} INFO - [2023-09-09 19:02:38,027] {dag.py:2420} INFO - Sync 1 DAGs
[2023-09-09 19:02:38,036] {logging_mixin.py:115} INFO - [2023-09-09 19:02:38,036] {dag.py:2972} INFO - Setting next_dagrun for example_time_delta_sensor_async to None, run_after=None
[2023-09-09 19:02:38,041] {processor.py:161} INFO - Processing /home/airflow/.local/lib/python3.7/site-packages/airflow/example_dags/example_time_delta_sensor_async.py took 0.039 seconds
[2023-09-09 19:03:35,993] {processor.py:153} INFO - Started process (PID=57) to work on /home/airflow/.local/lib/python3.7/site-packages/airflow/example_dags/example_time_delta_sensor_async.py
[2023-09-09 19:03:35,994] {processor.py:641} INFO - Processing file /home/airflow/.local/lib/python3.7/site-packages/airflow/example_dags/example_time_delta_sensor_async.py for tasks to queue
[2023-09-09 19:03:36,002] {logging_mixin.py:115} INFO - [2023-09-09 19:03:36,002] {dagbag.py:508} INFO - Filling up the DagBag from /home/airflow/.local/lib/python3.7/site-packages/airflow/example_dags/example_time_delta_sensor_async.py
[2023-09-09 19:03:36,015] {processor.py:651} INFO - DAG(s) dict_keys(['example_time_delta_sensor_async']) retrieved from /home/airflow/.local/lib/python3.7/site-packages/airflow/example_dags/example_time_delta_sensor_async.py
[2023-09-09 19:03:36,072] {logging_mixin.py:115} INFO - [2023-09-09 19:03:36,072] {dag.py:2420} INFO - Sync 1 DAGs
[2023-09-09 19:03:36,095] {logging_mixin.py:115} INFO - [2023-09-09 19:03:36,095] {dag.py:2972} INFO - Setting next_dagrun for example_time_delta_sensor_async to None, run_after=None
[2023-09-09 19:03:36,116] {processor.py:161} INFO - Processing /home/airflow/.local/lib/python3.7/site-packages/airflow/example_dags/example_time_delta_sensor_async.py took 0.133 seconds
[2023-09-09 19:04:06,927] {processor.py:153} INFO - Started process (PID=120) to work on /home/airflow/.local/lib/python3.7/site-packages/airflow/example_dags/example_time_delta_sensor_async.py
[2023-09-09 19:04:06,928] {processor.py:641} INFO - Processing file /home/airflow/.local/lib/python3.7/site-packages/airflow/example_dags/example_time_delta_sensor_async.py for tasks to queue
[2023-09-09 19:04:06,928] {logging_mixin.py:115} INFO - [2023-09-09 19:04:06,928] {dagbag.py:508} INFO - Filling up the DagBag from /home/airflow/.local/lib/python3.7/site-packages/airflow/example_dags/example_time_delta_sensor_async.py
[2023-09-09 19:04:06,931] {processor.py:651} INFO - DAG(s) dict_keys(['example_time_delta_sensor_async']) retrieved from /home/airflow/.local/lib/python3.7/site-packages/airflow/example_dags/example_time_delta_sensor_async.py
[2023-09-09 19:04:06,951] {logging_mixin.py:115} INFO - [2023-09-09 19:04:06,951] {dag.py:2420} INFO - Sync 1 DAGs
[2023-09-09 19:04:06,960] {logging_mixin.py:115} INFO - [2023-09-09 19:04:06,960] {dag.py:2972} INFO - Setting next_dagrun for example_time_delta_sensor_async to None, run_after=None
[2023-09-09 19:04:06,965] {processor.py:161} INFO - Processing /home/airflow/.local/lib/python3.7/site-packages/airflow/example_dags/example_time_delta_sensor_async.py took 0.040 seconds
[2023-09-09 19:04:37,248] {processor.py:153} INFO - Started process (PID=182) to work on /home/airflow/.local/lib/python3.7/site-packages/airflow/example_dags/example_time_delta_sensor_async.py
[2023-09-09 19:04:37,248] {processor.py:641} INFO - Processing file /home/airflow/.local/lib/python3.7/site-packages/airflow/example_dags/example_time_delta_sensor_async.py for tasks to queue
[2023-09-09 19:04:37,249] {logging_mixin.py:115} INFO - [2023-09-09 19:04:37,249] {dagbag.py:508} INFO - Filling up the DagBag from /home/airflow/.local/lib/python3.7/site-packages/airflow/example_dags/example_time_delta_sensor_async.py
[2023-09-09 19:04:37,252] {processor.py:651} INFO - DAG(s) dict_keys(['example_time_delta_sensor_async']) retrieved from /home/airflow/.local/lib/python3.7/site-packages/airflow/example_dags/example_time_delta_sensor_async.py
[2023-09-09 19:04:37,272] {logging_mixin.py:115} INFO - [2023-09-09 19:04:37,272] {dag.py:2420} INFO - Sync 1 DAGs
[2023-09-09 19:04:37,281] {logging_mixin.py:115} INFO - [2023-09-09 19:04:37,281] {dag.py:2972} INFO - Setting next_dagrun for example_time_delta_sensor_async to None, run_after=None
[2023-09-09 19:04:37,286] {processor.py:161} INFO - Processing /home/airflow/.local/lib/python3.7/site-packages/airflow/example_dags/example_time_delta_sensor_async.py took 0.040 seconds
[2023-09-09 19:05:07,529] {processor.py:153} INFO - Started process (PID=246) to work on /home/airflow/.local/lib/python3.7/site-packages/airflow/example_dags/example_time_delta_sensor_async.py
[2023-09-09 19:05:07,530] {processor.py:641} INFO - Processing file /home/airflow/.local/lib/python3.7/site-packages/airflow/example_dags/example_time_delta_sensor_async.py for tasks to queue
[2023-09-09 19:05:07,530] {logging_mixin.py:115} INFO - [2023-09-09 19:05:07,530] {dagbag.py:508} INFO - Filling up the DagBag from /home/airflow/.local/lib/python3.7/site-packages/airflow/example_dags/example_time_delta_sensor_async.py
[2023-09-09 19:05:07,533] {processor.py:651} INFO - DAG(s) dict_keys(['example_time_delta_sensor_async']) retrieved from /home/airflow/.local/lib/python3.7/site-packages/airflow/example_dags/example_time_delta_sensor_async.py
[2023-09-09 19:05:07,553] {logging_mixin.py:115} INFO - [2023-09-09 19:05:07,553] {dag.py:2420} INFO - Sync 1 DAGs
[2023-09-09 19:05:07,562] {logging_mixin.py:115} INFO - [2023-09-09 19:05:07,562] {dag.py:2972} INFO - Setting next_dagrun for example_time_delta_sensor_async to None, run_after=None
[2023-09-09 19:05:07,567] {processor.py:161} INFO - Processing /home/airflow/.local/lib/python3.7/site-packages/airflow/example_dags/example_time_delta_sensor_async.py took 0.040 seconds
[2023-09-09 19:05:37,794] {processor.py:153} INFO - Started process (PID=308) to work on /home/airflow/.local/lib/python3.7/site-packages/airflow/example_dags/example_time_delta_sensor_async.py
[2023-09-09 19:05:37,795] {processor.py:641} INFO - Processing file /home/airflow/.local/lib/python3.7/site-packages/airflow/example_dags/example_time_delta_sensor_async.py for tasks to queue
[2023-09-09 19:05:37,796] {logging_mixin.py:115} INFO - [2023-09-09 19:05:37,796] {dagbag.py:508} INFO - Filling up the DagBag from /home/airflow/.local/lib/python3.7/site-packages/airflow/example_dags/example_time_delta_sensor_async.py
[2023-09-09 19:05:37,799] {processor.py:651} INFO - DAG(s) dict_keys(['example_time_delta_sensor_async']) retrieved from /home/airflow/.local/lib/python3.7/site-packages/airflow/example_dags/example_time_delta_sensor_async.py
[2023-09-09 19:05:37,824] {logging_mixin.py:115} INFO - [2023-09-09 19:05:37,824] {dag.py:2420} INFO - Sync 1 DAGs
[2023-09-09 19:05:37,834] {logging_mixin.py:115} INFO - [2023-09-09 19:05:37,834] {dag.py:2972} INFO - Setting next_dagrun for example_time_delta_sensor_async to None, run_after=None
[2023-09-09 19:05:37,840] {processor.py:161} INFO - Processing /home/airflow/.local/lib/python3.7/site-packages/airflow/example_dags/example_time_delta_sensor_async.py took 0.047 seconds
[2023-09-09 19:06:08,130] {processor.py:153} INFO - Started process (PID=362) to work on /home/airflow/.local/lib/python3.7/site-packages/airflow/example_dags/example_time_delta_sensor_async.py
[2023-09-09 19:06:08,130] {processor.py:641} INFO - Processing file /home/airflow/.local/lib/python3.7/site-packages/airflow/example_dags/example_time_delta_sensor_async.py for tasks to queue
[2023-09-09 19:06:08,131] {logging_mixin.py:115} INFO - [2023-09-09 19:06:08,131] {dagbag.py:508} INFO - Filling up the DagBag from /home/airflow/.local/lib/python3.7/site-packages/airflow/example_dags/example_time_delta_sensor_async.py
[2023-09-09 19:06:08,134] {processor.py:651} INFO - DAG(s) dict_keys(['example_time_delta_sensor_async']) retrieved from /home/airflow/.local/lib/python3.7/site-packages/airflow/example_dags/example_time_delta_sensor_async.py
[2023-09-09 19:06:08,154] {logging_mixin.py:115} INFO - [2023-09-09 19:06:08,154] {dag.py:2420} INFO - Sync 1 DAGs
[2023-09-09 19:06:08,163] {logging_mixin.py:115} INFO - [2023-09-09 19:06:08,163] {dag.py:2972} INFO - Setting next_dagrun for example_time_delta_sensor_async to None, run_after=None
[2023-09-09 19:06:08,168] {processor.py:161} INFO - Processing /home/airflow/.local/lib/python3.7/site-packages/airflow/example_dags/example_time_delta_sensor_async.py took 0.040 seconds
[2023-09-09 19:06:38,477] {processor.py:153} INFO - Started process (PID=425) to work on /home/airflow/.local/lib/python3.7/site-packages/airflow/example_dags/example_time_delta_sensor_async.py
[2023-09-09 19:06:38,477] {processor.py:641} INFO - Processing file /home/airflow/.local/lib/python3.7/site-packages/airflow/example_dags/example_time_delta_sensor_async.py for tasks to queue
[2023-09-09 19:06:38,478] {logging_mixin.py:115} INFO - [2023-09-09 19:06:38,477] {dagbag.py:508} INFO - Filling up the DagBag from /home/airflow/.local/lib/python3.7/site-packages/airflow/example_dags/example_time_delta_sensor_async.py
[2023-09-09 19:06:38,480] {processor.py:651} INFO - DAG(s) dict_keys(['example_time_delta_sensor_async']) retrieved from /home/airflow/.local/lib/python3.7/site-packages/airflow/example_dags/example_time_delta_sensor_async.py
[2023-09-09 19:06:38,500] {logging_mixin.py:115} INFO - [2023-09-09 19:06:38,500] {dag.py:2420} INFO - Sync 1 DAGs
[2023-09-09 19:06:38,509] {logging_mixin.py:115} INFO - [2023-09-09 19:06:38,509] {dag.py:2972} INFO - Setting next_dagrun for example_time_delta_sensor_async to None, run_after=None
[2023-09-09 19:06:38,515] {processor.py:161} INFO - Processing /home/airflow/.local/lib/python3.7/site-packages/airflow/example_dags/example_time_delta_sensor_async.py took 0.040 seconds
[2023-09-09 19:07:08,816] {processor.py:153} INFO - Started process (PID=488) to work on /home/airflow/.local/lib/python3.7/site-packages/airflow/example_dags/example_time_delta_sensor_async.py
[2023-09-09 19:07:08,816] {processor.py:641} INFO - Processing file /home/airflow/.local/lib/python3.7/site-packages/airflow/example_dags/example_time_delta_sensor_async.py for tasks to queue
[2023-09-09 19:07:08,817] {logging_mixin.py:115} INFO - [2023-09-09 19:07:08,817] {dagbag.py:508} INFO - Filling up the DagBag from /home/airflow/.local/lib/python3.7/site-packages/airflow/example_dags/example_time_delta_sensor_async.py
[2023-09-09 19:07:08,820] {processor.py:651} INFO - DAG(s) dict_keys(['example_time_delta_sensor_async']) retrieved from /home/airflow/.local/lib/python3.7/site-packages/airflow/example_dags/example_time_delta_sensor_async.py
[2023-09-09 19:07:08,846] {logging_mixin.py:115} INFO - [2023-09-09 19:07:08,846] {dag.py:2420} INFO - Sync 1 DAGs
[2023-09-09 19:07:08,856] {logging_mixin.py:115} INFO - [2023-09-09 19:07:08,855] {dag.py:2972} INFO - Setting next_dagrun for example_time_delta_sensor_async to None, run_after=None
[2023-09-09 19:07:08,861] {processor.py:161} INFO - Processing /home/airflow/.local/lib/python3.7/site-packages/airflow/example_dags/example_time_delta_sensor_async.py took 0.047 seconds
[2023-09-09 19:07:39,101] {processor.py:153} INFO - Started process (PID=551) to work on /home/airflow/.local/lib/python3.7/site-packages/airflow/example_dags/example_time_delta_sensor_async.py
[2023-09-09 19:07:39,102] {processor.py:641} INFO - Processing file /home/airflow/.local/lib/python3.7/site-packages/airflow/example_dags/example_time_delta_sensor_async.py for tasks to queue
[2023-09-09 19:07:39,103] {logging_mixin.py:115} INFO - [2023-09-09 19:07:39,103] {dagbag.py:508} INFO - Filling up the DagBag from /home/airflow/.local/lib/python3.7/site-packages/airflow/example_dags/example_time_delta_sensor_async.py
[2023-09-09 19:07:39,118] {processor.py:651} INFO - DAG(s) dict_keys(['example_time_delta_sensor_async']) retrieved from /home/airflow/.local/lib/python3.7/site-packages/airflow/example_dags/example_time_delta_sensor_async.py
[2023-09-09 19:07:39,159] {logging_mixin.py:115} INFO - [2023-09-09 19:07:39,159] {dag.py:2420} INFO - Sync 1 DAGs
[2023-09-09 19:07:39,189] {logging_mixin.py:115} INFO - [2023-09-09 19:07:39,188] {dag.py:2972} INFO - Setting next_dagrun for example_time_delta_sensor_async to None, run_after=None
[2023-09-09 19:07:39,200] {processor.py:161} INFO - Processing /home/airflow/.local/lib/python3.7/site-packages/airflow/example_dags/example_time_delta_sensor_async.py took 0.101 seconds
[2023-09-09 19:08:09,786] {processor.py:153} INFO - Started process (PID=614) to work on /home/airflow/.local/lib/python3.7/site-packages/airflow/example_dags/example_time_delta_sensor_async.py
[2023-09-09 19:08:09,786] {processor.py:641} INFO - Processing file /home/airflow/.local/lib/python3.7/site-packages/airflow/example_dags/example_time_delta_sensor_async.py for tasks to queue
[2023-09-09 19:08:09,787] {logging_mixin.py:115} INFO - [2023-09-09 19:08:09,787] {dagbag.py:508} INFO - Filling up the DagBag from /home/airflow/.local/lib/python3.7/site-packages/airflow/example_dags/example_time_delta_sensor_async.py
[2023-09-09 19:08:09,790] {processor.py:651} INFO - DAG(s) dict_keys(['example_time_delta_sensor_async']) retrieved from /home/airflow/.local/lib/python3.7/site-packages/airflow/example_dags/example_time_delta_sensor_async.py
[2023-09-09 19:08:09,829] {logging_mixin.py:115} INFO - [2023-09-09 19:08:09,829] {dag.py:2420} INFO - Sync 1 DAGs
[2023-09-09 19:08:09,867] {logging_mixin.py:115} INFO - [2023-09-09 19:08:09,867] {dag.py:2972} INFO - Setting next_dagrun for example_time_delta_sensor_async to None, run_after=None
[2023-09-09 19:08:09,873] {processor.py:161} INFO - Processing /home/airflow/.local/lib/python3.7/site-packages/airflow/example_dags/example_time_delta_sensor_async.py took 0.090 seconds
[2023-09-09 19:08:40,313] {processor.py:153} INFO - Started process (PID=676) to work on /home/airflow/.local/lib/python3.7/site-packages/airflow/example_dags/example_time_delta_sensor_async.py
[2023-09-09 19:08:40,313] {processor.py:641} INFO - Processing file /home/airflow/.local/lib/python3.7/site-packages/airflow/example_dags/example_time_delta_sensor_async.py for tasks to queue
[2023-09-09 19:08:40,314] {logging_mixin.py:115} INFO - [2023-09-09 19:08:40,314] {dagbag.py:508} INFO - Filling up the DagBag from /home/airflow/.local/lib/python3.7/site-packages/airflow/example_dags/example_time_delta_sensor_async.py
[2023-09-09 19:08:40,317] {processor.py:651} INFO - DAG(s) dict_keys(['example_time_delta_sensor_async']) retrieved from /home/airflow/.local/lib/python3.7/site-packages/airflow/example_dags/example_time_delta_sensor_async.py
[2023-09-09 19:08:40,338] {logging_mixin.py:115} INFO - [2023-09-09 19:08:40,338] {dag.py:2420} INFO - Sync 1 DAGs
[2023-09-09 19:08:40,349] {logging_mixin.py:115} INFO - [2023-09-09 19:08:40,349] {dag.py:2972} INFO - Setting next_dagrun for example_time_delta_sensor_async to None, run_after=None
[2023-09-09 19:08:40,354] {processor.py:161} INFO - Processing /home/airflow/.local/lib/python3.7/site-packages/airflow/example_dags/example_time_delta_sensor_async.py took 0.043 seconds
[2023-09-09 19:09:10,649] {processor.py:153} INFO - Started process (PID=730) to work on /home/airflow/.local/lib/python3.7/site-packages/airflow/example_dags/example_time_delta_sensor_async.py
[2023-09-09 19:09:10,650] {processor.py:641} INFO - Processing file /home/airflow/.local/lib/python3.7/site-packages/airflow/example_dags/example_time_delta_sensor_async.py for tasks to queue
[2023-09-09 19:09:10,650] {logging_mixin.py:115} INFO - [2023-09-09 19:09:10,650] {dagbag.py:508} INFO - Filling up the DagBag from /home/airflow/.local/lib/python3.7/site-packages/airflow/example_dags/example_time_delta_sensor_async.py
[2023-09-09 19:09:10,654] {processor.py:651} INFO - DAG(s) dict_keys(['example_time_delta_sensor_async']) retrieved from /home/airflow/.local/lib/python3.7/site-packages/airflow/example_dags/example_time_delta_sensor_async.py
[2023-09-09 19:09:10,675] {logging_mixin.py:115} INFO - [2023-09-09 19:09:10,675] {dag.py:2420} INFO - Sync 1 DAGs
[2023-09-09 19:09:10,685] {logging_mixin.py:115} INFO - [2023-09-09 19:09:10,685] {dag.py:2972} INFO - Setting next_dagrun for example_time_delta_sensor_async to None, run_after=None
[2023-09-09 19:09:10,691] {processor.py:161} INFO - Processing /home/airflow/.local/lib/python3.7/site-packages/airflow/example_dags/example_time_delta_sensor_async.py took 0.043 seconds
