[2023-09-09 18:40:41,907] {processor.py:153} INFO - Started process (PID=62) to work on /home/airflow/.local/lib/python3.7/site-packages/airflow/example_dags/example_trigger_target_dag.py
[2023-09-09 18:40:41,909] {processor.py:641} INFO - Processing file /home/airflow/.local/lib/python3.7/site-packages/airflow/example_dags/example_trigger_target_dag.py for tasks to queue
[2023-09-09 18:40:41,909] {logging_mixin.py:115} INFO - [2023-09-09 18:40:41,909] {dagbag.py:508} INFO - Filling up the DagBag from /home/airflow/.local/lib/python3.7/site-packages/airflow/example_dags/example_trigger_target_dag.py
[2023-09-09 18:40:41,920] {processor.py:651} INFO - DAG(s) dict_keys(['example_trigger_target_dag']) retrieved from /home/airflow/.local/lib/python3.7/site-packages/airflow/example_dags/example_trigger_target_dag.py
[2023-09-09 18:40:41,978] {logging_mixin.py:115} INFO - [2023-09-09 18:40:41,978] {manager.py:508} INFO - Created Permission View: can edit on DAG:example_trigger_target_dag
[2023-09-09 18:40:41,983] {logging_mixin.py:115} INFO - [2023-09-09 18:40:41,983] {manager.py:508} INFO - Created Permission View: can read on DAG:example_trigger_target_dag
[2023-09-09 18:40:41,988] {logging_mixin.py:115} INFO - [2023-09-09 18:40:41,988] {manager.py:508} INFO - Created Permission View: can delete on DAG:example_trigger_target_dag
[2023-09-09 18:40:41,988] {logging_mixin.py:115} INFO - [2023-09-09 18:40:41,988] {dag.py:2420} INFO - Sync 1 DAGs
[2023-09-09 18:40:41,993] {logging_mixin.py:115} INFO - [2023-09-09 18:40:41,993] {dag.py:2439} INFO - Creating ORM DAG for example_trigger_target_dag
[2023-09-09 18:40:42,000] {logging_mixin.py:115} INFO - [2023-09-09 18:40:42,000] {dag.py:2972} INFO - Setting next_dagrun for example_trigger_target_dag to None, run_after=None
[2023-09-09 18:40:42,009] {processor.py:161} INFO - Processing /home/airflow/.local/lib/python3.7/site-packages/airflow/example_dags/example_trigger_target_dag.py took 0.104 seconds
[2023-09-09 18:41:12,741] {processor.py:153} INFO - Started process (PID=125) to work on /home/airflow/.local/lib/python3.7/site-packages/airflow/example_dags/example_trigger_target_dag.py
[2023-09-09 18:41:12,741] {processor.py:641} INFO - Processing file /home/airflow/.local/lib/python3.7/site-packages/airflow/example_dags/example_trigger_target_dag.py for tasks to queue
[2023-09-09 18:41:12,742] {logging_mixin.py:115} INFO - [2023-09-09 18:41:12,742] {dagbag.py:508} INFO - Filling up the DagBag from /home/airflow/.local/lib/python3.7/site-packages/airflow/example_dags/example_trigger_target_dag.py
[2023-09-09 18:41:12,749] {processor.py:651} INFO - DAG(s) dict_keys(['example_trigger_target_dag']) retrieved from /home/airflow/.local/lib/python3.7/site-packages/airflow/example_dags/example_trigger_target_dag.py
[2023-09-09 18:41:12,762] {logging_mixin.py:115} INFO - [2023-09-09 18:41:12,762] {dag.py:2420} INFO - Sync 1 DAGs
[2023-09-09 18:41:12,771] {logging_mixin.py:115} INFO - [2023-09-09 18:41:12,771] {dag.py:2972} INFO - Setting next_dagrun for example_trigger_target_dag to None, run_after=None
[2023-09-09 18:41:12,776] {processor.py:161} INFO - Processing /home/airflow/.local/lib/python3.7/site-packages/airflow/example_dags/example_trigger_target_dag.py took 0.037 seconds
[2023-09-09 18:41:43,066] {processor.py:153} INFO - Started process (PID=188) to work on /home/airflow/.local/lib/python3.7/site-packages/airflow/example_dags/example_trigger_target_dag.py
[2023-09-09 18:41:43,066] {processor.py:641} INFO - Processing file /home/airflow/.local/lib/python3.7/site-packages/airflow/example_dags/example_trigger_target_dag.py for tasks to queue
[2023-09-09 18:41:43,067] {logging_mixin.py:115} INFO - [2023-09-09 18:41:43,067] {dagbag.py:508} INFO - Filling up the DagBag from /home/airflow/.local/lib/python3.7/site-packages/airflow/example_dags/example_trigger_target_dag.py
[2023-09-09 18:41:43,074] {processor.py:651} INFO - DAG(s) dict_keys(['example_trigger_target_dag']) retrieved from /home/airflow/.local/lib/python3.7/site-packages/airflow/example_dags/example_trigger_target_dag.py
[2023-09-09 18:41:43,088] {logging_mixin.py:115} INFO - [2023-09-09 18:41:43,088] {dag.py:2420} INFO - Sync 1 DAGs
[2023-09-09 18:41:43,098] {logging_mixin.py:115} INFO - [2023-09-09 18:41:43,098] {dag.py:2972} INFO - Setting next_dagrun for example_trigger_target_dag to None, run_after=None
[2023-09-09 18:41:43,103] {processor.py:161} INFO - Processing /home/airflow/.local/lib/python3.7/site-packages/airflow/example_dags/example_trigger_target_dag.py took 0.040 seconds
[2023-09-09 18:42:13,507] {processor.py:153} INFO - Started process (PID=252) to work on /home/airflow/.local/lib/python3.7/site-packages/airflow/example_dags/example_trigger_target_dag.py
[2023-09-09 18:42:13,508] {processor.py:641} INFO - Processing file /home/airflow/.local/lib/python3.7/site-packages/airflow/example_dags/example_trigger_target_dag.py for tasks to queue
[2023-09-09 18:42:13,508] {logging_mixin.py:115} INFO - [2023-09-09 18:42:13,508] {dagbag.py:508} INFO - Filling up the DagBag from /home/airflow/.local/lib/python3.7/site-packages/airflow/example_dags/example_trigger_target_dag.py
[2023-09-09 18:42:13,515] {processor.py:651} INFO - DAG(s) dict_keys(['example_trigger_target_dag']) retrieved from /home/airflow/.local/lib/python3.7/site-packages/airflow/example_dags/example_trigger_target_dag.py
[2023-09-09 18:42:13,528] {logging_mixin.py:115} INFO - [2023-09-09 18:42:13,528] {dag.py:2420} INFO - Sync 1 DAGs
[2023-09-09 18:42:13,538] {logging_mixin.py:115} INFO - [2023-09-09 18:42:13,538] {dag.py:2972} INFO - Setting next_dagrun for example_trigger_target_dag to None, run_after=None
[2023-09-09 18:42:13,543] {processor.py:161} INFO - Processing /home/airflow/.local/lib/python3.7/site-packages/airflow/example_dags/example_trigger_target_dag.py took 0.038 seconds
[2023-09-09 18:42:44,436] {processor.py:153} INFO - Started process (PID=315) to work on /home/airflow/.local/lib/python3.7/site-packages/airflow/example_dags/example_trigger_target_dag.py
[2023-09-09 18:42:44,437] {processor.py:641} INFO - Processing file /home/airflow/.local/lib/python3.7/site-packages/airflow/example_dags/example_trigger_target_dag.py for tasks to queue
[2023-09-09 18:42:44,437] {logging_mixin.py:115} INFO - [2023-09-09 18:42:44,437] {dagbag.py:508} INFO - Filling up the DagBag from /home/airflow/.local/lib/python3.7/site-packages/airflow/example_dags/example_trigger_target_dag.py
[2023-09-09 18:42:44,444] {processor.py:651} INFO - DAG(s) dict_keys(['example_trigger_target_dag']) retrieved from /home/airflow/.local/lib/python3.7/site-packages/airflow/example_dags/example_trigger_target_dag.py
[2023-09-09 18:42:44,461] {logging_mixin.py:115} INFO - [2023-09-09 18:42:44,461] {dag.py:2420} INFO - Sync 1 DAGs
[2023-09-09 18:42:44,472] {logging_mixin.py:115} INFO - [2023-09-09 18:42:44,472] {dag.py:2972} INFO - Setting next_dagrun for example_trigger_target_dag to None, run_after=None
[2023-09-09 18:42:44,478] {processor.py:161} INFO - Processing /home/airflow/.local/lib/python3.7/site-packages/airflow/example_dags/example_trigger_target_dag.py took 0.043 seconds
[2023-09-09 18:43:14,735] {processor.py:153} INFO - Started process (PID=370) to work on /home/airflow/.local/lib/python3.7/site-packages/airflow/example_dags/example_trigger_target_dag.py
[2023-09-09 18:43:14,736] {processor.py:641} INFO - Processing file /home/airflow/.local/lib/python3.7/site-packages/airflow/example_dags/example_trigger_target_dag.py for tasks to queue
[2023-09-09 18:43:14,736] {logging_mixin.py:115} INFO - [2023-09-09 18:43:14,736] {dagbag.py:508} INFO - Filling up the DagBag from /home/airflow/.local/lib/python3.7/site-packages/airflow/example_dags/example_trigger_target_dag.py
[2023-09-09 18:43:14,743] {processor.py:651} INFO - DAG(s) dict_keys(['example_trigger_target_dag']) retrieved from /home/airflow/.local/lib/python3.7/site-packages/airflow/example_dags/example_trigger_target_dag.py
[2023-09-09 18:43:14,756] {logging_mixin.py:115} INFO - [2023-09-09 18:43:14,756] {dag.py:2420} INFO - Sync 1 DAGs
[2023-09-09 18:43:14,766] {logging_mixin.py:115} INFO - [2023-09-09 18:43:14,766] {dag.py:2972} INFO - Setting next_dagrun for example_trigger_target_dag to None, run_after=None
[2023-09-09 18:43:14,771] {processor.py:161} INFO - Processing /home/airflow/.local/lib/python3.7/site-packages/airflow/example_dags/example_trigger_target_dag.py took 0.037 seconds
[2023-09-09 18:43:45,007] {processor.py:153} INFO - Started process (PID=432) to work on /home/airflow/.local/lib/python3.7/site-packages/airflow/example_dags/example_trigger_target_dag.py
[2023-09-09 18:43:45,007] {processor.py:641} INFO - Processing file /home/airflow/.local/lib/python3.7/site-packages/airflow/example_dags/example_trigger_target_dag.py for tasks to queue
[2023-09-09 18:43:45,008] {logging_mixin.py:115} INFO - [2023-09-09 18:43:45,008] {dagbag.py:508} INFO - Filling up the DagBag from /home/airflow/.local/lib/python3.7/site-packages/airflow/example_dags/example_trigger_target_dag.py
[2023-09-09 18:43:45,015] {processor.py:651} INFO - DAG(s) dict_keys(['example_trigger_target_dag']) retrieved from /home/airflow/.local/lib/python3.7/site-packages/airflow/example_dags/example_trigger_target_dag.py
[2023-09-09 18:43:45,028] {logging_mixin.py:115} INFO - [2023-09-09 18:43:45,028] {dag.py:2420} INFO - Sync 1 DAGs
[2023-09-09 18:43:45,037] {logging_mixin.py:115} INFO - [2023-09-09 18:43:45,037] {dag.py:2972} INFO - Setting next_dagrun for example_trigger_target_dag to None, run_after=None
[2023-09-09 18:43:45,042] {processor.py:161} INFO - Processing /home/airflow/.local/lib/python3.7/site-packages/airflow/example_dags/example_trigger_target_dag.py took 0.037 seconds
[2023-09-09 18:44:15,415] {processor.py:153} INFO - Started process (PID=494) to work on /home/airflow/.local/lib/python3.7/site-packages/airflow/example_dags/example_trigger_target_dag.py
[2023-09-09 18:44:15,415] {processor.py:641} INFO - Processing file /home/airflow/.local/lib/python3.7/site-packages/airflow/example_dags/example_trigger_target_dag.py for tasks to queue
[2023-09-09 18:44:15,416] {logging_mixin.py:115} INFO - [2023-09-09 18:44:15,416] {dagbag.py:508} INFO - Filling up the DagBag from /home/airflow/.local/lib/python3.7/site-packages/airflow/example_dags/example_trigger_target_dag.py
[2023-09-09 18:44:15,422] {processor.py:651} INFO - DAG(s) dict_keys(['example_trigger_target_dag']) retrieved from /home/airflow/.local/lib/python3.7/site-packages/airflow/example_dags/example_trigger_target_dag.py
[2023-09-09 18:44:15,435] {logging_mixin.py:115} INFO - [2023-09-09 18:44:15,435] {dag.py:2420} INFO - Sync 1 DAGs
[2023-09-09 18:44:15,445] {logging_mixin.py:115} INFO - [2023-09-09 18:44:15,445] {dag.py:2972} INFO - Setting next_dagrun for example_trigger_target_dag to None, run_after=None
[2023-09-09 18:44:15,450] {processor.py:161} INFO - Processing /home/airflow/.local/lib/python3.7/site-packages/airflow/example_dags/example_trigger_target_dag.py took 0.037 seconds
[2023-09-09 18:44:45,581] {processor.py:153} INFO - Started process (PID=557) to work on /home/airflow/.local/lib/python3.7/site-packages/airflow/example_dags/example_trigger_target_dag.py
[2023-09-09 18:44:45,582] {processor.py:641} INFO - Processing file /home/airflow/.local/lib/python3.7/site-packages/airflow/example_dags/example_trigger_target_dag.py for tasks to queue
[2023-09-09 18:44:45,582] {logging_mixin.py:115} INFO - [2023-09-09 18:44:45,582] {dagbag.py:508} INFO - Filling up the DagBag from /home/airflow/.local/lib/python3.7/site-packages/airflow/example_dags/example_trigger_target_dag.py
[2023-09-09 18:44:45,590] {processor.py:651} INFO - DAG(s) dict_keys(['example_trigger_target_dag']) retrieved from /home/airflow/.local/lib/python3.7/site-packages/airflow/example_dags/example_trigger_target_dag.py
[2023-09-09 18:44:45,603] {logging_mixin.py:115} INFO - [2023-09-09 18:44:45,603] {dag.py:2420} INFO - Sync 1 DAGs
[2023-09-09 18:44:45,614] {logging_mixin.py:115} INFO - [2023-09-09 18:44:45,614] {dag.py:2972} INFO - Setting next_dagrun for example_trigger_target_dag to None, run_after=None
[2023-09-09 18:44:45,619] {processor.py:161} INFO - Processing /home/airflow/.local/lib/python3.7/site-packages/airflow/example_dags/example_trigger_target_dag.py took 0.040 seconds
[2023-09-09 18:45:16,202] {processor.py:153} INFO - Started process (PID=620) to work on /home/airflow/.local/lib/python3.7/site-packages/airflow/example_dags/example_trigger_target_dag.py
[2023-09-09 18:45:16,202] {processor.py:641} INFO - Processing file /home/airflow/.local/lib/python3.7/site-packages/airflow/example_dags/example_trigger_target_dag.py for tasks to queue
[2023-09-09 18:45:16,203] {logging_mixin.py:115} INFO - [2023-09-09 18:45:16,203] {dagbag.py:508} INFO - Filling up the DagBag from /home/airflow/.local/lib/python3.7/site-packages/airflow/example_dags/example_trigger_target_dag.py
[2023-09-09 18:45:16,210] {processor.py:651} INFO - DAG(s) dict_keys(['example_trigger_target_dag']) retrieved from /home/airflow/.local/lib/python3.7/site-packages/airflow/example_dags/example_trigger_target_dag.py
[2023-09-09 18:45:16,226] {logging_mixin.py:115} INFO - [2023-09-09 18:45:16,226] {dag.py:2420} INFO - Sync 1 DAGs
[2023-09-09 18:45:16,237] {logging_mixin.py:115} INFO - [2023-09-09 18:45:16,237] {dag.py:2972} INFO - Setting next_dagrun for example_trigger_target_dag to None, run_after=None
[2023-09-09 18:45:16,243] {processor.py:161} INFO - Processing /home/airflow/.local/lib/python3.7/site-packages/airflow/example_dags/example_trigger_target_dag.py took 0.043 seconds
[2023-09-09 18:45:46,460] {processor.py:153} INFO - Started process (PID=681) to work on /home/airflow/.local/lib/python3.7/site-packages/airflow/example_dags/example_trigger_target_dag.py
[2023-09-09 18:45:46,461] {processor.py:641} INFO - Processing file /home/airflow/.local/lib/python3.7/site-packages/airflow/example_dags/example_trigger_target_dag.py for tasks to queue
[2023-09-09 18:45:46,461] {logging_mixin.py:115} INFO - [2023-09-09 18:45:46,461] {dagbag.py:508} INFO - Filling up the DagBag from /home/airflow/.local/lib/python3.7/site-packages/airflow/example_dags/example_trigger_target_dag.py
[2023-09-09 18:45:46,468] {processor.py:651} INFO - DAG(s) dict_keys(['example_trigger_target_dag']) retrieved from /home/airflow/.local/lib/python3.7/site-packages/airflow/example_dags/example_trigger_target_dag.py
[2023-09-09 18:45:46,482] {logging_mixin.py:115} INFO - [2023-09-09 18:45:46,481] {dag.py:2420} INFO - Sync 1 DAGs
[2023-09-09 18:45:46,491] {logging_mixin.py:115} INFO - [2023-09-09 18:45:46,491] {dag.py:2972} INFO - Setting next_dagrun for example_trigger_target_dag to None, run_after=None
[2023-09-09 18:45:46,496] {processor.py:161} INFO - Processing /home/airflow/.local/lib/python3.7/site-packages/airflow/example_dags/example_trigger_target_dag.py took 0.038 seconds
[2023-09-09 18:46:16,763] {processor.py:153} INFO - Started process (PID=734) to work on /home/airflow/.local/lib/python3.7/site-packages/airflow/example_dags/example_trigger_target_dag.py
[2023-09-09 18:46:16,764] {processor.py:641} INFO - Processing file /home/airflow/.local/lib/python3.7/site-packages/airflow/example_dags/example_trigger_target_dag.py for tasks to queue
[2023-09-09 18:46:16,764] {logging_mixin.py:115} INFO - [2023-09-09 18:46:16,764] {dagbag.py:508} INFO - Filling up the DagBag from /home/airflow/.local/lib/python3.7/site-packages/airflow/example_dags/example_trigger_target_dag.py
[2023-09-09 18:46:16,771] {processor.py:651} INFO - DAG(s) dict_keys(['example_trigger_target_dag']) retrieved from /home/airflow/.local/lib/python3.7/site-packages/airflow/example_dags/example_trigger_target_dag.py
[2023-09-09 18:46:16,783] {logging_mixin.py:115} INFO - [2023-09-09 18:46:16,783] {dag.py:2420} INFO - Sync 1 DAGs
[2023-09-09 18:46:16,793] {logging_mixin.py:115} INFO - [2023-09-09 18:46:16,793] {dag.py:2972} INFO - Setting next_dagrun for example_trigger_target_dag to None, run_after=None
[2023-09-09 18:46:16,798] {processor.py:161} INFO - Processing /home/airflow/.local/lib/python3.7/site-packages/airflow/example_dags/example_trigger_target_dag.py took 0.037 seconds
[2023-09-09 18:46:47,026] {processor.py:153} INFO - Started process (PID=797) to work on /home/airflow/.local/lib/python3.7/site-packages/airflow/example_dags/example_trigger_target_dag.py
[2023-09-09 18:46:47,027] {processor.py:641} INFO - Processing file /home/airflow/.local/lib/python3.7/site-packages/airflow/example_dags/example_trigger_target_dag.py for tasks to queue
[2023-09-09 18:46:47,028] {logging_mixin.py:115} INFO - [2023-09-09 18:46:47,028] {dagbag.py:508} INFO - Filling up the DagBag from /home/airflow/.local/lib/python3.7/site-packages/airflow/example_dags/example_trigger_target_dag.py
[2023-09-09 18:46:47,035] {processor.py:651} INFO - DAG(s) dict_keys(['example_trigger_target_dag']) retrieved from /home/airflow/.local/lib/python3.7/site-packages/airflow/example_dags/example_trigger_target_dag.py
[2023-09-09 18:46:47,049] {logging_mixin.py:115} INFO - [2023-09-09 18:46:47,049] {dag.py:2420} INFO - Sync 1 DAGs
[2023-09-09 18:46:47,059] {logging_mixin.py:115} INFO - [2023-09-09 18:46:47,059] {dag.py:2972} INFO - Setting next_dagrun for example_trigger_target_dag to None, run_after=None
[2023-09-09 18:46:47,064] {processor.py:161} INFO - Processing /home/airflow/.local/lib/python3.7/site-packages/airflow/example_dags/example_trigger_target_dag.py took 0.039 seconds
[2023-09-09 18:47:17,347] {processor.py:153} INFO - Started process (PID=860) to work on /home/airflow/.local/lib/python3.7/site-packages/airflow/example_dags/example_trigger_target_dag.py
[2023-09-09 18:47:17,348] {processor.py:641} INFO - Processing file /home/airflow/.local/lib/python3.7/site-packages/airflow/example_dags/example_trigger_target_dag.py for tasks to queue
[2023-09-09 18:47:17,348] {logging_mixin.py:115} INFO - [2023-09-09 18:47:17,348] {dagbag.py:508} INFO - Filling up the DagBag from /home/airflow/.local/lib/python3.7/site-packages/airflow/example_dags/example_trigger_target_dag.py
[2023-09-09 18:47:17,355] {processor.py:651} INFO - DAG(s) dict_keys(['example_trigger_target_dag']) retrieved from /home/airflow/.local/lib/python3.7/site-packages/airflow/example_dags/example_trigger_target_dag.py
[2023-09-09 18:47:17,368] {logging_mixin.py:115} INFO - [2023-09-09 18:47:17,368] {dag.py:2420} INFO - Sync 1 DAGs
[2023-09-09 18:47:17,378] {logging_mixin.py:115} INFO - [2023-09-09 18:47:17,378] {dag.py:2972} INFO - Setting next_dagrun for example_trigger_target_dag to None, run_after=None
[2023-09-09 18:47:17,383] {processor.py:161} INFO - Processing /home/airflow/.local/lib/python3.7/site-packages/airflow/example_dags/example_trigger_target_dag.py took 0.037 seconds
[2023-09-09 18:47:47,464] {processor.py:153} INFO - Started process (PID=923) to work on /home/airflow/.local/lib/python3.7/site-packages/airflow/example_dags/example_trigger_target_dag.py
[2023-09-09 18:47:47,465] {processor.py:641} INFO - Processing file /home/airflow/.local/lib/python3.7/site-packages/airflow/example_dags/example_trigger_target_dag.py for tasks to queue
[2023-09-09 18:47:47,465] {logging_mixin.py:115} INFO - [2023-09-09 18:47:47,465] {dagbag.py:508} INFO - Filling up the DagBag from /home/airflow/.local/lib/python3.7/site-packages/airflow/example_dags/example_trigger_target_dag.py
[2023-09-09 18:47:47,472] {processor.py:651} INFO - DAG(s) dict_keys(['example_trigger_target_dag']) retrieved from /home/airflow/.local/lib/python3.7/site-packages/airflow/example_dags/example_trigger_target_dag.py
[2023-09-09 18:47:47,485] {logging_mixin.py:115} INFO - [2023-09-09 18:47:47,485] {dag.py:2420} INFO - Sync 1 DAGs
[2023-09-09 18:47:47,494] {logging_mixin.py:115} INFO - [2023-09-09 18:47:47,494] {dag.py:2972} INFO - Setting next_dagrun for example_trigger_target_dag to None, run_after=None
[2023-09-09 18:47:47,499] {processor.py:161} INFO - Processing /home/airflow/.local/lib/python3.7/site-packages/airflow/example_dags/example_trigger_target_dag.py took 0.036 seconds
[2023-09-09 18:48:17,715] {processor.py:153} INFO - Started process (PID=985) to work on /home/airflow/.local/lib/python3.7/site-packages/airflow/example_dags/example_trigger_target_dag.py
[2023-09-09 18:48:17,715] {processor.py:641} INFO - Processing file /home/airflow/.local/lib/python3.7/site-packages/airflow/example_dags/example_trigger_target_dag.py for tasks to queue
[2023-09-09 18:48:17,716] {logging_mixin.py:115} INFO - [2023-09-09 18:48:17,716] {dagbag.py:508} INFO - Filling up the DagBag from /home/airflow/.local/lib/python3.7/site-packages/airflow/example_dags/example_trigger_target_dag.py
[2023-09-09 18:48:17,723] {processor.py:651} INFO - DAG(s) dict_keys(['example_trigger_target_dag']) retrieved from /home/airflow/.local/lib/python3.7/site-packages/airflow/example_dags/example_trigger_target_dag.py
[2023-09-09 18:48:17,736] {logging_mixin.py:115} INFO - [2023-09-09 18:48:17,736] {dag.py:2420} INFO - Sync 1 DAGs
[2023-09-09 18:48:17,746] {logging_mixin.py:115} INFO - [2023-09-09 18:48:17,746] {dag.py:2972} INFO - Setting next_dagrun for example_trigger_target_dag to None, run_after=None
[2023-09-09 18:48:17,751] {processor.py:161} INFO - Processing /home/airflow/.local/lib/python3.7/site-packages/airflow/example_dags/example_trigger_target_dag.py took 0.038 seconds
[2023-09-09 18:48:47,982] {processor.py:153} INFO - Started process (PID=1047) to work on /home/airflow/.local/lib/python3.7/site-packages/airflow/example_dags/example_trigger_target_dag.py
[2023-09-09 18:48:47,983] {processor.py:641} INFO - Processing file /home/airflow/.local/lib/python3.7/site-packages/airflow/example_dags/example_trigger_target_dag.py for tasks to queue
[2023-09-09 18:48:47,983] {logging_mixin.py:115} INFO - [2023-09-09 18:48:47,983] {dagbag.py:508} INFO - Filling up the DagBag from /home/airflow/.local/lib/python3.7/site-packages/airflow/example_dags/example_trigger_target_dag.py
[2023-09-09 18:48:47,990] {processor.py:651} INFO - DAG(s) dict_keys(['example_trigger_target_dag']) retrieved from /home/airflow/.local/lib/python3.7/site-packages/airflow/example_dags/example_trigger_target_dag.py
[2023-09-09 18:48:48,004] {logging_mixin.py:115} INFO - [2023-09-09 18:48:48,004] {dag.py:2420} INFO - Sync 1 DAGs
[2023-09-09 18:48:48,014] {logging_mixin.py:115} INFO - [2023-09-09 18:48:48,014] {dag.py:2972} INFO - Setting next_dagrun for example_trigger_target_dag to None, run_after=None
[2023-09-09 18:48:48,019] {processor.py:161} INFO - Processing /home/airflow/.local/lib/python3.7/site-packages/airflow/example_dags/example_trigger_target_dag.py took 0.039 seconds
[2023-09-09 18:57:35,007] {processor.py:153} INFO - Started process (PID=62) to work on /home/airflow/.local/lib/python3.7/site-packages/airflow/example_dags/example_trigger_target_dag.py
[2023-09-09 18:57:35,014] {processor.py:641} INFO - Processing file /home/airflow/.local/lib/python3.7/site-packages/airflow/example_dags/example_trigger_target_dag.py for tasks to queue
[2023-09-09 18:57:35,024] {logging_mixin.py:115} INFO - [2023-09-09 18:57:35,024] {dagbag.py:508} INFO - Filling up the DagBag from /home/airflow/.local/lib/python3.7/site-packages/airflow/example_dags/example_trigger_target_dag.py
[2023-09-09 18:57:35,052] {processor.py:651} INFO - DAG(s) dict_keys(['example_trigger_target_dag']) retrieved from /home/airflow/.local/lib/python3.7/site-packages/airflow/example_dags/example_trigger_target_dag.py
[2023-09-09 18:57:35,092] {logging_mixin.py:115} INFO - [2023-09-09 18:57:35,092] {dag.py:2420} INFO - Sync 1 DAGs
[2023-09-09 18:57:35,136] {logging_mixin.py:115} INFO - [2023-09-09 18:57:35,136] {dag.py:2972} INFO - Setting next_dagrun for example_trigger_target_dag to None, run_after=None
[2023-09-09 18:57:35,176] {processor.py:161} INFO - Processing /home/airflow/.local/lib/python3.7/site-packages/airflow/example_dags/example_trigger_target_dag.py took 0.174 seconds
[2023-09-09 18:58:05,804] {processor.py:153} INFO - Started process (PID=125) to work on /home/airflow/.local/lib/python3.7/site-packages/airflow/example_dags/example_trigger_target_dag.py
[2023-09-09 18:58:05,805] {processor.py:641} INFO - Processing file /home/airflow/.local/lib/python3.7/site-packages/airflow/example_dags/example_trigger_target_dag.py for tasks to queue
[2023-09-09 18:58:05,805] {logging_mixin.py:115} INFO - [2023-09-09 18:58:05,805] {dagbag.py:508} INFO - Filling up the DagBag from /home/airflow/.local/lib/python3.7/site-packages/airflow/example_dags/example_trigger_target_dag.py
[2023-09-09 18:58:05,812] {processor.py:651} INFO - DAG(s) dict_keys(['example_trigger_target_dag']) retrieved from /home/airflow/.local/lib/python3.7/site-packages/airflow/example_dags/example_trigger_target_dag.py
[2023-09-09 18:58:05,825] {logging_mixin.py:115} INFO - [2023-09-09 18:58:05,825] {dag.py:2420} INFO - Sync 1 DAGs
[2023-09-09 18:58:05,835] {logging_mixin.py:115} INFO - [2023-09-09 18:58:05,835] {dag.py:2972} INFO - Setting next_dagrun for example_trigger_target_dag to None, run_after=None
[2023-09-09 18:58:05,840] {processor.py:161} INFO - Processing /home/airflow/.local/lib/python3.7/site-packages/airflow/example_dags/example_trigger_target_dag.py took 0.037 seconds
[2023-09-09 18:58:36,138] {processor.py:153} INFO - Started process (PID=188) to work on /home/airflow/.local/lib/python3.7/site-packages/airflow/example_dags/example_trigger_target_dag.py
[2023-09-09 18:58:36,139] {processor.py:641} INFO - Processing file /home/airflow/.local/lib/python3.7/site-packages/airflow/example_dags/example_trigger_target_dag.py for tasks to queue
[2023-09-09 18:58:36,140] {logging_mixin.py:115} INFO - [2023-09-09 18:58:36,140] {dagbag.py:508} INFO - Filling up the DagBag from /home/airflow/.local/lib/python3.7/site-packages/airflow/example_dags/example_trigger_target_dag.py
[2023-09-09 18:58:36,148] {processor.py:651} INFO - DAG(s) dict_keys(['example_trigger_target_dag']) retrieved from /home/airflow/.local/lib/python3.7/site-packages/airflow/example_dags/example_trigger_target_dag.py
[2023-09-09 18:58:36,165] {logging_mixin.py:115} INFO - [2023-09-09 18:58:36,165] {dag.py:2420} INFO - Sync 1 DAGs
[2023-09-09 18:58:36,178] {logging_mixin.py:115} INFO - [2023-09-09 18:58:36,178] {dag.py:2972} INFO - Setting next_dagrun for example_trigger_target_dag to None, run_after=None
[2023-09-09 18:58:36,184] {processor.py:161} INFO - Processing /home/airflow/.local/lib/python3.7/site-packages/airflow/example_dags/example_trigger_target_dag.py took 0.048 seconds
[2023-09-09 18:59:06,403] {processor.py:153} INFO - Started process (PID=250) to work on /home/airflow/.local/lib/python3.7/site-packages/airflow/example_dags/example_trigger_target_dag.py
[2023-09-09 18:59:06,404] {processor.py:641} INFO - Processing file /home/airflow/.local/lib/python3.7/site-packages/airflow/example_dags/example_trigger_target_dag.py for tasks to queue
[2023-09-09 18:59:06,405] {logging_mixin.py:115} INFO - [2023-09-09 18:59:06,404] {dagbag.py:508} INFO - Filling up the DagBag from /home/airflow/.local/lib/python3.7/site-packages/airflow/example_dags/example_trigger_target_dag.py
[2023-09-09 18:59:06,412] {processor.py:651} INFO - DAG(s) dict_keys(['example_trigger_target_dag']) retrieved from /home/airflow/.local/lib/python3.7/site-packages/airflow/example_dags/example_trigger_target_dag.py
[2023-09-09 18:59:06,426] {logging_mixin.py:115} INFO - [2023-09-09 18:59:06,426] {dag.py:2420} INFO - Sync 1 DAGs
[2023-09-09 18:59:06,436] {logging_mixin.py:115} INFO - [2023-09-09 18:59:06,436] {dag.py:2972} INFO - Setting next_dagrun for example_trigger_target_dag to None, run_after=None
[2023-09-09 18:59:06,442] {processor.py:161} INFO - Processing /home/airflow/.local/lib/python3.7/site-packages/airflow/example_dags/example_trigger_target_dag.py took 0.040 seconds
[2023-09-09 18:59:36,793] {processor.py:153} INFO - Started process (PID=313) to work on /home/airflow/.local/lib/python3.7/site-packages/airflow/example_dags/example_trigger_target_dag.py
[2023-09-09 18:59:36,793] {processor.py:641} INFO - Processing file /home/airflow/.local/lib/python3.7/site-packages/airflow/example_dags/example_trigger_target_dag.py for tasks to queue
[2023-09-09 18:59:36,794] {logging_mixin.py:115} INFO - [2023-09-09 18:59:36,794] {dagbag.py:508} INFO - Filling up the DagBag from /home/airflow/.local/lib/python3.7/site-packages/airflow/example_dags/example_trigger_target_dag.py
[2023-09-09 18:59:36,801] {processor.py:651} INFO - DAG(s) dict_keys(['example_trigger_target_dag']) retrieved from /home/airflow/.local/lib/python3.7/site-packages/airflow/example_dags/example_trigger_target_dag.py
[2023-09-09 18:59:36,816] {logging_mixin.py:115} INFO - [2023-09-09 18:59:36,816] {dag.py:2420} INFO - Sync 1 DAGs
[2023-09-09 18:59:36,827] {logging_mixin.py:115} INFO - [2023-09-09 18:59:36,827] {dag.py:2972} INFO - Setting next_dagrun for example_trigger_target_dag to None, run_after=None
[2023-09-09 18:59:36,832] {processor.py:161} INFO - Processing /home/airflow/.local/lib/python3.7/site-packages/airflow/example_dags/example_trigger_target_dag.py took 0.041 seconds
[2023-09-09 19:00:07,097] {processor.py:153} INFO - Started process (PID=366) to work on /home/airflow/.local/lib/python3.7/site-packages/airflow/example_dags/example_trigger_target_dag.py
[2023-09-09 19:00:07,098] {processor.py:641} INFO - Processing file /home/airflow/.local/lib/python3.7/site-packages/airflow/example_dags/example_trigger_target_dag.py for tasks to queue
[2023-09-09 19:00:07,098] {logging_mixin.py:115} INFO - [2023-09-09 19:00:07,098] {dagbag.py:508} INFO - Filling up the DagBag from /home/airflow/.local/lib/python3.7/site-packages/airflow/example_dags/example_trigger_target_dag.py
[2023-09-09 19:00:07,107] {processor.py:651} INFO - DAG(s) dict_keys(['example_trigger_target_dag']) retrieved from /home/airflow/.local/lib/python3.7/site-packages/airflow/example_dags/example_trigger_target_dag.py
[2023-09-09 19:00:07,122] {logging_mixin.py:115} INFO - [2023-09-09 19:00:07,122] {dag.py:2420} INFO - Sync 1 DAGs
[2023-09-09 19:00:07,133] {logging_mixin.py:115} INFO - [2023-09-09 19:00:07,133] {dag.py:2972} INFO - Setting next_dagrun for example_trigger_target_dag to None, run_after=None
[2023-09-09 19:00:07,140] {processor.py:161} INFO - Processing /home/airflow/.local/lib/python3.7/site-packages/airflow/example_dags/example_trigger_target_dag.py took 0.045 seconds
[2023-09-09 19:00:37,449] {processor.py:153} INFO - Started process (PID=430) to work on /home/airflow/.local/lib/python3.7/site-packages/airflow/example_dags/example_trigger_target_dag.py
[2023-09-09 19:00:37,450] {processor.py:641} INFO - Processing file /home/airflow/.local/lib/python3.7/site-packages/airflow/example_dags/example_trigger_target_dag.py for tasks to queue
[2023-09-09 19:00:37,450] {logging_mixin.py:115} INFO - [2023-09-09 19:00:37,450] {dagbag.py:508} INFO - Filling up the DagBag from /home/airflow/.local/lib/python3.7/site-packages/airflow/example_dags/example_trigger_target_dag.py
[2023-09-09 19:00:37,458] {processor.py:651} INFO - DAG(s) dict_keys(['example_trigger_target_dag']) retrieved from /home/airflow/.local/lib/python3.7/site-packages/airflow/example_dags/example_trigger_target_dag.py
[2023-09-09 19:00:37,472] {logging_mixin.py:115} INFO - [2023-09-09 19:00:37,472] {dag.py:2420} INFO - Sync 1 DAGs
[2023-09-09 19:00:37,482] {logging_mixin.py:115} INFO - [2023-09-09 19:00:37,482] {dag.py:2972} INFO - Setting next_dagrun for example_trigger_target_dag to None, run_after=None
[2023-09-09 19:00:37,487] {processor.py:161} INFO - Processing /home/airflow/.local/lib/python3.7/site-packages/airflow/example_dags/example_trigger_target_dag.py took 0.040 seconds
[2023-09-09 19:01:07,595] {processor.py:153} INFO - Started process (PID=494) to work on /home/airflow/.local/lib/python3.7/site-packages/airflow/example_dags/example_trigger_target_dag.py
[2023-09-09 19:01:07,596] {processor.py:641} INFO - Processing file /home/airflow/.local/lib/python3.7/site-packages/airflow/example_dags/example_trigger_target_dag.py for tasks to queue
[2023-09-09 19:01:07,597] {logging_mixin.py:115} INFO - [2023-09-09 19:01:07,596] {dagbag.py:508} INFO - Filling up the DagBag from /home/airflow/.local/lib/python3.7/site-packages/airflow/example_dags/example_trigger_target_dag.py
[2023-09-09 19:01:07,606] {processor.py:651} INFO - DAG(s) dict_keys(['example_trigger_target_dag']) retrieved from /home/airflow/.local/lib/python3.7/site-packages/airflow/example_dags/example_trigger_target_dag.py
[2023-09-09 19:01:07,622] {logging_mixin.py:115} INFO - [2023-09-09 19:01:07,622] {dag.py:2420} INFO - Sync 1 DAGs
[2023-09-09 19:01:07,633] {logging_mixin.py:115} INFO - [2023-09-09 19:01:07,633] {dag.py:2972} INFO - Setting next_dagrun for example_trigger_target_dag to None, run_after=None
[2023-09-09 19:01:07,638] {processor.py:161} INFO - Processing /home/airflow/.local/lib/python3.7/site-packages/airflow/example_dags/example_trigger_target_dag.py took 0.046 seconds
[2023-09-09 19:01:37,921] {processor.py:153} INFO - Started process (PID=557) to work on /home/airflow/.local/lib/python3.7/site-packages/airflow/example_dags/example_trigger_target_dag.py
[2023-09-09 19:01:37,922] {processor.py:641} INFO - Processing file /home/airflow/.local/lib/python3.7/site-packages/airflow/example_dags/example_trigger_target_dag.py for tasks to queue
[2023-09-09 19:01:37,922] {logging_mixin.py:115} INFO - [2023-09-09 19:01:37,922] {dagbag.py:508} INFO - Filling up the DagBag from /home/airflow/.local/lib/python3.7/site-packages/airflow/example_dags/example_trigger_target_dag.py
[2023-09-09 19:01:37,929] {processor.py:651} INFO - DAG(s) dict_keys(['example_trigger_target_dag']) retrieved from /home/airflow/.local/lib/python3.7/site-packages/airflow/example_dags/example_trigger_target_dag.py
[2023-09-09 19:01:37,943] {logging_mixin.py:115} INFO - [2023-09-09 19:01:37,943] {dag.py:2420} INFO - Sync 1 DAGs
[2023-09-09 19:01:37,953] {logging_mixin.py:115} INFO - [2023-09-09 19:01:37,953] {dag.py:2972} INFO - Setting next_dagrun for example_trigger_target_dag to None, run_after=None
[2023-09-09 19:01:37,958] {processor.py:161} INFO - Processing /home/airflow/.local/lib/python3.7/site-packages/airflow/example_dags/example_trigger_target_dag.py took 0.039 seconds
[2023-09-09 19:02:08,466] {processor.py:153} INFO - Started process (PID=620) to work on /home/airflow/.local/lib/python3.7/site-packages/airflow/example_dags/example_trigger_target_dag.py
[2023-09-09 19:02:08,467] {processor.py:641} INFO - Processing file /home/airflow/.local/lib/python3.7/site-packages/airflow/example_dags/example_trigger_target_dag.py for tasks to queue
[2023-09-09 19:02:08,467] {logging_mixin.py:115} INFO - [2023-09-09 19:02:08,467] {dagbag.py:508} INFO - Filling up the DagBag from /home/airflow/.local/lib/python3.7/site-packages/airflow/example_dags/example_trigger_target_dag.py
[2023-09-09 19:02:08,591] {processor.py:651} INFO - DAG(s) dict_keys(['example_trigger_target_dag']) retrieved from /home/airflow/.local/lib/python3.7/site-packages/airflow/example_dags/example_trigger_target_dag.py
[2023-09-09 19:02:08,633] {logging_mixin.py:115} INFO - [2023-09-09 19:02:08,633] {dag.py:2420} INFO - Sync 1 DAGs
[2023-09-09 19:02:08,645] {logging_mixin.py:115} INFO - [2023-09-09 19:02:08,645] {dag.py:2972} INFO - Setting next_dagrun for example_trigger_target_dag to None, run_after=None
[2023-09-09 19:02:08,651] {processor.py:161} INFO - Processing /home/airflow/.local/lib/python3.7/site-packages/airflow/example_dags/example_trigger_target_dag.py took 0.188 seconds
[2023-09-09 19:02:39,146] {processor.py:153} INFO - Started process (PID=687) to work on /home/airflow/.local/lib/python3.7/site-packages/airflow/example_dags/example_trigger_target_dag.py
[2023-09-09 19:02:39,147] {processor.py:641} INFO - Processing file /home/airflow/.local/lib/python3.7/site-packages/airflow/example_dags/example_trigger_target_dag.py for tasks to queue
[2023-09-09 19:02:39,147] {logging_mixin.py:115} INFO - [2023-09-09 19:02:39,147] {dagbag.py:508} INFO - Filling up the DagBag from /home/airflow/.local/lib/python3.7/site-packages/airflow/example_dags/example_trigger_target_dag.py
[2023-09-09 19:02:39,166] {processor.py:651} INFO - DAG(s) dict_keys(['example_trigger_target_dag']) retrieved from /home/airflow/.local/lib/python3.7/site-packages/airflow/example_dags/example_trigger_target_dag.py
[2023-09-09 19:02:39,185] {logging_mixin.py:115} INFO - [2023-09-09 19:02:39,185] {dag.py:2420} INFO - Sync 1 DAGs
[2023-09-09 19:02:39,196] {logging_mixin.py:115} INFO - [2023-09-09 19:02:39,196] {dag.py:2972} INFO - Setting next_dagrun for example_trigger_target_dag to None, run_after=None
[2023-09-09 19:02:39,201] {processor.py:161} INFO - Processing /home/airflow/.local/lib/python3.7/site-packages/airflow/example_dags/example_trigger_target_dag.py took 0.058 seconds
[2023-09-09 19:03:36,249] {processor.py:153} INFO - Started process (PID=62) to work on /home/airflow/.local/lib/python3.7/site-packages/airflow/example_dags/example_trigger_target_dag.py
[2023-09-09 19:03:36,250] {processor.py:641} INFO - Processing file /home/airflow/.local/lib/python3.7/site-packages/airflow/example_dags/example_trigger_target_dag.py for tasks to queue
[2023-09-09 19:03:36,251] {logging_mixin.py:115} INFO - [2023-09-09 19:03:36,251] {dagbag.py:508} INFO - Filling up the DagBag from /home/airflow/.local/lib/python3.7/site-packages/airflow/example_dags/example_trigger_target_dag.py
[2023-09-09 19:03:36,268] {processor.py:651} INFO - DAG(s) dict_keys(['example_trigger_target_dag']) retrieved from /home/airflow/.local/lib/python3.7/site-packages/airflow/example_dags/example_trigger_target_dag.py
[2023-09-09 19:03:36,306] {logging_mixin.py:115} INFO - [2023-09-09 19:03:36,306] {dag.py:2420} INFO - Sync 1 DAGs
[2023-09-09 19:03:36,325] {logging_mixin.py:115} INFO - [2023-09-09 19:03:36,325] {dag.py:2972} INFO - Setting next_dagrun for example_trigger_target_dag to None, run_after=None
[2023-09-09 19:03:36,332] {processor.py:161} INFO - Processing /home/airflow/.local/lib/python3.7/site-packages/airflow/example_dags/example_trigger_target_dag.py took 0.087 seconds
[2023-09-09 19:04:07,043] {processor.py:153} INFO - Started process (PID=125) to work on /home/airflow/.local/lib/python3.7/site-packages/airflow/example_dags/example_trigger_target_dag.py
[2023-09-09 19:04:07,043] {processor.py:641} INFO - Processing file /home/airflow/.local/lib/python3.7/site-packages/airflow/example_dags/example_trigger_target_dag.py for tasks to queue
[2023-09-09 19:04:07,044] {logging_mixin.py:115} INFO - [2023-09-09 19:04:07,044] {dagbag.py:508} INFO - Filling up the DagBag from /home/airflow/.local/lib/python3.7/site-packages/airflow/example_dags/example_trigger_target_dag.py
[2023-09-09 19:04:07,051] {processor.py:651} INFO - DAG(s) dict_keys(['example_trigger_target_dag']) retrieved from /home/airflow/.local/lib/python3.7/site-packages/airflow/example_dags/example_trigger_target_dag.py
[2023-09-09 19:04:07,065] {logging_mixin.py:115} INFO - [2023-09-09 19:04:07,065] {dag.py:2420} INFO - Sync 1 DAGs
[2023-09-09 19:04:07,074] {logging_mixin.py:115} INFO - [2023-09-09 19:04:07,074] {dag.py:2972} INFO - Setting next_dagrun for example_trigger_target_dag to None, run_after=None
[2023-09-09 19:04:07,080] {processor.py:161} INFO - Processing /home/airflow/.local/lib/python3.7/site-packages/airflow/example_dags/example_trigger_target_dag.py took 0.039 seconds
[2023-09-09 19:04:37,393] {processor.py:153} INFO - Started process (PID=187) to work on /home/airflow/.local/lib/python3.7/site-packages/airflow/example_dags/example_trigger_target_dag.py
[2023-09-09 19:04:37,394] {processor.py:641} INFO - Processing file /home/airflow/.local/lib/python3.7/site-packages/airflow/example_dags/example_trigger_target_dag.py for tasks to queue
[2023-09-09 19:04:37,394] {logging_mixin.py:115} INFO - [2023-09-09 19:04:37,394] {dagbag.py:508} INFO - Filling up the DagBag from /home/airflow/.local/lib/python3.7/site-packages/airflow/example_dags/example_trigger_target_dag.py
[2023-09-09 19:04:37,401] {processor.py:651} INFO - DAG(s) dict_keys(['example_trigger_target_dag']) retrieved from /home/airflow/.local/lib/python3.7/site-packages/airflow/example_dags/example_trigger_target_dag.py
[2023-09-09 19:04:37,414] {logging_mixin.py:115} INFO - [2023-09-09 19:04:37,414] {dag.py:2420} INFO - Sync 1 DAGs
[2023-09-09 19:04:37,423] {logging_mixin.py:115} INFO - [2023-09-09 19:04:37,423] {dag.py:2972} INFO - Setting next_dagrun for example_trigger_target_dag to None, run_after=None
[2023-09-09 19:04:37,428] {processor.py:161} INFO - Processing /home/airflow/.local/lib/python3.7/site-packages/airflow/example_dags/example_trigger_target_dag.py took 0.037 seconds
[2023-09-09 19:05:07,674] {processor.py:153} INFO - Started process (PID=251) to work on /home/airflow/.local/lib/python3.7/site-packages/airflow/example_dags/example_trigger_target_dag.py
[2023-09-09 19:05:07,675] {processor.py:641} INFO - Processing file /home/airflow/.local/lib/python3.7/site-packages/airflow/example_dags/example_trigger_target_dag.py for tasks to queue
[2023-09-09 19:05:07,676] {logging_mixin.py:115} INFO - [2023-09-09 19:05:07,676] {dagbag.py:508} INFO - Filling up the DagBag from /home/airflow/.local/lib/python3.7/site-packages/airflow/example_dags/example_trigger_target_dag.py
[2023-09-09 19:05:07,682] {processor.py:651} INFO - DAG(s) dict_keys(['example_trigger_target_dag']) retrieved from /home/airflow/.local/lib/python3.7/site-packages/airflow/example_dags/example_trigger_target_dag.py
[2023-09-09 19:05:07,696] {logging_mixin.py:115} INFO - [2023-09-09 19:05:07,696] {dag.py:2420} INFO - Sync 1 DAGs
[2023-09-09 19:05:07,705] {logging_mixin.py:115} INFO - [2023-09-09 19:05:07,705] {dag.py:2972} INFO - Setting next_dagrun for example_trigger_target_dag to None, run_after=None
[2023-09-09 19:05:07,710] {processor.py:161} INFO - Processing /home/airflow/.local/lib/python3.7/site-packages/airflow/example_dags/example_trigger_target_dag.py took 0.037 seconds
[2023-09-09 19:05:37,920] {processor.py:153} INFO - Started process (PID=313) to work on /home/airflow/.local/lib/python3.7/site-packages/airflow/example_dags/example_trigger_target_dag.py
[2023-09-09 19:05:37,920] {processor.py:641} INFO - Processing file /home/airflow/.local/lib/python3.7/site-packages/airflow/example_dags/example_trigger_target_dag.py for tasks to queue
[2023-09-09 19:05:37,921] {logging_mixin.py:115} INFO - [2023-09-09 19:05:37,921] {dagbag.py:508} INFO - Filling up the DagBag from /home/airflow/.local/lib/python3.7/site-packages/airflow/example_dags/example_trigger_target_dag.py
[2023-09-09 19:05:37,928] {processor.py:651} INFO - DAG(s) dict_keys(['example_trigger_target_dag']) retrieved from /home/airflow/.local/lib/python3.7/site-packages/airflow/example_dags/example_trigger_target_dag.py
[2023-09-09 19:05:37,941] {logging_mixin.py:115} INFO - [2023-09-09 19:05:37,941] {dag.py:2420} INFO - Sync 1 DAGs
[2023-09-09 19:05:37,950] {logging_mixin.py:115} INFO - [2023-09-09 19:05:37,950] {dag.py:2972} INFO - Setting next_dagrun for example_trigger_target_dag to None, run_after=None
[2023-09-09 19:05:37,955] {processor.py:161} INFO - Processing /home/airflow/.local/lib/python3.7/site-packages/airflow/example_dags/example_trigger_target_dag.py took 0.038 seconds
[2023-09-09 19:06:08,273] {processor.py:153} INFO - Started process (PID=367) to work on /home/airflow/.local/lib/python3.7/site-packages/airflow/example_dags/example_trigger_target_dag.py
[2023-09-09 19:06:08,274] {processor.py:641} INFO - Processing file /home/airflow/.local/lib/python3.7/site-packages/airflow/example_dags/example_trigger_target_dag.py for tasks to queue
[2023-09-09 19:06:08,274] {logging_mixin.py:115} INFO - [2023-09-09 19:06:08,274] {dagbag.py:508} INFO - Filling up the DagBag from /home/airflow/.local/lib/python3.7/site-packages/airflow/example_dags/example_trigger_target_dag.py
[2023-09-09 19:06:08,281] {processor.py:651} INFO - DAG(s) dict_keys(['example_trigger_target_dag']) retrieved from /home/airflow/.local/lib/python3.7/site-packages/airflow/example_dags/example_trigger_target_dag.py
[2023-09-09 19:06:08,293] {logging_mixin.py:115} INFO - [2023-09-09 19:06:08,293] {dag.py:2420} INFO - Sync 1 DAGs
[2023-09-09 19:06:08,304] {logging_mixin.py:115} INFO - [2023-09-09 19:06:08,304] {dag.py:2972} INFO - Setting next_dagrun for example_trigger_target_dag to None, run_after=None
[2023-09-09 19:06:08,309] {processor.py:161} INFO - Processing /home/airflow/.local/lib/python3.7/site-packages/airflow/example_dags/example_trigger_target_dag.py took 0.037 seconds
[2023-09-09 19:06:38,621] {processor.py:153} INFO - Started process (PID=430) to work on /home/airflow/.local/lib/python3.7/site-packages/airflow/example_dags/example_trigger_target_dag.py
[2023-09-09 19:06:38,621] {processor.py:641} INFO - Processing file /home/airflow/.local/lib/python3.7/site-packages/airflow/example_dags/example_trigger_target_dag.py for tasks to queue
[2023-09-09 19:06:38,622] {logging_mixin.py:115} INFO - [2023-09-09 19:06:38,622] {dagbag.py:508} INFO - Filling up the DagBag from /home/airflow/.local/lib/python3.7/site-packages/airflow/example_dags/example_trigger_target_dag.py
[2023-09-09 19:06:38,629] {processor.py:651} INFO - DAG(s) dict_keys(['example_trigger_target_dag']) retrieved from /home/airflow/.local/lib/python3.7/site-packages/airflow/example_dags/example_trigger_target_dag.py
[2023-09-09 19:06:38,642] {logging_mixin.py:115} INFO - [2023-09-09 19:06:38,642] {dag.py:2420} INFO - Sync 1 DAGs
[2023-09-09 19:06:38,651] {logging_mixin.py:115} INFO - [2023-09-09 19:06:38,651] {dag.py:2972} INFO - Setting next_dagrun for example_trigger_target_dag to None, run_after=None
[2023-09-09 19:06:38,656] {processor.py:161} INFO - Processing /home/airflow/.local/lib/python3.7/site-packages/airflow/example_dags/example_trigger_target_dag.py took 0.037 seconds
[2023-09-09 19:07:08,934] {processor.py:153} INFO - Started process (PID=493) to work on /home/airflow/.local/lib/python3.7/site-packages/airflow/example_dags/example_trigger_target_dag.py
[2023-09-09 19:07:08,935] {processor.py:641} INFO - Processing file /home/airflow/.local/lib/python3.7/site-packages/airflow/example_dags/example_trigger_target_dag.py for tasks to queue
[2023-09-09 19:07:08,935] {logging_mixin.py:115} INFO - [2023-09-09 19:07:08,935] {dagbag.py:508} INFO - Filling up the DagBag from /home/airflow/.local/lib/python3.7/site-packages/airflow/example_dags/example_trigger_target_dag.py
[2023-09-09 19:07:08,942] {processor.py:651} INFO - DAG(s) dict_keys(['example_trigger_target_dag']) retrieved from /home/airflow/.local/lib/python3.7/site-packages/airflow/example_dags/example_trigger_target_dag.py
[2023-09-09 19:07:08,956] {logging_mixin.py:115} INFO - [2023-09-09 19:07:08,956] {dag.py:2420} INFO - Sync 1 DAGs
[2023-09-09 19:07:08,966] {logging_mixin.py:115} INFO - [2023-09-09 19:07:08,965] {dag.py:2972} INFO - Setting next_dagrun for example_trigger_target_dag to None, run_after=None
[2023-09-09 19:07:08,970] {processor.py:161} INFO - Processing /home/airflow/.local/lib/python3.7/site-packages/airflow/example_dags/example_trigger_target_dag.py took 0.038 seconds
[2023-09-09 19:07:39,314] {processor.py:153} INFO - Started process (PID=556) to work on /home/airflow/.local/lib/python3.7/site-packages/airflow/example_dags/example_trigger_target_dag.py
[2023-09-09 19:07:39,316] {processor.py:641} INFO - Processing file /home/airflow/.local/lib/python3.7/site-packages/airflow/example_dags/example_trigger_target_dag.py for tasks to queue
[2023-09-09 19:07:39,317] {logging_mixin.py:115} INFO - [2023-09-09 19:07:39,317] {dagbag.py:508} INFO - Filling up the DagBag from /home/airflow/.local/lib/python3.7/site-packages/airflow/example_dags/example_trigger_target_dag.py
[2023-09-09 19:07:39,332] {processor.py:651} INFO - DAG(s) dict_keys(['example_trigger_target_dag']) retrieved from /home/airflow/.local/lib/python3.7/site-packages/airflow/example_dags/example_trigger_target_dag.py
[2023-09-09 19:07:39,354] {logging_mixin.py:115} INFO - [2023-09-09 19:07:39,354] {dag.py:2420} INFO - Sync 1 DAGs
[2023-09-09 19:07:39,369] {logging_mixin.py:115} INFO - [2023-09-09 19:07:39,369] {dag.py:2972} INFO - Setting next_dagrun for example_trigger_target_dag to None, run_after=None
[2023-09-09 19:07:39,376] {processor.py:161} INFO - Processing /home/airflow/.local/lib/python3.7/site-packages/airflow/example_dags/example_trigger_target_dag.py took 0.068 seconds
[2023-09-09 19:08:09,971] {processor.py:153} INFO - Started process (PID=619) to work on /home/airflow/.local/lib/python3.7/site-packages/airflow/example_dags/example_trigger_target_dag.py
[2023-09-09 19:08:09,972] {processor.py:641} INFO - Processing file /home/airflow/.local/lib/python3.7/site-packages/airflow/example_dags/example_trigger_target_dag.py for tasks to queue
[2023-09-09 19:08:09,972] {logging_mixin.py:115} INFO - [2023-09-09 19:08:09,972] {dagbag.py:508} INFO - Filling up the DagBag from /home/airflow/.local/lib/python3.7/site-packages/airflow/example_dags/example_trigger_target_dag.py
[2023-09-09 19:08:09,980] {processor.py:651} INFO - DAG(s) dict_keys(['example_trigger_target_dag']) retrieved from /home/airflow/.local/lib/python3.7/site-packages/airflow/example_dags/example_trigger_target_dag.py
[2023-09-09 19:08:09,995] {logging_mixin.py:115} INFO - [2023-09-09 19:08:09,995] {dag.py:2420} INFO - Sync 1 DAGs
[2023-09-09 19:08:10,005] {logging_mixin.py:115} INFO - [2023-09-09 19:08:10,005] {dag.py:2972} INFO - Setting next_dagrun for example_trigger_target_dag to None, run_after=None
[2023-09-09 19:08:10,010] {processor.py:161} INFO - Processing /home/airflow/.local/lib/python3.7/site-packages/airflow/example_dags/example_trigger_target_dag.py took 0.041 seconds
[2023-09-09 19:08:40,434] {processor.py:153} INFO - Started process (PID=681) to work on /home/airflow/.local/lib/python3.7/site-packages/airflow/example_dags/example_trigger_target_dag.py
[2023-09-09 19:08:40,435] {processor.py:641} INFO - Processing file /home/airflow/.local/lib/python3.7/site-packages/airflow/example_dags/example_trigger_target_dag.py for tasks to queue
[2023-09-09 19:08:40,435] {logging_mixin.py:115} INFO - [2023-09-09 19:08:40,435] {dagbag.py:508} INFO - Filling up the DagBag from /home/airflow/.local/lib/python3.7/site-packages/airflow/example_dags/example_trigger_target_dag.py
[2023-09-09 19:08:40,443] {processor.py:651} INFO - DAG(s) dict_keys(['example_trigger_target_dag']) retrieved from /home/airflow/.local/lib/python3.7/site-packages/airflow/example_dags/example_trigger_target_dag.py
[2023-09-09 19:08:40,457] {logging_mixin.py:115} INFO - [2023-09-09 19:08:40,457] {dag.py:2420} INFO - Sync 1 DAGs
[2023-09-09 19:08:40,467] {logging_mixin.py:115} INFO - [2023-09-09 19:08:40,467] {dag.py:2972} INFO - Setting next_dagrun for example_trigger_target_dag to None, run_after=None
[2023-09-09 19:08:40,473] {processor.py:161} INFO - Processing /home/airflow/.local/lib/python3.7/site-packages/airflow/example_dags/example_trigger_target_dag.py took 0.040 seconds
[2023-09-09 19:09:10,767] {processor.py:153} INFO - Started process (PID=735) to work on /home/airflow/.local/lib/python3.7/site-packages/airflow/example_dags/example_trigger_target_dag.py
[2023-09-09 19:09:10,768] {processor.py:641} INFO - Processing file /home/airflow/.local/lib/python3.7/site-packages/airflow/example_dags/example_trigger_target_dag.py for tasks to queue
[2023-09-09 19:09:10,768] {logging_mixin.py:115} INFO - [2023-09-09 19:09:10,768] {dagbag.py:508} INFO - Filling up the DagBag from /home/airflow/.local/lib/python3.7/site-packages/airflow/example_dags/example_trigger_target_dag.py
[2023-09-09 19:09:10,775] {processor.py:651} INFO - DAG(s) dict_keys(['example_trigger_target_dag']) retrieved from /home/airflow/.local/lib/python3.7/site-packages/airflow/example_dags/example_trigger_target_dag.py
[2023-09-09 19:09:10,789] {logging_mixin.py:115} INFO - [2023-09-09 19:09:10,789] {dag.py:2420} INFO - Sync 1 DAGs
[2023-09-09 19:09:10,799] {logging_mixin.py:115} INFO - [2023-09-09 19:09:10,799] {dag.py:2972} INFO - Setting next_dagrun for example_trigger_target_dag to None, run_after=None
[2023-09-09 19:09:10,804] {processor.py:161} INFO - Processing /home/airflow/.local/lib/python3.7/site-packages/airflow/example_dags/example_trigger_target_dag.py took 0.039 seconds
