[2023-09-09 18:40:40,354] {processor.py:153} INFO - Started process (PID=46) to work on /home/airflow/.local/lib/python3.7/site-packages/airflow/example_dags/example_short_circuit_operator.py
[2023-09-09 18:40:40,355] {processor.py:641} INFO - Processing file /home/airflow/.local/lib/python3.7/site-packages/airflow/example_dags/example_short_circuit_operator.py for tasks to queue
[2023-09-09 18:40:40,356] {logging_mixin.py:115} INFO - [2023-09-09 18:40:40,356] {dagbag.py:508} INFO - Filling up the DagBag from /home/airflow/.local/lib/python3.7/site-packages/airflow/example_dags/example_short_circuit_operator.py
[2023-09-09 18:40:40,361] {processor.py:651} INFO - DAG(s) dict_keys(['example_short_circuit_operator']) retrieved from /home/airflow/.local/lib/python3.7/site-packages/airflow/example_dags/example_short_circuit_operator.py
[2023-09-09 18:40:40,443] {logging_mixin.py:115} INFO - [2023-09-09 18:40:40,443] {manager.py:508} INFO - Created Permission View: can edit on DAG:example_short_circuit_operator
[2023-09-09 18:40:40,449] {logging_mixin.py:115} INFO - [2023-09-09 18:40:40,449] {manager.py:508} INFO - Created Permission View: can read on DAG:example_short_circuit_operator
[2023-09-09 18:40:40,453] {logging_mixin.py:115} INFO - [2023-09-09 18:40:40,453] {manager.py:508} INFO - Created Permission View: can delete on DAG:example_short_circuit_operator
[2023-09-09 18:40:40,453] {logging_mixin.py:115} INFO - [2023-09-09 18:40:40,453] {dag.py:2420} INFO - Sync 1 DAGs
[2023-09-09 18:40:40,460] {logging_mixin.py:115} INFO - [2023-09-09 18:40:40,460] {dag.py:2439} INFO - Creating ORM DAG for example_short_circuit_operator
[2023-09-09 18:40:40,468] {logging_mixin.py:115} INFO - [2023-09-09 18:40:40,468] {dag.py:2972} INFO - Setting next_dagrun for example_short_circuit_operator to 2023-09-08T18:40:40.467747+00:00, run_after=2023-09-09T18:40:40.467747+00:00
[2023-09-09 18:40:40,476] {processor.py:161} INFO - Processing /home/airflow/.local/lib/python3.7/site-packages/airflow/example_dags/example_short_circuit_operator.py took 0.126 seconds
[2023-09-09 18:41:11,281] {processor.py:153} INFO - Started process (PID=109) to work on /home/airflow/.local/lib/python3.7/site-packages/airflow/example_dags/example_short_circuit_operator.py
[2023-09-09 18:41:11,282] {processor.py:641} INFO - Processing file /home/airflow/.local/lib/python3.7/site-packages/airflow/example_dags/example_short_circuit_operator.py for tasks to queue
[2023-09-09 18:41:11,282] {logging_mixin.py:115} INFO - [2023-09-09 18:41:11,282] {dagbag.py:508} INFO - Filling up the DagBag from /home/airflow/.local/lib/python3.7/site-packages/airflow/example_dags/example_short_circuit_operator.py
[2023-09-09 18:41:11,287] {processor.py:651} INFO - DAG(s) dict_keys(['example_short_circuit_operator']) retrieved from /home/airflow/.local/lib/python3.7/site-packages/airflow/example_dags/example_short_circuit_operator.py
[2023-09-09 18:41:11,303] {logging_mixin.py:115} INFO - [2023-09-09 18:41:11,303] {dag.py:2420} INFO - Sync 1 DAGs
[2023-09-09 18:41:11,317] {logging_mixin.py:115} INFO - [2023-09-09 18:41:11,316] {dag.py:2972} INFO - Setting next_dagrun for example_short_circuit_operator to 2023-09-08T18:41:11.316733+00:00, run_after=2023-09-09T18:41:11.316733+00:00
[2023-09-09 18:41:11,322] {processor.py:161} INFO - Processing /home/airflow/.local/lib/python3.7/site-packages/airflow/example_dags/example_short_circuit_operator.py took 0.043 seconds
[2023-09-09 18:41:41,563] {processor.py:153} INFO - Started process (PID=172) to work on /home/airflow/.local/lib/python3.7/site-packages/airflow/example_dags/example_short_circuit_operator.py
[2023-09-09 18:41:41,564] {processor.py:641} INFO - Processing file /home/airflow/.local/lib/python3.7/site-packages/airflow/example_dags/example_short_circuit_operator.py for tasks to queue
[2023-09-09 18:41:41,564] {logging_mixin.py:115} INFO - [2023-09-09 18:41:41,564] {dagbag.py:508} INFO - Filling up the DagBag from /home/airflow/.local/lib/python3.7/site-packages/airflow/example_dags/example_short_circuit_operator.py
[2023-09-09 18:41:41,569] {processor.py:651} INFO - DAG(s) dict_keys(['example_short_circuit_operator']) retrieved from /home/airflow/.local/lib/python3.7/site-packages/airflow/example_dags/example_short_circuit_operator.py
[2023-09-09 18:41:41,584] {logging_mixin.py:115} INFO - [2023-09-09 18:41:41,584] {dag.py:2420} INFO - Sync 1 DAGs
[2023-09-09 18:41:41,595] {logging_mixin.py:115} INFO - [2023-09-09 18:41:41,595] {dag.py:2972} INFO - Setting next_dagrun for example_short_circuit_operator to 2023-09-08T18:41:41.594842+00:00, run_after=2023-09-09T18:41:41.594842+00:00
[2023-09-09 18:41:41,599] {processor.py:161} INFO - Processing /home/airflow/.local/lib/python3.7/site-packages/airflow/example_dags/example_short_circuit_operator.py took 0.038 seconds
[2023-09-09 18:42:11,998] {processor.py:153} INFO - Started process (PID=236) to work on /home/airflow/.local/lib/python3.7/site-packages/airflow/example_dags/example_short_circuit_operator.py
[2023-09-09 18:42:11,999] {processor.py:641} INFO - Processing file /home/airflow/.local/lib/python3.7/site-packages/airflow/example_dags/example_short_circuit_operator.py for tasks to queue
[2023-09-09 18:42:11,999] {logging_mixin.py:115} INFO - [2023-09-09 18:42:11,999] {dagbag.py:508} INFO - Filling up the DagBag from /home/airflow/.local/lib/python3.7/site-packages/airflow/example_dags/example_short_circuit_operator.py
[2023-09-09 18:42:12,004] {processor.py:651} INFO - DAG(s) dict_keys(['example_short_circuit_operator']) retrieved from /home/airflow/.local/lib/python3.7/site-packages/airflow/example_dags/example_short_circuit_operator.py
[2023-09-09 18:42:12,019] {logging_mixin.py:115} INFO - [2023-09-09 18:42:12,019] {dag.py:2420} INFO - Sync 1 DAGs
[2023-09-09 18:42:12,030] {logging_mixin.py:115} INFO - [2023-09-09 18:42:12,030] {dag.py:2972} INFO - Setting next_dagrun for example_short_circuit_operator to 2023-09-08T18:42:12.030095+00:00, run_after=2023-09-09T18:42:12.030095+00:00
[2023-09-09 18:42:12,035] {processor.py:161} INFO - Processing /home/airflow/.local/lib/python3.7/site-packages/airflow/example_dags/example_short_circuit_operator.py took 0.038 seconds
[2023-09-09 18:42:42,388] {processor.py:153} INFO - Started process (PID=297) to work on /home/airflow/.local/lib/python3.7/site-packages/airflow/example_dags/example_short_circuit_operator.py
[2023-09-09 18:42:42,393] {processor.py:641} INFO - Processing file /home/airflow/.local/lib/python3.7/site-packages/airflow/example_dags/example_short_circuit_operator.py for tasks to queue
[2023-09-09 18:42:42,395] {logging_mixin.py:115} INFO - [2023-09-09 18:42:42,395] {dagbag.py:508} INFO - Filling up the DagBag from /home/airflow/.local/lib/python3.7/site-packages/airflow/example_dags/example_short_circuit_operator.py
[2023-09-09 18:42:42,410] {processor.py:651} INFO - DAG(s) dict_keys(['example_short_circuit_operator']) retrieved from /home/airflow/.local/lib/python3.7/site-packages/airflow/example_dags/example_short_circuit_operator.py
[2023-09-09 18:42:42,478] {logging_mixin.py:115} INFO - [2023-09-09 18:42:42,478] {dag.py:2420} INFO - Sync 1 DAGs
[2023-09-09 18:42:42,506] {logging_mixin.py:115} INFO - [2023-09-09 18:42:42,506] {dag.py:2972} INFO - Setting next_dagrun for example_short_circuit_operator to 2023-09-08T18:42:42.506107+00:00, run_after=2023-09-09T18:42:42.506107+00:00
[2023-09-09 18:42:42,519] {processor.py:161} INFO - Processing /home/airflow/.local/lib/python3.7/site-packages/airflow/example_dags/example_short_circuit_operator.py took 0.155 seconds
[2023-09-09 18:43:13,237] {processor.py:153} INFO - Started process (PID=354) to work on /home/airflow/.local/lib/python3.7/site-packages/airflow/example_dags/example_short_circuit_operator.py
[2023-09-09 18:43:13,237] {processor.py:641} INFO - Processing file /home/airflow/.local/lib/python3.7/site-packages/airflow/example_dags/example_short_circuit_operator.py for tasks to queue
[2023-09-09 18:43:13,238] {logging_mixin.py:115} INFO - [2023-09-09 18:43:13,238] {dagbag.py:508} INFO - Filling up the DagBag from /home/airflow/.local/lib/python3.7/site-packages/airflow/example_dags/example_short_circuit_operator.py
[2023-09-09 18:43:13,246] {processor.py:651} INFO - DAG(s) dict_keys(['example_short_circuit_operator']) retrieved from /home/airflow/.local/lib/python3.7/site-packages/airflow/example_dags/example_short_circuit_operator.py
[2023-09-09 18:43:13,266] {logging_mixin.py:115} INFO - [2023-09-09 18:43:13,266] {dag.py:2420} INFO - Sync 1 DAGs
[2023-09-09 18:43:13,278] {logging_mixin.py:115} INFO - [2023-09-09 18:43:13,278] {dag.py:2972} INFO - Setting next_dagrun for example_short_circuit_operator to 2023-09-08T18:43:13.278490+00:00, run_after=2023-09-09T18:43:13.278490+00:00
[2023-09-09 18:43:13,284] {processor.py:161} INFO - Processing /home/airflow/.local/lib/python3.7/site-packages/airflow/example_dags/example_short_circuit_operator.py took 0.049 seconds
[2023-09-09 18:43:43,559] {processor.py:153} INFO - Started process (PID=416) to work on /home/airflow/.local/lib/python3.7/site-packages/airflow/example_dags/example_short_circuit_operator.py
[2023-09-09 18:43:43,560] {processor.py:641} INFO - Processing file /home/airflow/.local/lib/python3.7/site-packages/airflow/example_dags/example_short_circuit_operator.py for tasks to queue
[2023-09-09 18:43:43,561] {logging_mixin.py:115} INFO - [2023-09-09 18:43:43,560] {dagbag.py:508} INFO - Filling up the DagBag from /home/airflow/.local/lib/python3.7/site-packages/airflow/example_dags/example_short_circuit_operator.py
[2023-09-09 18:43:43,565] {processor.py:651} INFO - DAG(s) dict_keys(['example_short_circuit_operator']) retrieved from /home/airflow/.local/lib/python3.7/site-packages/airflow/example_dags/example_short_circuit_operator.py
[2023-09-09 18:43:43,580] {logging_mixin.py:115} INFO - [2023-09-09 18:43:43,580] {dag.py:2420} INFO - Sync 1 DAGs
[2023-09-09 18:43:43,590] {logging_mixin.py:115} INFO - [2023-09-09 18:43:43,590] {dag.py:2972} INFO - Setting next_dagrun for example_short_circuit_operator to 2023-09-08T18:43:43.590239+00:00, run_after=2023-09-09T18:43:43.590239+00:00
[2023-09-09 18:43:43,595] {processor.py:161} INFO - Processing /home/airflow/.local/lib/python3.7/site-packages/airflow/example_dags/example_short_circuit_operator.py took 0.037 seconds
[2023-09-09 18:44:13,906] {processor.py:153} INFO - Started process (PID=478) to work on /home/airflow/.local/lib/python3.7/site-packages/airflow/example_dags/example_short_circuit_operator.py
[2023-09-09 18:44:13,906] {processor.py:641} INFO - Processing file /home/airflow/.local/lib/python3.7/site-packages/airflow/example_dags/example_short_circuit_operator.py for tasks to queue
[2023-09-09 18:44:13,907] {logging_mixin.py:115} INFO - [2023-09-09 18:44:13,907] {dagbag.py:508} INFO - Filling up the DagBag from /home/airflow/.local/lib/python3.7/site-packages/airflow/example_dags/example_short_circuit_operator.py
[2023-09-09 18:44:13,911] {processor.py:651} INFO - DAG(s) dict_keys(['example_short_circuit_operator']) retrieved from /home/airflow/.local/lib/python3.7/site-packages/airflow/example_dags/example_short_circuit_operator.py
[2023-09-09 18:44:13,927] {logging_mixin.py:115} INFO - [2023-09-09 18:44:13,926] {dag.py:2420} INFO - Sync 1 DAGs
[2023-09-09 18:44:13,939] {logging_mixin.py:115} INFO - [2023-09-09 18:44:13,938] {dag.py:2972} INFO - Setting next_dagrun for example_short_circuit_operator to 2023-09-08T18:44:13.938770+00:00, run_after=2023-09-09T18:44:13.938770+00:00
[2023-09-09 18:44:13,944] {processor.py:161} INFO - Processing /home/airflow/.local/lib/python3.7/site-packages/airflow/example_dags/example_short_circuit_operator.py took 0.040 seconds
[2023-09-09 18:44:44,165] {processor.py:153} INFO - Started process (PID=541) to work on /home/airflow/.local/lib/python3.7/site-packages/airflow/example_dags/example_short_circuit_operator.py
[2023-09-09 18:44:44,166] {processor.py:641} INFO - Processing file /home/airflow/.local/lib/python3.7/site-packages/airflow/example_dags/example_short_circuit_operator.py for tasks to queue
[2023-09-09 18:44:44,166] {logging_mixin.py:115} INFO - [2023-09-09 18:44:44,166] {dagbag.py:508} INFO - Filling up the DagBag from /home/airflow/.local/lib/python3.7/site-packages/airflow/example_dags/example_short_circuit_operator.py
[2023-09-09 18:44:44,171] {processor.py:651} INFO - DAG(s) dict_keys(['example_short_circuit_operator']) retrieved from /home/airflow/.local/lib/python3.7/site-packages/airflow/example_dags/example_short_circuit_operator.py
[2023-09-09 18:44:44,186] {logging_mixin.py:115} INFO - [2023-09-09 18:44:44,186] {dag.py:2420} INFO - Sync 1 DAGs
[2023-09-09 18:44:44,197] {logging_mixin.py:115} INFO - [2023-09-09 18:44:44,197] {dag.py:2972} INFO - Setting next_dagrun for example_short_circuit_operator to 2023-09-08T18:44:44.196985+00:00, run_after=2023-09-09T18:44:44.196985+00:00
[2023-09-09 18:44:44,202] {processor.py:161} INFO - Processing /home/airflow/.local/lib/python3.7/site-packages/airflow/example_dags/example_short_circuit_operator.py took 0.038 seconds
[2023-09-09 18:45:14,663] {processor.py:153} INFO - Started process (PID=604) to work on /home/airflow/.local/lib/python3.7/site-packages/airflow/example_dags/example_short_circuit_operator.py
[2023-09-09 18:45:14,666] {processor.py:641} INFO - Processing file /home/airflow/.local/lib/python3.7/site-packages/airflow/example_dags/example_short_circuit_operator.py for tasks to queue
[2023-09-09 18:45:14,667] {logging_mixin.py:115} INFO - [2023-09-09 18:45:14,667] {dagbag.py:508} INFO - Filling up the DagBag from /home/airflow/.local/lib/python3.7/site-packages/airflow/example_dags/example_short_circuit_operator.py
[2023-09-09 18:45:14,674] {processor.py:651} INFO - DAG(s) dict_keys(['example_short_circuit_operator']) retrieved from /home/airflow/.local/lib/python3.7/site-packages/airflow/example_dags/example_short_circuit_operator.py
[2023-09-09 18:45:14,695] {logging_mixin.py:115} INFO - [2023-09-09 18:45:14,695] {dag.py:2420} INFO - Sync 1 DAGs
[2023-09-09 18:45:14,708] {logging_mixin.py:115} INFO - [2023-09-09 18:45:14,708] {dag.py:2972} INFO - Setting next_dagrun for example_short_circuit_operator to 2023-09-08T18:45:14.708291+00:00, run_after=2023-09-09T18:45:14.708291+00:00
[2023-09-09 18:45:14,715] {processor.py:161} INFO - Processing /home/airflow/.local/lib/python3.7/site-packages/airflow/example_dags/example_short_circuit_operator.py took 0.053 seconds
[2023-09-09 18:45:44,982] {processor.py:153} INFO - Started process (PID=657) to work on /home/airflow/.local/lib/python3.7/site-packages/airflow/example_dags/example_short_circuit_operator.py
[2023-09-09 18:45:44,983] {processor.py:641} INFO - Processing file /home/airflow/.local/lib/python3.7/site-packages/airflow/example_dags/example_short_circuit_operator.py for tasks to queue
[2023-09-09 18:45:44,983] {logging_mixin.py:115} INFO - [2023-09-09 18:45:44,983] {dagbag.py:508} INFO - Filling up the DagBag from /home/airflow/.local/lib/python3.7/site-packages/airflow/example_dags/example_short_circuit_operator.py
[2023-09-09 18:45:44,988] {processor.py:651} INFO - DAG(s) dict_keys(['example_short_circuit_operator']) retrieved from /home/airflow/.local/lib/python3.7/site-packages/airflow/example_dags/example_short_circuit_operator.py
[2023-09-09 18:45:45,005] {logging_mixin.py:115} INFO - [2023-09-09 18:45:45,005] {dag.py:2420} INFO - Sync 1 DAGs
[2023-09-09 18:45:45,017] {logging_mixin.py:115} INFO - [2023-09-09 18:45:45,017] {dag.py:2972} INFO - Setting next_dagrun for example_short_circuit_operator to 2023-09-08T18:45:45.017322+00:00, run_after=2023-09-09T18:45:45.017322+00:00
[2023-09-09 18:45:45,023] {processor.py:161} INFO - Processing /home/airflow/.local/lib/python3.7/site-packages/airflow/example_dags/example_short_circuit_operator.py took 0.043 seconds
[2023-09-09 18:46:15,278] {processor.py:153} INFO - Started process (PID=718) to work on /home/airflow/.local/lib/python3.7/site-packages/airflow/example_dags/example_short_circuit_operator.py
[2023-09-09 18:46:15,278] {processor.py:641} INFO - Processing file /home/airflow/.local/lib/python3.7/site-packages/airflow/example_dags/example_short_circuit_operator.py for tasks to queue
[2023-09-09 18:46:15,279] {logging_mixin.py:115} INFO - [2023-09-09 18:46:15,279] {dagbag.py:508} INFO - Filling up the DagBag from /home/airflow/.local/lib/python3.7/site-packages/airflow/example_dags/example_short_circuit_operator.py
[2023-09-09 18:46:15,284] {processor.py:651} INFO - DAG(s) dict_keys(['example_short_circuit_operator']) retrieved from /home/airflow/.local/lib/python3.7/site-packages/airflow/example_dags/example_short_circuit_operator.py
[2023-09-09 18:46:15,300] {logging_mixin.py:115} INFO - [2023-09-09 18:46:15,300] {dag.py:2420} INFO - Sync 1 DAGs
[2023-09-09 18:46:15,312] {logging_mixin.py:115} INFO - [2023-09-09 18:46:15,312] {dag.py:2972} INFO - Setting next_dagrun for example_short_circuit_operator to 2023-09-08T18:46:15.312339+00:00, run_after=2023-09-09T18:46:15.312339+00:00
[2023-09-09 18:46:15,319] {processor.py:161} INFO - Processing /home/airflow/.local/lib/python3.7/site-packages/airflow/example_dags/example_short_circuit_operator.py took 0.043 seconds
[2023-09-09 18:46:45,555] {processor.py:153} INFO - Started process (PID=781) to work on /home/airflow/.local/lib/python3.7/site-packages/airflow/example_dags/example_short_circuit_operator.py
[2023-09-09 18:46:45,556] {processor.py:641} INFO - Processing file /home/airflow/.local/lib/python3.7/site-packages/airflow/example_dags/example_short_circuit_operator.py for tasks to queue
[2023-09-09 18:46:45,556] {logging_mixin.py:115} INFO - [2023-09-09 18:46:45,556] {dagbag.py:508} INFO - Filling up the DagBag from /home/airflow/.local/lib/python3.7/site-packages/airflow/example_dags/example_short_circuit_operator.py
[2023-09-09 18:46:45,561] {processor.py:651} INFO - DAG(s) dict_keys(['example_short_circuit_operator']) retrieved from /home/airflow/.local/lib/python3.7/site-packages/airflow/example_dags/example_short_circuit_operator.py
[2023-09-09 18:46:45,576] {logging_mixin.py:115} INFO - [2023-09-09 18:46:45,576] {dag.py:2420} INFO - Sync 1 DAGs
[2023-09-09 18:46:45,587] {logging_mixin.py:115} INFO - [2023-09-09 18:46:45,587] {dag.py:2972} INFO - Setting next_dagrun for example_short_circuit_operator to 2023-09-08T18:46:45.586950+00:00, run_after=2023-09-09T18:46:45.586950+00:00
[2023-09-09 18:46:45,592] {processor.py:161} INFO - Processing /home/airflow/.local/lib/python3.7/site-packages/airflow/example_dags/example_short_circuit_operator.py took 0.039 seconds
[2023-09-09 18:47:15,824] {processor.py:153} INFO - Started process (PID=844) to work on /home/airflow/.local/lib/python3.7/site-packages/airflow/example_dags/example_short_circuit_operator.py
[2023-09-09 18:47:15,825] {processor.py:641} INFO - Processing file /home/airflow/.local/lib/python3.7/site-packages/airflow/example_dags/example_short_circuit_operator.py for tasks to queue
[2023-09-09 18:47:15,825] {logging_mixin.py:115} INFO - [2023-09-09 18:47:15,825] {dagbag.py:508} INFO - Filling up the DagBag from /home/airflow/.local/lib/python3.7/site-packages/airflow/example_dags/example_short_circuit_operator.py
[2023-09-09 18:47:15,830] {processor.py:651} INFO - DAG(s) dict_keys(['example_short_circuit_operator']) retrieved from /home/airflow/.local/lib/python3.7/site-packages/airflow/example_dags/example_short_circuit_operator.py
[2023-09-09 18:47:15,845] {logging_mixin.py:115} INFO - [2023-09-09 18:47:15,845] {dag.py:2420} INFO - Sync 1 DAGs
[2023-09-09 18:47:15,855] {logging_mixin.py:115} INFO - [2023-09-09 18:47:15,855] {dag.py:2972} INFO - Setting next_dagrun for example_short_circuit_operator to 2023-09-08T18:47:15.855492+00:00, run_after=2023-09-09T18:47:15.855492+00:00
[2023-09-09 18:47:15,863] {processor.py:161} INFO - Processing /home/airflow/.local/lib/python3.7/site-packages/airflow/example_dags/example_short_circuit_operator.py took 0.041 seconds
[2023-09-09 18:47:46,054] {processor.py:153} INFO - Started process (PID=907) to work on /home/airflow/.local/lib/python3.7/site-packages/airflow/example_dags/example_short_circuit_operator.py
[2023-09-09 18:47:46,054] {processor.py:641} INFO - Processing file /home/airflow/.local/lib/python3.7/site-packages/airflow/example_dags/example_short_circuit_operator.py for tasks to queue
[2023-09-09 18:47:46,055] {logging_mixin.py:115} INFO - [2023-09-09 18:47:46,055] {dagbag.py:508} INFO - Filling up the DagBag from /home/airflow/.local/lib/python3.7/site-packages/airflow/example_dags/example_short_circuit_operator.py
[2023-09-09 18:47:46,059] {processor.py:651} INFO - DAG(s) dict_keys(['example_short_circuit_operator']) retrieved from /home/airflow/.local/lib/python3.7/site-packages/airflow/example_dags/example_short_circuit_operator.py
[2023-09-09 18:47:46,075] {logging_mixin.py:115} INFO - [2023-09-09 18:47:46,074] {dag.py:2420} INFO - Sync 1 DAGs
[2023-09-09 18:47:46,085] {logging_mixin.py:115} INFO - [2023-09-09 18:47:46,085] {dag.py:2972} INFO - Setting next_dagrun for example_short_circuit_operator to 2023-09-08T18:47:46.084996+00:00, run_after=2023-09-09T18:47:46.084996+00:00
[2023-09-09 18:47:46,090] {processor.py:161} INFO - Processing /home/airflow/.local/lib/python3.7/site-packages/airflow/example_dags/example_short_circuit_operator.py took 0.038 seconds
[2023-09-09 18:48:16,265] {processor.py:153} INFO - Started process (PID=969) to work on /home/airflow/.local/lib/python3.7/site-packages/airflow/example_dags/example_short_circuit_operator.py
[2023-09-09 18:48:16,266] {processor.py:641} INFO - Processing file /home/airflow/.local/lib/python3.7/site-packages/airflow/example_dags/example_short_circuit_operator.py for tasks to queue
[2023-09-09 18:48:16,266] {logging_mixin.py:115} INFO - [2023-09-09 18:48:16,266] {dagbag.py:508} INFO - Filling up the DagBag from /home/airflow/.local/lib/python3.7/site-packages/airflow/example_dags/example_short_circuit_operator.py
[2023-09-09 18:48:16,271] {processor.py:651} INFO - DAG(s) dict_keys(['example_short_circuit_operator']) retrieved from /home/airflow/.local/lib/python3.7/site-packages/airflow/example_dags/example_short_circuit_operator.py
[2023-09-09 18:48:16,286] {logging_mixin.py:115} INFO - [2023-09-09 18:48:16,286] {dag.py:2420} INFO - Sync 1 DAGs
[2023-09-09 18:48:16,296] {logging_mixin.py:115} INFO - [2023-09-09 18:48:16,296] {dag.py:2972} INFO - Setting next_dagrun for example_short_circuit_operator to 2023-09-08T18:48:16.296359+00:00, run_after=2023-09-09T18:48:16.296359+00:00
[2023-09-09 18:48:16,301] {processor.py:161} INFO - Processing /home/airflow/.local/lib/python3.7/site-packages/airflow/example_dags/example_short_circuit_operator.py took 0.037 seconds
[2023-09-09 18:48:46,498] {processor.py:153} INFO - Started process (PID=1023) to work on /home/airflow/.local/lib/python3.7/site-packages/airflow/example_dags/example_short_circuit_operator.py
[2023-09-09 18:48:46,499] {processor.py:641} INFO - Processing file /home/airflow/.local/lib/python3.7/site-packages/airflow/example_dags/example_short_circuit_operator.py for tasks to queue
[2023-09-09 18:48:46,499] {logging_mixin.py:115} INFO - [2023-09-09 18:48:46,499] {dagbag.py:508} INFO - Filling up the DagBag from /home/airflow/.local/lib/python3.7/site-packages/airflow/example_dags/example_short_circuit_operator.py
[2023-09-09 18:48:46,504] {processor.py:651} INFO - DAG(s) dict_keys(['example_short_circuit_operator']) retrieved from /home/airflow/.local/lib/python3.7/site-packages/airflow/example_dags/example_short_circuit_operator.py
[2023-09-09 18:48:46,518] {logging_mixin.py:115} INFO - [2023-09-09 18:48:46,518] {dag.py:2420} INFO - Sync 1 DAGs
[2023-09-09 18:48:46,529] {logging_mixin.py:115} INFO - [2023-09-09 18:48:46,529] {dag.py:2972} INFO - Setting next_dagrun for example_short_circuit_operator to 2023-09-08T18:48:46.529431+00:00, run_after=2023-09-09T18:48:46.529431+00:00
[2023-09-09 18:48:46,538] {processor.py:161} INFO - Processing /home/airflow/.local/lib/python3.7/site-packages/airflow/example_dags/example_short_circuit_operator.py took 0.041 seconds
[2023-09-09 18:57:33,884] {processor.py:153} INFO - Started process (PID=46) to work on /home/airflow/.local/lib/python3.7/site-packages/airflow/example_dags/example_short_circuit_operator.py
[2023-09-09 18:57:33,886] {processor.py:641} INFO - Processing file /home/airflow/.local/lib/python3.7/site-packages/airflow/example_dags/example_short_circuit_operator.py for tasks to queue
[2023-09-09 18:57:33,888] {logging_mixin.py:115} INFO - [2023-09-09 18:57:33,888] {dagbag.py:508} INFO - Filling up the DagBag from /home/airflow/.local/lib/python3.7/site-packages/airflow/example_dags/example_short_circuit_operator.py
[2023-09-09 18:57:33,896] {processor.py:651} INFO - DAG(s) dict_keys(['example_short_circuit_operator']) retrieved from /home/airflow/.local/lib/python3.7/site-packages/airflow/example_dags/example_short_circuit_operator.py
[2023-09-09 18:57:33,919] {logging_mixin.py:115} INFO - [2023-09-09 18:57:33,919] {dag.py:2420} INFO - Sync 1 DAGs
[2023-09-09 18:57:33,933] {logging_mixin.py:115} INFO - [2023-09-09 18:57:33,933] {dag.py:2972} INFO - Setting next_dagrun for example_short_circuit_operator to 2023-09-08T18:57:33.933124+00:00, run_after=2023-09-09T18:57:33.933124+00:00
[2023-09-09 18:57:33,940] {processor.py:161} INFO - Processing /home/airflow/.local/lib/python3.7/site-packages/airflow/example_dags/example_short_circuit_operator.py took 0.059 seconds
[2023-09-09 18:58:04,272] {processor.py:153} INFO - Started process (PID=109) to work on /home/airflow/.local/lib/python3.7/site-packages/airflow/example_dags/example_short_circuit_operator.py
[2023-09-09 18:58:04,272] {processor.py:641} INFO - Processing file /home/airflow/.local/lib/python3.7/site-packages/airflow/example_dags/example_short_circuit_operator.py for tasks to queue
[2023-09-09 18:58:04,273] {logging_mixin.py:115} INFO - [2023-09-09 18:58:04,273] {dagbag.py:508} INFO - Filling up the DagBag from /home/airflow/.local/lib/python3.7/site-packages/airflow/example_dags/example_short_circuit_operator.py
[2023-09-09 18:58:04,277] {processor.py:651} INFO - DAG(s) dict_keys(['example_short_circuit_operator']) retrieved from /home/airflow/.local/lib/python3.7/site-packages/airflow/example_dags/example_short_circuit_operator.py
[2023-09-09 18:58:04,293] {logging_mixin.py:115} INFO - [2023-09-09 18:58:04,293] {dag.py:2420} INFO - Sync 1 DAGs
[2023-09-09 18:58:04,303] {logging_mixin.py:115} INFO - [2023-09-09 18:58:04,303] {dag.py:2972} INFO - Setting next_dagrun for example_short_circuit_operator to 2023-09-08T18:58:04.303309+00:00, run_after=2023-09-09T18:58:04.303309+00:00
[2023-09-09 18:58:04,308] {processor.py:161} INFO - Processing /home/airflow/.local/lib/python3.7/site-packages/airflow/example_dags/example_short_circuit_operator.py took 0.038 seconds
[2023-09-09 18:58:34,654] {processor.py:153} INFO - Started process (PID=172) to work on /home/airflow/.local/lib/python3.7/site-packages/airflow/example_dags/example_short_circuit_operator.py
[2023-09-09 18:58:34,655] {processor.py:641} INFO - Processing file /home/airflow/.local/lib/python3.7/site-packages/airflow/example_dags/example_short_circuit_operator.py for tasks to queue
[2023-09-09 18:58:34,656] {logging_mixin.py:115} INFO - [2023-09-09 18:58:34,655] {dagbag.py:508} INFO - Filling up the DagBag from /home/airflow/.local/lib/python3.7/site-packages/airflow/example_dags/example_short_circuit_operator.py
[2023-09-09 18:58:34,660] {processor.py:651} INFO - DAG(s) dict_keys(['example_short_circuit_operator']) retrieved from /home/airflow/.local/lib/python3.7/site-packages/airflow/example_dags/example_short_circuit_operator.py
[2023-09-09 18:58:34,675] {logging_mixin.py:115} INFO - [2023-09-09 18:58:34,675] {dag.py:2420} INFO - Sync 1 DAGs
[2023-09-09 18:58:34,685] {logging_mixin.py:115} INFO - [2023-09-09 18:58:34,685] {dag.py:2972} INFO - Setting next_dagrun for example_short_circuit_operator to 2023-09-08T18:58:34.685023+00:00, run_after=2023-09-09T18:58:34.685023+00:00
[2023-09-09 18:58:34,690] {processor.py:161} INFO - Processing /home/airflow/.local/lib/python3.7/site-packages/airflow/example_dags/example_short_circuit_operator.py took 0.037 seconds
[2023-09-09 18:59:04,914] {processor.py:153} INFO - Started process (PID=234) to work on /home/airflow/.local/lib/python3.7/site-packages/airflow/example_dags/example_short_circuit_operator.py
[2023-09-09 18:59:04,915] {processor.py:641} INFO - Processing file /home/airflow/.local/lib/python3.7/site-packages/airflow/example_dags/example_short_circuit_operator.py for tasks to queue
[2023-09-09 18:59:04,916] {logging_mixin.py:115} INFO - [2023-09-09 18:59:04,916] {dagbag.py:508} INFO - Filling up the DagBag from /home/airflow/.local/lib/python3.7/site-packages/airflow/example_dags/example_short_circuit_operator.py
[2023-09-09 18:59:04,920] {processor.py:651} INFO - DAG(s) dict_keys(['example_short_circuit_operator']) retrieved from /home/airflow/.local/lib/python3.7/site-packages/airflow/example_dags/example_short_circuit_operator.py
[2023-09-09 18:59:04,935] {logging_mixin.py:115} INFO - [2023-09-09 18:59:04,935] {dag.py:2420} INFO - Sync 1 DAGs
[2023-09-09 18:59:04,946] {logging_mixin.py:115} INFO - [2023-09-09 18:59:04,945] {dag.py:2972} INFO - Setting next_dagrun for example_short_circuit_operator to 2023-09-08T18:59:04.945805+00:00, run_after=2023-09-09T18:59:04.945805+00:00
[2023-09-09 18:59:04,950] {processor.py:161} INFO - Processing /home/airflow/.local/lib/python3.7/site-packages/airflow/example_dags/example_short_circuit_operator.py took 0.038 seconds
[2023-09-09 18:59:35,284] {processor.py:153} INFO - Started process (PID=288) to work on /home/airflow/.local/lib/python3.7/site-packages/airflow/example_dags/example_short_circuit_operator.py
[2023-09-09 18:59:35,285] {processor.py:641} INFO - Processing file /home/airflow/.local/lib/python3.7/site-packages/airflow/example_dags/example_short_circuit_operator.py for tasks to queue
[2023-09-09 18:59:35,285] {logging_mixin.py:115} INFO - [2023-09-09 18:59:35,285] {dagbag.py:508} INFO - Filling up the DagBag from /home/airflow/.local/lib/python3.7/site-packages/airflow/example_dags/example_short_circuit_operator.py
[2023-09-09 18:59:35,290] {processor.py:651} INFO - DAG(s) dict_keys(['example_short_circuit_operator']) retrieved from /home/airflow/.local/lib/python3.7/site-packages/airflow/example_dags/example_short_circuit_operator.py
[2023-09-09 18:59:35,306] {logging_mixin.py:115} INFO - [2023-09-09 18:59:35,306] {dag.py:2420} INFO - Sync 1 DAGs
[2023-09-09 18:59:35,316] {logging_mixin.py:115} INFO - [2023-09-09 18:59:35,316] {dag.py:2972} INFO - Setting next_dagrun for example_short_circuit_operator to 2023-09-08T18:59:35.316735+00:00, run_after=2023-09-09T18:59:35.316735+00:00
[2023-09-09 18:59:35,322] {processor.py:161} INFO - Processing /home/airflow/.local/lib/python3.7/site-packages/airflow/example_dags/example_short_circuit_operator.py took 0.040 seconds
[2023-09-09 19:00:05,570] {processor.py:153} INFO - Started process (PID=350) to work on /home/airflow/.local/lib/python3.7/site-packages/airflow/example_dags/example_short_circuit_operator.py
[2023-09-09 19:00:05,571] {processor.py:641} INFO - Processing file /home/airflow/.local/lib/python3.7/site-packages/airflow/example_dags/example_short_circuit_operator.py for tasks to queue
[2023-09-09 19:00:05,571] {logging_mixin.py:115} INFO - [2023-09-09 19:00:05,571] {dagbag.py:508} INFO - Filling up the DagBag from /home/airflow/.local/lib/python3.7/site-packages/airflow/example_dags/example_short_circuit_operator.py
[2023-09-09 19:00:05,575] {processor.py:651} INFO - DAG(s) dict_keys(['example_short_circuit_operator']) retrieved from /home/airflow/.local/lib/python3.7/site-packages/airflow/example_dags/example_short_circuit_operator.py
[2023-09-09 19:00:05,590] {logging_mixin.py:115} INFO - [2023-09-09 19:00:05,590] {dag.py:2420} INFO - Sync 1 DAGs
[2023-09-09 19:00:05,600] {logging_mixin.py:115} INFO - [2023-09-09 19:00:05,600] {dag.py:2972} INFO - Setting next_dagrun for example_short_circuit_operator to 2023-09-08T19:00:05.600394+00:00, run_after=2023-09-09T19:00:05.600394+00:00
[2023-09-09 19:00:05,607] {processor.py:161} INFO - Processing /home/airflow/.local/lib/python3.7/site-packages/airflow/example_dags/example_short_circuit_operator.py took 0.039 seconds
[2023-09-09 19:00:35,948] {processor.py:153} INFO - Started process (PID=414) to work on /home/airflow/.local/lib/python3.7/site-packages/airflow/example_dags/example_short_circuit_operator.py
[2023-09-09 19:00:35,949] {processor.py:641} INFO - Processing file /home/airflow/.local/lib/python3.7/site-packages/airflow/example_dags/example_short_circuit_operator.py for tasks to queue
[2023-09-09 19:00:35,949] {logging_mixin.py:115} INFO - [2023-09-09 19:00:35,949] {dagbag.py:508} INFO - Filling up the DagBag from /home/airflow/.local/lib/python3.7/site-packages/airflow/example_dags/example_short_circuit_operator.py
[2023-09-09 19:00:35,959] {processor.py:651} INFO - DAG(s) dict_keys(['example_short_circuit_operator']) retrieved from /home/airflow/.local/lib/python3.7/site-packages/airflow/example_dags/example_short_circuit_operator.py
[2023-09-09 19:00:35,974] {logging_mixin.py:115} INFO - [2023-09-09 19:00:35,974] {dag.py:2420} INFO - Sync 1 DAGs
[2023-09-09 19:00:35,985] {logging_mixin.py:115} INFO - [2023-09-09 19:00:35,985] {dag.py:2972} INFO - Setting next_dagrun for example_short_circuit_operator to 2023-09-08T19:00:35.985563+00:00, run_after=2023-09-09T19:00:35.985563+00:00
[2023-09-09 19:00:35,992] {processor.py:161} INFO - Processing /home/airflow/.local/lib/python3.7/site-packages/airflow/example_dags/example_short_circuit_operator.py took 0.046 seconds
[2023-09-09 19:01:06,116] {processor.py:153} INFO - Started process (PID=478) to work on /home/airflow/.local/lib/python3.7/site-packages/airflow/example_dags/example_short_circuit_operator.py
[2023-09-09 19:01:06,117] {processor.py:641} INFO - Processing file /home/airflow/.local/lib/python3.7/site-packages/airflow/example_dags/example_short_circuit_operator.py for tasks to queue
[2023-09-09 19:01:06,118] {logging_mixin.py:115} INFO - [2023-09-09 19:01:06,118] {dagbag.py:508} INFO - Filling up the DagBag from /home/airflow/.local/lib/python3.7/site-packages/airflow/example_dags/example_short_circuit_operator.py
[2023-09-09 19:01:06,122] {processor.py:651} INFO - DAG(s) dict_keys(['example_short_circuit_operator']) retrieved from /home/airflow/.local/lib/python3.7/site-packages/airflow/example_dags/example_short_circuit_operator.py
[2023-09-09 19:01:06,136] {logging_mixin.py:115} INFO - [2023-09-09 19:01:06,136] {dag.py:2420} INFO - Sync 1 DAGs
[2023-09-09 19:01:06,146] {logging_mixin.py:115} INFO - [2023-09-09 19:01:06,146] {dag.py:2972} INFO - Setting next_dagrun for example_short_circuit_operator to 2023-09-08T19:01:06.146020+00:00, run_after=2023-09-09T19:01:06.146020+00:00
[2023-09-09 19:01:06,151] {processor.py:161} INFO - Processing /home/airflow/.local/lib/python3.7/site-packages/airflow/example_dags/example_short_circuit_operator.py took 0.036 seconds
[2023-09-09 19:01:36,413] {processor.py:153} INFO - Started process (PID=541) to work on /home/airflow/.local/lib/python3.7/site-packages/airflow/example_dags/example_short_circuit_operator.py
[2023-09-09 19:01:36,413] {processor.py:641} INFO - Processing file /home/airflow/.local/lib/python3.7/site-packages/airflow/example_dags/example_short_circuit_operator.py for tasks to queue
[2023-09-09 19:01:36,414] {logging_mixin.py:115} INFO - [2023-09-09 19:01:36,414] {dagbag.py:508} INFO - Filling up the DagBag from /home/airflow/.local/lib/python3.7/site-packages/airflow/example_dags/example_short_circuit_operator.py
[2023-09-09 19:01:36,419] {processor.py:651} INFO - DAG(s) dict_keys(['example_short_circuit_operator']) retrieved from /home/airflow/.local/lib/python3.7/site-packages/airflow/example_dags/example_short_circuit_operator.py
[2023-09-09 19:01:36,435] {logging_mixin.py:115} INFO - [2023-09-09 19:01:36,435] {dag.py:2420} INFO - Sync 1 DAGs
[2023-09-09 19:01:36,445] {logging_mixin.py:115} INFO - [2023-09-09 19:01:36,445] {dag.py:2972} INFO - Setting next_dagrun for example_short_circuit_operator to 2023-09-08T19:01:36.445656+00:00, run_after=2023-09-09T19:01:36.445656+00:00
[2023-09-09 19:01:36,451] {processor.py:161} INFO - Processing /home/airflow/.local/lib/python3.7/site-packages/airflow/example_dags/example_short_circuit_operator.py took 0.040 seconds
[2023-09-09 19:02:06,748] {processor.py:153} INFO - Started process (PID=604) to work on /home/airflow/.local/lib/python3.7/site-packages/airflow/example_dags/example_short_circuit_operator.py
[2023-09-09 19:02:06,748] {processor.py:641} INFO - Processing file /home/airflow/.local/lib/python3.7/site-packages/airflow/example_dags/example_short_circuit_operator.py for tasks to queue
[2023-09-09 19:02:06,749] {logging_mixin.py:115} INFO - [2023-09-09 19:02:06,749] {dagbag.py:508} INFO - Filling up the DagBag from /home/airflow/.local/lib/python3.7/site-packages/airflow/example_dags/example_short_circuit_operator.py
[2023-09-09 19:02:06,754] {processor.py:651} INFO - DAG(s) dict_keys(['example_short_circuit_operator']) retrieved from /home/airflow/.local/lib/python3.7/site-packages/airflow/example_dags/example_short_circuit_operator.py
[2023-09-09 19:02:06,769] {logging_mixin.py:115} INFO - [2023-09-09 19:02:06,769] {dag.py:2420} INFO - Sync 1 DAGs
[2023-09-09 19:02:06,787] {logging_mixin.py:115} INFO - [2023-09-09 19:02:06,787] {dag.py:2972} INFO - Setting next_dagrun for example_short_circuit_operator to 2023-09-08T19:02:06.787710+00:00, run_after=2023-09-09T19:02:06.787710+00:00
[2023-09-09 19:02:06,794] {processor.py:161} INFO - Processing /home/airflow/.local/lib/python3.7/site-packages/airflow/example_dags/example_short_circuit_operator.py took 0.048 seconds
[2023-09-09 19:02:37,645] {processor.py:153} INFO - Started process (PID=662) to work on /home/airflow/.local/lib/python3.7/site-packages/airflow/example_dags/example_short_circuit_operator.py
[2023-09-09 19:02:37,646] {processor.py:641} INFO - Processing file /home/airflow/.local/lib/python3.7/site-packages/airflow/example_dags/example_short_circuit_operator.py for tasks to queue
[2023-09-09 19:02:37,646] {logging_mixin.py:115} INFO - [2023-09-09 19:02:37,646] {dagbag.py:508} INFO - Filling up the DagBag from /home/airflow/.local/lib/python3.7/site-packages/airflow/example_dags/example_short_circuit_operator.py
[2023-09-09 19:02:37,650] {processor.py:651} INFO - DAG(s) dict_keys(['example_short_circuit_operator']) retrieved from /home/airflow/.local/lib/python3.7/site-packages/airflow/example_dags/example_short_circuit_operator.py
[2023-09-09 19:02:37,666] {logging_mixin.py:115} INFO - [2023-09-09 19:02:37,665] {dag.py:2420} INFO - Sync 1 DAGs
[2023-09-09 19:02:37,676] {logging_mixin.py:115} INFO - [2023-09-09 19:02:37,676] {dag.py:2972} INFO - Setting next_dagrun for example_short_circuit_operator to 2023-09-08T19:02:37.676045+00:00, run_after=2023-09-09T19:02:37.676045+00:00
[2023-09-09 19:02:37,681] {processor.py:161} INFO - Processing /home/airflow/.local/lib/python3.7/site-packages/airflow/example_dags/example_short_circuit_operator.py took 0.038 seconds
[2023-09-09 19:03:35,297] {processor.py:153} INFO - Started process (PID=46) to work on /home/airflow/.local/lib/python3.7/site-packages/airflow/example_dags/example_short_circuit_operator.py
[2023-09-09 19:03:35,300] {processor.py:641} INFO - Processing file /home/airflow/.local/lib/python3.7/site-packages/airflow/example_dags/example_short_circuit_operator.py for tasks to queue
[2023-09-09 19:03:35,303] {logging_mixin.py:115} INFO - [2023-09-09 19:03:35,303] {dagbag.py:508} INFO - Filling up the DagBag from /home/airflow/.local/lib/python3.7/site-packages/airflow/example_dags/example_short_circuit_operator.py
[2023-09-09 19:03:35,324] {processor.py:651} INFO - DAG(s) dict_keys(['example_short_circuit_operator']) retrieved from /home/airflow/.local/lib/python3.7/site-packages/airflow/example_dags/example_short_circuit_operator.py
[2023-09-09 19:03:35,352] {logging_mixin.py:115} INFO - [2023-09-09 19:03:35,352] {dag.py:2420} INFO - Sync 1 DAGs
[2023-09-09 19:03:35,381] {logging_mixin.py:115} INFO - [2023-09-09 19:03:35,381] {dag.py:2972} INFO - Setting next_dagrun for example_short_circuit_operator to 2023-09-08T19:03:35.381624+00:00, run_after=2023-09-09T19:03:35.381624+00:00
[2023-09-09 19:03:35,391] {processor.py:161} INFO - Processing /home/airflow/.local/lib/python3.7/site-packages/airflow/example_dags/example_short_circuit_operator.py took 0.097 seconds
[2023-09-09 19:04:05,452] {processor.py:153} INFO - Started process (PID=109) to work on /home/airflow/.local/lib/python3.7/site-packages/airflow/example_dags/example_short_circuit_operator.py
[2023-09-09 19:04:05,452] {processor.py:641} INFO - Processing file /home/airflow/.local/lib/python3.7/site-packages/airflow/example_dags/example_short_circuit_operator.py for tasks to queue
[2023-09-09 19:04:05,453] {logging_mixin.py:115} INFO - [2023-09-09 19:04:05,453] {dagbag.py:508} INFO - Filling up the DagBag from /home/airflow/.local/lib/python3.7/site-packages/airflow/example_dags/example_short_circuit_operator.py
[2023-09-09 19:04:05,457] {processor.py:651} INFO - DAG(s) dict_keys(['example_short_circuit_operator']) retrieved from /home/airflow/.local/lib/python3.7/site-packages/airflow/example_dags/example_short_circuit_operator.py
[2023-09-09 19:04:05,473] {logging_mixin.py:115} INFO - [2023-09-09 19:04:05,473] {dag.py:2420} INFO - Sync 1 DAGs
[2023-09-09 19:04:05,483] {logging_mixin.py:115} INFO - [2023-09-09 19:04:05,483] {dag.py:2972} INFO - Setting next_dagrun for example_short_circuit_operator to 2023-09-08T19:04:05.483088+00:00, run_after=2023-09-09T19:04:05.483088+00:00
[2023-09-09 19:04:05,488] {processor.py:161} INFO - Processing /home/airflow/.local/lib/python3.7/site-packages/airflow/example_dags/example_short_circuit_operator.py took 0.038 seconds
[2023-09-09 19:04:35,872] {processor.py:153} INFO - Started process (PID=171) to work on /home/airflow/.local/lib/python3.7/site-packages/airflow/example_dags/example_short_circuit_operator.py
[2023-09-09 19:04:35,872] {processor.py:641} INFO - Processing file /home/airflow/.local/lib/python3.7/site-packages/airflow/example_dags/example_short_circuit_operator.py for tasks to queue
[2023-09-09 19:04:35,873] {logging_mixin.py:115} INFO - [2023-09-09 19:04:35,873] {dagbag.py:508} INFO - Filling up the DagBag from /home/airflow/.local/lib/python3.7/site-packages/airflow/example_dags/example_short_circuit_operator.py
[2023-09-09 19:04:35,877] {processor.py:651} INFO - DAG(s) dict_keys(['example_short_circuit_operator']) retrieved from /home/airflow/.local/lib/python3.7/site-packages/airflow/example_dags/example_short_circuit_operator.py
[2023-09-09 19:04:35,892] {logging_mixin.py:115} INFO - [2023-09-09 19:04:35,892] {dag.py:2420} INFO - Sync 1 DAGs
[2023-09-09 19:04:35,902] {logging_mixin.py:115} INFO - [2023-09-09 19:04:35,902] {dag.py:2972} INFO - Setting next_dagrun for example_short_circuit_operator to 2023-09-08T19:04:35.902596+00:00, run_after=2023-09-09T19:04:35.902596+00:00
[2023-09-09 19:04:35,910] {processor.py:161} INFO - Processing /home/airflow/.local/lib/python3.7/site-packages/airflow/example_dags/example_short_circuit_operator.py took 0.040 seconds
[2023-09-09 19:05:06,152] {processor.py:153} INFO - Started process (PID=235) to work on /home/airflow/.local/lib/python3.7/site-packages/airflow/example_dags/example_short_circuit_operator.py
[2023-09-09 19:05:06,152] {processor.py:641} INFO - Processing file /home/airflow/.local/lib/python3.7/site-packages/airflow/example_dags/example_short_circuit_operator.py for tasks to queue
[2023-09-09 19:05:06,153] {logging_mixin.py:115} INFO - [2023-09-09 19:05:06,153] {dagbag.py:508} INFO - Filling up the DagBag from /home/airflow/.local/lib/python3.7/site-packages/airflow/example_dags/example_short_circuit_operator.py
[2023-09-09 19:05:06,157] {processor.py:651} INFO - DAG(s) dict_keys(['example_short_circuit_operator']) retrieved from /home/airflow/.local/lib/python3.7/site-packages/airflow/example_dags/example_short_circuit_operator.py
[2023-09-09 19:05:06,172] {logging_mixin.py:115} INFO - [2023-09-09 19:05:06,172] {dag.py:2420} INFO - Sync 1 DAGs
[2023-09-09 19:05:06,182] {logging_mixin.py:115} INFO - [2023-09-09 19:05:06,182] {dag.py:2972} INFO - Setting next_dagrun for example_short_circuit_operator to 2023-09-08T19:05:06.182630+00:00, run_after=2023-09-09T19:05:06.182630+00:00
[2023-09-09 19:05:06,187] {processor.py:161} INFO - Processing /home/airflow/.local/lib/python3.7/site-packages/airflow/example_dags/example_short_circuit_operator.py took 0.038 seconds
[2023-09-09 19:05:36,445] {processor.py:153} INFO - Started process (PID=289) to work on /home/airflow/.local/lib/python3.7/site-packages/airflow/example_dags/example_short_circuit_operator.py
[2023-09-09 19:05:36,446] {processor.py:641} INFO - Processing file /home/airflow/.local/lib/python3.7/site-packages/airflow/example_dags/example_short_circuit_operator.py for tasks to queue
[2023-09-09 19:05:36,446] {logging_mixin.py:115} INFO - [2023-09-09 19:05:36,446] {dagbag.py:508} INFO - Filling up the DagBag from /home/airflow/.local/lib/python3.7/site-packages/airflow/example_dags/example_short_circuit_operator.py
[2023-09-09 19:05:36,451] {processor.py:651} INFO - DAG(s) dict_keys(['example_short_circuit_operator']) retrieved from /home/airflow/.local/lib/python3.7/site-packages/airflow/example_dags/example_short_circuit_operator.py
[2023-09-09 19:05:36,466] {logging_mixin.py:115} INFO - [2023-09-09 19:05:36,465] {dag.py:2420} INFO - Sync 1 DAGs
[2023-09-09 19:05:36,476] {logging_mixin.py:115} INFO - [2023-09-09 19:05:36,476] {dag.py:2972} INFO - Setting next_dagrun for example_short_circuit_operator to 2023-09-08T19:05:36.476244+00:00, run_after=2023-09-09T19:05:36.476244+00:00
[2023-09-09 19:05:36,481] {processor.py:161} INFO - Processing /home/airflow/.local/lib/python3.7/site-packages/airflow/example_dags/example_short_circuit_operator.py took 0.038 seconds
[2023-09-09 19:06:06,749] {processor.py:153} INFO - Started process (PID=351) to work on /home/airflow/.local/lib/python3.7/site-packages/airflow/example_dags/example_short_circuit_operator.py
[2023-09-09 19:06:06,750] {processor.py:641} INFO - Processing file /home/airflow/.local/lib/python3.7/site-packages/airflow/example_dags/example_short_circuit_operator.py for tasks to queue
[2023-09-09 19:06:06,750] {logging_mixin.py:115} INFO - [2023-09-09 19:06:06,750] {dagbag.py:508} INFO - Filling up the DagBag from /home/airflow/.local/lib/python3.7/site-packages/airflow/example_dags/example_short_circuit_operator.py
[2023-09-09 19:06:06,755] {processor.py:651} INFO - DAG(s) dict_keys(['example_short_circuit_operator']) retrieved from /home/airflow/.local/lib/python3.7/site-packages/airflow/example_dags/example_short_circuit_operator.py
[2023-09-09 19:06:06,770] {logging_mixin.py:115} INFO - [2023-09-09 19:06:06,770] {dag.py:2420} INFO - Sync 1 DAGs
[2023-09-09 19:06:06,780] {logging_mixin.py:115} INFO - [2023-09-09 19:06:06,780] {dag.py:2972} INFO - Setting next_dagrun for example_short_circuit_operator to 2023-09-08T19:06:06.780195+00:00, run_after=2023-09-09T19:06:06.780195+00:00
[2023-09-09 19:06:06,785] {processor.py:161} INFO - Processing /home/airflow/.local/lib/python3.7/site-packages/airflow/example_dags/example_short_circuit_operator.py took 0.037 seconds
[2023-09-09 19:06:37,112] {processor.py:153} INFO - Started process (PID=414) to work on /home/airflow/.local/lib/python3.7/site-packages/airflow/example_dags/example_short_circuit_operator.py
[2023-09-09 19:06:37,113] {processor.py:641} INFO - Processing file /home/airflow/.local/lib/python3.7/site-packages/airflow/example_dags/example_short_circuit_operator.py for tasks to queue
[2023-09-09 19:06:37,113] {logging_mixin.py:115} INFO - [2023-09-09 19:06:37,113] {dagbag.py:508} INFO - Filling up the DagBag from /home/airflow/.local/lib/python3.7/site-packages/airflow/example_dags/example_short_circuit_operator.py
[2023-09-09 19:06:37,118] {processor.py:651} INFO - DAG(s) dict_keys(['example_short_circuit_operator']) retrieved from /home/airflow/.local/lib/python3.7/site-packages/airflow/example_dags/example_short_circuit_operator.py
[2023-09-09 19:06:37,133] {logging_mixin.py:115} INFO - [2023-09-09 19:06:37,133] {dag.py:2420} INFO - Sync 1 DAGs
[2023-09-09 19:06:37,142] {logging_mixin.py:115} INFO - [2023-09-09 19:06:37,142] {dag.py:2972} INFO - Setting next_dagrun for example_short_circuit_operator to 2023-09-08T19:06:37.142694+00:00, run_after=2023-09-09T19:06:37.142694+00:00
[2023-09-09 19:06:37,147] {processor.py:161} INFO - Processing /home/airflow/.local/lib/python3.7/site-packages/airflow/example_dags/example_short_circuit_operator.py took 0.037 seconds
[2023-09-09 19:07:07,417] {processor.py:153} INFO - Started process (PID=477) to work on /home/airflow/.local/lib/python3.7/site-packages/airflow/example_dags/example_short_circuit_operator.py
[2023-09-09 19:07:07,418] {processor.py:641} INFO - Processing file /home/airflow/.local/lib/python3.7/site-packages/airflow/example_dags/example_short_circuit_operator.py for tasks to queue
[2023-09-09 19:07:07,418] {logging_mixin.py:115} INFO - [2023-09-09 19:07:07,418] {dagbag.py:508} INFO - Filling up the DagBag from /home/airflow/.local/lib/python3.7/site-packages/airflow/example_dags/example_short_circuit_operator.py
[2023-09-09 19:07:07,423] {processor.py:651} INFO - DAG(s) dict_keys(['example_short_circuit_operator']) retrieved from /home/airflow/.local/lib/python3.7/site-packages/airflow/example_dags/example_short_circuit_operator.py
[2023-09-09 19:07:07,437] {logging_mixin.py:115} INFO - [2023-09-09 19:07:07,437] {dag.py:2420} INFO - Sync 1 DAGs
[2023-09-09 19:07:07,448] {logging_mixin.py:115} INFO - [2023-09-09 19:07:07,448] {dag.py:2972} INFO - Setting next_dagrun for example_short_circuit_operator to 2023-09-08T19:07:07.447940+00:00, run_after=2023-09-09T19:07:07.447940+00:00
[2023-09-09 19:07:07,452] {processor.py:161} INFO - Processing /home/airflow/.local/lib/python3.7/site-packages/airflow/example_dags/example_short_circuit_operator.py took 0.037 seconds
[2023-09-09 19:07:37,736] {processor.py:153} INFO - Started process (PID=540) to work on /home/airflow/.local/lib/python3.7/site-packages/airflow/example_dags/example_short_circuit_operator.py
[2023-09-09 19:07:37,736] {processor.py:641} INFO - Processing file /home/airflow/.local/lib/python3.7/site-packages/airflow/example_dags/example_short_circuit_operator.py for tasks to queue
[2023-09-09 19:07:37,737] {logging_mixin.py:115} INFO - [2023-09-09 19:07:37,737] {dagbag.py:508} INFO - Filling up the DagBag from /home/airflow/.local/lib/python3.7/site-packages/airflow/example_dags/example_short_circuit_operator.py
[2023-09-09 19:07:37,743] {processor.py:651} INFO - DAG(s) dict_keys(['example_short_circuit_operator']) retrieved from /home/airflow/.local/lib/python3.7/site-packages/airflow/example_dags/example_short_circuit_operator.py
[2023-09-09 19:07:37,760] {logging_mixin.py:115} INFO - [2023-09-09 19:07:37,760] {dag.py:2420} INFO - Sync 1 DAGs
[2023-09-09 19:07:37,770] {logging_mixin.py:115} INFO - [2023-09-09 19:07:37,770] {dag.py:2972} INFO - Setting next_dagrun for example_short_circuit_operator to 2023-09-08T19:07:37.770791+00:00, run_after=2023-09-09T19:07:37.770791+00:00
[2023-09-09 19:07:37,775] {processor.py:161} INFO - Processing /home/airflow/.local/lib/python3.7/site-packages/airflow/example_dags/example_short_circuit_operator.py took 0.042 seconds
[2023-09-09 19:08:08,291] {processor.py:153} INFO - Started process (PID=603) to work on /home/airflow/.local/lib/python3.7/site-packages/airflow/example_dags/example_short_circuit_operator.py
[2023-09-09 19:08:08,292] {processor.py:641} INFO - Processing file /home/airflow/.local/lib/python3.7/site-packages/airflow/example_dags/example_short_circuit_operator.py for tasks to queue
[2023-09-09 19:08:08,292] {logging_mixin.py:115} INFO - [2023-09-09 19:08:08,292] {dagbag.py:508} INFO - Filling up the DagBag from /home/airflow/.local/lib/python3.7/site-packages/airflow/example_dags/example_short_circuit_operator.py
[2023-09-09 19:08:08,297] {processor.py:651} INFO - DAG(s) dict_keys(['example_short_circuit_operator']) retrieved from /home/airflow/.local/lib/python3.7/site-packages/airflow/example_dags/example_short_circuit_operator.py
[2023-09-09 19:08:08,313] {logging_mixin.py:115} INFO - [2023-09-09 19:08:08,312] {dag.py:2420} INFO - Sync 1 DAGs
[2023-09-09 19:08:08,324] {logging_mixin.py:115} INFO - [2023-09-09 19:08:08,324] {dag.py:2972} INFO - Setting next_dagrun for example_short_circuit_operator to 2023-09-08T19:08:08.323954+00:00, run_after=2023-09-09T19:08:08.323954+00:00
[2023-09-09 19:08:08,329] {processor.py:161} INFO - Processing /home/airflow/.local/lib/python3.7/site-packages/airflow/example_dags/example_short_circuit_operator.py took 0.040 seconds
[2023-09-09 19:08:38,968] {processor.py:153} INFO - Started process (PID=656) to work on /home/airflow/.local/lib/python3.7/site-packages/airflow/example_dags/example_short_circuit_operator.py
[2023-09-09 19:08:38,969] {processor.py:641} INFO - Processing file /home/airflow/.local/lib/python3.7/site-packages/airflow/example_dags/example_short_circuit_operator.py for tasks to queue
[2023-09-09 19:08:38,969] {logging_mixin.py:115} INFO - [2023-09-09 19:08:38,969] {dagbag.py:508} INFO - Filling up the DagBag from /home/airflow/.local/lib/python3.7/site-packages/airflow/example_dags/example_short_circuit_operator.py
[2023-09-09 19:08:38,974] {processor.py:651} INFO - DAG(s) dict_keys(['example_short_circuit_operator']) retrieved from /home/airflow/.local/lib/python3.7/site-packages/airflow/example_dags/example_short_circuit_operator.py
[2023-09-09 19:08:38,989] {logging_mixin.py:115} INFO - [2023-09-09 19:08:38,989] {dag.py:2420} INFO - Sync 1 DAGs
[2023-09-09 19:08:39,000] {logging_mixin.py:115} INFO - [2023-09-09 19:08:39,000] {dag.py:2972} INFO - Setting next_dagrun for example_short_circuit_operator to 2023-09-08T19:08:39.000058+00:00, run_after=2023-09-09T19:08:39.000058+00:00
[2023-09-09 19:08:39,005] {processor.py:161} INFO - Processing /home/airflow/.local/lib/python3.7/site-packages/airflow/example_dags/example_short_circuit_operator.py took 0.039 seconds
[2023-09-09 19:09:09,291] {processor.py:153} INFO - Started process (PID=719) to work on /home/airflow/.local/lib/python3.7/site-packages/airflow/example_dags/example_short_circuit_operator.py
[2023-09-09 19:09:09,291] {processor.py:641} INFO - Processing file /home/airflow/.local/lib/python3.7/site-packages/airflow/example_dags/example_short_circuit_operator.py for tasks to queue
[2023-09-09 19:09:09,292] {logging_mixin.py:115} INFO - [2023-09-09 19:09:09,292] {dagbag.py:508} INFO - Filling up the DagBag from /home/airflow/.local/lib/python3.7/site-packages/airflow/example_dags/example_short_circuit_operator.py
[2023-09-09 19:09:09,297] {processor.py:651} INFO - DAG(s) dict_keys(['example_short_circuit_operator']) retrieved from /home/airflow/.local/lib/python3.7/site-packages/airflow/example_dags/example_short_circuit_operator.py
[2023-09-09 19:09:09,312] {logging_mixin.py:115} INFO - [2023-09-09 19:09:09,312] {dag.py:2420} INFO - Sync 1 DAGs
[2023-09-09 19:09:09,322] {logging_mixin.py:115} INFO - [2023-09-09 19:09:09,322] {dag.py:2972} INFO - Setting next_dagrun for example_short_circuit_operator to 2023-09-08T19:09:09.322127+00:00, run_after=2023-09-09T19:09:09.322127+00:00
[2023-09-09 19:09:09,327] {processor.py:161} INFO - Processing /home/airflow/.local/lib/python3.7/site-packages/airflow/example_dags/example_short_circuit_operator.py took 0.039 seconds
