[2023-09-09 18:40:42,271] {processor.py:153} INFO - Started process (PID=65) to work on /home/airflow/.local/lib/python3.7/site-packages/airflow/example_dags/example_local_kubernetes_executor.py
[2023-09-09 18:40:42,272] {processor.py:641} INFO - Processing file /home/airflow/.local/lib/python3.7/site-packages/airflow/example_dags/example_local_kubernetes_executor.py for tasks to queue
[2023-09-09 18:40:42,273] {logging_mixin.py:115} INFO - [2023-09-09 18:40:42,273] {dagbag.py:508} INFO - Filling up the DagBag from /home/airflow/.local/lib/python3.7/site-packages/airflow/example_dags/example_local_kubernetes_executor.py
[2023-09-09 18:40:42,284] {processor.py:651} INFO - DAG(s) dict_keys(['example_local_kubernetes_executor']) retrieved from /home/airflow/.local/lib/python3.7/site-packages/airflow/example_dags/example_local_kubernetes_executor.py
[2023-09-09 18:40:42,349] {logging_mixin.py:115} INFO - [2023-09-09 18:40:42,349] {manager.py:508} INFO - Created Permission View: can edit on DAG:example_local_kubernetes_executor
[2023-09-09 18:40:42,358] {logging_mixin.py:115} INFO - [2023-09-09 18:40:42,358] {manager.py:508} INFO - Created Permission View: can read on DAG:example_local_kubernetes_executor
[2023-09-09 18:40:42,362] {logging_mixin.py:115} INFO - [2023-09-09 18:40:42,362] {manager.py:508} INFO - Created Permission View: can delete on DAG:example_local_kubernetes_executor
[2023-09-09 18:40:42,363] {logging_mixin.py:115} INFO - [2023-09-09 18:40:42,363] {dag.py:2420} INFO - Sync 1 DAGs
[2023-09-09 18:40:42,370] {logging_mixin.py:115} INFO - [2023-09-09 18:40:42,370] {dag.py:2439} INFO - Creating ORM DAG for example_local_kubernetes_executor
[2023-09-09 18:40:42,383] {logging_mixin.py:115} INFO - [2023-09-09 18:40:42,383] {dag.py:2972} INFO - Setting next_dagrun for example_local_kubernetes_executor to None, run_after=None
[2023-09-09 18:40:42,391] {processor.py:161} INFO - Processing /home/airflow/.local/lib/python3.7/site-packages/airflow/example_dags/example_local_kubernetes_executor.py took 0.124 seconds
[2023-09-09 18:41:12,851] {processor.py:153} INFO - Started process (PID=128) to work on /home/airflow/.local/lib/python3.7/site-packages/airflow/example_dags/example_local_kubernetes_executor.py
[2023-09-09 18:41:12,851] {processor.py:641} INFO - Processing file /home/airflow/.local/lib/python3.7/site-packages/airflow/example_dags/example_local_kubernetes_executor.py for tasks to queue
[2023-09-09 18:41:12,852] {logging_mixin.py:115} INFO - [2023-09-09 18:41:12,852] {dagbag.py:508} INFO - Filling up the DagBag from /home/airflow/.local/lib/python3.7/site-packages/airflow/example_dags/example_local_kubernetes_executor.py
[2023-09-09 18:41:12,860] {processor.py:651} INFO - DAG(s) dict_keys(['example_local_kubernetes_executor']) retrieved from /home/airflow/.local/lib/python3.7/site-packages/airflow/example_dags/example_local_kubernetes_executor.py
[2023-09-09 18:41:12,873] {logging_mixin.py:115} INFO - [2023-09-09 18:41:12,873] {dag.py:2420} INFO - Sync 1 DAGs
[2023-09-09 18:41:12,882] {logging_mixin.py:115} INFO - [2023-09-09 18:41:12,882] {dag.py:2972} INFO - Setting next_dagrun for example_local_kubernetes_executor to None, run_after=None
[2023-09-09 18:41:12,888] {processor.py:161} INFO - Processing /home/airflow/.local/lib/python3.7/site-packages/airflow/example_dags/example_local_kubernetes_executor.py took 0.039 seconds
[2023-09-09 18:41:43,137] {processor.py:153} INFO - Started process (PID=191) to work on /home/airflow/.local/lib/python3.7/site-packages/airflow/example_dags/example_local_kubernetes_executor.py
[2023-09-09 18:41:43,137] {processor.py:641} INFO - Processing file /home/airflow/.local/lib/python3.7/site-packages/airflow/example_dags/example_local_kubernetes_executor.py for tasks to queue
[2023-09-09 18:41:43,138] {logging_mixin.py:115} INFO - [2023-09-09 18:41:43,138] {dagbag.py:508} INFO - Filling up the DagBag from /home/airflow/.local/lib/python3.7/site-packages/airflow/example_dags/example_local_kubernetes_executor.py
[2023-09-09 18:41:43,146] {processor.py:651} INFO - DAG(s) dict_keys(['example_local_kubernetes_executor']) retrieved from /home/airflow/.local/lib/python3.7/site-packages/airflow/example_dags/example_local_kubernetes_executor.py
[2023-09-09 18:41:43,161] {logging_mixin.py:115} INFO - [2023-09-09 18:41:43,161] {dag.py:2420} INFO - Sync 1 DAGs
[2023-09-09 18:41:43,174] {logging_mixin.py:115} INFO - [2023-09-09 18:41:43,174] {dag.py:2972} INFO - Setting next_dagrun for example_local_kubernetes_executor to None, run_after=None
[2023-09-09 18:41:43,179] {processor.py:161} INFO - Processing /home/airflow/.local/lib/python3.7/site-packages/airflow/example_dags/example_local_kubernetes_executor.py took 0.044 seconds
[2023-09-09 18:42:13,599] {processor.py:153} INFO - Started process (PID=255) to work on /home/airflow/.local/lib/python3.7/site-packages/airflow/example_dags/example_local_kubernetes_executor.py
[2023-09-09 18:42:13,599] {processor.py:641} INFO - Processing file /home/airflow/.local/lib/python3.7/site-packages/airflow/example_dags/example_local_kubernetes_executor.py for tasks to queue
[2023-09-09 18:42:13,600] {logging_mixin.py:115} INFO - [2023-09-09 18:42:13,600] {dagbag.py:508} INFO - Filling up the DagBag from /home/airflow/.local/lib/python3.7/site-packages/airflow/example_dags/example_local_kubernetes_executor.py
[2023-09-09 18:42:13,608] {processor.py:651} INFO - DAG(s) dict_keys(['example_local_kubernetes_executor']) retrieved from /home/airflow/.local/lib/python3.7/site-packages/airflow/example_dags/example_local_kubernetes_executor.py
[2023-09-09 18:42:13,621] {logging_mixin.py:115} INFO - [2023-09-09 18:42:13,621] {dag.py:2420} INFO - Sync 1 DAGs
[2023-09-09 18:42:13,631] {logging_mixin.py:115} INFO - [2023-09-09 18:42:13,631] {dag.py:2972} INFO - Setting next_dagrun for example_local_kubernetes_executor to None, run_after=None
[2023-09-09 18:42:13,636] {processor.py:161} INFO - Processing /home/airflow/.local/lib/python3.7/site-packages/airflow/example_dags/example_local_kubernetes_executor.py took 0.039 seconds
[2023-09-09 18:42:44,539] {processor.py:153} INFO - Started process (PID=318) to work on /home/airflow/.local/lib/python3.7/site-packages/airflow/example_dags/example_local_kubernetes_executor.py
[2023-09-09 18:42:44,539] {processor.py:641} INFO - Processing file /home/airflow/.local/lib/python3.7/site-packages/airflow/example_dags/example_local_kubernetes_executor.py for tasks to queue
[2023-09-09 18:42:44,540] {logging_mixin.py:115} INFO - [2023-09-09 18:42:44,540] {dagbag.py:508} INFO - Filling up the DagBag from /home/airflow/.local/lib/python3.7/site-packages/airflow/example_dags/example_local_kubernetes_executor.py
[2023-09-09 18:42:44,548] {processor.py:651} INFO - DAG(s) dict_keys(['example_local_kubernetes_executor']) retrieved from /home/airflow/.local/lib/python3.7/site-packages/airflow/example_dags/example_local_kubernetes_executor.py
[2023-09-09 18:42:44,562] {logging_mixin.py:115} INFO - [2023-09-09 18:42:44,562] {dag.py:2420} INFO - Sync 1 DAGs
[2023-09-09 18:42:44,572] {logging_mixin.py:115} INFO - [2023-09-09 18:42:44,572] {dag.py:2972} INFO - Setting next_dagrun for example_local_kubernetes_executor to None, run_after=None
[2023-09-09 18:42:44,577] {processor.py:161} INFO - Processing /home/airflow/.local/lib/python3.7/site-packages/airflow/example_dags/example_local_kubernetes_executor.py took 0.040 seconds
[2023-09-09 18:43:14,860] {processor.py:153} INFO - Started process (PID=380) to work on /home/airflow/.local/lib/python3.7/site-packages/airflow/example_dags/example_local_kubernetes_executor.py
[2023-09-09 18:43:14,861] {processor.py:641} INFO - Processing file /home/airflow/.local/lib/python3.7/site-packages/airflow/example_dags/example_local_kubernetes_executor.py for tasks to queue
[2023-09-09 18:43:14,861] {logging_mixin.py:115} INFO - [2023-09-09 18:43:14,861] {dagbag.py:508} INFO - Filling up the DagBag from /home/airflow/.local/lib/python3.7/site-packages/airflow/example_dags/example_local_kubernetes_executor.py
[2023-09-09 18:43:14,874] {processor.py:651} INFO - DAG(s) dict_keys(['example_local_kubernetes_executor']) retrieved from /home/airflow/.local/lib/python3.7/site-packages/airflow/example_dags/example_local_kubernetes_executor.py
[2023-09-09 18:43:14,897] {logging_mixin.py:115} INFO - [2023-09-09 18:43:14,897] {dag.py:2420} INFO - Sync 1 DAGs
[2023-09-09 18:43:14,909] {logging_mixin.py:115} INFO - [2023-09-09 18:43:14,909] {dag.py:2972} INFO - Setting next_dagrun for example_local_kubernetes_executor to None, run_after=None
[2023-09-09 18:43:14,915] {processor.py:161} INFO - Processing /home/airflow/.local/lib/python3.7/site-packages/airflow/example_dags/example_local_kubernetes_executor.py took 0.057 seconds
[2023-09-09 18:43:45,114] {processor.py:153} INFO - Started process (PID=435) to work on /home/airflow/.local/lib/python3.7/site-packages/airflow/example_dags/example_local_kubernetes_executor.py
[2023-09-09 18:43:45,115] {processor.py:641} INFO - Processing file /home/airflow/.local/lib/python3.7/site-packages/airflow/example_dags/example_local_kubernetes_executor.py for tasks to queue
[2023-09-09 18:43:45,115] {logging_mixin.py:115} INFO - [2023-09-09 18:43:45,115] {dagbag.py:508} INFO - Filling up the DagBag from /home/airflow/.local/lib/python3.7/site-packages/airflow/example_dags/example_local_kubernetes_executor.py
[2023-09-09 18:43:45,123] {processor.py:651} INFO - DAG(s) dict_keys(['example_local_kubernetes_executor']) retrieved from /home/airflow/.local/lib/python3.7/site-packages/airflow/example_dags/example_local_kubernetes_executor.py
[2023-09-09 18:43:45,136] {logging_mixin.py:115} INFO - [2023-09-09 18:43:45,136] {dag.py:2420} INFO - Sync 1 DAGs
[2023-09-09 18:43:45,146] {logging_mixin.py:115} INFO - [2023-09-09 18:43:45,146] {dag.py:2972} INFO - Setting next_dagrun for example_local_kubernetes_executor to None, run_after=None
[2023-09-09 18:43:45,151] {processor.py:161} INFO - Processing /home/airflow/.local/lib/python3.7/site-packages/airflow/example_dags/example_local_kubernetes_executor.py took 0.038 seconds
[2023-09-09 18:44:15,505] {processor.py:153} INFO - Started process (PID=497) to work on /home/airflow/.local/lib/python3.7/site-packages/airflow/example_dags/example_local_kubernetes_executor.py
[2023-09-09 18:44:15,505] {processor.py:641} INFO - Processing file /home/airflow/.local/lib/python3.7/site-packages/airflow/example_dags/example_local_kubernetes_executor.py for tasks to queue
[2023-09-09 18:44:15,506] {logging_mixin.py:115} INFO - [2023-09-09 18:44:15,506] {dagbag.py:508} INFO - Filling up the DagBag from /home/airflow/.local/lib/python3.7/site-packages/airflow/example_dags/example_local_kubernetes_executor.py
[2023-09-09 18:44:15,514] {processor.py:651} INFO - DAG(s) dict_keys(['example_local_kubernetes_executor']) retrieved from /home/airflow/.local/lib/python3.7/site-packages/airflow/example_dags/example_local_kubernetes_executor.py
[2023-09-09 18:44:15,527] {logging_mixin.py:115} INFO - [2023-09-09 18:44:15,527] {dag.py:2420} INFO - Sync 1 DAGs
[2023-09-09 18:44:15,537] {logging_mixin.py:115} INFO - [2023-09-09 18:44:15,537] {dag.py:2972} INFO - Setting next_dagrun for example_local_kubernetes_executor to None, run_after=None
[2023-09-09 18:44:15,542] {processor.py:161} INFO - Processing /home/airflow/.local/lib/python3.7/site-packages/airflow/example_dags/example_local_kubernetes_executor.py took 0.039 seconds
[2023-09-09 18:44:45,679] {processor.py:153} INFO - Started process (PID=560) to work on /home/airflow/.local/lib/python3.7/site-packages/airflow/example_dags/example_local_kubernetes_executor.py
[2023-09-09 18:44:45,680] {processor.py:641} INFO - Processing file /home/airflow/.local/lib/python3.7/site-packages/airflow/example_dags/example_local_kubernetes_executor.py for tasks to queue
[2023-09-09 18:44:45,680] {logging_mixin.py:115} INFO - [2023-09-09 18:44:45,680] {dagbag.py:508} INFO - Filling up the DagBag from /home/airflow/.local/lib/python3.7/site-packages/airflow/example_dags/example_local_kubernetes_executor.py
[2023-09-09 18:44:45,689] {processor.py:651} INFO - DAG(s) dict_keys(['example_local_kubernetes_executor']) retrieved from /home/airflow/.local/lib/python3.7/site-packages/airflow/example_dags/example_local_kubernetes_executor.py
[2023-09-09 18:44:45,704] {logging_mixin.py:115} INFO - [2023-09-09 18:44:45,704] {dag.py:2420} INFO - Sync 1 DAGs
[2023-09-09 18:44:45,714] {logging_mixin.py:115} INFO - [2023-09-09 18:44:45,714] {dag.py:2972} INFO - Setting next_dagrun for example_local_kubernetes_executor to None, run_after=None
[2023-09-09 18:44:45,719] {processor.py:161} INFO - Processing /home/airflow/.local/lib/python3.7/site-packages/airflow/example_dags/example_local_kubernetes_executor.py took 0.042 seconds
[2023-09-09 18:45:16,261] {processor.py:153} INFO - Started process (PID=623) to work on /home/airflow/.local/lib/python3.7/site-packages/airflow/example_dags/example_local_kubernetes_executor.py
[2023-09-09 18:45:16,262] {processor.py:641} INFO - Processing file /home/airflow/.local/lib/python3.7/site-packages/airflow/example_dags/example_local_kubernetes_executor.py for tasks to queue
[2023-09-09 18:45:16,263] {logging_mixin.py:115} INFO - [2023-09-09 18:45:16,263] {dagbag.py:508} INFO - Filling up the DagBag from /home/airflow/.local/lib/python3.7/site-packages/airflow/example_dags/example_local_kubernetes_executor.py
[2023-09-09 18:45:16,271] {processor.py:651} INFO - DAG(s) dict_keys(['example_local_kubernetes_executor']) retrieved from /home/airflow/.local/lib/python3.7/site-packages/airflow/example_dags/example_local_kubernetes_executor.py
[2023-09-09 18:45:16,285] {logging_mixin.py:115} INFO - [2023-09-09 18:45:16,285] {dag.py:2420} INFO - Sync 1 DAGs
[2023-09-09 18:45:16,298] {logging_mixin.py:115} INFO - [2023-09-09 18:45:16,298] {dag.py:2972} INFO - Setting next_dagrun for example_local_kubernetes_executor to None, run_after=None
[2023-09-09 18:45:16,303] {processor.py:161} INFO - Processing /home/airflow/.local/lib/python3.7/site-packages/airflow/example_dags/example_local_kubernetes_executor.py took 0.044 seconds
[2023-09-09 18:45:46,571] {processor.py:153} INFO - Started process (PID=684) to work on /home/airflow/.local/lib/python3.7/site-packages/airflow/example_dags/example_local_kubernetes_executor.py
[2023-09-09 18:45:46,571] {processor.py:641} INFO - Processing file /home/airflow/.local/lib/python3.7/site-packages/airflow/example_dags/example_local_kubernetes_executor.py for tasks to queue
[2023-09-09 18:45:46,572] {logging_mixin.py:115} INFO - [2023-09-09 18:45:46,572] {dagbag.py:508} INFO - Filling up the DagBag from /home/airflow/.local/lib/python3.7/site-packages/airflow/example_dags/example_local_kubernetes_executor.py
[2023-09-09 18:45:46,580] {processor.py:651} INFO - DAG(s) dict_keys(['example_local_kubernetes_executor']) retrieved from /home/airflow/.local/lib/python3.7/site-packages/airflow/example_dags/example_local_kubernetes_executor.py
[2023-09-09 18:45:46,593] {logging_mixin.py:115} INFO - [2023-09-09 18:45:46,593] {dag.py:2420} INFO - Sync 1 DAGs
[2023-09-09 18:45:46,603] {logging_mixin.py:115} INFO - [2023-09-09 18:45:46,603] {dag.py:2972} INFO - Setting next_dagrun for example_local_kubernetes_executor to None, run_after=None
[2023-09-09 18:45:46,609] {processor.py:161} INFO - Processing /home/airflow/.local/lib/python3.7/site-packages/airflow/example_dags/example_local_kubernetes_executor.py took 0.040 seconds
[2023-09-09 18:46:16,857] {processor.py:153} INFO - Started process (PID=737) to work on /home/airflow/.local/lib/python3.7/site-packages/airflow/example_dags/example_local_kubernetes_executor.py
[2023-09-09 18:46:16,858] {processor.py:641} INFO - Processing file /home/airflow/.local/lib/python3.7/site-packages/airflow/example_dags/example_local_kubernetes_executor.py for tasks to queue
[2023-09-09 18:46:16,858] {logging_mixin.py:115} INFO - [2023-09-09 18:46:16,858] {dagbag.py:508} INFO - Filling up the DagBag from /home/airflow/.local/lib/python3.7/site-packages/airflow/example_dags/example_local_kubernetes_executor.py
[2023-09-09 18:46:16,866] {processor.py:651} INFO - DAG(s) dict_keys(['example_local_kubernetes_executor']) retrieved from /home/airflow/.local/lib/python3.7/site-packages/airflow/example_dags/example_local_kubernetes_executor.py
[2023-09-09 18:46:16,880] {logging_mixin.py:115} INFO - [2023-09-09 18:46:16,880] {dag.py:2420} INFO - Sync 1 DAGs
[2023-09-09 18:46:16,890] {logging_mixin.py:115} INFO - [2023-09-09 18:46:16,890] {dag.py:2972} INFO - Setting next_dagrun for example_local_kubernetes_executor to None, run_after=None
[2023-09-09 18:46:16,894] {processor.py:161} INFO - Processing /home/airflow/.local/lib/python3.7/site-packages/airflow/example_dags/example_local_kubernetes_executor.py took 0.039 seconds
[2023-09-09 18:46:47,092] {processor.py:153} INFO - Started process (PID=800) to work on /home/airflow/.local/lib/python3.7/site-packages/airflow/example_dags/example_local_kubernetes_executor.py
[2023-09-09 18:46:47,093] {processor.py:641} INFO - Processing file /home/airflow/.local/lib/python3.7/site-packages/airflow/example_dags/example_local_kubernetes_executor.py for tasks to queue
[2023-09-09 18:46:47,094] {logging_mixin.py:115} INFO - [2023-09-09 18:46:47,093] {dagbag.py:508} INFO - Filling up the DagBag from /home/airflow/.local/lib/python3.7/site-packages/airflow/example_dags/example_local_kubernetes_executor.py
[2023-09-09 18:46:47,101] {processor.py:651} INFO - DAG(s) dict_keys(['example_local_kubernetes_executor']) retrieved from /home/airflow/.local/lib/python3.7/site-packages/airflow/example_dags/example_local_kubernetes_executor.py
[2023-09-09 18:46:47,115] {logging_mixin.py:115} INFO - [2023-09-09 18:46:47,115] {dag.py:2420} INFO - Sync 1 DAGs
[2023-09-09 18:46:47,125] {logging_mixin.py:115} INFO - [2023-09-09 18:46:47,125] {dag.py:2972} INFO - Setting next_dagrun for example_local_kubernetes_executor to None, run_after=None
[2023-09-09 18:46:47,129] {processor.py:161} INFO - Processing /home/airflow/.local/lib/python3.7/site-packages/airflow/example_dags/example_local_kubernetes_executor.py took 0.039 seconds
[2023-09-09 18:47:17,438] {processor.py:153} INFO - Started process (PID=863) to work on /home/airflow/.local/lib/python3.7/site-packages/airflow/example_dags/example_local_kubernetes_executor.py
[2023-09-09 18:47:17,438] {processor.py:641} INFO - Processing file /home/airflow/.local/lib/python3.7/site-packages/airflow/example_dags/example_local_kubernetes_executor.py for tasks to queue
[2023-09-09 18:47:17,439] {logging_mixin.py:115} INFO - [2023-09-09 18:47:17,439] {dagbag.py:508} INFO - Filling up the DagBag from /home/airflow/.local/lib/python3.7/site-packages/airflow/example_dags/example_local_kubernetes_executor.py
[2023-09-09 18:47:17,447] {processor.py:651} INFO - DAG(s) dict_keys(['example_local_kubernetes_executor']) retrieved from /home/airflow/.local/lib/python3.7/site-packages/airflow/example_dags/example_local_kubernetes_executor.py
[2023-09-09 18:47:17,460] {logging_mixin.py:115} INFO - [2023-09-09 18:47:17,460] {dag.py:2420} INFO - Sync 1 DAGs
[2023-09-09 18:47:17,470] {logging_mixin.py:115} INFO - [2023-09-09 18:47:17,470] {dag.py:2972} INFO - Setting next_dagrun for example_local_kubernetes_executor to None, run_after=None
[2023-09-09 18:47:17,475] {processor.py:161} INFO - Processing /home/airflow/.local/lib/python3.7/site-packages/airflow/example_dags/example_local_kubernetes_executor.py took 0.039 seconds
[2023-09-09 18:47:47,574] {processor.py:153} INFO - Started process (PID=926) to work on /home/airflow/.local/lib/python3.7/site-packages/airflow/example_dags/example_local_kubernetes_executor.py
[2023-09-09 18:47:47,574] {processor.py:641} INFO - Processing file /home/airflow/.local/lib/python3.7/site-packages/airflow/example_dags/example_local_kubernetes_executor.py for tasks to queue
[2023-09-09 18:47:47,575] {logging_mixin.py:115} INFO - [2023-09-09 18:47:47,575] {dagbag.py:508} INFO - Filling up the DagBag from /home/airflow/.local/lib/python3.7/site-packages/airflow/example_dags/example_local_kubernetes_executor.py
[2023-09-09 18:47:47,583] {processor.py:651} INFO - DAG(s) dict_keys(['example_local_kubernetes_executor']) retrieved from /home/airflow/.local/lib/python3.7/site-packages/airflow/example_dags/example_local_kubernetes_executor.py
[2023-09-09 18:47:47,596] {logging_mixin.py:115} INFO - [2023-09-09 18:47:47,596] {dag.py:2420} INFO - Sync 1 DAGs
[2023-09-09 18:47:47,606] {logging_mixin.py:115} INFO - [2023-09-09 18:47:47,606] {dag.py:2972} INFO - Setting next_dagrun for example_local_kubernetes_executor to None, run_after=None
[2023-09-09 18:47:47,610] {processor.py:161} INFO - Processing /home/airflow/.local/lib/python3.7/site-packages/airflow/example_dags/example_local_kubernetes_executor.py took 0.038 seconds
[2023-09-09 18:48:17,805] {processor.py:153} INFO - Started process (PID=988) to work on /home/airflow/.local/lib/python3.7/site-packages/airflow/example_dags/example_local_kubernetes_executor.py
[2023-09-09 18:48:17,806] {processor.py:641} INFO - Processing file /home/airflow/.local/lib/python3.7/site-packages/airflow/example_dags/example_local_kubernetes_executor.py for tasks to queue
[2023-09-09 18:48:17,806] {logging_mixin.py:115} INFO - [2023-09-09 18:48:17,806] {dagbag.py:508} INFO - Filling up the DagBag from /home/airflow/.local/lib/python3.7/site-packages/airflow/example_dags/example_local_kubernetes_executor.py
[2023-09-09 18:48:17,814] {processor.py:651} INFO - DAG(s) dict_keys(['example_local_kubernetes_executor']) retrieved from /home/airflow/.local/lib/python3.7/site-packages/airflow/example_dags/example_local_kubernetes_executor.py
[2023-09-09 18:48:17,827] {logging_mixin.py:115} INFO - [2023-09-09 18:48:17,827] {dag.py:2420} INFO - Sync 1 DAGs
[2023-09-09 18:48:17,837] {logging_mixin.py:115} INFO - [2023-09-09 18:48:17,837] {dag.py:2972} INFO - Setting next_dagrun for example_local_kubernetes_executor to None, run_after=None
[2023-09-09 18:48:17,842] {processor.py:161} INFO - Processing /home/airflow/.local/lib/python3.7/site-packages/airflow/example_dags/example_local_kubernetes_executor.py took 0.039 seconds
[2023-09-09 18:48:48,052] {processor.py:153} INFO - Started process (PID=1050) to work on /home/airflow/.local/lib/python3.7/site-packages/airflow/example_dags/example_local_kubernetes_executor.py
[2023-09-09 18:48:48,053] {processor.py:641} INFO - Processing file /home/airflow/.local/lib/python3.7/site-packages/airflow/example_dags/example_local_kubernetes_executor.py for tasks to queue
[2023-09-09 18:48:48,053] {logging_mixin.py:115} INFO - [2023-09-09 18:48:48,053] {dagbag.py:508} INFO - Filling up the DagBag from /home/airflow/.local/lib/python3.7/site-packages/airflow/example_dags/example_local_kubernetes_executor.py
[2023-09-09 18:48:48,062] {processor.py:651} INFO - DAG(s) dict_keys(['example_local_kubernetes_executor']) retrieved from /home/airflow/.local/lib/python3.7/site-packages/airflow/example_dags/example_local_kubernetes_executor.py
[2023-09-09 18:48:48,077] {logging_mixin.py:115} INFO - [2023-09-09 18:48:48,077] {dag.py:2420} INFO - Sync 1 DAGs
[2023-09-09 18:48:48,087] {logging_mixin.py:115} INFO - [2023-09-09 18:48:48,087] {dag.py:2972} INFO - Setting next_dagrun for example_local_kubernetes_executor to None, run_after=None
[2023-09-09 18:48:48,092] {processor.py:161} INFO - Processing /home/airflow/.local/lib/python3.7/site-packages/airflow/example_dags/example_local_kubernetes_executor.py took 0.041 seconds
[2023-09-09 18:57:35,299] {processor.py:153} INFO - Started process (PID=65) to work on /home/airflow/.local/lib/python3.7/site-packages/airflow/example_dags/example_local_kubernetes_executor.py
[2023-09-09 18:57:35,302] {processor.py:641} INFO - Processing file /home/airflow/.local/lib/python3.7/site-packages/airflow/example_dags/example_local_kubernetes_executor.py for tasks to queue
[2023-09-09 18:57:35,304] {logging_mixin.py:115} INFO - [2023-09-09 18:57:35,304] {dagbag.py:508} INFO - Filling up the DagBag from /home/airflow/.local/lib/python3.7/site-packages/airflow/example_dags/example_local_kubernetes_executor.py
[2023-09-09 18:57:35,326] {processor.py:651} INFO - DAG(s) dict_keys(['example_local_kubernetes_executor']) retrieved from /home/airflow/.local/lib/python3.7/site-packages/airflow/example_dags/example_local_kubernetes_executor.py
[2023-09-09 18:57:35,386] {logging_mixin.py:115} INFO - [2023-09-09 18:57:35,386] {dag.py:2420} INFO - Sync 1 DAGs
[2023-09-09 18:57:35,414] {logging_mixin.py:115} INFO - [2023-09-09 18:57:35,414] {dag.py:2972} INFO - Setting next_dagrun for example_local_kubernetes_executor to None, run_after=None
[2023-09-09 18:57:35,429] {processor.py:161} INFO - Processing /home/airflow/.local/lib/python3.7/site-packages/airflow/example_dags/example_local_kubernetes_executor.py took 0.133 seconds
[2023-09-09 18:58:05,900] {processor.py:153} INFO - Started process (PID=128) to work on /home/airflow/.local/lib/python3.7/site-packages/airflow/example_dags/example_local_kubernetes_executor.py
[2023-09-09 18:58:05,901] {processor.py:641} INFO - Processing file /home/airflow/.local/lib/python3.7/site-packages/airflow/example_dags/example_local_kubernetes_executor.py for tasks to queue
[2023-09-09 18:58:05,901] {logging_mixin.py:115} INFO - [2023-09-09 18:58:05,901] {dagbag.py:508} INFO - Filling up the DagBag from /home/airflow/.local/lib/python3.7/site-packages/airflow/example_dags/example_local_kubernetes_executor.py
[2023-09-09 18:58:05,909] {processor.py:651} INFO - DAG(s) dict_keys(['example_local_kubernetes_executor']) retrieved from /home/airflow/.local/lib/python3.7/site-packages/airflow/example_dags/example_local_kubernetes_executor.py
[2023-09-09 18:58:05,922] {logging_mixin.py:115} INFO - [2023-09-09 18:58:05,922] {dag.py:2420} INFO - Sync 1 DAGs
[2023-09-09 18:58:05,932] {logging_mixin.py:115} INFO - [2023-09-09 18:58:05,932] {dag.py:2972} INFO - Setting next_dagrun for example_local_kubernetes_executor to None, run_after=None
[2023-09-09 18:58:05,937] {processor.py:161} INFO - Processing /home/airflow/.local/lib/python3.7/site-packages/airflow/example_dags/example_local_kubernetes_executor.py took 0.038 seconds
[2023-09-09 18:58:36,222] {processor.py:153} INFO - Started process (PID=191) to work on /home/airflow/.local/lib/python3.7/site-packages/airflow/example_dags/example_local_kubernetes_executor.py
[2023-09-09 18:58:36,223] {processor.py:641} INFO - Processing file /home/airflow/.local/lib/python3.7/site-packages/airflow/example_dags/example_local_kubernetes_executor.py for tasks to queue
[2023-09-09 18:58:36,223] {logging_mixin.py:115} INFO - [2023-09-09 18:58:36,223] {dagbag.py:508} INFO - Filling up the DagBag from /home/airflow/.local/lib/python3.7/site-packages/airflow/example_dags/example_local_kubernetes_executor.py
[2023-09-09 18:58:36,232] {processor.py:651} INFO - DAG(s) dict_keys(['example_local_kubernetes_executor']) retrieved from /home/airflow/.local/lib/python3.7/site-packages/airflow/example_dags/example_local_kubernetes_executor.py
[2023-09-09 18:58:36,248] {logging_mixin.py:115} INFO - [2023-09-09 18:58:36,248] {dag.py:2420} INFO - Sync 1 DAGs
[2023-09-09 18:58:36,258] {logging_mixin.py:115} INFO - [2023-09-09 18:58:36,258] {dag.py:2972} INFO - Setting next_dagrun for example_local_kubernetes_executor to None, run_after=None
[2023-09-09 18:58:36,264] {processor.py:161} INFO - Processing /home/airflow/.local/lib/python3.7/site-packages/airflow/example_dags/example_local_kubernetes_executor.py took 0.044 seconds
[2023-09-09 18:59:06,480] {processor.py:153} INFO - Started process (PID=253) to work on /home/airflow/.local/lib/python3.7/site-packages/airflow/example_dags/example_local_kubernetes_executor.py
[2023-09-09 18:59:06,480] {processor.py:641} INFO - Processing file /home/airflow/.local/lib/python3.7/site-packages/airflow/example_dags/example_local_kubernetes_executor.py for tasks to queue
[2023-09-09 18:59:06,481] {logging_mixin.py:115} INFO - [2023-09-09 18:59:06,481] {dagbag.py:508} INFO - Filling up the DagBag from /home/airflow/.local/lib/python3.7/site-packages/airflow/example_dags/example_local_kubernetes_executor.py
[2023-09-09 18:59:06,491] {processor.py:651} INFO - DAG(s) dict_keys(['example_local_kubernetes_executor']) retrieved from /home/airflow/.local/lib/python3.7/site-packages/airflow/example_dags/example_local_kubernetes_executor.py
[2023-09-09 18:59:06,507] {logging_mixin.py:115} INFO - [2023-09-09 18:59:06,507] {dag.py:2420} INFO - Sync 1 DAGs
[2023-09-09 18:59:06,517] {logging_mixin.py:115} INFO - [2023-09-09 18:59:06,517] {dag.py:2972} INFO - Setting next_dagrun for example_local_kubernetes_executor to None, run_after=None
[2023-09-09 18:59:06,523] {processor.py:161} INFO - Processing /home/airflow/.local/lib/python3.7/site-packages/airflow/example_dags/example_local_kubernetes_executor.py took 0.045 seconds
[2023-09-09 18:59:36,865] {processor.py:153} INFO - Started process (PID=316) to work on /home/airflow/.local/lib/python3.7/site-packages/airflow/example_dags/example_local_kubernetes_executor.py
[2023-09-09 18:59:36,865] {processor.py:641} INFO - Processing file /home/airflow/.local/lib/python3.7/site-packages/airflow/example_dags/example_local_kubernetes_executor.py for tasks to queue
[2023-09-09 18:59:36,866] {logging_mixin.py:115} INFO - [2023-09-09 18:59:36,866] {dagbag.py:508} INFO - Filling up the DagBag from /home/airflow/.local/lib/python3.7/site-packages/airflow/example_dags/example_local_kubernetes_executor.py
[2023-09-09 18:59:36,875] {processor.py:651} INFO - DAG(s) dict_keys(['example_local_kubernetes_executor']) retrieved from /home/airflow/.local/lib/python3.7/site-packages/airflow/example_dags/example_local_kubernetes_executor.py
[2023-09-09 18:59:36,891] {logging_mixin.py:115} INFO - [2023-09-09 18:59:36,891] {dag.py:2420} INFO - Sync 1 DAGs
[2023-09-09 18:59:36,902] {logging_mixin.py:115} INFO - [2023-09-09 18:59:36,902] {dag.py:2972} INFO - Setting next_dagrun for example_local_kubernetes_executor to None, run_after=None
[2023-09-09 18:59:36,907] {processor.py:161} INFO - Processing /home/airflow/.local/lib/python3.7/site-packages/airflow/example_dags/example_local_kubernetes_executor.py took 0.044 seconds
[2023-09-09 19:00:07,176] {processor.py:153} INFO - Started process (PID=369) to work on /home/airflow/.local/lib/python3.7/site-packages/airflow/example_dags/example_local_kubernetes_executor.py
[2023-09-09 19:00:07,176] {processor.py:641} INFO - Processing file /home/airflow/.local/lib/python3.7/site-packages/airflow/example_dags/example_local_kubernetes_executor.py for tasks to queue
[2023-09-09 19:00:07,177] {logging_mixin.py:115} INFO - [2023-09-09 19:00:07,177] {dagbag.py:508} INFO - Filling up the DagBag from /home/airflow/.local/lib/python3.7/site-packages/airflow/example_dags/example_local_kubernetes_executor.py
[2023-09-09 19:00:07,185] {processor.py:651} INFO - DAG(s) dict_keys(['example_local_kubernetes_executor']) retrieved from /home/airflow/.local/lib/python3.7/site-packages/airflow/example_dags/example_local_kubernetes_executor.py
[2023-09-09 19:00:07,201] {logging_mixin.py:115} INFO - [2023-09-09 19:00:07,200] {dag.py:2420} INFO - Sync 1 DAGs
[2023-09-09 19:00:07,212] {logging_mixin.py:115} INFO - [2023-09-09 19:00:07,212] {dag.py:2972} INFO - Setting next_dagrun for example_local_kubernetes_executor to None, run_after=None
[2023-09-09 19:00:07,217] {processor.py:161} INFO - Processing /home/airflow/.local/lib/python3.7/site-packages/airflow/example_dags/example_local_kubernetes_executor.py took 0.043 seconds
[2023-09-09 19:00:37,520] {processor.py:153} INFO - Started process (PID=433) to work on /home/airflow/.local/lib/python3.7/site-packages/airflow/example_dags/example_local_kubernetes_executor.py
[2023-09-09 19:00:37,521] {processor.py:641} INFO - Processing file /home/airflow/.local/lib/python3.7/site-packages/airflow/example_dags/example_local_kubernetes_executor.py for tasks to queue
[2023-09-09 19:00:37,522] {logging_mixin.py:115} INFO - [2023-09-09 19:00:37,522] {dagbag.py:508} INFO - Filling up the DagBag from /home/airflow/.local/lib/python3.7/site-packages/airflow/example_dags/example_local_kubernetes_executor.py
[2023-09-09 19:00:37,530] {processor.py:651} INFO - DAG(s) dict_keys(['example_local_kubernetes_executor']) retrieved from /home/airflow/.local/lib/python3.7/site-packages/airflow/example_dags/example_local_kubernetes_executor.py
[2023-09-09 19:00:37,543] {logging_mixin.py:115} INFO - [2023-09-09 19:00:37,543] {dag.py:2420} INFO - Sync 1 DAGs
[2023-09-09 19:00:37,553] {logging_mixin.py:115} INFO - [2023-09-09 19:00:37,553] {dag.py:2972} INFO - Setting next_dagrun for example_local_kubernetes_executor to None, run_after=None
[2023-09-09 19:00:37,558] {processor.py:161} INFO - Processing /home/airflow/.local/lib/python3.7/site-packages/airflow/example_dags/example_local_kubernetes_executor.py took 0.039 seconds
[2023-09-09 19:01:07,672] {processor.py:153} INFO - Started process (PID=497) to work on /home/airflow/.local/lib/python3.7/site-packages/airflow/example_dags/example_local_kubernetes_executor.py
[2023-09-09 19:01:07,673] {processor.py:641} INFO - Processing file /home/airflow/.local/lib/python3.7/site-packages/airflow/example_dags/example_local_kubernetes_executor.py for tasks to queue
[2023-09-09 19:01:07,673] {logging_mixin.py:115} INFO - [2023-09-09 19:01:07,673] {dagbag.py:508} INFO - Filling up the DagBag from /home/airflow/.local/lib/python3.7/site-packages/airflow/example_dags/example_local_kubernetes_executor.py
[2023-09-09 19:01:07,681] {processor.py:651} INFO - DAG(s) dict_keys(['example_local_kubernetes_executor']) retrieved from /home/airflow/.local/lib/python3.7/site-packages/airflow/example_dags/example_local_kubernetes_executor.py
[2023-09-09 19:01:07,695] {logging_mixin.py:115} INFO - [2023-09-09 19:01:07,695] {dag.py:2420} INFO - Sync 1 DAGs
[2023-09-09 19:01:07,705] {logging_mixin.py:115} INFO - [2023-09-09 19:01:07,705] {dag.py:2972} INFO - Setting next_dagrun for example_local_kubernetes_executor to None, run_after=None
[2023-09-09 19:01:07,710] {processor.py:161} INFO - Processing /home/airflow/.local/lib/python3.7/site-packages/airflow/example_dags/example_local_kubernetes_executor.py took 0.040 seconds
[2023-09-09 19:01:38,033] {processor.py:153} INFO - Started process (PID=560) to work on /home/airflow/.local/lib/python3.7/site-packages/airflow/example_dags/example_local_kubernetes_executor.py
[2023-09-09 19:01:38,034] {processor.py:641} INFO - Processing file /home/airflow/.local/lib/python3.7/site-packages/airflow/example_dags/example_local_kubernetes_executor.py for tasks to queue
[2023-09-09 19:01:38,034] {logging_mixin.py:115} INFO - [2023-09-09 19:01:38,034] {dagbag.py:508} INFO - Filling up the DagBag from /home/airflow/.local/lib/python3.7/site-packages/airflow/example_dags/example_local_kubernetes_executor.py
[2023-09-09 19:01:38,042] {processor.py:651} INFO - DAG(s) dict_keys(['example_local_kubernetes_executor']) retrieved from /home/airflow/.local/lib/python3.7/site-packages/airflow/example_dags/example_local_kubernetes_executor.py
[2023-09-09 19:01:38,056] {logging_mixin.py:115} INFO - [2023-09-09 19:01:38,056] {dag.py:2420} INFO - Sync 1 DAGs
[2023-09-09 19:01:38,065] {logging_mixin.py:115} INFO - [2023-09-09 19:01:38,065] {dag.py:2972} INFO - Setting next_dagrun for example_local_kubernetes_executor to None, run_after=None
[2023-09-09 19:01:38,070] {processor.py:161} INFO - Processing /home/airflow/.local/lib/python3.7/site-packages/airflow/example_dags/example_local_kubernetes_executor.py took 0.039 seconds
[2023-09-09 19:02:08,685] {processor.py:153} INFO - Started process (PID=623) to work on /home/airflow/.local/lib/python3.7/site-packages/airflow/example_dags/example_local_kubernetes_executor.py
[2023-09-09 19:02:08,686] {processor.py:641} INFO - Processing file /home/airflow/.local/lib/python3.7/site-packages/airflow/example_dags/example_local_kubernetes_executor.py for tasks to queue
[2023-09-09 19:02:08,686] {logging_mixin.py:115} INFO - [2023-09-09 19:02:08,686] {dagbag.py:508} INFO - Filling up the DagBag from /home/airflow/.local/lib/python3.7/site-packages/airflow/example_dags/example_local_kubernetes_executor.py
[2023-09-09 19:02:08,696] {processor.py:651} INFO - DAG(s) dict_keys(['example_local_kubernetes_executor']) retrieved from /home/airflow/.local/lib/python3.7/site-packages/airflow/example_dags/example_local_kubernetes_executor.py
[2023-09-09 19:02:08,710] {logging_mixin.py:115} INFO - [2023-09-09 19:02:08,710] {dag.py:2420} INFO - Sync 1 DAGs
[2023-09-09 19:02:08,721] {logging_mixin.py:115} INFO - [2023-09-09 19:02:08,721] {dag.py:2972} INFO - Setting next_dagrun for example_local_kubernetes_executor to None, run_after=None
[2023-09-09 19:02:08,726] {processor.py:161} INFO - Processing /home/airflow/.local/lib/python3.7/site-packages/airflow/example_dags/example_local_kubernetes_executor.py took 0.042 seconds
[2023-09-09 19:02:39,282] {processor.py:153} INFO - Started process (PID=690) to work on /home/airflow/.local/lib/python3.7/site-packages/airflow/example_dags/example_local_kubernetes_executor.py
[2023-09-09 19:02:39,282] {processor.py:641} INFO - Processing file /home/airflow/.local/lib/python3.7/site-packages/airflow/example_dags/example_local_kubernetes_executor.py for tasks to queue
[2023-09-09 19:02:39,283] {logging_mixin.py:115} INFO - [2023-09-09 19:02:39,283] {dagbag.py:508} INFO - Filling up the DagBag from /home/airflow/.local/lib/python3.7/site-packages/airflow/example_dags/example_local_kubernetes_executor.py
[2023-09-09 19:02:39,298] {processor.py:651} INFO - DAG(s) dict_keys(['example_local_kubernetes_executor']) retrieved from /home/airflow/.local/lib/python3.7/site-packages/airflow/example_dags/example_local_kubernetes_executor.py
[2023-09-09 19:02:39,326] {logging_mixin.py:115} INFO - [2023-09-09 19:02:39,325] {dag.py:2420} INFO - Sync 1 DAGs
[2023-09-09 19:02:39,337] {logging_mixin.py:115} INFO - [2023-09-09 19:02:39,337] {dag.py:2972} INFO - Setting next_dagrun for example_local_kubernetes_executor to None, run_after=None
[2023-09-09 19:02:39,343] {processor.py:161} INFO - Processing /home/airflow/.local/lib/python3.7/site-packages/airflow/example_dags/example_local_kubernetes_executor.py took 0.064 seconds
[2023-09-09 19:03:36,446] {processor.py:153} INFO - Started process (PID=65) to work on /home/airflow/.local/lib/python3.7/site-packages/airflow/example_dags/example_local_kubernetes_executor.py
[2023-09-09 19:03:36,447] {processor.py:641} INFO - Processing file /home/airflow/.local/lib/python3.7/site-packages/airflow/example_dags/example_local_kubernetes_executor.py for tasks to queue
[2023-09-09 19:03:36,448] {logging_mixin.py:115} INFO - [2023-09-09 19:03:36,448] {dagbag.py:508} INFO - Filling up the DagBag from /home/airflow/.local/lib/python3.7/site-packages/airflow/example_dags/example_local_kubernetes_executor.py
[2023-09-09 19:03:36,484] {processor.py:651} INFO - DAG(s) dict_keys(['example_local_kubernetes_executor']) retrieved from /home/airflow/.local/lib/python3.7/site-packages/airflow/example_dags/example_local_kubernetes_executor.py
[2023-09-09 19:03:36,528] {logging_mixin.py:115} INFO - [2023-09-09 19:03:36,528] {dag.py:2420} INFO - Sync 1 DAGs
[2023-09-09 19:03:36,562] {logging_mixin.py:115} INFO - [2023-09-09 19:03:36,562] {dag.py:2972} INFO - Setting next_dagrun for example_local_kubernetes_executor to None, run_after=None
[2023-09-09 19:03:36,571] {processor.py:161} INFO - Processing /home/airflow/.local/lib/python3.7/site-packages/airflow/example_dags/example_local_kubernetes_executor.py took 0.130 seconds
[2023-09-09 19:04:07,129] {processor.py:153} INFO - Started process (PID=128) to work on /home/airflow/.local/lib/python3.7/site-packages/airflow/example_dags/example_local_kubernetes_executor.py
[2023-09-09 19:04:07,129] {processor.py:641} INFO - Processing file /home/airflow/.local/lib/python3.7/site-packages/airflow/example_dags/example_local_kubernetes_executor.py for tasks to queue
[2023-09-09 19:04:07,130] {logging_mixin.py:115} INFO - [2023-09-09 19:04:07,130] {dagbag.py:508} INFO - Filling up the DagBag from /home/airflow/.local/lib/python3.7/site-packages/airflow/example_dags/example_local_kubernetes_executor.py
[2023-09-09 19:04:07,138] {processor.py:651} INFO - DAG(s) dict_keys(['example_local_kubernetes_executor']) retrieved from /home/airflow/.local/lib/python3.7/site-packages/airflow/example_dags/example_local_kubernetes_executor.py
[2023-09-09 19:04:07,151] {logging_mixin.py:115} INFO - [2023-09-09 19:04:07,151] {dag.py:2420} INFO - Sync 1 DAGs
[2023-09-09 19:04:07,161] {logging_mixin.py:115} INFO - [2023-09-09 19:04:07,161] {dag.py:2972} INFO - Setting next_dagrun for example_local_kubernetes_executor to None, run_after=None
[2023-09-09 19:04:07,166] {processor.py:161} INFO - Processing /home/airflow/.local/lib/python3.7/site-packages/airflow/example_dags/example_local_kubernetes_executor.py took 0.039 seconds
[2023-09-09 19:04:37,483] {processor.py:153} INFO - Started process (PID=190) to work on /home/airflow/.local/lib/python3.7/site-packages/airflow/example_dags/example_local_kubernetes_executor.py
[2023-09-09 19:04:37,484] {processor.py:641} INFO - Processing file /home/airflow/.local/lib/python3.7/site-packages/airflow/example_dags/example_local_kubernetes_executor.py for tasks to queue
[2023-09-09 19:04:37,484] {logging_mixin.py:115} INFO - [2023-09-09 19:04:37,484] {dagbag.py:508} INFO - Filling up the DagBag from /home/airflow/.local/lib/python3.7/site-packages/airflow/example_dags/example_local_kubernetes_executor.py
[2023-09-09 19:04:37,493] {processor.py:651} INFO - DAG(s) dict_keys(['example_local_kubernetes_executor']) retrieved from /home/airflow/.local/lib/python3.7/site-packages/airflow/example_dags/example_local_kubernetes_executor.py
[2023-09-09 19:04:37,506] {logging_mixin.py:115} INFO - [2023-09-09 19:04:37,506] {dag.py:2420} INFO - Sync 1 DAGs
[2023-09-09 19:04:37,515] {logging_mixin.py:115} INFO - [2023-09-09 19:04:37,515] {dag.py:2972} INFO - Setting next_dagrun for example_local_kubernetes_executor to None, run_after=None
[2023-09-09 19:04:37,520] {processor.py:161} INFO - Processing /home/airflow/.local/lib/python3.7/site-packages/airflow/example_dags/example_local_kubernetes_executor.py took 0.038 seconds
[2023-09-09 19:05:07,765] {processor.py:153} INFO - Started process (PID=254) to work on /home/airflow/.local/lib/python3.7/site-packages/airflow/example_dags/example_local_kubernetes_executor.py
[2023-09-09 19:05:07,766] {processor.py:641} INFO - Processing file /home/airflow/.local/lib/python3.7/site-packages/airflow/example_dags/example_local_kubernetes_executor.py for tasks to queue
[2023-09-09 19:05:07,766] {logging_mixin.py:115} INFO - [2023-09-09 19:05:07,766] {dagbag.py:508} INFO - Filling up the DagBag from /home/airflow/.local/lib/python3.7/site-packages/airflow/example_dags/example_local_kubernetes_executor.py
[2023-09-09 19:05:07,774] {processor.py:651} INFO - DAG(s) dict_keys(['example_local_kubernetes_executor']) retrieved from /home/airflow/.local/lib/python3.7/site-packages/airflow/example_dags/example_local_kubernetes_executor.py
[2023-09-09 19:05:07,788] {logging_mixin.py:115} INFO - [2023-09-09 19:05:07,787] {dag.py:2420} INFO - Sync 1 DAGs
[2023-09-09 19:05:07,797] {logging_mixin.py:115} INFO - [2023-09-09 19:05:07,797] {dag.py:2972} INFO - Setting next_dagrun for example_local_kubernetes_executor to None, run_after=None
[2023-09-09 19:05:07,802] {processor.py:161} INFO - Processing /home/airflow/.local/lib/python3.7/site-packages/airflow/example_dags/example_local_kubernetes_executor.py took 0.039 seconds
[2023-09-09 19:05:38,033] {processor.py:153} INFO - Started process (PID=316) to work on /home/airflow/.local/lib/python3.7/site-packages/airflow/example_dags/example_local_kubernetes_executor.py
[2023-09-09 19:05:38,034] {processor.py:641} INFO - Processing file /home/airflow/.local/lib/python3.7/site-packages/airflow/example_dags/example_local_kubernetes_executor.py for tasks to queue
[2023-09-09 19:05:38,034] {logging_mixin.py:115} INFO - [2023-09-09 19:05:38,034] {dagbag.py:508} INFO - Filling up the DagBag from /home/airflow/.local/lib/python3.7/site-packages/airflow/example_dags/example_local_kubernetes_executor.py
[2023-09-09 19:05:38,042] {processor.py:651} INFO - DAG(s) dict_keys(['example_local_kubernetes_executor']) retrieved from /home/airflow/.local/lib/python3.7/site-packages/airflow/example_dags/example_local_kubernetes_executor.py
[2023-09-09 19:05:38,056] {logging_mixin.py:115} INFO - [2023-09-09 19:05:38,056] {dag.py:2420} INFO - Sync 1 DAGs
[2023-09-09 19:05:38,066] {logging_mixin.py:115} INFO - [2023-09-09 19:05:38,066] {dag.py:2972} INFO - Setting next_dagrun for example_local_kubernetes_executor to None, run_after=None
[2023-09-09 19:05:38,073] {processor.py:161} INFO - Processing /home/airflow/.local/lib/python3.7/site-packages/airflow/example_dags/example_local_kubernetes_executor.py took 0.042 seconds
[2023-09-09 19:06:08,382] {processor.py:153} INFO - Started process (PID=370) to work on /home/airflow/.local/lib/python3.7/site-packages/airflow/example_dags/example_local_kubernetes_executor.py
[2023-09-09 19:06:08,383] {processor.py:641} INFO - Processing file /home/airflow/.local/lib/python3.7/site-packages/airflow/example_dags/example_local_kubernetes_executor.py for tasks to queue
[2023-09-09 19:06:08,383] {logging_mixin.py:115} INFO - [2023-09-09 19:06:08,383] {dagbag.py:508} INFO - Filling up the DagBag from /home/airflow/.local/lib/python3.7/site-packages/airflow/example_dags/example_local_kubernetes_executor.py
[2023-09-09 19:06:08,391] {processor.py:651} INFO - DAG(s) dict_keys(['example_local_kubernetes_executor']) retrieved from /home/airflow/.local/lib/python3.7/site-packages/airflow/example_dags/example_local_kubernetes_executor.py
[2023-09-09 19:06:08,404] {logging_mixin.py:115} INFO - [2023-09-09 19:06:08,404] {dag.py:2420} INFO - Sync 1 DAGs
[2023-09-09 19:06:08,414] {logging_mixin.py:115} INFO - [2023-09-09 19:06:08,414] {dag.py:2972} INFO - Setting next_dagrun for example_local_kubernetes_executor to None, run_after=None
[2023-09-09 19:06:08,421] {processor.py:161} INFO - Processing /home/airflow/.local/lib/python3.7/site-packages/airflow/example_dags/example_local_kubernetes_executor.py took 0.040 seconds
[2023-09-09 19:06:38,714] {processor.py:153} INFO - Started process (PID=433) to work on /home/airflow/.local/lib/python3.7/site-packages/airflow/example_dags/example_local_kubernetes_executor.py
[2023-09-09 19:06:38,715] {processor.py:641} INFO - Processing file /home/airflow/.local/lib/python3.7/site-packages/airflow/example_dags/example_local_kubernetes_executor.py for tasks to queue
[2023-09-09 19:06:38,715] {logging_mixin.py:115} INFO - [2023-09-09 19:06:38,715] {dagbag.py:508} INFO - Filling up the DagBag from /home/airflow/.local/lib/python3.7/site-packages/airflow/example_dags/example_local_kubernetes_executor.py
[2023-09-09 19:06:38,723] {processor.py:651} INFO - DAG(s) dict_keys(['example_local_kubernetes_executor']) retrieved from /home/airflow/.local/lib/python3.7/site-packages/airflow/example_dags/example_local_kubernetes_executor.py
[2023-09-09 19:06:38,736] {logging_mixin.py:115} INFO - [2023-09-09 19:06:38,736] {dag.py:2420} INFO - Sync 1 DAGs
[2023-09-09 19:06:38,745] {logging_mixin.py:115} INFO - [2023-09-09 19:06:38,745] {dag.py:2972} INFO - Setting next_dagrun for example_local_kubernetes_executor to None, run_after=None
[2023-09-09 19:06:38,750] {processor.py:161} INFO - Processing /home/airflow/.local/lib/python3.7/site-packages/airflow/example_dags/example_local_kubernetes_executor.py took 0.038 seconds
[2023-09-09 19:07:09,023] {processor.py:153} INFO - Started process (PID=496) to work on /home/airflow/.local/lib/python3.7/site-packages/airflow/example_dags/example_local_kubernetes_executor.py
[2023-09-09 19:07:09,023] {processor.py:641} INFO - Processing file /home/airflow/.local/lib/python3.7/site-packages/airflow/example_dags/example_local_kubernetes_executor.py for tasks to queue
[2023-09-09 19:07:09,024] {logging_mixin.py:115} INFO - [2023-09-09 19:07:09,024] {dagbag.py:508} INFO - Filling up the DagBag from /home/airflow/.local/lib/python3.7/site-packages/airflow/example_dags/example_local_kubernetes_executor.py
[2023-09-09 19:07:09,032] {processor.py:651} INFO - DAG(s) dict_keys(['example_local_kubernetes_executor']) retrieved from /home/airflow/.local/lib/python3.7/site-packages/airflow/example_dags/example_local_kubernetes_executor.py
[2023-09-09 19:07:09,046] {logging_mixin.py:115} INFO - [2023-09-09 19:07:09,045] {dag.py:2420} INFO - Sync 1 DAGs
[2023-09-09 19:07:09,055] {logging_mixin.py:115} INFO - [2023-09-09 19:07:09,055] {dag.py:2972} INFO - Setting next_dagrun for example_local_kubernetes_executor to None, run_after=None
[2023-09-09 19:07:09,060] {processor.py:161} INFO - Processing /home/airflow/.local/lib/python3.7/site-packages/airflow/example_dags/example_local_kubernetes_executor.py took 0.040 seconds
[2023-09-09 19:07:39,440] {processor.py:153} INFO - Started process (PID=559) to work on /home/airflow/.local/lib/python3.7/site-packages/airflow/example_dags/example_local_kubernetes_executor.py
[2023-09-09 19:07:39,440] {processor.py:641} INFO - Processing file /home/airflow/.local/lib/python3.7/site-packages/airflow/example_dags/example_local_kubernetes_executor.py for tasks to queue
[2023-09-09 19:07:39,441] {logging_mixin.py:115} INFO - [2023-09-09 19:07:39,441] {dagbag.py:508} INFO - Filling up the DagBag from /home/airflow/.local/lib/python3.7/site-packages/airflow/example_dags/example_local_kubernetes_executor.py
[2023-09-09 19:07:39,451] {processor.py:651} INFO - DAG(s) dict_keys(['example_local_kubernetes_executor']) retrieved from /home/airflow/.local/lib/python3.7/site-packages/airflow/example_dags/example_local_kubernetes_executor.py
[2023-09-09 19:07:39,468] {logging_mixin.py:115} INFO - [2023-09-09 19:07:39,468] {dag.py:2420} INFO - Sync 1 DAGs
[2023-09-09 19:07:39,479] {logging_mixin.py:115} INFO - [2023-09-09 19:07:39,479] {dag.py:2972} INFO - Setting next_dagrun for example_local_kubernetes_executor to None, run_after=None
[2023-09-09 19:07:39,486] {processor.py:161} INFO - Processing /home/airflow/.local/lib/python3.7/site-packages/airflow/example_dags/example_local_kubernetes_executor.py took 0.048 seconds
[2023-09-09 19:08:10,069] {processor.py:153} INFO - Started process (PID=622) to work on /home/airflow/.local/lib/python3.7/site-packages/airflow/example_dags/example_local_kubernetes_executor.py
[2023-09-09 19:08:10,070] {processor.py:641} INFO - Processing file /home/airflow/.local/lib/python3.7/site-packages/airflow/example_dags/example_local_kubernetes_executor.py for tasks to queue
[2023-09-09 19:08:10,070] {logging_mixin.py:115} INFO - [2023-09-09 19:08:10,070] {dagbag.py:508} INFO - Filling up the DagBag from /home/airflow/.local/lib/python3.7/site-packages/airflow/example_dags/example_local_kubernetes_executor.py
[2023-09-09 19:08:10,079] {processor.py:651} INFO - DAG(s) dict_keys(['example_local_kubernetes_executor']) retrieved from /home/airflow/.local/lib/python3.7/site-packages/airflow/example_dags/example_local_kubernetes_executor.py
[2023-09-09 19:08:10,094] {logging_mixin.py:115} INFO - [2023-09-09 19:08:10,094] {dag.py:2420} INFO - Sync 1 DAGs
[2023-09-09 19:08:10,104] {logging_mixin.py:115} INFO - [2023-09-09 19:08:10,104] {dag.py:2972} INFO - Setting next_dagrun for example_local_kubernetes_executor to None, run_after=None
[2023-09-09 19:08:10,110] {processor.py:161} INFO - Processing /home/airflow/.local/lib/python3.7/site-packages/airflow/example_dags/example_local_kubernetes_executor.py took 0.042 seconds
[2023-09-09 19:08:40,531] {processor.py:153} INFO - Started process (PID=684) to work on /home/airflow/.local/lib/python3.7/site-packages/airflow/example_dags/example_local_kubernetes_executor.py
[2023-09-09 19:08:40,532] {processor.py:641} INFO - Processing file /home/airflow/.local/lib/python3.7/site-packages/airflow/example_dags/example_local_kubernetes_executor.py for tasks to queue
[2023-09-09 19:08:40,533] {logging_mixin.py:115} INFO - [2023-09-09 19:08:40,533] {dagbag.py:508} INFO - Filling up the DagBag from /home/airflow/.local/lib/python3.7/site-packages/airflow/example_dags/example_local_kubernetes_executor.py
[2023-09-09 19:08:40,541] {processor.py:651} INFO - DAG(s) dict_keys(['example_local_kubernetes_executor']) retrieved from /home/airflow/.local/lib/python3.7/site-packages/airflow/example_dags/example_local_kubernetes_executor.py
[2023-09-09 19:08:40,556] {logging_mixin.py:115} INFO - [2023-09-09 19:08:40,556] {dag.py:2420} INFO - Sync 1 DAGs
[2023-09-09 19:08:40,567] {logging_mixin.py:115} INFO - [2023-09-09 19:08:40,567] {dag.py:2972} INFO - Setting next_dagrun for example_local_kubernetes_executor to None, run_after=None
[2023-09-09 19:08:40,572] {processor.py:161} INFO - Processing /home/airflow/.local/lib/python3.7/site-packages/airflow/example_dags/example_local_kubernetes_executor.py took 0.042 seconds
[2023-09-09 19:09:10,857] {processor.py:153} INFO - Started process (PID=738) to work on /home/airflow/.local/lib/python3.7/site-packages/airflow/example_dags/example_local_kubernetes_executor.py
[2023-09-09 19:09:10,858] {processor.py:641} INFO - Processing file /home/airflow/.local/lib/python3.7/site-packages/airflow/example_dags/example_local_kubernetes_executor.py for tasks to queue
[2023-09-09 19:09:10,858] {logging_mixin.py:115} INFO - [2023-09-09 19:09:10,858] {dagbag.py:508} INFO - Filling up the DagBag from /home/airflow/.local/lib/python3.7/site-packages/airflow/example_dags/example_local_kubernetes_executor.py
[2023-09-09 19:09:10,866] {processor.py:651} INFO - DAG(s) dict_keys(['example_local_kubernetes_executor']) retrieved from /home/airflow/.local/lib/python3.7/site-packages/airflow/example_dags/example_local_kubernetes_executor.py
[2023-09-09 19:09:10,880] {logging_mixin.py:115} INFO - [2023-09-09 19:09:10,880] {dag.py:2420} INFO - Sync 1 DAGs
[2023-09-09 19:09:10,889] {logging_mixin.py:115} INFO - [2023-09-09 19:09:10,889] {dag.py:2972} INFO - Setting next_dagrun for example_local_kubernetes_executor to None, run_after=None
[2023-09-09 19:09:10,895] {processor.py:161} INFO - Processing /home/airflow/.local/lib/python3.7/site-packages/airflow/example_dags/example_local_kubernetes_executor.py took 0.040 seconds
