[2023-09-09 18:40:41,040] {processor.py:153} INFO - Started process (PID=55) to work on /home/airflow/.local/lib/python3.7/site-packages/airflow/example_dags/example_dag_decorator.py
[2023-09-09 18:40:41,040] {processor.py:641} INFO - Processing file /home/airflow/.local/lib/python3.7/site-packages/airflow/example_dags/example_dag_decorator.py for tasks to queue
[2023-09-09 18:40:41,041] {logging_mixin.py:115} INFO - [2023-09-09 18:40:41,041] {dagbag.py:508} INFO - Filling up the DagBag from /home/airflow/.local/lib/python3.7/site-packages/airflow/example_dags/example_dag_decorator.py
[2023-09-09 18:40:41,071] {processor.py:651} INFO - DAG(s) dict_keys(['example_dag_decorator']) retrieved from /home/airflow/.local/lib/python3.7/site-packages/airflow/example_dags/example_dag_decorator.py
[2023-09-09 18:40:41,157] {logging_mixin.py:115} INFO - [2023-09-09 18:40:41,157] {manager.py:508} INFO - Created Permission View: can edit on DAG:example_dag_decorator
[2023-09-09 18:40:41,163] {logging_mixin.py:115} INFO - [2023-09-09 18:40:41,163] {manager.py:508} INFO - Created Permission View: can read on DAG:example_dag_decorator
[2023-09-09 18:40:41,167] {logging_mixin.py:115} INFO - [2023-09-09 18:40:41,167] {manager.py:508} INFO - Created Permission View: can delete on DAG:example_dag_decorator
[2023-09-09 18:40:41,168] {logging_mixin.py:115} INFO - [2023-09-09 18:40:41,168] {dag.py:2420} INFO - Sync 1 DAGs
[2023-09-09 18:40:41,182] {logging_mixin.py:115} INFO - [2023-09-09 18:40:41,181] {dag.py:2439} INFO - Creating ORM DAG for example_dag_decorator
[2023-09-09 18:40:41,196] {logging_mixin.py:115} INFO - [2023-09-09 18:40:41,195] {dag.py:2972} INFO - Setting next_dagrun for example_dag_decorator to None, run_after=None
[2023-09-09 18:40:41,209] {processor.py:161} INFO - Processing /home/airflow/.local/lib/python3.7/site-packages/airflow/example_dags/example_dag_decorator.py took 0.171 seconds
[2023-09-09 18:41:11,566] {processor.py:153} INFO - Started process (PID=118) to work on /home/airflow/.local/lib/python3.7/site-packages/airflow/example_dags/example_dag_decorator.py
[2023-09-09 18:41:11,567] {processor.py:641} INFO - Processing file /home/airflow/.local/lib/python3.7/site-packages/airflow/example_dags/example_dag_decorator.py for tasks to queue
[2023-09-09 18:41:11,567] {logging_mixin.py:115} INFO - [2023-09-09 18:41:11,567] {dagbag.py:508} INFO - Filling up the DagBag from /home/airflow/.local/lib/python3.7/site-packages/airflow/example_dags/example_dag_decorator.py
[2023-09-09 18:41:11,578] {processor.py:651} INFO - DAG(s) dict_keys(['example_dag_decorator']) retrieved from /home/airflow/.local/lib/python3.7/site-packages/airflow/example_dags/example_dag_decorator.py
[2023-09-09 18:41:11,609] {logging_mixin.py:115} INFO - [2023-09-09 18:41:11,609] {dag.py:2420} INFO - Sync 1 DAGs
[2023-09-09 18:41:11,617] {logging_mixin.py:115} INFO - [2023-09-09 18:41:11,617] {dag.py:2972} INFO - Setting next_dagrun for example_dag_decorator to None, run_after=None
[2023-09-09 18:41:11,623] {processor.py:161} INFO - Processing /home/airflow/.local/lib/python3.7/site-packages/airflow/example_dags/example_dag_decorator.py took 0.058 seconds
[2023-09-09 18:41:41,819] {processor.py:153} INFO - Started process (PID=181) to work on /home/airflow/.local/lib/python3.7/site-packages/airflow/example_dags/example_dag_decorator.py
[2023-09-09 18:41:41,819] {processor.py:641} INFO - Processing file /home/airflow/.local/lib/python3.7/site-packages/airflow/example_dags/example_dag_decorator.py for tasks to queue
[2023-09-09 18:41:41,820] {logging_mixin.py:115} INFO - [2023-09-09 18:41:41,820] {dagbag.py:508} INFO - Filling up the DagBag from /home/airflow/.local/lib/python3.7/site-packages/airflow/example_dags/example_dag_decorator.py
[2023-09-09 18:41:41,830] {processor.py:651} INFO - DAG(s) dict_keys(['example_dag_decorator']) retrieved from /home/airflow/.local/lib/python3.7/site-packages/airflow/example_dags/example_dag_decorator.py
[2023-09-09 18:41:41,862] {logging_mixin.py:115} INFO - [2023-09-09 18:41:41,862] {dag.py:2420} INFO - Sync 1 DAGs
[2023-09-09 18:41:41,871] {logging_mixin.py:115} INFO - [2023-09-09 18:41:41,871] {dag.py:2972} INFO - Setting next_dagrun for example_dag_decorator to None, run_after=None
[2023-09-09 18:41:41,876] {processor.py:161} INFO - Processing /home/airflow/.local/lib/python3.7/site-packages/airflow/example_dags/example_dag_decorator.py took 0.060 seconds
[2023-09-09 18:42:12,271] {processor.py:153} INFO - Started process (PID=245) to work on /home/airflow/.local/lib/python3.7/site-packages/airflow/example_dags/example_dag_decorator.py
[2023-09-09 18:42:12,272] {processor.py:641} INFO - Processing file /home/airflow/.local/lib/python3.7/site-packages/airflow/example_dags/example_dag_decorator.py for tasks to queue
[2023-09-09 18:42:12,272] {logging_mixin.py:115} INFO - [2023-09-09 18:42:12,272] {dagbag.py:508} INFO - Filling up the DagBag from /home/airflow/.local/lib/python3.7/site-packages/airflow/example_dags/example_dag_decorator.py
[2023-09-09 18:42:12,283] {processor.py:651} INFO - DAG(s) dict_keys(['example_dag_decorator']) retrieved from /home/airflow/.local/lib/python3.7/site-packages/airflow/example_dags/example_dag_decorator.py
[2023-09-09 18:42:12,315] {logging_mixin.py:115} INFO - [2023-09-09 18:42:12,315] {dag.py:2420} INFO - Sync 1 DAGs
[2023-09-09 18:42:12,323] {logging_mixin.py:115} INFO - [2023-09-09 18:42:12,323] {dag.py:2972} INFO - Setting next_dagrun for example_dag_decorator to None, run_after=None
[2023-09-09 18:42:12,329] {processor.py:161} INFO - Processing /home/airflow/.local/lib/python3.7/site-packages/airflow/example_dags/example_dag_decorator.py took 0.059 seconds
[2023-09-09 18:42:42,993] {processor.py:153} INFO - Started process (PID=308) to work on /home/airflow/.local/lib/python3.7/site-packages/airflow/example_dags/example_dag_decorator.py
[2023-09-09 18:42:42,994] {processor.py:641} INFO - Processing file /home/airflow/.local/lib/python3.7/site-packages/airflow/example_dags/example_dag_decorator.py for tasks to queue
[2023-09-09 18:42:42,997] {logging_mixin.py:115} INFO - [2023-09-09 18:42:42,997] {dagbag.py:508} INFO - Filling up the DagBag from /home/airflow/.local/lib/python3.7/site-packages/airflow/example_dags/example_dag_decorator.py
[2023-09-09 18:42:43,021] {processor.py:651} INFO - DAG(s) dict_keys(['example_dag_decorator']) retrieved from /home/airflow/.local/lib/python3.7/site-packages/airflow/example_dags/example_dag_decorator.py
[2023-09-09 18:42:43,123] {logging_mixin.py:115} INFO - [2023-09-09 18:42:43,123] {dag.py:2420} INFO - Sync 1 DAGs
[2023-09-09 18:42:43,140] {logging_mixin.py:115} INFO - [2023-09-09 18:42:43,140] {dag.py:2972} INFO - Setting next_dagrun for example_dag_decorator to None, run_after=None
[2023-09-09 18:42:43,175] {processor.py:161} INFO - Processing /home/airflow/.local/lib/python3.7/site-packages/airflow/example_dags/example_dag_decorator.py took 0.185 seconds
[2023-09-09 18:43:13,554] {processor.py:153} INFO - Started process (PID=363) to work on /home/airflow/.local/lib/python3.7/site-packages/airflow/example_dags/example_dag_decorator.py
[2023-09-09 18:43:13,555] {processor.py:641} INFO - Processing file /home/airflow/.local/lib/python3.7/site-packages/airflow/example_dags/example_dag_decorator.py for tasks to queue
[2023-09-09 18:43:13,555] {logging_mixin.py:115} INFO - [2023-09-09 18:43:13,555] {dagbag.py:508} INFO - Filling up the DagBag from /home/airflow/.local/lib/python3.7/site-packages/airflow/example_dags/example_dag_decorator.py
[2023-09-09 18:43:13,567] {processor.py:651} INFO - DAG(s) dict_keys(['example_dag_decorator']) retrieved from /home/airflow/.local/lib/python3.7/site-packages/airflow/example_dags/example_dag_decorator.py
[2023-09-09 18:43:13,600] {logging_mixin.py:115} INFO - [2023-09-09 18:43:13,600] {dag.py:2420} INFO - Sync 1 DAGs
[2023-09-09 18:43:13,609] {logging_mixin.py:115} INFO - [2023-09-09 18:43:13,609] {dag.py:2972} INFO - Setting next_dagrun for example_dag_decorator to None, run_after=None
[2023-09-09 18:43:13,614] {processor.py:161} INFO - Processing /home/airflow/.local/lib/python3.7/site-packages/airflow/example_dags/example_dag_decorator.py took 0.062 seconds
[2023-09-09 18:43:43,817] {processor.py:153} INFO - Started process (PID=425) to work on /home/airflow/.local/lib/python3.7/site-packages/airflow/example_dags/example_dag_decorator.py
[2023-09-09 18:43:43,818] {processor.py:641} INFO - Processing file /home/airflow/.local/lib/python3.7/site-packages/airflow/example_dags/example_dag_decorator.py for tasks to queue
[2023-09-09 18:43:43,818] {logging_mixin.py:115} INFO - [2023-09-09 18:43:43,818] {dagbag.py:508} INFO - Filling up the DagBag from /home/airflow/.local/lib/python3.7/site-packages/airflow/example_dags/example_dag_decorator.py
[2023-09-09 18:43:43,829] {processor.py:651} INFO - DAG(s) dict_keys(['example_dag_decorator']) retrieved from /home/airflow/.local/lib/python3.7/site-packages/airflow/example_dags/example_dag_decorator.py
[2023-09-09 18:43:43,860] {logging_mixin.py:115} INFO - [2023-09-09 18:43:43,860] {dag.py:2420} INFO - Sync 1 DAGs
[2023-09-09 18:43:43,868] {logging_mixin.py:115} INFO - [2023-09-09 18:43:43,868] {dag.py:2972} INFO - Setting next_dagrun for example_dag_decorator to None, run_after=None
[2023-09-09 18:43:43,873] {processor.py:161} INFO - Processing /home/airflow/.local/lib/python3.7/site-packages/airflow/example_dags/example_dag_decorator.py took 0.058 seconds
[2023-09-09 18:44:14,168] {processor.py:153} INFO - Started process (PID=487) to work on /home/airflow/.local/lib/python3.7/site-packages/airflow/example_dags/example_dag_decorator.py
[2023-09-09 18:44:14,168] {processor.py:641} INFO - Processing file /home/airflow/.local/lib/python3.7/site-packages/airflow/example_dags/example_dag_decorator.py for tasks to queue
[2023-09-09 18:44:14,169] {logging_mixin.py:115} INFO - [2023-09-09 18:44:14,169] {dagbag.py:508} INFO - Filling up the DagBag from /home/airflow/.local/lib/python3.7/site-packages/airflow/example_dags/example_dag_decorator.py
[2023-09-09 18:44:14,180] {processor.py:651} INFO - DAG(s) dict_keys(['example_dag_decorator']) retrieved from /home/airflow/.local/lib/python3.7/site-packages/airflow/example_dags/example_dag_decorator.py
[2023-09-09 18:44:14,212] {logging_mixin.py:115} INFO - [2023-09-09 18:44:14,212] {dag.py:2420} INFO - Sync 1 DAGs
[2023-09-09 18:44:14,220] {logging_mixin.py:115} INFO - [2023-09-09 18:44:14,220] {dag.py:2972} INFO - Setting next_dagrun for example_dag_decorator to None, run_after=None
[2023-09-09 18:44:14,226] {processor.py:161} INFO - Processing /home/airflow/.local/lib/python3.7/site-packages/airflow/example_dags/example_dag_decorator.py took 0.060 seconds
[2023-09-09 18:44:44,385] {processor.py:153} INFO - Started process (PID=550) to work on /home/airflow/.local/lib/python3.7/site-packages/airflow/example_dags/example_dag_decorator.py
[2023-09-09 18:44:44,385] {processor.py:641} INFO - Processing file /home/airflow/.local/lib/python3.7/site-packages/airflow/example_dags/example_dag_decorator.py for tasks to queue
[2023-09-09 18:44:44,386] {logging_mixin.py:115} INFO - [2023-09-09 18:44:44,386] {dagbag.py:508} INFO - Filling up the DagBag from /home/airflow/.local/lib/python3.7/site-packages/airflow/example_dags/example_dag_decorator.py
[2023-09-09 18:44:44,396] {processor.py:651} INFO - DAG(s) dict_keys(['example_dag_decorator']) retrieved from /home/airflow/.local/lib/python3.7/site-packages/airflow/example_dags/example_dag_decorator.py
[2023-09-09 18:44:44,426] {logging_mixin.py:115} INFO - [2023-09-09 18:44:44,426] {dag.py:2420} INFO - Sync 1 DAGs
[2023-09-09 18:44:44,435] {logging_mixin.py:115} INFO - [2023-09-09 18:44:44,435] {dag.py:2972} INFO - Setting next_dagrun for example_dag_decorator to None, run_after=None
[2023-09-09 18:44:44,440] {processor.py:161} INFO - Processing /home/airflow/.local/lib/python3.7/site-packages/airflow/example_dags/example_dag_decorator.py took 0.057 seconds
[2023-09-09 18:45:14,963] {processor.py:153} INFO - Started process (PID=613) to work on /home/airflow/.local/lib/python3.7/site-packages/airflow/example_dags/example_dag_decorator.py
[2023-09-09 18:45:14,963] {processor.py:641} INFO - Processing file /home/airflow/.local/lib/python3.7/site-packages/airflow/example_dags/example_dag_decorator.py for tasks to queue
[2023-09-09 18:45:14,964] {logging_mixin.py:115} INFO - [2023-09-09 18:45:14,964] {dagbag.py:508} INFO - Filling up the DagBag from /home/airflow/.local/lib/python3.7/site-packages/airflow/example_dags/example_dag_decorator.py
[2023-09-09 18:45:14,975] {processor.py:651} INFO - DAG(s) dict_keys(['example_dag_decorator']) retrieved from /home/airflow/.local/lib/python3.7/site-packages/airflow/example_dags/example_dag_decorator.py
[2023-09-09 18:45:15,009] {logging_mixin.py:115} INFO - [2023-09-09 18:45:15,009] {dag.py:2420} INFO - Sync 1 DAGs
[2023-09-09 18:45:15,020] {logging_mixin.py:115} INFO - [2023-09-09 18:45:15,020] {dag.py:2972} INFO - Setting next_dagrun for example_dag_decorator to None, run_after=None
[2023-09-09 18:45:15,028] {processor.py:161} INFO - Processing /home/airflow/.local/lib/python3.7/site-packages/airflow/example_dags/example_dag_decorator.py took 0.067 seconds
[2023-09-09 18:45:45,224] {processor.py:153} INFO - Started process (PID=672) to work on /home/airflow/.local/lib/python3.7/site-packages/airflow/example_dags/example_dag_decorator.py
[2023-09-09 18:45:45,225] {processor.py:641} INFO - Processing file /home/airflow/.local/lib/python3.7/site-packages/airflow/example_dags/example_dag_decorator.py for tasks to queue
[2023-09-09 18:45:45,226] {logging_mixin.py:115} INFO - [2023-09-09 18:45:45,226] {dagbag.py:508} INFO - Filling up the DagBag from /home/airflow/.local/lib/python3.7/site-packages/airflow/example_dags/example_dag_decorator.py
[2023-09-09 18:45:45,236] {processor.py:651} INFO - DAG(s) dict_keys(['example_dag_decorator']) retrieved from /home/airflow/.local/lib/python3.7/site-packages/airflow/example_dags/example_dag_decorator.py
[2023-09-09 18:45:45,268] {logging_mixin.py:115} INFO - [2023-09-09 18:45:45,268] {dag.py:2420} INFO - Sync 1 DAGs
[2023-09-09 18:45:45,277] {logging_mixin.py:115} INFO - [2023-09-09 18:45:45,277] {dag.py:2972} INFO - Setting next_dagrun for example_dag_decorator to None, run_after=None
[2023-09-09 18:45:45,283] {processor.py:161} INFO - Processing /home/airflow/.local/lib/python3.7/site-packages/airflow/example_dags/example_dag_decorator.py took 0.060 seconds
[2023-09-09 18:46:15,509] {processor.py:153} INFO - Started process (PID=727) to work on /home/airflow/.local/lib/python3.7/site-packages/airflow/example_dags/example_dag_decorator.py
[2023-09-09 18:46:15,510] {processor.py:641} INFO - Processing file /home/airflow/.local/lib/python3.7/site-packages/airflow/example_dags/example_dag_decorator.py for tasks to queue
[2023-09-09 18:46:15,510] {logging_mixin.py:115} INFO - [2023-09-09 18:46:15,510] {dagbag.py:508} INFO - Filling up the DagBag from /home/airflow/.local/lib/python3.7/site-packages/airflow/example_dags/example_dag_decorator.py
[2023-09-09 18:46:15,521] {processor.py:651} INFO - DAG(s) dict_keys(['example_dag_decorator']) retrieved from /home/airflow/.local/lib/python3.7/site-packages/airflow/example_dags/example_dag_decorator.py
[2023-09-09 18:46:15,552] {logging_mixin.py:115} INFO - [2023-09-09 18:46:15,552] {dag.py:2420} INFO - Sync 1 DAGs
[2023-09-09 18:46:15,561] {logging_mixin.py:115} INFO - [2023-09-09 18:46:15,561] {dag.py:2972} INFO - Setting next_dagrun for example_dag_decorator to None, run_after=None
[2023-09-09 18:46:15,566] {processor.py:161} INFO - Processing /home/airflow/.local/lib/python3.7/site-packages/airflow/example_dags/example_dag_decorator.py took 0.059 seconds
[2023-09-09 18:46:45,798] {processor.py:153} INFO - Started process (PID=790) to work on /home/airflow/.local/lib/python3.7/site-packages/airflow/example_dags/example_dag_decorator.py
[2023-09-09 18:46:45,799] {processor.py:641} INFO - Processing file /home/airflow/.local/lib/python3.7/site-packages/airflow/example_dags/example_dag_decorator.py for tasks to queue
[2023-09-09 18:46:45,799] {logging_mixin.py:115} INFO - [2023-09-09 18:46:45,799] {dagbag.py:508} INFO - Filling up the DagBag from /home/airflow/.local/lib/python3.7/site-packages/airflow/example_dags/example_dag_decorator.py
[2023-09-09 18:46:45,810] {processor.py:651} INFO - DAG(s) dict_keys(['example_dag_decorator']) retrieved from /home/airflow/.local/lib/python3.7/site-packages/airflow/example_dags/example_dag_decorator.py
[2023-09-09 18:46:45,823] {logging_mixin.py:115} INFO - [2023-09-09 18:46:45,823] {dag.py:2420} INFO - Sync 1 DAGs
[2023-09-09 18:46:45,833] {logging_mixin.py:115} INFO - [2023-09-09 18:46:45,833] {dag.py:2972} INFO - Setting next_dagrun for example_dag_decorator to None, run_after=None
[2023-09-09 18:46:45,838] {processor.py:161} INFO - Processing /home/airflow/.local/lib/python3.7/site-packages/airflow/example_dags/example_dag_decorator.py took 0.042 seconds
[2023-09-09 18:47:16,111] {processor.py:153} INFO - Started process (PID=853) to work on /home/airflow/.local/lib/python3.7/site-packages/airflow/example_dags/example_dag_decorator.py
[2023-09-09 18:47:16,112] {processor.py:641} INFO - Processing file /home/airflow/.local/lib/python3.7/site-packages/airflow/example_dags/example_dag_decorator.py for tasks to queue
[2023-09-09 18:47:16,112] {logging_mixin.py:115} INFO - [2023-09-09 18:47:16,112] {dagbag.py:508} INFO - Filling up the DagBag from /home/airflow/.local/lib/python3.7/site-packages/airflow/example_dags/example_dag_decorator.py
[2023-09-09 18:47:16,123] {processor.py:651} INFO - DAG(s) dict_keys(['example_dag_decorator']) retrieved from /home/airflow/.local/lib/python3.7/site-packages/airflow/example_dags/example_dag_decorator.py
[2023-09-09 18:47:16,155] {logging_mixin.py:115} INFO - [2023-09-09 18:47:16,155] {dag.py:2420} INFO - Sync 1 DAGs
[2023-09-09 18:47:16,163] {logging_mixin.py:115} INFO - [2023-09-09 18:47:16,163] {dag.py:2972} INFO - Setting next_dagrun for example_dag_decorator to None, run_after=None
[2023-09-09 18:47:16,169] {processor.py:161} INFO - Processing /home/airflow/.local/lib/python3.7/site-packages/airflow/example_dags/example_dag_decorator.py took 0.059 seconds
[2023-09-09 18:47:46,290] {processor.py:153} INFO - Started process (PID=916) to work on /home/airflow/.local/lib/python3.7/site-packages/airflow/example_dags/example_dag_decorator.py
[2023-09-09 18:47:46,291] {processor.py:641} INFO - Processing file /home/airflow/.local/lib/python3.7/site-packages/airflow/example_dags/example_dag_decorator.py for tasks to queue
[2023-09-09 18:47:46,291] {logging_mixin.py:115} INFO - [2023-09-09 18:47:46,291] {dagbag.py:508} INFO - Filling up the DagBag from /home/airflow/.local/lib/python3.7/site-packages/airflow/example_dags/example_dag_decorator.py
[2023-09-09 18:47:46,301] {processor.py:651} INFO - DAG(s) dict_keys(['example_dag_decorator']) retrieved from /home/airflow/.local/lib/python3.7/site-packages/airflow/example_dags/example_dag_decorator.py
[2023-09-09 18:47:46,332] {logging_mixin.py:115} INFO - [2023-09-09 18:47:46,332] {dag.py:2420} INFO - Sync 1 DAGs
[2023-09-09 18:47:46,340] {logging_mixin.py:115} INFO - [2023-09-09 18:47:46,340] {dag.py:2972} INFO - Setting next_dagrun for example_dag_decorator to None, run_after=None
[2023-09-09 18:47:46,345] {processor.py:161} INFO - Processing /home/airflow/.local/lib/python3.7/site-packages/airflow/example_dags/example_dag_decorator.py took 0.057 seconds
[2023-09-09 18:48:16,476] {processor.py:153} INFO - Started process (PID=978) to work on /home/airflow/.local/lib/python3.7/site-packages/airflow/example_dags/example_dag_decorator.py
[2023-09-09 18:48:16,477] {processor.py:641} INFO - Processing file /home/airflow/.local/lib/python3.7/site-packages/airflow/example_dags/example_dag_decorator.py for tasks to queue
[2023-09-09 18:48:16,477] {logging_mixin.py:115} INFO - [2023-09-09 18:48:16,477] {dagbag.py:508} INFO - Filling up the DagBag from /home/airflow/.local/lib/python3.7/site-packages/airflow/example_dags/example_dag_decorator.py
[2023-09-09 18:48:16,487] {processor.py:651} INFO - DAG(s) dict_keys(['example_dag_decorator']) retrieved from /home/airflow/.local/lib/python3.7/site-packages/airflow/example_dags/example_dag_decorator.py
[2023-09-09 18:48:16,519] {logging_mixin.py:115} INFO - [2023-09-09 18:48:16,519] {dag.py:2420} INFO - Sync 1 DAGs
[2023-09-09 18:48:16,531] {logging_mixin.py:115} INFO - [2023-09-09 18:48:16,531] {dag.py:2972} INFO - Setting next_dagrun for example_dag_decorator to None, run_after=None
[2023-09-09 18:48:16,537] {processor.py:161} INFO - Processing /home/airflow/.local/lib/python3.7/site-packages/airflow/example_dags/example_dag_decorator.py took 0.063 seconds
[2023-09-09 18:48:46,762] {processor.py:153} INFO - Started process (PID=1032) to work on /home/airflow/.local/lib/python3.7/site-packages/airflow/example_dags/example_dag_decorator.py
[2023-09-09 18:48:46,763] {processor.py:641} INFO - Processing file /home/airflow/.local/lib/python3.7/site-packages/airflow/example_dags/example_dag_decorator.py for tasks to queue
[2023-09-09 18:48:46,763] {logging_mixin.py:115} INFO - [2023-09-09 18:48:46,763] {dagbag.py:508} INFO - Filling up the DagBag from /home/airflow/.local/lib/python3.7/site-packages/airflow/example_dags/example_dag_decorator.py
[2023-09-09 18:48:46,774] {processor.py:651} INFO - DAG(s) dict_keys(['example_dag_decorator']) retrieved from /home/airflow/.local/lib/python3.7/site-packages/airflow/example_dags/example_dag_decorator.py
[2023-09-09 18:48:46,805] {logging_mixin.py:115} INFO - [2023-09-09 18:48:46,805] {dag.py:2420} INFO - Sync 1 DAGs
[2023-09-09 18:48:46,814] {logging_mixin.py:115} INFO - [2023-09-09 18:48:46,814] {dag.py:2972} INFO - Setting next_dagrun for example_dag_decorator to None, run_after=None
[2023-09-09 18:48:46,819] {processor.py:161} INFO - Processing /home/airflow/.local/lib/python3.7/site-packages/airflow/example_dags/example_dag_decorator.py took 0.058 seconds
[2023-09-09 18:57:34,367] {processor.py:153} INFO - Started process (PID=55) to work on /home/airflow/.local/lib/python3.7/site-packages/airflow/example_dags/example_dag_decorator.py
[2023-09-09 18:57:34,368] {processor.py:641} INFO - Processing file /home/airflow/.local/lib/python3.7/site-packages/airflow/example_dags/example_dag_decorator.py for tasks to queue
[2023-09-09 18:57:34,369] {logging_mixin.py:115} INFO - [2023-09-09 18:57:34,369] {dagbag.py:508} INFO - Filling up the DagBag from /home/airflow/.local/lib/python3.7/site-packages/airflow/example_dags/example_dag_decorator.py
[2023-09-09 18:57:34,392] {processor.py:651} INFO - DAG(s) dict_keys(['example_dag_decorator']) retrieved from /home/airflow/.local/lib/python3.7/site-packages/airflow/example_dags/example_dag_decorator.py
[2023-09-09 18:57:34,458] {logging_mixin.py:115} INFO - [2023-09-09 18:57:34,458] {dag.py:2420} INFO - Sync 1 DAGs
[2023-09-09 18:57:34,470] {logging_mixin.py:115} INFO - [2023-09-09 18:57:34,470] {dag.py:2972} INFO - Setting next_dagrun for example_dag_decorator to None, run_after=None
[2023-09-09 18:57:34,497] {processor.py:161} INFO - Processing /home/airflow/.local/lib/python3.7/site-packages/airflow/example_dags/example_dag_decorator.py took 0.138 seconds
[2023-09-09 18:58:04,552] {processor.py:153} INFO - Started process (PID=118) to work on /home/airflow/.local/lib/python3.7/site-packages/airflow/example_dags/example_dag_decorator.py
[2023-09-09 18:58:04,552] {processor.py:641} INFO - Processing file /home/airflow/.local/lib/python3.7/site-packages/airflow/example_dags/example_dag_decorator.py for tasks to queue
[2023-09-09 18:58:04,553] {logging_mixin.py:115} INFO - [2023-09-09 18:58:04,553] {dagbag.py:508} INFO - Filling up the DagBag from /home/airflow/.local/lib/python3.7/site-packages/airflow/example_dags/example_dag_decorator.py
[2023-09-09 18:58:04,563] {processor.py:651} INFO - DAG(s) dict_keys(['example_dag_decorator']) retrieved from /home/airflow/.local/lib/python3.7/site-packages/airflow/example_dags/example_dag_decorator.py
[2023-09-09 18:58:04,593] {logging_mixin.py:115} INFO - [2023-09-09 18:58:04,593] {dag.py:2420} INFO - Sync 1 DAGs
[2023-09-09 18:58:04,601] {logging_mixin.py:115} INFO - [2023-09-09 18:58:04,601] {dag.py:2972} INFO - Setting next_dagrun for example_dag_decorator to None, run_after=None
[2023-09-09 18:58:04,606] {processor.py:161} INFO - Processing /home/airflow/.local/lib/python3.7/site-packages/airflow/example_dags/example_dag_decorator.py took 0.056 seconds
[2023-09-09 18:58:34,864] {processor.py:153} INFO - Started process (PID=181) to work on /home/airflow/.local/lib/python3.7/site-packages/airflow/example_dags/example_dag_decorator.py
[2023-09-09 18:58:34,865] {processor.py:641} INFO - Processing file /home/airflow/.local/lib/python3.7/site-packages/airflow/example_dags/example_dag_decorator.py for tasks to queue
[2023-09-09 18:58:34,865] {logging_mixin.py:115} INFO - [2023-09-09 18:58:34,865] {dagbag.py:508} INFO - Filling up the DagBag from /home/airflow/.local/lib/python3.7/site-packages/airflow/example_dags/example_dag_decorator.py
[2023-09-09 18:58:34,877] {processor.py:651} INFO - DAG(s) dict_keys(['example_dag_decorator']) retrieved from /home/airflow/.local/lib/python3.7/site-packages/airflow/example_dags/example_dag_decorator.py
[2023-09-09 18:58:34,908] {logging_mixin.py:115} INFO - [2023-09-09 18:58:34,908] {dag.py:2420} INFO - Sync 1 DAGs
[2023-09-09 18:58:34,917] {logging_mixin.py:115} INFO - [2023-09-09 18:58:34,917] {dag.py:2972} INFO - Setting next_dagrun for example_dag_decorator to None, run_after=None
[2023-09-09 18:58:34,922] {processor.py:161} INFO - Processing /home/airflow/.local/lib/python3.7/site-packages/airflow/example_dags/example_dag_decorator.py took 0.059 seconds
[2023-09-09 18:59:05,191] {processor.py:153} INFO - Started process (PID=243) to work on /home/airflow/.local/lib/python3.7/site-packages/airflow/example_dags/example_dag_decorator.py
[2023-09-09 18:59:05,192] {processor.py:641} INFO - Processing file /home/airflow/.local/lib/python3.7/site-packages/airflow/example_dags/example_dag_decorator.py for tasks to queue
[2023-09-09 18:59:05,192] {logging_mixin.py:115} INFO - [2023-09-09 18:59:05,192] {dagbag.py:508} INFO - Filling up the DagBag from /home/airflow/.local/lib/python3.7/site-packages/airflow/example_dags/example_dag_decorator.py
[2023-09-09 18:59:05,203] {processor.py:651} INFO - DAG(s) dict_keys(['example_dag_decorator']) retrieved from /home/airflow/.local/lib/python3.7/site-packages/airflow/example_dags/example_dag_decorator.py
[2023-09-09 18:59:05,235] {logging_mixin.py:115} INFO - [2023-09-09 18:59:05,235] {dag.py:2420} INFO - Sync 1 DAGs
[2023-09-09 18:59:05,244] {logging_mixin.py:115} INFO - [2023-09-09 18:59:05,244] {dag.py:2972} INFO - Setting next_dagrun for example_dag_decorator to None, run_after=None
[2023-09-09 18:59:05,249] {processor.py:161} INFO - Processing /home/airflow/.local/lib/python3.7/site-packages/airflow/example_dags/example_dag_decorator.py took 0.060 seconds
[2023-09-09 18:59:35,570] {processor.py:153} INFO - Started process (PID=297) to work on /home/airflow/.local/lib/python3.7/site-packages/airflow/example_dags/example_dag_decorator.py
[2023-09-09 18:59:35,571] {processor.py:641} INFO - Processing file /home/airflow/.local/lib/python3.7/site-packages/airflow/example_dags/example_dag_decorator.py for tasks to queue
[2023-09-09 18:59:35,571] {logging_mixin.py:115} INFO - [2023-09-09 18:59:35,571] {dagbag.py:508} INFO - Filling up the DagBag from /home/airflow/.local/lib/python3.7/site-packages/airflow/example_dags/example_dag_decorator.py
[2023-09-09 18:59:35,582] {processor.py:651} INFO - DAG(s) dict_keys(['example_dag_decorator']) retrieved from /home/airflow/.local/lib/python3.7/site-packages/airflow/example_dags/example_dag_decorator.py
[2023-09-09 18:59:35,612] {logging_mixin.py:115} INFO - [2023-09-09 18:59:35,612] {dag.py:2420} INFO - Sync 1 DAGs
[2023-09-09 18:59:35,620] {logging_mixin.py:115} INFO - [2023-09-09 18:59:35,620] {dag.py:2972} INFO - Setting next_dagrun for example_dag_decorator to None, run_after=None
[2023-09-09 18:59:35,626] {processor.py:161} INFO - Processing /home/airflow/.local/lib/python3.7/site-packages/airflow/example_dags/example_dag_decorator.py took 0.057 seconds
[2023-09-09 19:00:05,827] {processor.py:153} INFO - Started process (PID=359) to work on /home/airflow/.local/lib/python3.7/site-packages/airflow/example_dags/example_dag_decorator.py
[2023-09-09 19:00:05,828] {processor.py:641} INFO - Processing file /home/airflow/.local/lib/python3.7/site-packages/airflow/example_dags/example_dag_decorator.py for tasks to queue
[2023-09-09 19:00:05,829] {logging_mixin.py:115} INFO - [2023-09-09 19:00:05,829] {dagbag.py:508} INFO - Filling up the DagBag from /home/airflow/.local/lib/python3.7/site-packages/airflow/example_dags/example_dag_decorator.py
[2023-09-09 19:00:05,839] {processor.py:651} INFO - DAG(s) dict_keys(['example_dag_decorator']) retrieved from /home/airflow/.local/lib/python3.7/site-packages/airflow/example_dags/example_dag_decorator.py
[2023-09-09 19:00:05,877] {logging_mixin.py:115} INFO - [2023-09-09 19:00:05,877] {dag.py:2420} INFO - Sync 1 DAGs
[2023-09-09 19:00:05,886] {logging_mixin.py:115} INFO - [2023-09-09 19:00:05,886] {dag.py:2972} INFO - Setting next_dagrun for example_dag_decorator to None, run_after=None
[2023-09-09 19:00:05,893] {processor.py:161} INFO - Processing /home/airflow/.local/lib/python3.7/site-packages/airflow/example_dags/example_dag_decorator.py took 0.067 seconds
[2023-09-09 19:00:36,227] {processor.py:153} INFO - Started process (PID=423) to work on /home/airflow/.local/lib/python3.7/site-packages/airflow/example_dags/example_dag_decorator.py
[2023-09-09 19:00:36,227] {processor.py:641} INFO - Processing file /home/airflow/.local/lib/python3.7/site-packages/airflow/example_dags/example_dag_decorator.py for tasks to queue
[2023-09-09 19:00:36,228] {logging_mixin.py:115} INFO - [2023-09-09 19:00:36,228] {dagbag.py:508} INFO - Filling up the DagBag from /home/airflow/.local/lib/python3.7/site-packages/airflow/example_dags/example_dag_decorator.py
[2023-09-09 19:00:36,238] {processor.py:651} INFO - DAG(s) dict_keys(['example_dag_decorator']) retrieved from /home/airflow/.local/lib/python3.7/site-packages/airflow/example_dags/example_dag_decorator.py
[2023-09-09 19:00:36,253] {logging_mixin.py:115} INFO - [2023-09-09 19:00:36,253] {dag.py:2420} INFO - Sync 1 DAGs
[2023-09-09 19:00:36,262] {logging_mixin.py:115} INFO - [2023-09-09 19:00:36,262] {dag.py:2972} INFO - Setting next_dagrun for example_dag_decorator to None, run_after=None
[2023-09-09 19:00:36,267] {processor.py:161} INFO - Processing /home/airflow/.local/lib/python3.7/site-packages/airflow/example_dags/example_dag_decorator.py took 0.042 seconds
[2023-09-09 19:01:06,354] {processor.py:153} INFO - Started process (PID=487) to work on /home/airflow/.local/lib/python3.7/site-packages/airflow/example_dags/example_dag_decorator.py
[2023-09-09 19:01:06,355] {processor.py:641} INFO - Processing file /home/airflow/.local/lib/python3.7/site-packages/airflow/example_dags/example_dag_decorator.py for tasks to queue
[2023-09-09 19:01:06,355] {logging_mixin.py:115} INFO - [2023-09-09 19:01:06,355] {dagbag.py:508} INFO - Filling up the DagBag from /home/airflow/.local/lib/python3.7/site-packages/airflow/example_dags/example_dag_decorator.py
[2023-09-09 19:01:06,367] {processor.py:651} INFO - DAG(s) dict_keys(['example_dag_decorator']) retrieved from /home/airflow/.local/lib/python3.7/site-packages/airflow/example_dags/example_dag_decorator.py
[2023-09-09 19:01:06,403] {logging_mixin.py:115} INFO - [2023-09-09 19:01:06,403] {dag.py:2420} INFO - Sync 1 DAGs
[2023-09-09 19:01:06,415] {logging_mixin.py:115} INFO - [2023-09-09 19:01:06,415] {dag.py:2972} INFO - Setting next_dagrun for example_dag_decorator to None, run_after=None
[2023-09-09 19:01:06,420] {processor.py:161} INFO - Processing /home/airflow/.local/lib/python3.7/site-packages/airflow/example_dags/example_dag_decorator.py took 0.068 seconds
[2023-09-09 19:01:36,666] {processor.py:153} INFO - Started process (PID=550) to work on /home/airflow/.local/lib/python3.7/site-packages/airflow/example_dags/example_dag_decorator.py
[2023-09-09 19:01:36,666] {processor.py:641} INFO - Processing file /home/airflow/.local/lib/python3.7/site-packages/airflow/example_dags/example_dag_decorator.py for tasks to queue
[2023-09-09 19:01:36,667] {logging_mixin.py:115} INFO - [2023-09-09 19:01:36,667] {dagbag.py:508} INFO - Filling up the DagBag from /home/airflow/.local/lib/python3.7/site-packages/airflow/example_dags/example_dag_decorator.py
[2023-09-09 19:01:36,678] {processor.py:651} INFO - DAG(s) dict_keys(['example_dag_decorator']) retrieved from /home/airflow/.local/lib/python3.7/site-packages/airflow/example_dags/example_dag_decorator.py
[2023-09-09 19:01:36,708] {logging_mixin.py:115} INFO - [2023-09-09 19:01:36,708] {dag.py:2420} INFO - Sync 1 DAGs
[2023-09-09 19:01:36,717] {logging_mixin.py:115} INFO - [2023-09-09 19:01:36,717] {dag.py:2972} INFO - Setting next_dagrun for example_dag_decorator to None, run_after=None
[2023-09-09 19:01:36,722] {processor.py:161} INFO - Processing /home/airflow/.local/lib/python3.7/site-packages/airflow/example_dags/example_dag_decorator.py took 0.058 seconds
[2023-09-09 19:02:07,201] {processor.py:153} INFO - Started process (PID=613) to work on /home/airflow/.local/lib/python3.7/site-packages/airflow/example_dags/example_dag_decorator.py
[2023-09-09 19:02:07,201] {processor.py:641} INFO - Processing file /home/airflow/.local/lib/python3.7/site-packages/airflow/example_dags/example_dag_decorator.py for tasks to queue
[2023-09-09 19:02:07,202] {logging_mixin.py:115} INFO - [2023-09-09 19:02:07,202] {dagbag.py:508} INFO - Filling up the DagBag from /home/airflow/.local/lib/python3.7/site-packages/airflow/example_dags/example_dag_decorator.py
[2023-09-09 19:02:07,215] {processor.py:651} INFO - DAG(s) dict_keys(['example_dag_decorator']) retrieved from /home/airflow/.local/lib/python3.7/site-packages/airflow/example_dags/example_dag_decorator.py
[2023-09-09 19:02:07,247] {logging_mixin.py:115} INFO - [2023-09-09 19:02:07,247] {dag.py:2420} INFO - Sync 1 DAGs
[2023-09-09 19:02:07,257] {logging_mixin.py:115} INFO - [2023-09-09 19:02:07,256] {dag.py:2972} INFO - Setting next_dagrun for example_dag_decorator to None, run_after=None
[2023-09-09 19:02:07,262] {processor.py:161} INFO - Processing /home/airflow/.local/lib/python3.7/site-packages/airflow/example_dags/example_dag_decorator.py took 0.064 seconds
[2023-09-09 19:02:37,957] {processor.py:153} INFO - Started process (PID=671) to work on /home/airflow/.local/lib/python3.7/site-packages/airflow/example_dags/example_dag_decorator.py
[2023-09-09 19:02:37,958] {processor.py:641} INFO - Processing file /home/airflow/.local/lib/python3.7/site-packages/airflow/example_dags/example_dag_decorator.py for tasks to queue
[2023-09-09 19:02:37,958] {logging_mixin.py:115} INFO - [2023-09-09 19:02:37,958] {dagbag.py:508} INFO - Filling up the DagBag from /home/airflow/.local/lib/python3.7/site-packages/airflow/example_dags/example_dag_decorator.py
[2023-09-09 19:02:37,969] {processor.py:651} INFO - DAG(s) dict_keys(['example_dag_decorator']) retrieved from /home/airflow/.local/lib/python3.7/site-packages/airflow/example_dags/example_dag_decorator.py
[2023-09-09 19:02:38,000] {logging_mixin.py:115} INFO - [2023-09-09 19:02:38,000] {dag.py:2420} INFO - Sync 1 DAGs
[2023-09-09 19:02:38,009] {logging_mixin.py:115} INFO - [2023-09-09 19:02:38,009] {dag.py:2972} INFO - Setting next_dagrun for example_dag_decorator to None, run_after=None
[2023-09-09 19:02:38,014] {processor.py:161} INFO - Processing /home/airflow/.local/lib/python3.7/site-packages/airflow/example_dags/example_dag_decorator.py took 0.059 seconds
[2023-09-09 19:03:35,837] {processor.py:153} INFO - Started process (PID=55) to work on /home/airflow/.local/lib/python3.7/site-packages/airflow/example_dags/example_dag_decorator.py
[2023-09-09 19:03:35,841] {processor.py:641} INFO - Processing file /home/airflow/.local/lib/python3.7/site-packages/airflow/example_dags/example_dag_decorator.py for tasks to queue
[2023-09-09 19:03:35,843] {logging_mixin.py:115} INFO - [2023-09-09 19:03:35,842] {dagbag.py:508} INFO - Filling up the DagBag from /home/airflow/.local/lib/python3.7/site-packages/airflow/example_dags/example_dag_decorator.py
[2023-09-09 19:03:35,871] {processor.py:651} INFO - DAG(s) dict_keys(['example_dag_decorator']) retrieved from /home/airflow/.local/lib/python3.7/site-packages/airflow/example_dags/example_dag_decorator.py
[2023-09-09 19:03:35,926] {logging_mixin.py:115} INFO - [2023-09-09 19:03:35,926] {dag.py:2420} INFO - Sync 1 DAGs
[2023-09-09 19:03:35,938] {logging_mixin.py:115} INFO - [2023-09-09 19:03:35,938] {dag.py:2972} INFO - Setting next_dagrun for example_dag_decorator to None, run_after=None
[2023-09-09 19:03:35,954] {processor.py:161} INFO - Processing /home/airflow/.local/lib/python3.7/site-packages/airflow/example_dags/example_dag_decorator.py took 0.134 seconds
[2023-09-09 19:04:06,882] {processor.py:153} INFO - Started process (PID=118) to work on /home/airflow/.local/lib/python3.7/site-packages/airflow/example_dags/example_dag_decorator.py
[2023-09-09 19:04:06,882] {processor.py:641} INFO - Processing file /home/airflow/.local/lib/python3.7/site-packages/airflow/example_dags/example_dag_decorator.py for tasks to queue
[2023-09-09 19:04:06,883] {logging_mixin.py:115} INFO - [2023-09-09 19:04:06,883] {dagbag.py:508} INFO - Filling up the DagBag from /home/airflow/.local/lib/python3.7/site-packages/airflow/example_dags/example_dag_decorator.py
[2023-09-09 19:04:06,894] {processor.py:651} INFO - DAG(s) dict_keys(['example_dag_decorator']) retrieved from /home/airflow/.local/lib/python3.7/site-packages/airflow/example_dags/example_dag_decorator.py
[2023-09-09 19:04:06,925] {logging_mixin.py:115} INFO - [2023-09-09 19:04:06,925] {dag.py:2420} INFO - Sync 1 DAGs
[2023-09-09 19:04:06,933] {logging_mixin.py:115} INFO - [2023-09-09 19:04:06,933] {dag.py:2972} INFO - Setting next_dagrun for example_dag_decorator to None, run_after=None
[2023-09-09 19:04:06,938] {processor.py:161} INFO - Processing /home/airflow/.local/lib/python3.7/site-packages/airflow/example_dags/example_dag_decorator.py took 0.059 seconds
[2023-09-09 19:04:37,196] {processor.py:153} INFO - Started process (PID=180) to work on /home/airflow/.local/lib/python3.7/site-packages/airflow/example_dags/example_dag_decorator.py
[2023-09-09 19:04:37,197] {processor.py:641} INFO - Processing file /home/airflow/.local/lib/python3.7/site-packages/airflow/example_dags/example_dag_decorator.py for tasks to queue
[2023-09-09 19:04:37,197] {logging_mixin.py:115} INFO - [2023-09-09 19:04:37,197] {dagbag.py:508} INFO - Filling up the DagBag from /home/airflow/.local/lib/python3.7/site-packages/airflow/example_dags/example_dag_decorator.py
[2023-09-09 19:04:37,208] {processor.py:651} INFO - DAG(s) dict_keys(['example_dag_decorator']) retrieved from /home/airflow/.local/lib/python3.7/site-packages/airflow/example_dags/example_dag_decorator.py
[2023-09-09 19:04:37,224] {logging_mixin.py:115} INFO - [2023-09-09 19:04:37,224] {dag.py:2420} INFO - Sync 1 DAGs
[2023-09-09 19:04:37,235] {logging_mixin.py:115} INFO - [2023-09-09 19:04:37,235] {dag.py:2972} INFO - Setting next_dagrun for example_dag_decorator to None, run_after=None
[2023-09-09 19:04:37,240] {processor.py:161} INFO - Processing /home/airflow/.local/lib/python3.7/site-packages/airflow/example_dags/example_dag_decorator.py took 0.046 seconds
[2023-09-09 19:05:07,483] {processor.py:153} INFO - Started process (PID=244) to work on /home/airflow/.local/lib/python3.7/site-packages/airflow/example_dags/example_dag_decorator.py
[2023-09-09 19:05:07,483] {processor.py:641} INFO - Processing file /home/airflow/.local/lib/python3.7/site-packages/airflow/example_dags/example_dag_decorator.py for tasks to queue
[2023-09-09 19:05:07,484] {logging_mixin.py:115} INFO - [2023-09-09 19:05:07,484] {dagbag.py:508} INFO - Filling up the DagBag from /home/airflow/.local/lib/python3.7/site-packages/airflow/example_dags/example_dag_decorator.py
[2023-09-09 19:05:07,495] {processor.py:651} INFO - DAG(s) dict_keys(['example_dag_decorator']) retrieved from /home/airflow/.local/lib/python3.7/site-packages/airflow/example_dags/example_dag_decorator.py
[2023-09-09 19:05:07,508] {logging_mixin.py:115} INFO - [2023-09-09 19:05:07,508] {dag.py:2420} INFO - Sync 1 DAGs
[2023-09-09 19:05:07,517] {logging_mixin.py:115} INFO - [2023-09-09 19:05:07,517] {dag.py:2972} INFO - Setting next_dagrun for example_dag_decorator to None, run_after=None
[2023-09-09 19:05:07,522] {processor.py:161} INFO - Processing /home/airflow/.local/lib/python3.7/site-packages/airflow/example_dags/example_dag_decorator.py took 0.041 seconds
[2023-09-09 19:05:37,743] {processor.py:153} INFO - Started process (PID=306) to work on /home/airflow/.local/lib/python3.7/site-packages/airflow/example_dags/example_dag_decorator.py
[2023-09-09 19:05:37,743] {processor.py:641} INFO - Processing file /home/airflow/.local/lib/python3.7/site-packages/airflow/example_dags/example_dag_decorator.py for tasks to queue
[2023-09-09 19:05:37,744] {logging_mixin.py:115} INFO - [2023-09-09 19:05:37,744] {dagbag.py:508} INFO - Filling up the DagBag from /home/airflow/.local/lib/python3.7/site-packages/airflow/example_dags/example_dag_decorator.py
[2023-09-09 19:05:37,756] {processor.py:651} INFO - DAG(s) dict_keys(['example_dag_decorator']) retrieved from /home/airflow/.local/lib/python3.7/site-packages/airflow/example_dags/example_dag_decorator.py
[2023-09-09 19:05:37,788] {logging_mixin.py:115} INFO - [2023-09-09 19:05:37,788] {dag.py:2420} INFO - Sync 1 DAGs
[2023-09-09 19:05:37,797] {logging_mixin.py:115} INFO - [2023-09-09 19:05:37,797] {dag.py:2972} INFO - Setting next_dagrun for example_dag_decorator to None, run_after=None
[2023-09-09 19:05:37,806] {processor.py:161} INFO - Processing /home/airflow/.local/lib/python3.7/site-packages/airflow/example_dags/example_dag_decorator.py took 0.065 seconds
[2023-09-09 19:06:08,083] {processor.py:153} INFO - Started process (PID=360) to work on /home/airflow/.local/lib/python3.7/site-packages/airflow/example_dags/example_dag_decorator.py
[2023-09-09 19:06:08,084] {processor.py:641} INFO - Processing file /home/airflow/.local/lib/python3.7/site-packages/airflow/example_dags/example_dag_decorator.py for tasks to queue
[2023-09-09 19:06:08,084] {logging_mixin.py:115} INFO - [2023-09-09 19:06:08,084] {dagbag.py:508} INFO - Filling up the DagBag from /home/airflow/.local/lib/python3.7/site-packages/airflow/example_dags/example_dag_decorator.py
[2023-09-09 19:06:08,095] {processor.py:651} INFO - DAG(s) dict_keys(['example_dag_decorator']) retrieved from /home/airflow/.local/lib/python3.7/site-packages/airflow/example_dags/example_dag_decorator.py
[2023-09-09 19:06:08,109] {logging_mixin.py:115} INFO - [2023-09-09 19:06:08,109] {dag.py:2420} INFO - Sync 1 DAGs
[2023-09-09 19:06:08,118] {logging_mixin.py:115} INFO - [2023-09-09 19:06:08,118] {dag.py:2972} INFO - Setting next_dagrun for example_dag_decorator to None, run_after=None
[2023-09-09 19:06:08,123] {processor.py:161} INFO - Processing /home/airflow/.local/lib/python3.7/site-packages/airflow/example_dags/example_dag_decorator.py took 0.041 seconds
[2023-09-09 19:06:38,369] {processor.py:153} INFO - Started process (PID=423) to work on /home/airflow/.local/lib/python3.7/site-packages/airflow/example_dags/example_dag_decorator.py
[2023-09-09 19:06:38,369] {processor.py:641} INFO - Processing file /home/airflow/.local/lib/python3.7/site-packages/airflow/example_dags/example_dag_decorator.py for tasks to queue
[2023-09-09 19:06:38,370] {logging_mixin.py:115} INFO - [2023-09-09 19:06:38,370] {dagbag.py:508} INFO - Filling up the DagBag from /home/airflow/.local/lib/python3.7/site-packages/airflow/example_dags/example_dag_decorator.py
[2023-09-09 19:06:38,380] {processor.py:651} INFO - DAG(s) dict_keys(['example_dag_decorator']) retrieved from /home/airflow/.local/lib/python3.7/site-packages/airflow/example_dags/example_dag_decorator.py
[2023-09-09 19:06:38,410] {logging_mixin.py:115} INFO - [2023-09-09 19:06:38,410] {dag.py:2420} INFO - Sync 1 DAGs
[2023-09-09 19:06:38,418] {logging_mixin.py:115} INFO - [2023-09-09 19:06:38,418] {dag.py:2972} INFO - Setting next_dagrun for example_dag_decorator to None, run_after=None
[2023-09-09 19:06:38,424] {processor.py:161} INFO - Processing /home/airflow/.local/lib/python3.7/site-packages/airflow/example_dags/example_dag_decorator.py took 0.056 seconds
[2023-09-09 19:07:08,763] {processor.py:153} INFO - Started process (PID=486) to work on /home/airflow/.local/lib/python3.7/site-packages/airflow/example_dags/example_dag_decorator.py
[2023-09-09 19:07:08,764] {processor.py:641} INFO - Processing file /home/airflow/.local/lib/python3.7/site-packages/airflow/example_dags/example_dag_decorator.py for tasks to queue
[2023-09-09 19:07:08,764] {logging_mixin.py:115} INFO - [2023-09-09 19:07:08,764] {dagbag.py:508} INFO - Filling up the DagBag from /home/airflow/.local/lib/python3.7/site-packages/airflow/example_dags/example_dag_decorator.py
[2023-09-09 19:07:08,775] {processor.py:651} INFO - DAG(s) dict_keys(['example_dag_decorator']) retrieved from /home/airflow/.local/lib/python3.7/site-packages/airflow/example_dags/example_dag_decorator.py
[2023-09-09 19:07:08,811] {logging_mixin.py:115} INFO - [2023-09-09 19:07:08,811] {dag.py:2420} INFO - Sync 1 DAGs
[2023-09-09 19:07:08,821] {logging_mixin.py:115} INFO - [2023-09-09 19:07:08,821] {dag.py:2972} INFO - Setting next_dagrun for example_dag_decorator to None, run_after=None
[2023-09-09 19:07:08,826] {processor.py:161} INFO - Processing /home/airflow/.local/lib/python3.7/site-packages/airflow/example_dags/example_dag_decorator.py took 0.065 seconds
[2023-09-09 19:07:39,044] {processor.py:153} INFO - Started process (PID=549) to work on /home/airflow/.local/lib/python3.7/site-packages/airflow/example_dags/example_dag_decorator.py
[2023-09-09 19:07:39,045] {processor.py:641} INFO - Processing file /home/airflow/.local/lib/python3.7/site-packages/airflow/example_dags/example_dag_decorator.py for tasks to queue
[2023-09-09 19:07:39,046] {logging_mixin.py:115} INFO - [2023-09-09 19:07:39,046] {dagbag.py:508} INFO - Filling up the DagBag from /home/airflow/.local/lib/python3.7/site-packages/airflow/example_dags/example_dag_decorator.py
[2023-09-09 19:07:39,060] {processor.py:651} INFO - DAG(s) dict_keys(['example_dag_decorator']) retrieved from /home/airflow/.local/lib/python3.7/site-packages/airflow/example_dags/example_dag_decorator.py
[2023-09-09 19:07:39,097] {logging_mixin.py:115} INFO - [2023-09-09 19:07:39,097] {dag.py:2420} INFO - Sync 1 DAGs
[2023-09-09 19:07:39,118] {logging_mixin.py:115} INFO - [2023-09-09 19:07:39,118] {dag.py:2972} INFO - Setting next_dagrun for example_dag_decorator to None, run_after=None
[2023-09-09 19:07:39,131] {processor.py:161} INFO - Processing /home/airflow/.local/lib/python3.7/site-packages/airflow/example_dags/example_dag_decorator.py took 0.089 seconds
[2023-09-09 19:08:09,711] {processor.py:153} INFO - Started process (PID=612) to work on /home/airflow/.local/lib/python3.7/site-packages/airflow/example_dags/example_dag_decorator.py
[2023-09-09 19:08:09,712] {processor.py:641} INFO - Processing file /home/airflow/.local/lib/python3.7/site-packages/airflow/example_dags/example_dag_decorator.py for tasks to queue
[2023-09-09 19:08:09,713] {logging_mixin.py:115} INFO - [2023-09-09 19:08:09,713] {dagbag.py:508} INFO - Filling up the DagBag from /home/airflow/.local/lib/python3.7/site-packages/airflow/example_dags/example_dag_decorator.py
[2023-09-09 19:08:09,730] {processor.py:651} INFO - DAG(s) dict_keys(['example_dag_decorator']) retrieved from /home/airflow/.local/lib/python3.7/site-packages/airflow/example_dags/example_dag_decorator.py
[2023-09-09 19:08:09,785] {logging_mixin.py:115} INFO - [2023-09-09 19:08:09,785] {dag.py:2420} INFO - Sync 1 DAGs
[2023-09-09 19:08:09,795] {logging_mixin.py:115} INFO - [2023-09-09 19:08:09,795] {dag.py:2972} INFO - Setting next_dagrun for example_dag_decorator to None, run_after=None
[2023-09-09 19:08:09,801] {processor.py:161} INFO - Processing /home/airflow/.local/lib/python3.7/site-packages/airflow/example_dags/example_dag_decorator.py took 0.093 seconds
[2023-09-09 19:08:40,246] {processor.py:153} INFO - Started process (PID=674) to work on /home/airflow/.local/lib/python3.7/site-packages/airflow/example_dags/example_dag_decorator.py
[2023-09-09 19:08:40,247] {processor.py:641} INFO - Processing file /home/airflow/.local/lib/python3.7/site-packages/airflow/example_dags/example_dag_decorator.py for tasks to queue
[2023-09-09 19:08:40,247] {logging_mixin.py:115} INFO - [2023-09-09 19:08:40,247] {dagbag.py:508} INFO - Filling up the DagBag from /home/airflow/.local/lib/python3.7/site-packages/airflow/example_dags/example_dag_decorator.py
[2023-09-09 19:08:40,259] {processor.py:651} INFO - DAG(s) dict_keys(['example_dag_decorator']) retrieved from /home/airflow/.local/lib/python3.7/site-packages/airflow/example_dags/example_dag_decorator.py
[2023-09-09 19:08:40,303] {logging_mixin.py:115} INFO - [2023-09-09 19:08:40,303] {dag.py:2420} INFO - Sync 1 DAGs
[2023-09-09 19:08:40,312] {logging_mixin.py:115} INFO - [2023-09-09 19:08:40,312] {dag.py:2972} INFO - Setting next_dagrun for example_dag_decorator to None, run_after=None
[2023-09-09 19:08:40,319] {processor.py:161} INFO - Processing /home/airflow/.local/lib/python3.7/site-packages/airflow/example_dags/example_dag_decorator.py took 0.074 seconds
[2023-09-09 19:09:10,600] {processor.py:153} INFO - Started process (PID=728) to work on /home/airflow/.local/lib/python3.7/site-packages/airflow/example_dags/example_dag_decorator.py
[2023-09-09 19:09:10,601] {processor.py:641} INFO - Processing file /home/airflow/.local/lib/python3.7/site-packages/airflow/example_dags/example_dag_decorator.py for tasks to queue
[2023-09-09 19:09:10,601] {logging_mixin.py:115} INFO - [2023-09-09 19:09:10,601] {dagbag.py:508} INFO - Filling up the DagBag from /home/airflow/.local/lib/python3.7/site-packages/airflow/example_dags/example_dag_decorator.py
[2023-09-09 19:09:10,612] {processor.py:651} INFO - DAG(s) dict_keys(['example_dag_decorator']) retrieved from /home/airflow/.local/lib/python3.7/site-packages/airflow/example_dags/example_dag_decorator.py
[2023-09-09 19:09:10,647] {logging_mixin.py:115} INFO - [2023-09-09 19:09:10,647] {dag.py:2420} INFO - Sync 1 DAGs
[2023-09-09 19:09:10,655] {logging_mixin.py:115} INFO - [2023-09-09 19:09:10,655] {dag.py:2972} INFO - Setting next_dagrun for example_dag_decorator to None, run_after=None
[2023-09-09 19:09:10,661] {processor.py:161} INFO - Processing /home/airflow/.local/lib/python3.7/site-packages/airflow/example_dags/example_dag_decorator.py took 0.063 seconds
