[2023-09-09 18:40:41,875] {processor.py:153} INFO - Started process (PID=61) to work on /home/airflow/.local/lib/python3.7/site-packages/airflow/example_dags/example_branch_operator.py
[2023-09-09 18:40:41,877] {processor.py:641} INFO - Processing file /home/airflow/.local/lib/python3.7/site-packages/airflow/example_dags/example_branch_operator.py for tasks to queue
[2023-09-09 18:40:41,878] {logging_mixin.py:115} INFO - [2023-09-09 18:40:41,878] {dagbag.py:508} INFO - Filling up the DagBag from /home/airflow/.local/lib/python3.7/site-packages/airflow/example_dags/example_branch_operator.py
[2023-09-09 18:40:41,891] {processor.py:651} INFO - DAG(s) dict_keys(['example_branch_operator']) retrieved from /home/airflow/.local/lib/python3.7/site-packages/airflow/example_dags/example_branch_operator.py
[2023-09-09 18:40:41,949] {logging_mixin.py:115} INFO - [2023-09-09 18:40:41,949] {manager.py:508} INFO - Created Permission View: can edit on DAG:example_branch_operator
[2023-09-09 18:40:41,954] {logging_mixin.py:115} INFO - [2023-09-09 18:40:41,954] {manager.py:508} INFO - Created Permission View: can read on DAG:example_branch_operator
[2023-09-09 18:40:41,960] {logging_mixin.py:115} INFO - [2023-09-09 18:40:41,960] {manager.py:508} INFO - Created Permission View: can delete on DAG:example_branch_operator
[2023-09-09 18:40:41,961] {logging_mixin.py:115} INFO - [2023-09-09 18:40:41,961] {dag.py:2420} INFO - Sync 1 DAGs
[2023-09-09 18:40:41,971] {logging_mixin.py:115} INFO - [2023-09-09 18:40:41,970] {dag.py:2439} INFO - Creating ORM DAG for example_branch_operator
[2023-09-09 18:40:41,981] {logging_mixin.py:115} INFO - [2023-09-09 18:40:41,981] {dag.py:2972} INFO - Setting next_dagrun for example_branch_operator to 2023-09-08T00:00:00+00:00, run_after=2023-09-09T00:00:00+00:00
[2023-09-09 18:40:41,995] {processor.py:161} INFO - Processing /home/airflow/.local/lib/python3.7/site-packages/airflow/example_dags/example_branch_operator.py took 0.124 seconds
[2023-09-09 18:41:12,738] {processor.py:153} INFO - Started process (PID=124) to work on /home/airflow/.local/lib/python3.7/site-packages/airflow/example_dags/example_branch_operator.py
[2023-09-09 18:41:12,739] {processor.py:641} INFO - Processing file /home/airflow/.local/lib/python3.7/site-packages/airflow/example_dags/example_branch_operator.py for tasks to queue
[2023-09-09 18:41:12,739] {logging_mixin.py:115} INFO - [2023-09-09 18:41:12,739] {dagbag.py:508} INFO - Filling up the DagBag from /home/airflow/.local/lib/python3.7/site-packages/airflow/example_dags/example_branch_operator.py
[2023-09-09 18:41:12,745] {processor.py:651} INFO - DAG(s) dict_keys(['example_branch_operator']) retrieved from /home/airflow/.local/lib/python3.7/site-packages/airflow/example_dags/example_branch_operator.py
[2023-09-09 18:41:12,759] {logging_mixin.py:115} INFO - [2023-09-09 18:41:12,759] {dag.py:2420} INFO - Sync 1 DAGs
[2023-09-09 18:41:12,770] {logging_mixin.py:115} INFO - [2023-09-09 18:41:12,770] {dag.py:2972} INFO - Setting next_dagrun for example_branch_operator to 2023-09-08T00:00:00+00:00, run_after=2023-09-09T00:00:00+00:00
[2023-09-09 18:41:12,776] {processor.py:161} INFO - Processing /home/airflow/.local/lib/python3.7/site-packages/airflow/example_dags/example_branch_operator.py took 0.040 seconds
[2023-09-09 18:41:43,022] {processor.py:153} INFO - Started process (PID=187) to work on /home/airflow/.local/lib/python3.7/site-packages/airflow/example_dags/example_branch_operator.py
[2023-09-09 18:41:43,023] {processor.py:641} INFO - Processing file /home/airflow/.local/lib/python3.7/site-packages/airflow/example_dags/example_branch_operator.py for tasks to queue
[2023-09-09 18:41:43,023] {logging_mixin.py:115} INFO - [2023-09-09 18:41:43,023] {dagbag.py:508} INFO - Filling up the DagBag from /home/airflow/.local/lib/python3.7/site-packages/airflow/example_dags/example_branch_operator.py
[2023-09-09 18:41:43,029] {processor.py:651} INFO - DAG(s) dict_keys(['example_branch_operator']) retrieved from /home/airflow/.local/lib/python3.7/site-packages/airflow/example_dags/example_branch_operator.py
[2023-09-09 18:41:43,043] {logging_mixin.py:115} INFO - [2023-09-09 18:41:43,043] {dag.py:2420} INFO - Sync 1 DAGs
[2023-09-09 18:41:43,054] {logging_mixin.py:115} INFO - [2023-09-09 18:41:43,054] {dag.py:2972} INFO - Setting next_dagrun for example_branch_operator to 2023-09-08T00:00:00+00:00, run_after=2023-09-09T00:00:00+00:00
[2023-09-09 18:41:43,059] {processor.py:161} INFO - Processing /home/airflow/.local/lib/python3.7/site-packages/airflow/example_dags/example_branch_operator.py took 0.038 seconds
[2023-09-09 18:42:13,462] {processor.py:153} INFO - Started process (PID=251) to work on /home/airflow/.local/lib/python3.7/site-packages/airflow/example_dags/example_branch_operator.py
[2023-09-09 18:42:13,463] {processor.py:641} INFO - Processing file /home/airflow/.local/lib/python3.7/site-packages/airflow/example_dags/example_branch_operator.py for tasks to queue
[2023-09-09 18:42:13,463] {logging_mixin.py:115} INFO - [2023-09-09 18:42:13,463] {dagbag.py:508} INFO - Filling up the DagBag from /home/airflow/.local/lib/python3.7/site-packages/airflow/example_dags/example_branch_operator.py
[2023-09-09 18:42:13,469] {processor.py:651} INFO - DAG(s) dict_keys(['example_branch_operator']) retrieved from /home/airflow/.local/lib/python3.7/site-packages/airflow/example_dags/example_branch_operator.py
[2023-09-09 18:42:13,483] {logging_mixin.py:115} INFO - [2023-09-09 18:42:13,483] {dag.py:2420} INFO - Sync 1 DAGs
[2023-09-09 18:42:13,494] {logging_mixin.py:115} INFO - [2023-09-09 18:42:13,494] {dag.py:2972} INFO - Setting next_dagrun for example_branch_operator to 2023-09-08T00:00:00+00:00, run_after=2023-09-09T00:00:00+00:00
[2023-09-09 18:42:13,499] {processor.py:161} INFO - Processing /home/airflow/.local/lib/python3.7/site-packages/airflow/example_dags/example_branch_operator.py took 0.038 seconds
[2023-09-09 18:42:44,390] {processor.py:153} INFO - Started process (PID=314) to work on /home/airflow/.local/lib/python3.7/site-packages/airflow/example_dags/example_branch_operator.py
[2023-09-09 18:42:44,390] {processor.py:641} INFO - Processing file /home/airflow/.local/lib/python3.7/site-packages/airflow/example_dags/example_branch_operator.py for tasks to queue
[2023-09-09 18:42:44,391] {logging_mixin.py:115} INFO - [2023-09-09 18:42:44,391] {dagbag.py:508} INFO - Filling up the DagBag from /home/airflow/.local/lib/python3.7/site-packages/airflow/example_dags/example_branch_operator.py
[2023-09-09 18:42:44,396] {processor.py:651} INFO - DAG(s) dict_keys(['example_branch_operator']) retrieved from /home/airflow/.local/lib/python3.7/site-packages/airflow/example_dags/example_branch_operator.py
[2023-09-09 18:42:44,410] {logging_mixin.py:115} INFO - [2023-09-09 18:42:44,410] {dag.py:2420} INFO - Sync 1 DAGs
[2023-09-09 18:42:44,420] {logging_mixin.py:115} INFO - [2023-09-09 18:42:44,420] {dag.py:2972} INFO - Setting next_dagrun for example_branch_operator to 2023-09-08T00:00:00+00:00, run_after=2023-09-09T00:00:00+00:00
[2023-09-09 18:42:44,426] {processor.py:161} INFO - Processing /home/airflow/.local/lib/python3.7/site-packages/airflow/example_dags/example_branch_operator.py took 0.038 seconds
[2023-09-09 18:43:14,731] {processor.py:153} INFO - Started process (PID=369) to work on /home/airflow/.local/lib/python3.7/site-packages/airflow/example_dags/example_branch_operator.py
[2023-09-09 18:43:14,732] {processor.py:641} INFO - Processing file /home/airflow/.local/lib/python3.7/site-packages/airflow/example_dags/example_branch_operator.py for tasks to queue
[2023-09-09 18:43:14,733] {logging_mixin.py:115} INFO - [2023-09-09 18:43:14,732] {dagbag.py:508} INFO - Filling up the DagBag from /home/airflow/.local/lib/python3.7/site-packages/airflow/example_dags/example_branch_operator.py
[2023-09-09 18:43:14,738] {processor.py:651} INFO - DAG(s) dict_keys(['example_branch_operator']) retrieved from /home/airflow/.local/lib/python3.7/site-packages/airflow/example_dags/example_branch_operator.py
[2023-09-09 18:43:14,753] {logging_mixin.py:115} INFO - [2023-09-09 18:43:14,753] {dag.py:2420} INFO - Sync 1 DAGs
[2023-09-09 18:43:14,764] {logging_mixin.py:115} INFO - [2023-09-09 18:43:14,764] {dag.py:2972} INFO - Setting next_dagrun for example_branch_operator to 2023-09-08T00:00:00+00:00, run_after=2023-09-09T00:00:00+00:00
[2023-09-09 18:43:14,769] {processor.py:161} INFO - Processing /home/airflow/.local/lib/python3.7/site-packages/airflow/example_dags/example_branch_operator.py took 0.039 seconds
[2023-09-09 18:43:45,003] {processor.py:153} INFO - Started process (PID=431) to work on /home/airflow/.local/lib/python3.7/site-packages/airflow/example_dags/example_branch_operator.py
[2023-09-09 18:43:45,004] {processor.py:641} INFO - Processing file /home/airflow/.local/lib/python3.7/site-packages/airflow/example_dags/example_branch_operator.py for tasks to queue
[2023-09-09 18:43:45,004] {logging_mixin.py:115} INFO - [2023-09-09 18:43:45,004] {dagbag.py:508} INFO - Filling up the DagBag from /home/airflow/.local/lib/python3.7/site-packages/airflow/example_dags/example_branch_operator.py
[2023-09-09 18:43:45,010] {processor.py:651} INFO - DAG(s) dict_keys(['example_branch_operator']) retrieved from /home/airflow/.local/lib/python3.7/site-packages/airflow/example_dags/example_branch_operator.py
[2023-09-09 18:43:45,024] {logging_mixin.py:115} INFO - [2023-09-09 18:43:45,024] {dag.py:2420} INFO - Sync 1 DAGs
[2023-09-09 18:43:45,035] {logging_mixin.py:115} INFO - [2023-09-09 18:43:45,035] {dag.py:2972} INFO - Setting next_dagrun for example_branch_operator to 2023-09-08T00:00:00+00:00, run_after=2023-09-09T00:00:00+00:00
[2023-09-09 18:43:45,040] {processor.py:161} INFO - Processing /home/airflow/.local/lib/python3.7/site-packages/airflow/example_dags/example_branch_operator.py took 0.039 seconds
[2023-09-09 18:44:15,366] {processor.py:153} INFO - Started process (PID=493) to work on /home/airflow/.local/lib/python3.7/site-packages/airflow/example_dags/example_branch_operator.py
[2023-09-09 18:44:15,367] {processor.py:641} INFO - Processing file /home/airflow/.local/lib/python3.7/site-packages/airflow/example_dags/example_branch_operator.py for tasks to queue
[2023-09-09 18:44:15,367] {logging_mixin.py:115} INFO - [2023-09-09 18:44:15,367] {dagbag.py:508} INFO - Filling up the DagBag from /home/airflow/.local/lib/python3.7/site-packages/airflow/example_dags/example_branch_operator.py
[2023-09-09 18:44:15,374] {processor.py:651} INFO - DAG(s) dict_keys(['example_branch_operator']) retrieved from /home/airflow/.local/lib/python3.7/site-packages/airflow/example_dags/example_branch_operator.py
[2023-09-09 18:44:15,390] {logging_mixin.py:115} INFO - [2023-09-09 18:44:15,390] {dag.py:2420} INFO - Sync 1 DAGs
[2023-09-09 18:44:15,401] {logging_mixin.py:115} INFO - [2023-09-09 18:44:15,401] {dag.py:2972} INFO - Setting next_dagrun for example_branch_operator to 2023-09-08T00:00:00+00:00, run_after=2023-09-09T00:00:00+00:00
[2023-09-09 18:44:15,406] {processor.py:161} INFO - Processing /home/airflow/.local/lib/python3.7/site-packages/airflow/example_dags/example_branch_operator.py took 0.042 seconds
[2023-09-09 18:44:45,577] {processor.py:153} INFO - Started process (PID=556) to work on /home/airflow/.local/lib/python3.7/site-packages/airflow/example_dags/example_branch_operator.py
[2023-09-09 18:44:45,577] {processor.py:641} INFO - Processing file /home/airflow/.local/lib/python3.7/site-packages/airflow/example_dags/example_branch_operator.py for tasks to queue
[2023-09-09 18:44:45,578] {logging_mixin.py:115} INFO - [2023-09-09 18:44:45,578] {dagbag.py:508} INFO - Filling up the DagBag from /home/airflow/.local/lib/python3.7/site-packages/airflow/example_dags/example_branch_operator.py
[2023-09-09 18:44:45,584] {processor.py:651} INFO - DAG(s) dict_keys(['example_branch_operator']) retrieved from /home/airflow/.local/lib/python3.7/site-packages/airflow/example_dags/example_branch_operator.py
[2023-09-09 18:44:45,600] {logging_mixin.py:115} INFO - [2023-09-09 18:44:45,600] {dag.py:2420} INFO - Sync 1 DAGs
[2023-09-09 18:44:45,611] {logging_mixin.py:115} INFO - [2023-09-09 18:44:45,611] {dag.py:2972} INFO - Setting next_dagrun for example_branch_operator to 2023-09-08T00:00:00+00:00, run_after=2023-09-09T00:00:00+00:00
[2023-09-09 18:44:45,618] {processor.py:161} INFO - Processing /home/airflow/.local/lib/python3.7/site-packages/airflow/example_dags/example_branch_operator.py took 0.043 seconds
[2023-09-09 18:45:16,158] {processor.py:153} INFO - Started process (PID=619) to work on /home/airflow/.local/lib/python3.7/site-packages/airflow/example_dags/example_branch_operator.py
[2023-09-09 18:45:16,159] {processor.py:641} INFO - Processing file /home/airflow/.local/lib/python3.7/site-packages/airflow/example_dags/example_branch_operator.py for tasks to queue
[2023-09-09 18:45:16,159] {logging_mixin.py:115} INFO - [2023-09-09 18:45:16,159] {dagbag.py:508} INFO - Filling up the DagBag from /home/airflow/.local/lib/python3.7/site-packages/airflow/example_dags/example_branch_operator.py
[2023-09-09 18:45:16,165] {processor.py:651} INFO - DAG(s) dict_keys(['example_branch_operator']) retrieved from /home/airflow/.local/lib/python3.7/site-packages/airflow/example_dags/example_branch_operator.py
[2023-09-09 18:45:16,179] {logging_mixin.py:115} INFO - [2023-09-09 18:45:16,179] {dag.py:2420} INFO - Sync 1 DAGs
[2023-09-09 18:45:16,189] {logging_mixin.py:115} INFO - [2023-09-09 18:45:16,189] {dag.py:2972} INFO - Setting next_dagrun for example_branch_operator to 2023-09-08T00:00:00+00:00, run_after=2023-09-09T00:00:00+00:00
[2023-09-09 18:45:16,194] {processor.py:161} INFO - Processing /home/airflow/.local/lib/python3.7/site-packages/airflow/example_dags/example_branch_operator.py took 0.038 seconds
[2023-09-09 18:45:46,403] {processor.py:153} INFO - Started process (PID=680) to work on /home/airflow/.local/lib/python3.7/site-packages/airflow/example_dags/example_branch_operator.py
[2023-09-09 18:45:46,404] {processor.py:641} INFO - Processing file /home/airflow/.local/lib/python3.7/site-packages/airflow/example_dags/example_branch_operator.py for tasks to queue
[2023-09-09 18:45:46,405] {logging_mixin.py:115} INFO - [2023-09-09 18:45:46,405] {dagbag.py:508} INFO - Filling up the DagBag from /home/airflow/.local/lib/python3.7/site-packages/airflow/example_dags/example_branch_operator.py
[2023-09-09 18:45:46,411] {processor.py:651} INFO - DAG(s) dict_keys(['example_branch_operator']) retrieved from /home/airflow/.local/lib/python3.7/site-packages/airflow/example_dags/example_branch_operator.py
[2023-09-09 18:45:46,428] {logging_mixin.py:115} INFO - [2023-09-09 18:45:46,428] {dag.py:2420} INFO - Sync 1 DAGs
[2023-09-09 18:45:46,443] {logging_mixin.py:115} INFO - [2023-09-09 18:45:46,443] {dag.py:2972} INFO - Setting next_dagrun for example_branch_operator to 2023-09-08T00:00:00+00:00, run_after=2023-09-09T00:00:00+00:00
[2023-09-09 18:45:46,450] {processor.py:161} INFO - Processing /home/airflow/.local/lib/python3.7/site-packages/airflow/example_dags/example_branch_operator.py took 0.049 seconds
[2023-09-09 18:46:16,717] {processor.py:153} INFO - Started process (PID=733) to work on /home/airflow/.local/lib/python3.7/site-packages/airflow/example_dags/example_branch_operator.py
[2023-09-09 18:46:16,717] {processor.py:641} INFO - Processing file /home/airflow/.local/lib/python3.7/site-packages/airflow/example_dags/example_branch_operator.py for tasks to queue
[2023-09-09 18:46:16,718] {logging_mixin.py:115} INFO - [2023-09-09 18:46:16,718] {dagbag.py:508} INFO - Filling up the DagBag from /home/airflow/.local/lib/python3.7/site-packages/airflow/example_dags/example_branch_operator.py
[2023-09-09 18:46:16,724] {processor.py:651} INFO - DAG(s) dict_keys(['example_branch_operator']) retrieved from /home/airflow/.local/lib/python3.7/site-packages/airflow/example_dags/example_branch_operator.py
[2023-09-09 18:46:16,739] {logging_mixin.py:115} INFO - [2023-09-09 18:46:16,739] {dag.py:2420} INFO - Sync 1 DAGs
[2023-09-09 18:46:16,749] {logging_mixin.py:115} INFO - [2023-09-09 18:46:16,749] {dag.py:2972} INFO - Setting next_dagrun for example_branch_operator to 2023-09-08T00:00:00+00:00, run_after=2023-09-09T00:00:00+00:00
[2023-09-09 18:46:16,755] {processor.py:161} INFO - Processing /home/airflow/.local/lib/python3.7/site-packages/airflow/example_dags/example_branch_operator.py took 0.040 seconds
[2023-09-09 18:46:46,983] {processor.py:153} INFO - Started process (PID=796) to work on /home/airflow/.local/lib/python3.7/site-packages/airflow/example_dags/example_branch_operator.py
[2023-09-09 18:46:46,984] {processor.py:641} INFO - Processing file /home/airflow/.local/lib/python3.7/site-packages/airflow/example_dags/example_branch_operator.py for tasks to queue
[2023-09-09 18:46:46,984] {logging_mixin.py:115} INFO - [2023-09-09 18:46:46,984] {dagbag.py:508} INFO - Filling up the DagBag from /home/airflow/.local/lib/python3.7/site-packages/airflow/example_dags/example_branch_operator.py
[2023-09-09 18:46:46,990] {processor.py:651} INFO - DAG(s) dict_keys(['example_branch_operator']) retrieved from /home/airflow/.local/lib/python3.7/site-packages/airflow/example_dags/example_branch_operator.py
[2023-09-09 18:46:47,003] {logging_mixin.py:115} INFO - [2023-09-09 18:46:47,003] {dag.py:2420} INFO - Sync 1 DAGs
[2023-09-09 18:46:47,014] {logging_mixin.py:115} INFO - [2023-09-09 18:46:47,014] {dag.py:2972} INFO - Setting next_dagrun for example_branch_operator to 2023-09-08T00:00:00+00:00, run_after=2023-09-09T00:00:00+00:00
[2023-09-09 18:46:47,018] {processor.py:161} INFO - Processing /home/airflow/.local/lib/python3.7/site-packages/airflow/example_dags/example_branch_operator.py took 0.037 seconds
[2023-09-09 18:47:17,301] {processor.py:153} INFO - Started process (PID=859) to work on /home/airflow/.local/lib/python3.7/site-packages/airflow/example_dags/example_branch_operator.py
[2023-09-09 18:47:17,302] {processor.py:641} INFO - Processing file /home/airflow/.local/lib/python3.7/site-packages/airflow/example_dags/example_branch_operator.py for tasks to queue
[2023-09-09 18:47:17,302] {logging_mixin.py:115} INFO - [2023-09-09 18:47:17,302] {dagbag.py:508} INFO - Filling up the DagBag from /home/airflow/.local/lib/python3.7/site-packages/airflow/example_dags/example_branch_operator.py
[2023-09-09 18:47:17,308] {processor.py:651} INFO - DAG(s) dict_keys(['example_branch_operator']) retrieved from /home/airflow/.local/lib/python3.7/site-packages/airflow/example_dags/example_branch_operator.py
[2023-09-09 18:47:17,322] {logging_mixin.py:115} INFO - [2023-09-09 18:47:17,322] {dag.py:2420} INFO - Sync 1 DAGs
[2023-09-09 18:47:17,333] {logging_mixin.py:115} INFO - [2023-09-09 18:47:17,332] {dag.py:2972} INFO - Setting next_dagrun for example_branch_operator to 2023-09-08T00:00:00+00:00, run_after=2023-09-09T00:00:00+00:00
[2023-09-09 18:47:17,337] {processor.py:161} INFO - Processing /home/airflow/.local/lib/python3.7/site-packages/airflow/example_dags/example_branch_operator.py took 0.038 seconds
[2023-09-09 18:47:47,461] {processor.py:153} INFO - Started process (PID=922) to work on /home/airflow/.local/lib/python3.7/site-packages/airflow/example_dags/example_branch_operator.py
[2023-09-09 18:47:47,462] {processor.py:641} INFO - Processing file /home/airflow/.local/lib/python3.7/site-packages/airflow/example_dags/example_branch_operator.py for tasks to queue
[2023-09-09 18:47:47,462] {logging_mixin.py:115} INFO - [2023-09-09 18:47:47,462] {dagbag.py:508} INFO - Filling up the DagBag from /home/airflow/.local/lib/python3.7/site-packages/airflow/example_dags/example_branch_operator.py
[2023-09-09 18:47:47,468] {processor.py:651} INFO - DAG(s) dict_keys(['example_branch_operator']) retrieved from /home/airflow/.local/lib/python3.7/site-packages/airflow/example_dags/example_branch_operator.py
[2023-09-09 18:47:47,482] {logging_mixin.py:115} INFO - [2023-09-09 18:47:47,482] {dag.py:2420} INFO - Sync 1 DAGs
[2023-09-09 18:47:47,493] {logging_mixin.py:115} INFO - [2023-09-09 18:47:47,493] {dag.py:2972} INFO - Setting next_dagrun for example_branch_operator to 2023-09-08T00:00:00+00:00, run_after=2023-09-09T00:00:00+00:00
[2023-09-09 18:47:47,499] {processor.py:161} INFO - Processing /home/airflow/.local/lib/python3.7/site-packages/airflow/example_dags/example_branch_operator.py took 0.040 seconds
[2023-09-09 18:48:17,665] {processor.py:153} INFO - Started process (PID=984) to work on /home/airflow/.local/lib/python3.7/site-packages/airflow/example_dags/example_branch_operator.py
[2023-09-09 18:48:17,666] {processor.py:641} INFO - Processing file /home/airflow/.local/lib/python3.7/site-packages/airflow/example_dags/example_branch_operator.py for tasks to queue
[2023-09-09 18:48:17,666] {logging_mixin.py:115} INFO - [2023-09-09 18:48:17,666] {dagbag.py:508} INFO - Filling up the DagBag from /home/airflow/.local/lib/python3.7/site-packages/airflow/example_dags/example_branch_operator.py
[2023-09-09 18:48:17,673] {processor.py:651} INFO - DAG(s) dict_keys(['example_branch_operator']) retrieved from /home/airflow/.local/lib/python3.7/site-packages/airflow/example_dags/example_branch_operator.py
[2023-09-09 18:48:17,689] {logging_mixin.py:115} INFO - [2023-09-09 18:48:17,689] {dag.py:2420} INFO - Sync 1 DAGs
[2023-09-09 18:48:17,700] {logging_mixin.py:115} INFO - [2023-09-09 18:48:17,700] {dag.py:2972} INFO - Setting next_dagrun for example_branch_operator to 2023-09-08T00:00:00+00:00, run_after=2023-09-09T00:00:00+00:00
[2023-09-09 18:48:17,706] {processor.py:161} INFO - Processing /home/airflow/.local/lib/python3.7/site-packages/airflow/example_dags/example_branch_operator.py took 0.043 seconds
[2023-09-09 18:48:47,937] {processor.py:153} INFO - Started process (PID=1046) to work on /home/airflow/.local/lib/python3.7/site-packages/airflow/example_dags/example_branch_operator.py
[2023-09-09 18:48:47,937] {processor.py:641} INFO - Processing file /home/airflow/.local/lib/python3.7/site-packages/airflow/example_dags/example_branch_operator.py for tasks to queue
[2023-09-09 18:48:47,938] {logging_mixin.py:115} INFO - [2023-09-09 18:48:47,938] {dagbag.py:508} INFO - Filling up the DagBag from /home/airflow/.local/lib/python3.7/site-packages/airflow/example_dags/example_branch_operator.py
[2023-09-09 18:48:47,944] {processor.py:651} INFO - DAG(s) dict_keys(['example_branch_operator']) retrieved from /home/airflow/.local/lib/python3.7/site-packages/airflow/example_dags/example_branch_operator.py
[2023-09-09 18:48:47,958] {logging_mixin.py:115} INFO - [2023-09-09 18:48:47,958] {dag.py:2420} INFO - Sync 1 DAGs
[2023-09-09 18:48:47,968] {logging_mixin.py:115} INFO - [2023-09-09 18:48:47,968] {dag.py:2972} INFO - Setting next_dagrun for example_branch_operator to 2023-09-08T00:00:00+00:00, run_after=2023-09-09T00:00:00+00:00
[2023-09-09 18:48:47,973] {processor.py:161} INFO - Processing /home/airflow/.local/lib/python3.7/site-packages/airflow/example_dags/example_branch_operator.py took 0.038 seconds
[2023-09-09 18:57:34,939] {processor.py:153} INFO - Started process (PID=61) to work on /home/airflow/.local/lib/python3.7/site-packages/airflow/example_dags/example_branch_operator.py
[2023-09-09 18:57:34,940] {processor.py:641} INFO - Processing file /home/airflow/.local/lib/python3.7/site-packages/airflow/example_dags/example_branch_operator.py for tasks to queue
[2023-09-09 18:57:34,941] {logging_mixin.py:115} INFO - [2023-09-09 18:57:34,941] {dagbag.py:508} INFO - Filling up the DagBag from /home/airflow/.local/lib/python3.7/site-packages/airflow/example_dags/example_branch_operator.py
[2023-09-09 18:57:34,952] {processor.py:651} INFO - DAG(s) dict_keys(['example_branch_operator']) retrieved from /home/airflow/.local/lib/python3.7/site-packages/airflow/example_dags/example_branch_operator.py
[2023-09-09 18:57:34,987] {logging_mixin.py:115} INFO - [2023-09-09 18:57:34,987] {dag.py:2420} INFO - Sync 1 DAGs
[2023-09-09 18:57:35,045] {logging_mixin.py:115} INFO - [2023-09-09 18:57:35,044] {dag.py:2972} INFO - Setting next_dagrun for example_branch_operator to 2023-09-08T00:00:00+00:00, run_after=2023-09-09T00:00:00+00:00
[2023-09-09 18:57:35,058] {processor.py:161} INFO - Processing /home/airflow/.local/lib/python3.7/site-packages/airflow/example_dags/example_branch_operator.py took 0.123 seconds
[2023-09-09 18:58:05,803] {processor.py:153} INFO - Started process (PID=124) to work on /home/airflow/.local/lib/python3.7/site-packages/airflow/example_dags/example_branch_operator.py
[2023-09-09 18:58:05,804] {processor.py:641} INFO - Processing file /home/airflow/.local/lib/python3.7/site-packages/airflow/example_dags/example_branch_operator.py for tasks to queue
[2023-09-09 18:58:05,804] {logging_mixin.py:115} INFO - [2023-09-09 18:58:05,804] {dagbag.py:508} INFO - Filling up the DagBag from /home/airflow/.local/lib/python3.7/site-packages/airflow/example_dags/example_branch_operator.py
[2023-09-09 18:58:05,810] {processor.py:651} INFO - DAG(s) dict_keys(['example_branch_operator']) retrieved from /home/airflow/.local/lib/python3.7/site-packages/airflow/example_dags/example_branch_operator.py
[2023-09-09 18:58:05,825] {logging_mixin.py:115} INFO - [2023-09-09 18:58:05,825] {dag.py:2420} INFO - Sync 1 DAGs
[2023-09-09 18:58:05,835] {logging_mixin.py:115} INFO - [2023-09-09 18:58:05,835] {dag.py:2972} INFO - Setting next_dagrun for example_branch_operator to 2023-09-08T00:00:00+00:00, run_after=2023-09-09T00:00:00+00:00
[2023-09-09 18:58:05,840] {processor.py:161} INFO - Processing /home/airflow/.local/lib/python3.7/site-packages/airflow/example_dags/example_branch_operator.py took 0.039 seconds
[2023-09-09 18:58:36,084] {processor.py:153} INFO - Started process (PID=187) to work on /home/airflow/.local/lib/python3.7/site-packages/airflow/example_dags/example_branch_operator.py
[2023-09-09 18:58:36,085] {processor.py:641} INFO - Processing file /home/airflow/.local/lib/python3.7/site-packages/airflow/example_dags/example_branch_operator.py for tasks to queue
[2023-09-09 18:58:36,085] {logging_mixin.py:115} INFO - [2023-09-09 18:58:36,085] {dagbag.py:508} INFO - Filling up the DagBag from /home/airflow/.local/lib/python3.7/site-packages/airflow/example_dags/example_branch_operator.py
[2023-09-09 18:58:36,093] {processor.py:651} INFO - DAG(s) dict_keys(['example_branch_operator']) retrieved from /home/airflow/.local/lib/python3.7/site-packages/airflow/example_dags/example_branch_operator.py
[2023-09-09 18:58:36,111] {logging_mixin.py:115} INFO - [2023-09-09 18:58:36,111] {dag.py:2420} INFO - Sync 1 DAGs
[2023-09-09 18:58:36,123] {logging_mixin.py:115} INFO - [2023-09-09 18:58:36,123] {dag.py:2972} INFO - Setting next_dagrun for example_branch_operator to 2023-09-08T00:00:00+00:00, run_after=2023-09-09T00:00:00+00:00
[2023-09-09 18:58:36,130] {processor.py:161} INFO - Processing /home/airflow/.local/lib/python3.7/site-packages/airflow/example_dags/example_branch_operator.py took 0.048 seconds
[2023-09-09 18:59:06,362] {processor.py:153} INFO - Started process (PID=249) to work on /home/airflow/.local/lib/python3.7/site-packages/airflow/example_dags/example_branch_operator.py
[2023-09-09 18:59:06,363] {processor.py:641} INFO - Processing file /home/airflow/.local/lib/python3.7/site-packages/airflow/example_dags/example_branch_operator.py for tasks to queue
[2023-09-09 18:59:06,363] {logging_mixin.py:115} INFO - [2023-09-09 18:59:06,363] {dagbag.py:508} INFO - Filling up the DagBag from /home/airflow/.local/lib/python3.7/site-packages/airflow/example_dags/example_branch_operator.py
[2023-09-09 18:59:06,369] {processor.py:651} INFO - DAG(s) dict_keys(['example_branch_operator']) retrieved from /home/airflow/.local/lib/python3.7/site-packages/airflow/example_dags/example_branch_operator.py
[2023-09-09 18:59:06,383] {logging_mixin.py:115} INFO - [2023-09-09 18:59:06,383] {dag.py:2420} INFO - Sync 1 DAGs
[2023-09-09 18:59:06,394] {logging_mixin.py:115} INFO - [2023-09-09 18:59:06,394] {dag.py:2972} INFO - Setting next_dagrun for example_branch_operator to 2023-09-08T00:00:00+00:00, run_after=2023-09-09T00:00:00+00:00
[2023-09-09 18:59:06,399] {processor.py:161} INFO - Processing /home/airflow/.local/lib/python3.7/site-packages/airflow/example_dags/example_branch_operator.py took 0.038 seconds
[2023-09-09 18:59:36,744] {processor.py:153} INFO - Started process (PID=312) to work on /home/airflow/.local/lib/python3.7/site-packages/airflow/example_dags/example_branch_operator.py
[2023-09-09 18:59:36,745] {processor.py:641} INFO - Processing file /home/airflow/.local/lib/python3.7/site-packages/airflow/example_dags/example_branch_operator.py for tasks to queue
[2023-09-09 18:59:36,745] {logging_mixin.py:115} INFO - [2023-09-09 18:59:36,745] {dagbag.py:508} INFO - Filling up the DagBag from /home/airflow/.local/lib/python3.7/site-packages/airflow/example_dags/example_branch_operator.py
[2023-09-09 18:59:36,751] {processor.py:651} INFO - DAG(s) dict_keys(['example_branch_operator']) retrieved from /home/airflow/.local/lib/python3.7/site-packages/airflow/example_dags/example_branch_operator.py
[2023-09-09 18:59:36,766] {logging_mixin.py:115} INFO - [2023-09-09 18:59:36,766] {dag.py:2420} INFO - Sync 1 DAGs
[2023-09-09 18:59:36,778] {logging_mixin.py:115} INFO - [2023-09-09 18:59:36,778] {dag.py:2972} INFO - Setting next_dagrun for example_branch_operator to 2023-09-08T00:00:00+00:00, run_after=2023-09-09T00:00:00+00:00
[2023-09-09 18:59:36,784] {processor.py:161} INFO - Processing /home/airflow/.local/lib/python3.7/site-packages/airflow/example_dags/example_branch_operator.py took 0.042 seconds
[2023-09-09 19:00:07,041] {processor.py:153} INFO - Started process (PID=365) to work on /home/airflow/.local/lib/python3.7/site-packages/airflow/example_dags/example_branch_operator.py
[2023-09-09 19:00:07,042] {processor.py:641} INFO - Processing file /home/airflow/.local/lib/python3.7/site-packages/airflow/example_dags/example_branch_operator.py for tasks to queue
[2023-09-09 19:00:07,043] {logging_mixin.py:115} INFO - [2023-09-09 19:00:07,042] {dagbag.py:508} INFO - Filling up the DagBag from /home/airflow/.local/lib/python3.7/site-packages/airflow/example_dags/example_branch_operator.py
[2023-09-09 19:00:07,049] {processor.py:651} INFO - DAG(s) dict_keys(['example_branch_operator']) retrieved from /home/airflow/.local/lib/python3.7/site-packages/airflow/example_dags/example_branch_operator.py
[2023-09-09 19:00:07,065] {logging_mixin.py:115} INFO - [2023-09-09 19:00:07,065] {dag.py:2420} INFO - Sync 1 DAGs
[2023-09-09 19:00:07,078] {logging_mixin.py:115} INFO - [2023-09-09 19:00:07,078] {dag.py:2972} INFO - Setting next_dagrun for example_branch_operator to 2023-09-08T00:00:00+00:00, run_after=2023-09-09T00:00:00+00:00
[2023-09-09 19:00:07,087] {processor.py:161} INFO - Processing /home/airflow/.local/lib/python3.7/site-packages/airflow/example_dags/example_branch_operator.py took 0.048 seconds
[2023-09-09 19:00:37,405] {processor.py:153} INFO - Started process (PID=429) to work on /home/airflow/.local/lib/python3.7/site-packages/airflow/example_dags/example_branch_operator.py
[2023-09-09 19:00:37,406] {processor.py:641} INFO - Processing file /home/airflow/.local/lib/python3.7/site-packages/airflow/example_dags/example_branch_operator.py for tasks to queue
[2023-09-09 19:00:37,406] {logging_mixin.py:115} INFO - [2023-09-09 19:00:37,406] {dagbag.py:508} INFO - Filling up the DagBag from /home/airflow/.local/lib/python3.7/site-packages/airflow/example_dags/example_branch_operator.py
[2023-09-09 19:00:37,412] {processor.py:651} INFO - DAG(s) dict_keys(['example_branch_operator']) retrieved from /home/airflow/.local/lib/python3.7/site-packages/airflow/example_dags/example_branch_operator.py
[2023-09-09 19:00:37,426] {logging_mixin.py:115} INFO - [2023-09-09 19:00:37,426] {dag.py:2420} INFO - Sync 1 DAGs
[2023-09-09 19:00:37,437] {logging_mixin.py:115} INFO - [2023-09-09 19:00:37,437] {dag.py:2972} INFO - Setting next_dagrun for example_branch_operator to 2023-09-08T00:00:00+00:00, run_after=2023-09-09T00:00:00+00:00
[2023-09-09 19:00:37,442] {processor.py:161} INFO - Processing /home/airflow/.local/lib/python3.7/site-packages/airflow/example_dags/example_branch_operator.py took 0.038 seconds
[2023-09-09 19:01:07,551] {processor.py:153} INFO - Started process (PID=493) to work on /home/airflow/.local/lib/python3.7/site-packages/airflow/example_dags/example_branch_operator.py
[2023-09-09 19:01:07,552] {processor.py:641} INFO - Processing file /home/airflow/.local/lib/python3.7/site-packages/airflow/example_dags/example_branch_operator.py for tasks to queue
[2023-09-09 19:01:07,552] {logging_mixin.py:115} INFO - [2023-09-09 19:01:07,552] {dagbag.py:508} INFO - Filling up the DagBag from /home/airflow/.local/lib/python3.7/site-packages/airflow/example_dags/example_branch_operator.py
[2023-09-09 19:01:07,558] {processor.py:651} INFO - DAG(s) dict_keys(['example_branch_operator']) retrieved from /home/airflow/.local/lib/python3.7/site-packages/airflow/example_dags/example_branch_operator.py
[2023-09-09 19:01:07,572] {logging_mixin.py:115} INFO - [2023-09-09 19:01:07,572] {dag.py:2420} INFO - Sync 1 DAGs
[2023-09-09 19:01:07,582] {logging_mixin.py:115} INFO - [2023-09-09 19:01:07,582] {dag.py:2972} INFO - Setting next_dagrun for example_branch_operator to 2023-09-08T00:00:00+00:00, run_after=2023-09-09T00:00:00+00:00
[2023-09-09 19:01:07,587] {processor.py:161} INFO - Processing /home/airflow/.local/lib/python3.7/site-packages/airflow/example_dags/example_branch_operator.py took 0.038 seconds
[2023-09-09 19:01:37,919] {processor.py:153} INFO - Started process (PID=556) to work on /home/airflow/.local/lib/python3.7/site-packages/airflow/example_dags/example_branch_operator.py
[2023-09-09 19:01:37,919] {processor.py:641} INFO - Processing file /home/airflow/.local/lib/python3.7/site-packages/airflow/example_dags/example_branch_operator.py for tasks to queue
[2023-09-09 19:01:37,920] {logging_mixin.py:115} INFO - [2023-09-09 19:01:37,920] {dagbag.py:508} INFO - Filling up the DagBag from /home/airflow/.local/lib/python3.7/site-packages/airflow/example_dags/example_branch_operator.py
[2023-09-09 19:01:37,926] {processor.py:651} INFO - DAG(s) dict_keys(['example_branch_operator']) retrieved from /home/airflow/.local/lib/python3.7/site-packages/airflow/example_dags/example_branch_operator.py
[2023-09-09 19:01:37,941] {logging_mixin.py:115} INFO - [2023-09-09 19:01:37,941] {dag.py:2420} INFO - Sync 1 DAGs
[2023-09-09 19:01:37,952] {logging_mixin.py:115} INFO - [2023-09-09 19:01:37,952] {dag.py:2972} INFO - Setting next_dagrun for example_branch_operator to 2023-09-08T00:00:00+00:00, run_after=2023-09-09T00:00:00+00:00
[2023-09-09 19:01:37,958] {processor.py:161} INFO - Processing /home/airflow/.local/lib/python3.7/site-packages/airflow/example_dags/example_branch_operator.py took 0.041 seconds
[2023-09-09 19:02:08,414] {processor.py:153} INFO - Started process (PID=619) to work on /home/airflow/.local/lib/python3.7/site-packages/airflow/example_dags/example_branch_operator.py
[2023-09-09 19:02:08,414] {processor.py:641} INFO - Processing file /home/airflow/.local/lib/python3.7/site-packages/airflow/example_dags/example_branch_operator.py for tasks to queue
[2023-09-09 19:02:08,415] {logging_mixin.py:115} INFO - [2023-09-09 19:02:08,415] {dagbag.py:508} INFO - Filling up the DagBag from /home/airflow/.local/lib/python3.7/site-packages/airflow/example_dags/example_branch_operator.py
[2023-09-09 19:02:08,421] {processor.py:651} INFO - DAG(s) dict_keys(['example_branch_operator']) retrieved from /home/airflow/.local/lib/python3.7/site-packages/airflow/example_dags/example_branch_operator.py
[2023-09-09 19:02:08,437] {logging_mixin.py:115} INFO - [2023-09-09 19:02:08,437] {dag.py:2420} INFO - Sync 1 DAGs
[2023-09-09 19:02:08,449] {logging_mixin.py:115} INFO - [2023-09-09 19:02:08,449] {dag.py:2972} INFO - Setting next_dagrun for example_branch_operator to 2023-09-08T00:00:00+00:00, run_after=2023-09-09T00:00:00+00:00
[2023-09-09 19:02:08,455] {processor.py:161} INFO - Processing /home/airflow/.local/lib/python3.7/site-packages/airflow/example_dags/example_branch_operator.py took 0.043 seconds
[2023-09-09 19:02:39,101] {processor.py:153} INFO - Started process (PID=686) to work on /home/airflow/.local/lib/python3.7/site-packages/airflow/example_dags/example_branch_operator.py
[2023-09-09 19:02:39,102] {processor.py:641} INFO - Processing file /home/airflow/.local/lib/python3.7/site-packages/airflow/example_dags/example_branch_operator.py for tasks to queue
[2023-09-09 19:02:39,102] {logging_mixin.py:115} INFO - [2023-09-09 19:02:39,102] {dagbag.py:508} INFO - Filling up the DagBag from /home/airflow/.local/lib/python3.7/site-packages/airflow/example_dags/example_branch_operator.py
[2023-09-09 19:02:39,109] {processor.py:651} INFO - DAG(s) dict_keys(['example_branch_operator']) retrieved from /home/airflow/.local/lib/python3.7/site-packages/airflow/example_dags/example_branch_operator.py
[2023-09-09 19:02:39,128] {logging_mixin.py:115} INFO - [2023-09-09 19:02:39,128] {dag.py:2420} INFO - Sync 1 DAGs
[2023-09-09 19:02:39,140] {logging_mixin.py:115} INFO - [2023-09-09 19:02:39,140] {dag.py:2972} INFO - Setting next_dagrun for example_branch_operator to 2023-09-08T00:00:00+00:00, run_after=2023-09-09T00:00:00+00:00
[2023-09-09 19:02:39,147] {processor.py:161} INFO - Processing /home/airflow/.local/lib/python3.7/site-packages/airflow/example_dags/example_branch_operator.py took 0.049 seconds
[2023-09-09 19:03:36,239] {processor.py:153} INFO - Started process (PID=61) to work on /home/airflow/.local/lib/python3.7/site-packages/airflow/example_dags/example_branch_operator.py
[2023-09-09 19:03:36,241] {processor.py:641} INFO - Processing file /home/airflow/.local/lib/python3.7/site-packages/airflow/example_dags/example_branch_operator.py for tasks to queue
[2023-09-09 19:03:36,242] {logging_mixin.py:115} INFO - [2023-09-09 19:03:36,242] {dagbag.py:508} INFO - Filling up the DagBag from /home/airflow/.local/lib/python3.7/site-packages/airflow/example_dags/example_branch_operator.py
[2023-09-09 19:03:36,252] {processor.py:651} INFO - DAG(s) dict_keys(['example_branch_operator']) retrieved from /home/airflow/.local/lib/python3.7/site-packages/airflow/example_dags/example_branch_operator.py
[2023-09-09 19:03:36,296] {logging_mixin.py:115} INFO - [2023-09-09 19:03:36,296] {dag.py:2420} INFO - Sync 1 DAGs
[2023-09-09 19:03:36,317] {logging_mixin.py:115} INFO - [2023-09-09 19:03:36,317] {dag.py:2972} INFO - Setting next_dagrun for example_branch_operator to 2023-09-08T00:00:00+00:00, run_after=2023-09-09T00:00:00+00:00
[2023-09-09 19:03:36,324] {processor.py:161} INFO - Processing /home/airflow/.local/lib/python3.7/site-packages/airflow/example_dags/example_branch_operator.py took 0.088 seconds
[2023-09-09 19:04:07,028] {processor.py:153} INFO - Started process (PID=124) to work on /home/airflow/.local/lib/python3.7/site-packages/airflow/example_dags/example_branch_operator.py
[2023-09-09 19:04:07,029] {processor.py:641} INFO - Processing file /home/airflow/.local/lib/python3.7/site-packages/airflow/example_dags/example_branch_operator.py for tasks to queue
[2023-09-09 19:04:07,029] {logging_mixin.py:115} INFO - [2023-09-09 19:04:07,029] {dagbag.py:508} INFO - Filling up the DagBag from /home/airflow/.local/lib/python3.7/site-packages/airflow/example_dags/example_branch_operator.py
[2023-09-09 19:04:07,035] {processor.py:651} INFO - DAG(s) dict_keys(['example_branch_operator']) retrieved from /home/airflow/.local/lib/python3.7/site-packages/airflow/example_dags/example_branch_operator.py
[2023-09-09 19:04:07,049] {logging_mixin.py:115} INFO - [2023-09-09 19:04:07,049] {dag.py:2420} INFO - Sync 1 DAGs
[2023-09-09 19:04:07,060] {logging_mixin.py:115} INFO - [2023-09-09 19:04:07,060] {dag.py:2972} INFO - Setting next_dagrun for example_branch_operator to 2023-09-08T00:00:00+00:00, run_after=2023-09-09T00:00:00+00:00
[2023-09-09 19:04:07,065] {processor.py:161} INFO - Processing /home/airflow/.local/lib/python3.7/site-packages/airflow/example_dags/example_branch_operator.py took 0.039 seconds
[2023-09-09 19:04:37,349] {processor.py:153} INFO - Started process (PID=186) to work on /home/airflow/.local/lib/python3.7/site-packages/airflow/example_dags/example_branch_operator.py
[2023-09-09 19:04:37,350] {processor.py:641} INFO - Processing file /home/airflow/.local/lib/python3.7/site-packages/airflow/example_dags/example_branch_operator.py for tasks to queue
[2023-09-09 19:04:37,350] {logging_mixin.py:115} INFO - [2023-09-09 19:04:37,350] {dagbag.py:508} INFO - Filling up the DagBag from /home/airflow/.local/lib/python3.7/site-packages/airflow/example_dags/example_branch_operator.py
[2023-09-09 19:04:37,356] {processor.py:651} INFO - DAG(s) dict_keys(['example_branch_operator']) retrieved from /home/airflow/.local/lib/python3.7/site-packages/airflow/example_dags/example_branch_operator.py
[2023-09-09 19:04:37,370] {logging_mixin.py:115} INFO - [2023-09-09 19:04:37,369] {dag.py:2420} INFO - Sync 1 DAGs
[2023-09-09 19:04:37,379] {logging_mixin.py:115} INFO - [2023-09-09 19:04:37,379] {dag.py:2972} INFO - Setting next_dagrun for example_branch_operator to 2023-09-08T00:00:00+00:00, run_after=2023-09-09T00:00:00+00:00
[2023-09-09 19:04:37,384] {processor.py:161} INFO - Processing /home/airflow/.local/lib/python3.7/site-packages/airflow/example_dags/example_branch_operator.py took 0.037 seconds
[2023-09-09 19:05:07,631] {processor.py:153} INFO - Started process (PID=250) to work on /home/airflow/.local/lib/python3.7/site-packages/airflow/example_dags/example_branch_operator.py
[2023-09-09 19:05:07,631] {processor.py:641} INFO - Processing file /home/airflow/.local/lib/python3.7/site-packages/airflow/example_dags/example_branch_operator.py for tasks to queue
[2023-09-09 19:05:07,632] {logging_mixin.py:115} INFO - [2023-09-09 19:05:07,632] {dagbag.py:508} INFO - Filling up the DagBag from /home/airflow/.local/lib/python3.7/site-packages/airflow/example_dags/example_branch_operator.py
[2023-09-09 19:05:07,637] {processor.py:651} INFO - DAG(s) dict_keys(['example_branch_operator']) retrieved from /home/airflow/.local/lib/python3.7/site-packages/airflow/example_dags/example_branch_operator.py
[2023-09-09 19:05:07,651] {logging_mixin.py:115} INFO - [2023-09-09 19:05:07,651] {dag.py:2420} INFO - Sync 1 DAGs
[2023-09-09 19:05:07,661] {logging_mixin.py:115} INFO - [2023-09-09 19:05:07,661] {dag.py:2972} INFO - Setting next_dagrun for example_branch_operator to 2023-09-08T00:00:00+00:00, run_after=2023-09-09T00:00:00+00:00
[2023-09-09 19:05:07,666] {processor.py:161} INFO - Processing /home/airflow/.local/lib/python3.7/site-packages/airflow/example_dags/example_branch_operator.py took 0.037 seconds
[2023-09-09 19:05:37,915] {processor.py:153} INFO - Started process (PID=312) to work on /home/airflow/.local/lib/python3.7/site-packages/airflow/example_dags/example_branch_operator.py
[2023-09-09 19:05:37,916] {processor.py:641} INFO - Processing file /home/airflow/.local/lib/python3.7/site-packages/airflow/example_dags/example_branch_operator.py for tasks to queue
[2023-09-09 19:05:37,917] {logging_mixin.py:115} INFO - [2023-09-09 19:05:37,917] {dagbag.py:508} INFO - Filling up the DagBag from /home/airflow/.local/lib/python3.7/site-packages/airflow/example_dags/example_branch_operator.py
[2023-09-09 19:05:37,923] {processor.py:651} INFO - DAG(s) dict_keys(['example_branch_operator']) retrieved from /home/airflow/.local/lib/python3.7/site-packages/airflow/example_dags/example_branch_operator.py
[2023-09-09 19:05:37,937] {logging_mixin.py:115} INFO - [2023-09-09 19:05:37,937] {dag.py:2420} INFO - Sync 1 DAGs
[2023-09-09 19:05:37,948] {logging_mixin.py:115} INFO - [2023-09-09 19:05:37,948] {dag.py:2972} INFO - Setting next_dagrun for example_branch_operator to 2023-09-08T00:00:00+00:00, run_after=2023-09-09T00:00:00+00:00
[2023-09-09 19:05:37,954] {processor.py:161} INFO - Processing /home/airflow/.local/lib/python3.7/site-packages/airflow/example_dags/example_branch_operator.py took 0.040 seconds
[2023-09-09 19:06:08,272] {processor.py:153} INFO - Started process (PID=366) to work on /home/airflow/.local/lib/python3.7/site-packages/airflow/example_dags/example_branch_operator.py
[2023-09-09 19:06:08,273] {processor.py:641} INFO - Processing file /home/airflow/.local/lib/python3.7/site-packages/airflow/example_dags/example_branch_operator.py for tasks to queue
[2023-09-09 19:06:08,273] {logging_mixin.py:115} INFO - [2023-09-09 19:06:08,273] {dagbag.py:508} INFO - Filling up the DagBag from /home/airflow/.local/lib/python3.7/site-packages/airflow/example_dags/example_branch_operator.py
[2023-09-09 19:06:08,279] {processor.py:651} INFO - DAG(s) dict_keys(['example_branch_operator']) retrieved from /home/airflow/.local/lib/python3.7/site-packages/airflow/example_dags/example_branch_operator.py
[2023-09-09 19:06:08,293] {logging_mixin.py:115} INFO - [2023-09-09 19:06:08,293] {dag.py:2420} INFO - Sync 1 DAGs
[2023-09-09 19:06:08,304] {logging_mixin.py:115} INFO - [2023-09-09 19:06:08,304] {dag.py:2972} INFO - Setting next_dagrun for example_branch_operator to 2023-09-08T00:00:00+00:00, run_after=2023-09-09T00:00:00+00:00
[2023-09-09 19:06:08,309] {processor.py:161} INFO - Processing /home/airflow/.local/lib/python3.7/site-packages/airflow/example_dags/example_branch_operator.py took 0.039 seconds
[2023-09-09 19:06:38,619] {processor.py:153} INFO - Started process (PID=429) to work on /home/airflow/.local/lib/python3.7/site-packages/airflow/example_dags/example_branch_operator.py
[2023-09-09 19:06:38,620] {processor.py:641} INFO - Processing file /home/airflow/.local/lib/python3.7/site-packages/airflow/example_dags/example_branch_operator.py for tasks to queue
[2023-09-09 19:06:38,620] {logging_mixin.py:115} INFO - [2023-09-09 19:06:38,620] {dagbag.py:508} INFO - Filling up the DagBag from /home/airflow/.local/lib/python3.7/site-packages/airflow/example_dags/example_branch_operator.py
[2023-09-09 19:06:38,626] {processor.py:651} INFO - DAG(s) dict_keys(['example_branch_operator']) retrieved from /home/airflow/.local/lib/python3.7/site-packages/airflow/example_dags/example_branch_operator.py
[2023-09-09 19:06:38,640] {logging_mixin.py:115} INFO - [2023-09-09 19:06:38,640] {dag.py:2420} INFO - Sync 1 DAGs
[2023-09-09 19:06:38,651] {logging_mixin.py:115} INFO - [2023-09-09 19:06:38,651] {dag.py:2972} INFO - Setting next_dagrun for example_branch_operator to 2023-09-08T00:00:00+00:00, run_after=2023-09-09T00:00:00+00:00
[2023-09-09 19:06:38,656] {processor.py:161} INFO - Processing /home/airflow/.local/lib/python3.7/site-packages/airflow/example_dags/example_branch_operator.py took 0.039 seconds
[2023-09-09 19:07:08,925] {processor.py:153} INFO - Started process (PID=492) to work on /home/airflow/.local/lib/python3.7/site-packages/airflow/example_dags/example_branch_operator.py
[2023-09-09 19:07:08,926] {processor.py:641} INFO - Processing file /home/airflow/.local/lib/python3.7/site-packages/airflow/example_dags/example_branch_operator.py for tasks to queue
[2023-09-09 19:07:08,926] {logging_mixin.py:115} INFO - [2023-09-09 19:07:08,926] {dagbag.py:508} INFO - Filling up the DagBag from /home/airflow/.local/lib/python3.7/site-packages/airflow/example_dags/example_branch_operator.py
[2023-09-09 19:07:08,932] {processor.py:651} INFO - DAG(s) dict_keys(['example_branch_operator']) retrieved from /home/airflow/.local/lib/python3.7/site-packages/airflow/example_dags/example_branch_operator.py
[2023-09-09 19:07:08,946] {logging_mixin.py:115} INFO - [2023-09-09 19:07:08,946] {dag.py:2420} INFO - Sync 1 DAGs
[2023-09-09 19:07:08,957] {logging_mixin.py:115} INFO - [2023-09-09 19:07:08,957] {dag.py:2972} INFO - Setting next_dagrun for example_branch_operator to 2023-09-08T00:00:00+00:00, run_after=2023-09-09T00:00:00+00:00
[2023-09-09 19:07:08,962] {processor.py:161} INFO - Processing /home/airflow/.local/lib/python3.7/site-packages/airflow/example_dags/example_branch_operator.py took 0.039 seconds
[2023-09-09 19:07:39,291] {processor.py:153} INFO - Started process (PID=555) to work on /home/airflow/.local/lib/python3.7/site-packages/airflow/example_dags/example_branch_operator.py
[2023-09-09 19:07:39,292] {processor.py:641} INFO - Processing file /home/airflow/.local/lib/python3.7/site-packages/airflow/example_dags/example_branch_operator.py for tasks to queue
[2023-09-09 19:07:39,294] {logging_mixin.py:115} INFO - [2023-09-09 19:07:39,294] {dagbag.py:508} INFO - Filling up the DagBag from /home/airflow/.local/lib/python3.7/site-packages/airflow/example_dags/example_branch_operator.py
[2023-09-09 19:07:39,304] {processor.py:651} INFO - DAG(s) dict_keys(['example_branch_operator']) retrieved from /home/airflow/.local/lib/python3.7/site-packages/airflow/example_dags/example_branch_operator.py
[2023-09-09 19:07:39,336] {logging_mixin.py:115} INFO - [2023-09-09 19:07:39,336] {dag.py:2420} INFO - Sync 1 DAGs
[2023-09-09 19:07:39,352] {logging_mixin.py:115} INFO - [2023-09-09 19:07:39,352] {dag.py:2972} INFO - Setting next_dagrun for example_branch_operator to 2023-09-08T00:00:00+00:00, run_after=2023-09-09T00:00:00+00:00
[2023-09-09 19:07:39,360] {processor.py:161} INFO - Processing /home/airflow/.local/lib/python3.7/site-packages/airflow/example_dags/example_branch_operator.py took 0.071 seconds
[2023-09-09 19:08:09,946] {processor.py:153} INFO - Started process (PID=618) to work on /home/airflow/.local/lib/python3.7/site-packages/airflow/example_dags/example_branch_operator.py
[2023-09-09 19:08:09,947] {processor.py:641} INFO - Processing file /home/airflow/.local/lib/python3.7/site-packages/airflow/example_dags/example_branch_operator.py for tasks to queue
[2023-09-09 19:08:09,948] {logging_mixin.py:115} INFO - [2023-09-09 19:08:09,948] {dagbag.py:508} INFO - Filling up the DagBag from /home/airflow/.local/lib/python3.7/site-packages/airflow/example_dags/example_branch_operator.py
[2023-09-09 19:08:09,955] {processor.py:651} INFO - DAG(s) dict_keys(['example_branch_operator']) retrieved from /home/airflow/.local/lib/python3.7/site-packages/airflow/example_dags/example_branch_operator.py
[2023-09-09 19:08:09,972] {logging_mixin.py:115} INFO - [2023-09-09 19:08:09,972] {dag.py:2420} INFO - Sync 1 DAGs
[2023-09-09 19:08:09,983] {logging_mixin.py:115} INFO - [2023-09-09 19:08:09,983] {dag.py:2972} INFO - Setting next_dagrun for example_branch_operator to 2023-09-08T00:00:00+00:00, run_after=2023-09-09T00:00:00+00:00
[2023-09-09 19:08:09,988] {processor.py:161} INFO - Processing /home/airflow/.local/lib/python3.7/site-packages/airflow/example_dags/example_branch_operator.py took 0.044 seconds
[2023-09-09 19:08:40,426] {processor.py:153} INFO - Started process (PID=680) to work on /home/airflow/.local/lib/python3.7/site-packages/airflow/example_dags/example_branch_operator.py
[2023-09-09 19:08:40,427] {processor.py:641} INFO - Processing file /home/airflow/.local/lib/python3.7/site-packages/airflow/example_dags/example_branch_operator.py for tasks to queue
[2023-09-09 19:08:40,429] {logging_mixin.py:115} INFO - [2023-09-09 19:08:40,429] {dagbag.py:508} INFO - Filling up the DagBag from /home/airflow/.local/lib/python3.7/site-packages/airflow/example_dags/example_branch_operator.py
[2023-09-09 19:08:40,435] {processor.py:651} INFO - DAG(s) dict_keys(['example_branch_operator']) retrieved from /home/airflow/.local/lib/python3.7/site-packages/airflow/example_dags/example_branch_operator.py
[2023-09-09 19:08:40,450] {logging_mixin.py:115} INFO - [2023-09-09 19:08:40,450] {dag.py:2420} INFO - Sync 1 DAGs
[2023-09-09 19:08:40,461] {logging_mixin.py:115} INFO - [2023-09-09 19:08:40,461] {dag.py:2972} INFO - Setting next_dagrun for example_branch_operator to 2023-09-08T00:00:00+00:00, run_after=2023-09-09T00:00:00+00:00
[2023-09-09 19:08:40,467] {processor.py:161} INFO - Processing /home/airflow/.local/lib/python3.7/site-packages/airflow/example_dags/example_branch_operator.py took 0.043 seconds
[2023-09-09 19:09:10,756] {processor.py:153} INFO - Started process (PID=734) to work on /home/airflow/.local/lib/python3.7/site-packages/airflow/example_dags/example_branch_operator.py
[2023-09-09 19:09:10,757] {processor.py:641} INFO - Processing file /home/airflow/.local/lib/python3.7/site-packages/airflow/example_dags/example_branch_operator.py for tasks to queue
[2023-09-09 19:09:10,757] {logging_mixin.py:115} INFO - [2023-09-09 19:09:10,757] {dagbag.py:508} INFO - Filling up the DagBag from /home/airflow/.local/lib/python3.7/site-packages/airflow/example_dags/example_branch_operator.py
[2023-09-09 19:09:10,763] {processor.py:651} INFO - DAG(s) dict_keys(['example_branch_operator']) retrieved from /home/airflow/.local/lib/python3.7/site-packages/airflow/example_dags/example_branch_operator.py
[2023-09-09 19:09:10,778] {logging_mixin.py:115} INFO - [2023-09-09 19:09:10,778] {dag.py:2420} INFO - Sync 1 DAGs
[2023-09-09 19:09:10,788] {logging_mixin.py:115} INFO - [2023-09-09 19:09:10,788] {dag.py:2972} INFO - Setting next_dagrun for example_branch_operator to 2023-09-08T00:00:00+00:00, run_after=2023-09-09T00:00:00+00:00
[2023-09-09 19:09:10,794] {processor.py:161} INFO - Processing /home/airflow/.local/lib/python3.7/site-packages/airflow/example_dags/example_branch_operator.py took 0.039 seconds
