[2023-09-09 18:40:40,504] {processor.py:153} INFO - Started process (PID=48) to work on /home/airflow/.local/lib/python3.7/site-packages/airflow/example_dags/example_xcomargs.py
[2023-09-09 18:40:40,510] {processor.py:641} INFO - Processing file /home/airflow/.local/lib/python3.7/site-packages/airflow/example_dags/example_xcomargs.py for tasks to queue
[2023-09-09 18:40:40,511] {logging_mixin.py:115} INFO - [2023-09-09 18:40:40,511] {dagbag.py:508} INFO - Filling up the DagBag from /home/airflow/.local/lib/python3.7/site-packages/airflow/example_dags/example_xcomargs.py
[2023-09-09 18:40:40,536] {processor.py:651} INFO - DAG(s) dict_keys(['example_xcom_args', 'example_xcom_args_with_operators']) retrieved from /home/airflow/.local/lib/python3.7/site-packages/airflow/example_dags/example_xcomargs.py
[2023-09-09 18:40:40,601] {logging_mixin.py:115} INFO - [2023-09-09 18:40:40,601] {manager.py:508} INFO - Created Permission View: can edit on DAG:example_xcom_args
[2023-09-09 18:40:40,607] {logging_mixin.py:115} INFO - [2023-09-09 18:40:40,607] {manager.py:508} INFO - Created Permission View: can read on DAG:example_xcom_args
[2023-09-09 18:40:40,619] {logging_mixin.py:115} INFO - [2023-09-09 18:40:40,618] {manager.py:508} INFO - Created Permission View: can delete on DAG:example_xcom_args
[2023-09-09 18:40:40,639] {logging_mixin.py:115} INFO - [2023-09-09 18:40:40,639] {manager.py:508} INFO - Created Permission View: can edit on DAG:example_xcom_args_with_operators
[2023-09-09 18:40:40,650] {logging_mixin.py:115} INFO - [2023-09-09 18:40:40,650] {manager.py:508} INFO - Created Permission View: can read on DAG:example_xcom_args_with_operators
[2023-09-09 18:40:40,659] {logging_mixin.py:115} INFO - [2023-09-09 18:40:40,659] {manager.py:508} INFO - Created Permission View: can delete on DAG:example_xcom_args_with_operators
[2023-09-09 18:40:40,659] {logging_mixin.py:115} INFO - [2023-09-09 18:40:40,659] {dag.py:2420} INFO - Sync 2 DAGs
[2023-09-09 18:40:40,669] {logging_mixin.py:115} INFO - [2023-09-09 18:40:40,669] {dag.py:2439} INFO - Creating ORM DAG for example_xcom_args
[2023-09-09 18:40:40,669] {logging_mixin.py:115} INFO - [2023-09-09 18:40:40,669] {dag.py:2439} INFO - Creating ORM DAG for example_xcom_args_with_operators
[2023-09-09 18:40:40,679] {logging_mixin.py:115} INFO - [2023-09-09 18:40:40,679] {dag.py:2972} INFO - Setting next_dagrun for example_xcom_args to None, run_after=None
[2023-09-09 18:40:40,680] {logging_mixin.py:115} INFO - [2023-09-09 18:40:40,680] {dag.py:2972} INFO - Setting next_dagrun for example_xcom_args_with_operators to None, run_after=None
[2023-09-09 18:40:40,693] {processor.py:161} INFO - Processing /home/airflow/.local/lib/python3.7/site-packages/airflow/example_dags/example_xcomargs.py took 0.195 seconds
[2023-09-09 18:41:11,334] {processor.py:153} INFO - Started process (PID=111) to work on /home/airflow/.local/lib/python3.7/site-packages/airflow/example_dags/example_xcomargs.py
[2023-09-09 18:41:11,334] {processor.py:641} INFO - Processing file /home/airflow/.local/lib/python3.7/site-packages/airflow/example_dags/example_xcomargs.py for tasks to queue
[2023-09-09 18:41:11,335] {logging_mixin.py:115} INFO - [2023-09-09 18:41:11,335] {dagbag.py:508} INFO - Filling up the DagBag from /home/airflow/.local/lib/python3.7/site-packages/airflow/example_dags/example_xcomargs.py
[2023-09-09 18:41:11,343] {processor.py:651} INFO - DAG(s) dict_keys(['example_xcom_args', 'example_xcom_args_with_operators']) retrieved from /home/airflow/.local/lib/python3.7/site-packages/airflow/example_dags/example_xcomargs.py
[2023-09-09 18:41:11,378] {logging_mixin.py:115} INFO - [2023-09-09 18:41:11,378] {dag.py:2420} INFO - Sync 2 DAGs
[2023-09-09 18:41:11,387] {logging_mixin.py:115} INFO - [2023-09-09 18:41:11,387] {dag.py:2972} INFO - Setting next_dagrun for example_xcom_args to None, run_after=None
[2023-09-09 18:41:11,388] {logging_mixin.py:115} INFO - [2023-09-09 18:41:11,388] {dag.py:2972} INFO - Setting next_dagrun for example_xcom_args_with_operators to None, run_after=None
[2023-09-09 18:41:11,395] {processor.py:161} INFO - Processing /home/airflow/.local/lib/python3.7/site-packages/airflow/example_dags/example_xcomargs.py took 0.063 seconds
[2023-09-09 18:41:41,611] {processor.py:153} INFO - Started process (PID=174) to work on /home/airflow/.local/lib/python3.7/site-packages/airflow/example_dags/example_xcomargs.py
[2023-09-09 18:41:41,611] {processor.py:641} INFO - Processing file /home/airflow/.local/lib/python3.7/site-packages/airflow/example_dags/example_xcomargs.py for tasks to queue
[2023-09-09 18:41:41,612] {logging_mixin.py:115} INFO - [2023-09-09 18:41:41,612] {dagbag.py:508} INFO - Filling up the DagBag from /home/airflow/.local/lib/python3.7/site-packages/airflow/example_dags/example_xcomargs.py
[2023-09-09 18:41:41,620] {processor.py:651} INFO - DAG(s) dict_keys(['example_xcom_args', 'example_xcom_args_with_operators']) retrieved from /home/airflow/.local/lib/python3.7/site-packages/airflow/example_dags/example_xcomargs.py
[2023-09-09 18:41:41,653] {logging_mixin.py:115} INFO - [2023-09-09 18:41:41,653] {dag.py:2420} INFO - Sync 2 DAGs
[2023-09-09 18:41:41,663] {logging_mixin.py:115} INFO - [2023-09-09 18:41:41,663] {dag.py:2972} INFO - Setting next_dagrun for example_xcom_args to None, run_after=None
[2023-09-09 18:41:41,663] {logging_mixin.py:115} INFO - [2023-09-09 18:41:41,663] {dag.py:2972} INFO - Setting next_dagrun for example_xcom_args_with_operators to None, run_after=None
[2023-09-09 18:41:41,669] {processor.py:161} INFO - Processing /home/airflow/.local/lib/python3.7/site-packages/airflow/example_dags/example_xcomargs.py took 0.060 seconds
[2023-09-09 18:42:12,046] {processor.py:153} INFO - Started process (PID=238) to work on /home/airflow/.local/lib/python3.7/site-packages/airflow/example_dags/example_xcomargs.py
[2023-09-09 18:42:12,046] {processor.py:641} INFO - Processing file /home/airflow/.local/lib/python3.7/site-packages/airflow/example_dags/example_xcomargs.py for tasks to queue
[2023-09-09 18:42:12,047] {logging_mixin.py:115} INFO - [2023-09-09 18:42:12,047] {dagbag.py:508} INFO - Filling up the DagBag from /home/airflow/.local/lib/python3.7/site-packages/airflow/example_dags/example_xcomargs.py
[2023-09-09 18:42:12,055] {processor.py:651} INFO - DAG(s) dict_keys(['example_xcom_args', 'example_xcom_args_with_operators']) retrieved from /home/airflow/.local/lib/python3.7/site-packages/airflow/example_dags/example_xcomargs.py
[2023-09-09 18:42:12,088] {logging_mixin.py:115} INFO - [2023-09-09 18:42:12,088] {dag.py:2420} INFO - Sync 2 DAGs
[2023-09-09 18:42:12,097] {logging_mixin.py:115} INFO - [2023-09-09 18:42:12,097] {dag.py:2972} INFO - Setting next_dagrun for example_xcom_args to None, run_after=None
[2023-09-09 18:42:12,098] {logging_mixin.py:115} INFO - [2023-09-09 18:42:12,098] {dag.py:2972} INFO - Setting next_dagrun for example_xcom_args_with_operators to None, run_after=None
[2023-09-09 18:42:12,104] {processor.py:161} INFO - Processing /home/airflow/.local/lib/python3.7/site-packages/airflow/example_dags/example_xcomargs.py took 0.060 seconds
[2023-09-09 18:42:42,539] {processor.py:153} INFO - Started process (PID=301) to work on /home/airflow/.local/lib/python3.7/site-packages/airflow/example_dags/example_xcomargs.py
[2023-09-09 18:42:42,540] {processor.py:641} INFO - Processing file /home/airflow/.local/lib/python3.7/site-packages/airflow/example_dags/example_xcomargs.py for tasks to queue
[2023-09-09 18:42:42,545] {logging_mixin.py:115} INFO - [2023-09-09 18:42:42,545] {dagbag.py:508} INFO - Filling up the DagBag from /home/airflow/.local/lib/python3.7/site-packages/airflow/example_dags/example_xcomargs.py
[2023-09-09 18:42:42,558] {processor.py:651} INFO - DAG(s) dict_keys(['example_xcom_args', 'example_xcom_args_with_operators']) retrieved from /home/airflow/.local/lib/python3.7/site-packages/airflow/example_dags/example_xcomargs.py
[2023-09-09 18:42:42,608] {logging_mixin.py:115} INFO - [2023-09-09 18:42:42,608] {dag.py:2420} INFO - Sync 2 DAGs
[2023-09-09 18:42:42,623] {logging_mixin.py:115} INFO - [2023-09-09 18:42:42,623] {dag.py:2972} INFO - Setting next_dagrun for example_xcom_args to None, run_after=None
[2023-09-09 18:42:42,624] {logging_mixin.py:115} INFO - [2023-09-09 18:42:42,624] {dag.py:2972} INFO - Setting next_dagrun for example_xcom_args_with_operators to None, run_after=None
[2023-09-09 18:42:42,633] {processor.py:161} INFO - Processing /home/airflow/.local/lib/python3.7/site-packages/airflow/example_dags/example_xcomargs.py took 0.096 seconds
[2023-09-09 18:43:13,297] {processor.py:153} INFO - Started process (PID=356) to work on /home/airflow/.local/lib/python3.7/site-packages/airflow/example_dags/example_xcomargs.py
[2023-09-09 18:43:13,301] {processor.py:641} INFO - Processing file /home/airflow/.local/lib/python3.7/site-packages/airflow/example_dags/example_xcomargs.py for tasks to queue
[2023-09-09 18:43:13,303] {logging_mixin.py:115} INFO - [2023-09-09 18:43:13,302] {dagbag.py:508} INFO - Filling up the DagBag from /home/airflow/.local/lib/python3.7/site-packages/airflow/example_dags/example_xcomargs.py
[2023-09-09 18:43:13,313] {processor.py:651} INFO - DAG(s) dict_keys(['example_xcom_args', 'example_xcom_args_with_operators']) retrieved from /home/airflow/.local/lib/python3.7/site-packages/airflow/example_dags/example_xcomargs.py
[2023-09-09 18:43:13,350] {logging_mixin.py:115} INFO - [2023-09-09 18:43:13,350] {dag.py:2420} INFO - Sync 2 DAGs
[2023-09-09 18:43:13,359] {logging_mixin.py:115} INFO - [2023-09-09 18:43:13,359] {dag.py:2972} INFO - Setting next_dagrun for example_xcom_args to None, run_after=None
[2023-09-09 18:43:13,360] {logging_mixin.py:115} INFO - [2023-09-09 18:43:13,360] {dag.py:2972} INFO - Setting next_dagrun for example_xcom_args_with_operators to None, run_after=None
[2023-09-09 18:43:13,366] {processor.py:161} INFO - Processing /home/airflow/.local/lib/python3.7/site-packages/airflow/example_dags/example_xcomargs.py took 0.071 seconds
[2023-09-09 18:43:43,606] {processor.py:153} INFO - Started process (PID=418) to work on /home/airflow/.local/lib/python3.7/site-packages/airflow/example_dags/example_xcomargs.py
[2023-09-09 18:43:43,606] {processor.py:641} INFO - Processing file /home/airflow/.local/lib/python3.7/site-packages/airflow/example_dags/example_xcomargs.py for tasks to queue
[2023-09-09 18:43:43,607] {logging_mixin.py:115} INFO - [2023-09-09 18:43:43,607] {dagbag.py:508} INFO - Filling up the DagBag from /home/airflow/.local/lib/python3.7/site-packages/airflow/example_dags/example_xcomargs.py
[2023-09-09 18:43:43,615] {processor.py:651} INFO - DAG(s) dict_keys(['example_xcom_args', 'example_xcom_args_with_operators']) retrieved from /home/airflow/.local/lib/python3.7/site-packages/airflow/example_dags/example_xcomargs.py
[2023-09-09 18:43:43,648] {logging_mixin.py:115} INFO - [2023-09-09 18:43:43,648] {dag.py:2420} INFO - Sync 2 DAGs
[2023-09-09 18:43:43,657] {logging_mixin.py:115} INFO - [2023-09-09 18:43:43,657] {dag.py:2972} INFO - Setting next_dagrun for example_xcom_args to None, run_after=None
[2023-09-09 18:43:43,658] {logging_mixin.py:115} INFO - [2023-09-09 18:43:43,658] {dag.py:2972} INFO - Setting next_dagrun for example_xcom_args_with_operators to None, run_after=None
[2023-09-09 18:43:43,663] {processor.py:161} INFO - Processing /home/airflow/.local/lib/python3.7/site-packages/airflow/example_dags/example_xcomargs.py took 0.059 seconds
[2023-09-09 18:44:13,956] {processor.py:153} INFO - Started process (PID=480) to work on /home/airflow/.local/lib/python3.7/site-packages/airflow/example_dags/example_xcomargs.py
[2023-09-09 18:44:13,956] {processor.py:641} INFO - Processing file /home/airflow/.local/lib/python3.7/site-packages/airflow/example_dags/example_xcomargs.py for tasks to queue
[2023-09-09 18:44:13,957] {logging_mixin.py:115} INFO - [2023-09-09 18:44:13,957] {dagbag.py:508} INFO - Filling up the DagBag from /home/airflow/.local/lib/python3.7/site-packages/airflow/example_dags/example_xcomargs.py
[2023-09-09 18:44:13,965] {processor.py:651} INFO - DAG(s) dict_keys(['example_xcom_args', 'example_xcom_args_with_operators']) retrieved from /home/airflow/.local/lib/python3.7/site-packages/airflow/example_dags/example_xcomargs.py
[2023-09-09 18:44:13,999] {logging_mixin.py:115} INFO - [2023-09-09 18:44:13,999] {dag.py:2420} INFO - Sync 2 DAGs
[2023-09-09 18:44:14,008] {logging_mixin.py:115} INFO - [2023-09-09 18:44:14,008] {dag.py:2972} INFO - Setting next_dagrun for example_xcom_args to None, run_after=None
[2023-09-09 18:44:14,008] {logging_mixin.py:115} INFO - [2023-09-09 18:44:14,008] {dag.py:2972} INFO - Setting next_dagrun for example_xcom_args_with_operators to None, run_after=None
[2023-09-09 18:44:14,014] {processor.py:161} INFO - Processing /home/airflow/.local/lib/python3.7/site-packages/airflow/example_dags/example_xcomargs.py took 0.061 seconds
[2023-09-09 18:44:44,212] {processor.py:153} INFO - Started process (PID=543) to work on /home/airflow/.local/lib/python3.7/site-packages/airflow/example_dags/example_xcomargs.py
[2023-09-09 18:44:44,213] {processor.py:641} INFO - Processing file /home/airflow/.local/lib/python3.7/site-packages/airflow/example_dags/example_xcomargs.py for tasks to queue
[2023-09-09 18:44:44,213] {logging_mixin.py:115} INFO - [2023-09-09 18:44:44,213] {dagbag.py:508} INFO - Filling up the DagBag from /home/airflow/.local/lib/python3.7/site-packages/airflow/example_dags/example_xcomargs.py
[2023-09-09 18:44:44,222] {processor.py:651} INFO - DAG(s) dict_keys(['example_xcom_args', 'example_xcom_args_with_operators']) retrieved from /home/airflow/.local/lib/python3.7/site-packages/airflow/example_dags/example_xcomargs.py
[2023-09-09 18:44:44,256] {logging_mixin.py:115} INFO - [2023-09-09 18:44:44,256] {dag.py:2420} INFO - Sync 2 DAGs
[2023-09-09 18:44:44,265] {logging_mixin.py:115} INFO - [2023-09-09 18:44:44,265] {dag.py:2972} INFO - Setting next_dagrun for example_xcom_args to None, run_after=None
[2023-09-09 18:44:44,265] {logging_mixin.py:115} INFO - [2023-09-09 18:44:44,265] {dag.py:2972} INFO - Setting next_dagrun for example_xcom_args_with_operators to None, run_after=None
[2023-09-09 18:44:44,271] {processor.py:161} INFO - Processing /home/airflow/.local/lib/python3.7/site-packages/airflow/example_dags/example_xcomargs.py took 0.061 seconds
[2023-09-09 18:45:14,730] {processor.py:153} INFO - Started process (PID=606) to work on /home/airflow/.local/lib/python3.7/site-packages/airflow/example_dags/example_xcomargs.py
[2023-09-09 18:45:14,732] {processor.py:641} INFO - Processing file /home/airflow/.local/lib/python3.7/site-packages/airflow/example_dags/example_xcomargs.py for tasks to queue
[2023-09-09 18:45:14,733] {logging_mixin.py:115} INFO - [2023-09-09 18:45:14,733] {dagbag.py:508} INFO - Filling up the DagBag from /home/airflow/.local/lib/python3.7/site-packages/airflow/example_dags/example_xcomargs.py
[2023-09-09 18:45:14,743] {processor.py:651} INFO - DAG(s) dict_keys(['example_xcom_args', 'example_xcom_args_with_operators']) retrieved from /home/airflow/.local/lib/python3.7/site-packages/airflow/example_dags/example_xcomargs.py
[2023-09-09 18:45:14,787] {logging_mixin.py:115} INFO - [2023-09-09 18:45:14,787] {dag.py:2420} INFO - Sync 2 DAGs
[2023-09-09 18:45:14,797] {logging_mixin.py:115} INFO - [2023-09-09 18:45:14,797] {dag.py:2972} INFO - Setting next_dagrun for example_xcom_args to None, run_after=None
[2023-09-09 18:45:14,798] {logging_mixin.py:115} INFO - [2023-09-09 18:45:14,798] {dag.py:2972} INFO - Setting next_dagrun for example_xcom_args_with_operators to None, run_after=None
[2023-09-09 18:45:14,805] {processor.py:161} INFO - Processing /home/airflow/.local/lib/python3.7/site-packages/airflow/example_dags/example_xcomargs.py took 0.077 seconds
[2023-09-09 18:45:45,037] {processor.py:153} INFO - Started process (PID=659) to work on /home/airflow/.local/lib/python3.7/site-packages/airflow/example_dags/example_xcomargs.py
[2023-09-09 18:45:45,038] {processor.py:641} INFO - Processing file /home/airflow/.local/lib/python3.7/site-packages/airflow/example_dags/example_xcomargs.py for tasks to queue
[2023-09-09 18:45:45,038] {logging_mixin.py:115} INFO - [2023-09-09 18:45:45,038] {dagbag.py:508} INFO - Filling up the DagBag from /home/airflow/.local/lib/python3.7/site-packages/airflow/example_dags/example_xcomargs.py
[2023-09-09 18:45:45,047] {processor.py:651} INFO - DAG(s) dict_keys(['example_xcom_args', 'example_xcom_args_with_operators']) retrieved from /home/airflow/.local/lib/python3.7/site-packages/airflow/example_dags/example_xcomargs.py
[2023-09-09 18:45:45,081] {logging_mixin.py:115} INFO - [2023-09-09 18:45:45,081] {dag.py:2420} INFO - Sync 2 DAGs
[2023-09-09 18:45:45,090] {logging_mixin.py:115} INFO - [2023-09-09 18:45:45,090] {dag.py:2972} INFO - Setting next_dagrun for example_xcom_args to None, run_after=None
[2023-09-09 18:45:45,091] {logging_mixin.py:115} INFO - [2023-09-09 18:45:45,091] {dag.py:2972} INFO - Setting next_dagrun for example_xcom_args_with_operators to None, run_after=None
[2023-09-09 18:45:45,097] {processor.py:161} INFO - Processing /home/airflow/.local/lib/python3.7/site-packages/airflow/example_dags/example_xcomargs.py took 0.062 seconds
[2023-09-09 18:46:15,332] {processor.py:153} INFO - Started process (PID=720) to work on /home/airflow/.local/lib/python3.7/site-packages/airflow/example_dags/example_xcomargs.py
[2023-09-09 18:46:15,333] {processor.py:641} INFO - Processing file /home/airflow/.local/lib/python3.7/site-packages/airflow/example_dags/example_xcomargs.py for tasks to queue
[2023-09-09 18:46:15,333] {logging_mixin.py:115} INFO - [2023-09-09 18:46:15,333] {dagbag.py:508} INFO - Filling up the DagBag from /home/airflow/.local/lib/python3.7/site-packages/airflow/example_dags/example_xcomargs.py
[2023-09-09 18:46:15,343] {processor.py:651} INFO - DAG(s) dict_keys(['example_xcom_args', 'example_xcom_args_with_operators']) retrieved from /home/airflow/.local/lib/python3.7/site-packages/airflow/example_dags/example_xcomargs.py
[2023-09-09 18:46:15,378] {logging_mixin.py:115} INFO - [2023-09-09 18:46:15,378] {dag.py:2420} INFO - Sync 2 DAGs
[2023-09-09 18:46:15,387] {logging_mixin.py:115} INFO - [2023-09-09 18:46:15,387] {dag.py:2972} INFO - Setting next_dagrun for example_xcom_args to None, run_after=None
[2023-09-09 18:46:15,387] {logging_mixin.py:115} INFO - [2023-09-09 18:46:15,387] {dag.py:2972} INFO - Setting next_dagrun for example_xcom_args_with_operators to None, run_after=None
[2023-09-09 18:46:15,393] {processor.py:161} INFO - Processing /home/airflow/.local/lib/python3.7/site-packages/airflow/example_dags/example_xcomargs.py took 0.063 seconds
[2023-09-09 18:46:45,603] {processor.py:153} INFO - Started process (PID=783) to work on /home/airflow/.local/lib/python3.7/site-packages/airflow/example_dags/example_xcomargs.py
[2023-09-09 18:46:45,604] {processor.py:641} INFO - Processing file /home/airflow/.local/lib/python3.7/site-packages/airflow/example_dags/example_xcomargs.py for tasks to queue
[2023-09-09 18:46:45,604] {logging_mixin.py:115} INFO - [2023-09-09 18:46:45,604] {dagbag.py:508} INFO - Filling up the DagBag from /home/airflow/.local/lib/python3.7/site-packages/airflow/example_dags/example_xcomargs.py
[2023-09-09 18:46:45,613] {processor.py:651} INFO - DAG(s) dict_keys(['example_xcom_args', 'example_xcom_args_with_operators']) retrieved from /home/airflow/.local/lib/python3.7/site-packages/airflow/example_dags/example_xcomargs.py
[2023-09-09 18:46:45,629] {logging_mixin.py:115} INFO - [2023-09-09 18:46:45,629] {dag.py:2420} INFO - Sync 2 DAGs
[2023-09-09 18:46:45,639] {logging_mixin.py:115} INFO - [2023-09-09 18:46:45,639] {dag.py:2972} INFO - Setting next_dagrun for example_xcom_args to None, run_after=None
[2023-09-09 18:46:45,640] {logging_mixin.py:115} INFO - [2023-09-09 18:46:45,640] {dag.py:2972} INFO - Setting next_dagrun for example_xcom_args_with_operators to None, run_after=None
[2023-09-09 18:46:45,645] {processor.py:161} INFO - Processing /home/airflow/.local/lib/python3.7/site-packages/airflow/example_dags/example_xcomargs.py took 0.043 seconds
[2023-09-09 18:47:15,875] {processor.py:153} INFO - Started process (PID=846) to work on /home/airflow/.local/lib/python3.7/site-packages/airflow/example_dags/example_xcomargs.py
[2023-09-09 18:47:15,876] {processor.py:641} INFO - Processing file /home/airflow/.local/lib/python3.7/site-packages/airflow/example_dags/example_xcomargs.py for tasks to queue
[2023-09-09 18:47:15,877] {logging_mixin.py:115} INFO - [2023-09-09 18:47:15,877] {dagbag.py:508} INFO - Filling up the DagBag from /home/airflow/.local/lib/python3.7/site-packages/airflow/example_dags/example_xcomargs.py
[2023-09-09 18:47:15,886] {processor.py:651} INFO - DAG(s) dict_keys(['example_xcom_args', 'example_xcom_args_with_operators']) retrieved from /home/airflow/.local/lib/python3.7/site-packages/airflow/example_dags/example_xcomargs.py
[2023-09-09 18:47:15,902] {logging_mixin.py:115} INFO - [2023-09-09 18:47:15,902] {dag.py:2420} INFO - Sync 2 DAGs
[2023-09-09 18:47:15,912] {logging_mixin.py:115} INFO - [2023-09-09 18:47:15,912] {dag.py:2972} INFO - Setting next_dagrun for example_xcom_args to None, run_after=None
[2023-09-09 18:47:15,912] {logging_mixin.py:115} INFO - [2023-09-09 18:47:15,912] {dag.py:2972} INFO - Setting next_dagrun for example_xcom_args_with_operators to None, run_after=None
[2023-09-09 18:47:15,918] {processor.py:161} INFO - Processing /home/airflow/.local/lib/python3.7/site-packages/airflow/example_dags/example_xcomargs.py took 0.045 seconds
[2023-09-09 18:47:46,101] {processor.py:153} INFO - Started process (PID=909) to work on /home/airflow/.local/lib/python3.7/site-packages/airflow/example_dags/example_xcomargs.py
[2023-09-09 18:47:46,102] {processor.py:641} INFO - Processing file /home/airflow/.local/lib/python3.7/site-packages/airflow/example_dags/example_xcomargs.py for tasks to queue
[2023-09-09 18:47:46,102] {logging_mixin.py:115} INFO - [2023-09-09 18:47:46,102] {dagbag.py:508} INFO - Filling up the DagBag from /home/airflow/.local/lib/python3.7/site-packages/airflow/example_dags/example_xcomargs.py
[2023-09-09 18:47:46,111] {processor.py:651} INFO - DAG(s) dict_keys(['example_xcom_args', 'example_xcom_args_with_operators']) retrieved from /home/airflow/.local/lib/python3.7/site-packages/airflow/example_dags/example_xcomargs.py
[2023-09-09 18:47:46,127] {logging_mixin.py:115} INFO - [2023-09-09 18:47:46,126] {dag.py:2420} INFO - Sync 2 DAGs
[2023-09-09 18:47:46,137] {logging_mixin.py:115} INFO - [2023-09-09 18:47:46,137] {dag.py:2972} INFO - Setting next_dagrun for example_xcom_args to None, run_after=None
[2023-09-09 18:47:46,137] {logging_mixin.py:115} INFO - [2023-09-09 18:47:46,137] {dag.py:2972} INFO - Setting next_dagrun for example_xcom_args_with_operators to None, run_after=None
[2023-09-09 18:47:46,142] {processor.py:161} INFO - Processing /home/airflow/.local/lib/python3.7/site-packages/airflow/example_dags/example_xcomargs.py took 0.043 seconds
[2023-09-09 18:48:16,312] {processor.py:153} INFO - Started process (PID=971) to work on /home/airflow/.local/lib/python3.7/site-packages/airflow/example_dags/example_xcomargs.py
[2023-09-09 18:48:16,313] {processor.py:641} INFO - Processing file /home/airflow/.local/lib/python3.7/site-packages/airflow/example_dags/example_xcomargs.py for tasks to queue
[2023-09-09 18:48:16,313] {logging_mixin.py:115} INFO - [2023-09-09 18:48:16,313] {dagbag.py:508} INFO - Filling up the DagBag from /home/airflow/.local/lib/python3.7/site-packages/airflow/example_dags/example_xcomargs.py
[2023-09-09 18:48:16,322] {processor.py:651} INFO - DAG(s) dict_keys(['example_xcom_args', 'example_xcom_args_with_operators']) retrieved from /home/airflow/.local/lib/python3.7/site-packages/airflow/example_dags/example_xcomargs.py
[2023-09-09 18:48:16,337] {logging_mixin.py:115} INFO - [2023-09-09 18:48:16,337] {dag.py:2420} INFO - Sync 2 DAGs
[2023-09-09 18:48:16,346] {logging_mixin.py:115} INFO - [2023-09-09 18:48:16,346] {dag.py:2972} INFO - Setting next_dagrun for example_xcom_args to None, run_after=None
[2023-09-09 18:48:16,347] {logging_mixin.py:115} INFO - [2023-09-09 18:48:16,347] {dag.py:2972} INFO - Setting next_dagrun for example_xcom_args_with_operators to None, run_after=None
[2023-09-09 18:48:16,351] {processor.py:161} INFO - Processing /home/airflow/.local/lib/python3.7/site-packages/airflow/example_dags/example_xcomargs.py took 0.041 seconds
[2023-09-09 18:48:46,551] {processor.py:153} INFO - Started process (PID=1025) to work on /home/airflow/.local/lib/python3.7/site-packages/airflow/example_dags/example_xcomargs.py
[2023-09-09 18:48:46,552] {processor.py:641} INFO - Processing file /home/airflow/.local/lib/python3.7/site-packages/airflow/example_dags/example_xcomargs.py for tasks to queue
[2023-09-09 18:48:46,553] {logging_mixin.py:115} INFO - [2023-09-09 18:48:46,553] {dagbag.py:508} INFO - Filling up the DagBag from /home/airflow/.local/lib/python3.7/site-packages/airflow/example_dags/example_xcomargs.py
[2023-09-09 18:48:46,561] {processor.py:651} INFO - DAG(s) dict_keys(['example_xcom_args', 'example_xcom_args_with_operators']) retrieved from /home/airflow/.local/lib/python3.7/site-packages/airflow/example_dags/example_xcomargs.py
[2023-09-09 18:48:46,596] {logging_mixin.py:115} INFO - [2023-09-09 18:48:46,596] {dag.py:2420} INFO - Sync 2 DAGs
[2023-09-09 18:48:46,605] {logging_mixin.py:115} INFO - [2023-09-09 18:48:46,605] {dag.py:2972} INFO - Setting next_dagrun for example_xcom_args to None, run_after=None
[2023-09-09 18:48:46,606] {logging_mixin.py:115} INFO - [2023-09-09 18:48:46,606] {dag.py:2972} INFO - Setting next_dagrun for example_xcom_args_with_operators to None, run_after=None
[2023-09-09 18:48:46,611] {processor.py:161} INFO - Processing /home/airflow/.local/lib/python3.7/site-packages/airflow/example_dags/example_xcomargs.py took 0.062 seconds
[2023-09-09 18:57:33,985] {processor.py:153} INFO - Started process (PID=48) to work on /home/airflow/.local/lib/python3.7/site-packages/airflow/example_dags/example_xcomargs.py
[2023-09-09 18:57:33,988] {processor.py:641} INFO - Processing file /home/airflow/.local/lib/python3.7/site-packages/airflow/example_dags/example_xcomargs.py for tasks to queue
[2023-09-09 18:57:33,989] {logging_mixin.py:115} INFO - [2023-09-09 18:57:33,989] {dagbag.py:508} INFO - Filling up the DagBag from /home/airflow/.local/lib/python3.7/site-packages/airflow/example_dags/example_xcomargs.py
[2023-09-09 18:57:34,016] {processor.py:651} INFO - DAG(s) dict_keys(['example_xcom_args', 'example_xcom_args_with_operators']) retrieved from /home/airflow/.local/lib/python3.7/site-packages/airflow/example_dags/example_xcomargs.py
[2023-09-09 18:57:34,069] {logging_mixin.py:115} INFO - [2023-09-09 18:57:34,069] {dag.py:2420} INFO - Sync 2 DAGs
[2023-09-09 18:57:34,079] {logging_mixin.py:115} INFO - [2023-09-09 18:57:34,079] {dag.py:2972} INFO - Setting next_dagrun for example_xcom_args to None, run_after=None
[2023-09-09 18:57:34,080] {logging_mixin.py:115} INFO - [2023-09-09 18:57:34,080] {dag.py:2972} INFO - Setting next_dagrun for example_xcom_args_with_operators to None, run_after=None
[2023-09-09 18:57:34,088] {processor.py:161} INFO - Processing /home/airflow/.local/lib/python3.7/site-packages/airflow/example_dags/example_xcomargs.py took 0.106 seconds
[2023-09-09 18:58:04,344] {processor.py:153} INFO - Started process (PID=111) to work on /home/airflow/.local/lib/python3.7/site-packages/airflow/example_dags/example_xcomargs.py
[2023-09-09 18:58:04,345] {processor.py:641} INFO - Processing file /home/airflow/.local/lib/python3.7/site-packages/airflow/example_dags/example_xcomargs.py for tasks to queue
[2023-09-09 18:58:04,346] {logging_mixin.py:115} INFO - [2023-09-09 18:58:04,346] {dagbag.py:508} INFO - Filling up the DagBag from /home/airflow/.local/lib/python3.7/site-packages/airflow/example_dags/example_xcomargs.py
[2023-09-09 18:58:04,354] {processor.py:651} INFO - DAG(s) dict_keys(['example_xcom_args', 'example_xcom_args_with_operators']) retrieved from /home/airflow/.local/lib/python3.7/site-packages/airflow/example_dags/example_xcomargs.py
[2023-09-09 18:58:04,387] {logging_mixin.py:115} INFO - [2023-09-09 18:58:04,387] {dag.py:2420} INFO - Sync 2 DAGs
[2023-09-09 18:58:04,397] {logging_mixin.py:115} INFO - [2023-09-09 18:58:04,397] {dag.py:2972} INFO - Setting next_dagrun for example_xcom_args to None, run_after=None
[2023-09-09 18:58:04,397] {logging_mixin.py:115} INFO - [2023-09-09 18:58:04,397] {dag.py:2972} INFO - Setting next_dagrun for example_xcom_args_with_operators to None, run_after=None
[2023-09-09 18:58:04,403] {processor.py:161} INFO - Processing /home/airflow/.local/lib/python3.7/site-packages/airflow/example_dags/example_xcomargs.py took 0.060 seconds
[2023-09-09 18:58:34,701] {processor.py:153} INFO - Started process (PID=174) to work on /home/airflow/.local/lib/python3.7/site-packages/airflow/example_dags/example_xcomargs.py
[2023-09-09 18:58:34,702] {processor.py:641} INFO - Processing file /home/airflow/.local/lib/python3.7/site-packages/airflow/example_dags/example_xcomargs.py for tasks to queue
[2023-09-09 18:58:34,702] {logging_mixin.py:115} INFO - [2023-09-09 18:58:34,702] {dagbag.py:508} INFO - Filling up the DagBag from /home/airflow/.local/lib/python3.7/site-packages/airflow/example_dags/example_xcomargs.py
[2023-09-09 18:58:34,711] {processor.py:651} INFO - DAG(s) dict_keys(['example_xcom_args', 'example_xcom_args_with_operators']) retrieved from /home/airflow/.local/lib/python3.7/site-packages/airflow/example_dags/example_xcomargs.py
[2023-09-09 18:58:34,744] {logging_mixin.py:115} INFO - [2023-09-09 18:58:34,744] {dag.py:2420} INFO - Sync 2 DAGs
[2023-09-09 18:58:34,753] {logging_mixin.py:115} INFO - [2023-09-09 18:58:34,753] {dag.py:2972} INFO - Setting next_dagrun for example_xcom_args to None, run_after=None
[2023-09-09 18:58:34,753] {logging_mixin.py:115} INFO - [2023-09-09 18:58:34,753] {dag.py:2972} INFO - Setting next_dagrun for example_xcom_args_with_operators to None, run_after=None
[2023-09-09 18:58:34,758] {processor.py:161} INFO - Processing /home/airflow/.local/lib/python3.7/site-packages/airflow/example_dags/example_xcomargs.py took 0.059 seconds
[2023-09-09 18:59:04,961] {processor.py:153} INFO - Started process (PID=236) to work on /home/airflow/.local/lib/python3.7/site-packages/airflow/example_dags/example_xcomargs.py
[2023-09-09 18:59:04,962] {processor.py:641} INFO - Processing file /home/airflow/.local/lib/python3.7/site-packages/airflow/example_dags/example_xcomargs.py for tasks to queue
[2023-09-09 18:59:04,962] {logging_mixin.py:115} INFO - [2023-09-09 18:59:04,962] {dagbag.py:508} INFO - Filling up the DagBag from /home/airflow/.local/lib/python3.7/site-packages/airflow/example_dags/example_xcomargs.py
[2023-09-09 18:59:04,970] {processor.py:651} INFO - DAG(s) dict_keys(['example_xcom_args', 'example_xcom_args_with_operators']) retrieved from /home/airflow/.local/lib/python3.7/site-packages/airflow/example_dags/example_xcomargs.py
[2023-09-09 18:59:05,004] {logging_mixin.py:115} INFO - [2023-09-09 18:59:05,004] {dag.py:2420} INFO - Sync 2 DAGs
[2023-09-09 18:59:05,013] {logging_mixin.py:115} INFO - [2023-09-09 18:59:05,013] {dag.py:2972} INFO - Setting next_dagrun for example_xcom_args to None, run_after=None
[2023-09-09 18:59:05,014] {logging_mixin.py:115} INFO - [2023-09-09 18:59:05,014] {dag.py:2972} INFO - Setting next_dagrun for example_xcom_args_with_operators to None, run_after=None
[2023-09-09 18:59:05,019] {processor.py:161} INFO - Processing /home/airflow/.local/lib/python3.7/site-packages/airflow/example_dags/example_xcomargs.py took 0.060 seconds
[2023-09-09 18:59:35,357] {processor.py:153} INFO - Started process (PID=290) to work on /home/airflow/.local/lib/python3.7/site-packages/airflow/example_dags/example_xcomargs.py
[2023-09-09 18:59:35,358] {processor.py:641} INFO - Processing file /home/airflow/.local/lib/python3.7/site-packages/airflow/example_dags/example_xcomargs.py for tasks to queue
[2023-09-09 18:59:35,358] {logging_mixin.py:115} INFO - [2023-09-09 18:59:35,358] {dagbag.py:508} INFO - Filling up the DagBag from /home/airflow/.local/lib/python3.7/site-packages/airflow/example_dags/example_xcomargs.py
[2023-09-09 18:59:35,366] {processor.py:651} INFO - DAG(s) dict_keys(['example_xcom_args', 'example_xcom_args_with_operators']) retrieved from /home/airflow/.local/lib/python3.7/site-packages/airflow/example_dags/example_xcomargs.py
[2023-09-09 18:59:35,402] {logging_mixin.py:115} INFO - [2023-09-09 18:59:35,402] {dag.py:2420} INFO - Sync 2 DAGs
[2023-09-09 18:59:35,411] {logging_mixin.py:115} INFO - [2023-09-09 18:59:35,411] {dag.py:2972} INFO - Setting next_dagrun for example_xcom_args to None, run_after=None
[2023-09-09 18:59:35,412] {logging_mixin.py:115} INFO - [2023-09-09 18:59:35,412] {dag.py:2972} INFO - Setting next_dagrun for example_xcom_args_with_operators to None, run_after=None
[2023-09-09 18:59:35,417] {processor.py:161} INFO - Processing /home/airflow/.local/lib/python3.7/site-packages/airflow/example_dags/example_xcomargs.py took 0.062 seconds
[2023-09-09 19:00:05,618] {processor.py:153} INFO - Started process (PID=352) to work on /home/airflow/.local/lib/python3.7/site-packages/airflow/example_dags/example_xcomargs.py
[2023-09-09 19:00:05,619] {processor.py:641} INFO - Processing file /home/airflow/.local/lib/python3.7/site-packages/airflow/example_dags/example_xcomargs.py for tasks to queue
[2023-09-09 19:00:05,620] {logging_mixin.py:115} INFO - [2023-09-09 19:00:05,619] {dagbag.py:508} INFO - Filling up the DagBag from /home/airflow/.local/lib/python3.7/site-packages/airflow/example_dags/example_xcomargs.py
[2023-09-09 19:00:05,628] {processor.py:651} INFO - DAG(s) dict_keys(['example_xcom_args', 'example_xcom_args_with_operators']) retrieved from /home/airflow/.local/lib/python3.7/site-packages/airflow/example_dags/example_xcomargs.py
[2023-09-09 19:00:05,660] {logging_mixin.py:115} INFO - [2023-09-09 19:00:05,660] {dag.py:2420} INFO - Sync 2 DAGs
[2023-09-09 19:00:05,669] {logging_mixin.py:115} INFO - [2023-09-09 19:00:05,669] {dag.py:2972} INFO - Setting next_dagrun for example_xcom_args to None, run_after=None
[2023-09-09 19:00:05,670] {logging_mixin.py:115} INFO - [2023-09-09 19:00:05,670] {dag.py:2972} INFO - Setting next_dagrun for example_xcom_args_with_operators to None, run_after=None
[2023-09-09 19:00:05,675] {processor.py:161} INFO - Processing /home/airflow/.local/lib/python3.7/site-packages/airflow/example_dags/example_xcomargs.py took 0.058 seconds
[2023-09-09 19:00:36,005] {processor.py:153} INFO - Started process (PID=416) to work on /home/airflow/.local/lib/python3.7/site-packages/airflow/example_dags/example_xcomargs.py
[2023-09-09 19:00:36,005] {processor.py:641} INFO - Processing file /home/airflow/.local/lib/python3.7/site-packages/airflow/example_dags/example_xcomargs.py for tasks to queue
[2023-09-09 19:00:36,006] {logging_mixin.py:115} INFO - [2023-09-09 19:00:36,006] {dagbag.py:508} INFO - Filling up the DagBag from /home/airflow/.local/lib/python3.7/site-packages/airflow/example_dags/example_xcomargs.py
[2023-09-09 19:00:36,015] {processor.py:651} INFO - DAG(s) dict_keys(['example_xcom_args', 'example_xcom_args_with_operators']) retrieved from /home/airflow/.local/lib/python3.7/site-packages/airflow/example_dags/example_xcomargs.py
[2023-09-09 19:00:36,049] {logging_mixin.py:115} INFO - [2023-09-09 19:00:36,049] {dag.py:2420} INFO - Sync 2 DAGs
[2023-09-09 19:00:36,059] {logging_mixin.py:115} INFO - [2023-09-09 19:00:36,059] {dag.py:2972} INFO - Setting next_dagrun for example_xcom_args to None, run_after=None
[2023-09-09 19:00:36,059] {logging_mixin.py:115} INFO - [2023-09-09 19:00:36,059] {dag.py:2972} INFO - Setting next_dagrun for example_xcom_args_with_operators to None, run_after=None
[2023-09-09 19:00:36,065] {processor.py:161} INFO - Processing /home/airflow/.local/lib/python3.7/site-packages/airflow/example_dags/example_xcomargs.py took 0.062 seconds
[2023-09-09 19:01:06,173] {processor.py:153} INFO - Started process (PID=480) to work on /home/airflow/.local/lib/python3.7/site-packages/airflow/example_dags/example_xcomargs.py
[2023-09-09 19:01:06,174] {processor.py:641} INFO - Processing file /home/airflow/.local/lib/python3.7/site-packages/airflow/example_dags/example_xcomargs.py for tasks to queue
[2023-09-09 19:01:06,174] {logging_mixin.py:115} INFO - [2023-09-09 19:01:06,174] {dagbag.py:508} INFO - Filling up the DagBag from /home/airflow/.local/lib/python3.7/site-packages/airflow/example_dags/example_xcomargs.py
[2023-09-09 19:01:06,182] {processor.py:651} INFO - DAG(s) dict_keys(['example_xcom_args', 'example_xcom_args_with_operators']) retrieved from /home/airflow/.local/lib/python3.7/site-packages/airflow/example_dags/example_xcomargs.py
[2023-09-09 19:01:06,216] {logging_mixin.py:115} INFO - [2023-09-09 19:01:06,216] {dag.py:2420} INFO - Sync 2 DAGs
[2023-09-09 19:01:06,225] {logging_mixin.py:115} INFO - [2023-09-09 19:01:06,225] {dag.py:2972} INFO - Setting next_dagrun for example_xcom_args to None, run_after=None
[2023-09-09 19:01:06,225] {logging_mixin.py:115} INFO - [2023-09-09 19:01:06,225] {dag.py:2972} INFO - Setting next_dagrun for example_xcom_args_with_operators to None, run_after=None
[2023-09-09 19:01:06,231] {processor.py:161} INFO - Processing /home/airflow/.local/lib/python3.7/site-packages/airflow/example_dags/example_xcomargs.py took 0.060 seconds
[2023-09-09 19:01:36,487] {processor.py:153} INFO - Started process (PID=543) to work on /home/airflow/.local/lib/python3.7/site-packages/airflow/example_dags/example_xcomargs.py
[2023-09-09 19:01:36,488] {processor.py:641} INFO - Processing file /home/airflow/.local/lib/python3.7/site-packages/airflow/example_dags/example_xcomargs.py for tasks to queue
[2023-09-09 19:01:36,488] {logging_mixin.py:115} INFO - [2023-09-09 19:01:36,488] {dagbag.py:508} INFO - Filling up the DagBag from /home/airflow/.local/lib/python3.7/site-packages/airflow/example_dags/example_xcomargs.py
[2023-09-09 19:01:36,497] {processor.py:651} INFO - DAG(s) dict_keys(['example_xcom_args', 'example_xcom_args_with_operators']) retrieved from /home/airflow/.local/lib/python3.7/site-packages/airflow/example_dags/example_xcomargs.py
[2023-09-09 19:01:36,532] {logging_mixin.py:115} INFO - [2023-09-09 19:01:36,532] {dag.py:2420} INFO - Sync 2 DAGs
[2023-09-09 19:01:36,541] {logging_mixin.py:115} INFO - [2023-09-09 19:01:36,541] {dag.py:2972} INFO - Setting next_dagrun for example_xcom_args to None, run_after=None
[2023-09-09 19:01:36,542] {logging_mixin.py:115} INFO - [2023-09-09 19:01:36,542] {dag.py:2972} INFO - Setting next_dagrun for example_xcom_args_with_operators to None, run_after=None
[2023-09-09 19:01:36,548] {processor.py:161} INFO - Processing /home/airflow/.local/lib/python3.7/site-packages/airflow/example_dags/example_xcomargs.py took 0.063 seconds
[2023-09-09 19:02:06,820] {processor.py:153} INFO - Started process (PID=606) to work on /home/airflow/.local/lib/python3.7/site-packages/airflow/example_dags/example_xcomargs.py
[2023-09-09 19:02:06,821] {processor.py:641} INFO - Processing file /home/airflow/.local/lib/python3.7/site-packages/airflow/example_dags/example_xcomargs.py for tasks to queue
[2023-09-09 19:02:06,821] {logging_mixin.py:115} INFO - [2023-09-09 19:02:06,821] {dagbag.py:508} INFO - Filling up the DagBag from /home/airflow/.local/lib/python3.7/site-packages/airflow/example_dags/example_xcomargs.py
[2023-09-09 19:02:06,830] {processor.py:651} INFO - DAG(s) dict_keys(['example_xcom_args', 'example_xcom_args_with_operators']) retrieved from /home/airflow/.local/lib/python3.7/site-packages/airflow/example_dags/example_xcomargs.py
[2023-09-09 19:02:06,885] {logging_mixin.py:115} INFO - [2023-09-09 19:02:06,885] {dag.py:2420} INFO - Sync 2 DAGs
[2023-09-09 19:02:06,904] {logging_mixin.py:115} INFO - [2023-09-09 19:02:06,904] {dag.py:2972} INFO - Setting next_dagrun for example_xcom_args to None, run_after=None
[2023-09-09 19:02:06,904] {logging_mixin.py:115} INFO - [2023-09-09 19:02:06,904] {dag.py:2972} INFO - Setting next_dagrun for example_xcom_args_with_operators to None, run_after=None
[2023-09-09 19:02:06,915] {processor.py:161} INFO - Processing /home/airflow/.local/lib/python3.7/site-packages/airflow/example_dags/example_xcomargs.py took 0.098 seconds
[2023-09-09 19:02:37,717] {processor.py:153} INFO - Started process (PID=664) to work on /home/airflow/.local/lib/python3.7/site-packages/airflow/example_dags/example_xcomargs.py
[2023-09-09 19:02:37,717] {processor.py:641} INFO - Processing file /home/airflow/.local/lib/python3.7/site-packages/airflow/example_dags/example_xcomargs.py for tasks to queue
[2023-09-09 19:02:37,718] {logging_mixin.py:115} INFO - [2023-09-09 19:02:37,718] {dagbag.py:508} INFO - Filling up the DagBag from /home/airflow/.local/lib/python3.7/site-packages/airflow/example_dags/example_xcomargs.py
[2023-09-09 19:02:37,727] {processor.py:651} INFO - DAG(s) dict_keys(['example_xcom_args', 'example_xcom_args_with_operators']) retrieved from /home/airflow/.local/lib/python3.7/site-packages/airflow/example_dags/example_xcomargs.py
[2023-09-09 19:02:37,763] {logging_mixin.py:115} INFO - [2023-09-09 19:02:37,763] {dag.py:2420} INFO - Sync 2 DAGs
[2023-09-09 19:02:37,774] {logging_mixin.py:115} INFO - [2023-09-09 19:02:37,774] {dag.py:2972} INFO - Setting next_dagrun for example_xcom_args to None, run_after=None
[2023-09-09 19:02:37,774] {logging_mixin.py:115} INFO - [2023-09-09 19:02:37,774] {dag.py:2972} INFO - Setting next_dagrun for example_xcom_args_with_operators to None, run_after=None
[2023-09-09 19:02:37,780] {processor.py:161} INFO - Processing /home/airflow/.local/lib/python3.7/site-packages/airflow/example_dags/example_xcomargs.py took 0.065 seconds
[2023-09-09 19:03:35,406] {processor.py:153} INFO - Started process (PID=48) to work on /home/airflow/.local/lib/python3.7/site-packages/airflow/example_dags/example_xcomargs.py
[2023-09-09 19:03:35,407] {processor.py:641} INFO - Processing file /home/airflow/.local/lib/python3.7/site-packages/airflow/example_dags/example_xcomargs.py for tasks to queue
[2023-09-09 19:03:35,408] {logging_mixin.py:115} INFO - [2023-09-09 19:03:35,408] {dagbag.py:508} INFO - Filling up the DagBag from /home/airflow/.local/lib/python3.7/site-packages/airflow/example_dags/example_xcomargs.py
[2023-09-09 19:03:35,421] {processor.py:651} INFO - DAG(s) dict_keys(['example_xcom_args', 'example_xcom_args_with_operators']) retrieved from /home/airflow/.local/lib/python3.7/site-packages/airflow/example_dags/example_xcomargs.py
[2023-09-09 19:03:35,491] {logging_mixin.py:115} INFO - [2023-09-09 19:03:35,491] {dag.py:2420} INFO - Sync 2 DAGs
[2023-09-09 19:03:35,509] {logging_mixin.py:115} INFO - [2023-09-09 19:03:35,509] {dag.py:2972} INFO - Setting next_dagrun for example_xcom_args to None, run_after=None
[2023-09-09 19:03:35,510] {logging_mixin.py:115} INFO - [2023-09-09 19:03:35,510] {dag.py:2972} INFO - Setting next_dagrun for example_xcom_args_with_operators to None, run_after=None
[2023-09-09 19:03:35,518] {processor.py:161} INFO - Processing /home/airflow/.local/lib/python3.7/site-packages/airflow/example_dags/example_xcomargs.py took 0.114 seconds
[2023-09-09 19:04:05,549] {processor.py:153} INFO - Started process (PID=111) to work on /home/airflow/.local/lib/python3.7/site-packages/airflow/example_dags/example_xcomargs.py
[2023-09-09 19:04:05,550] {processor.py:641} INFO - Processing file /home/airflow/.local/lib/python3.7/site-packages/airflow/example_dags/example_xcomargs.py for tasks to queue
[2023-09-09 19:04:05,550] {logging_mixin.py:115} INFO - [2023-09-09 19:04:05,550] {dagbag.py:508} INFO - Filling up the DagBag from /home/airflow/.local/lib/python3.7/site-packages/airflow/example_dags/example_xcomargs.py
[2023-09-09 19:04:05,558] {processor.py:651} INFO - DAG(s) dict_keys(['example_xcom_args', 'example_xcom_args_with_operators']) retrieved from /home/airflow/.local/lib/python3.7/site-packages/airflow/example_dags/example_xcomargs.py
[2023-09-09 19:04:05,591] {logging_mixin.py:115} INFO - [2023-09-09 19:04:05,591] {dag.py:2420} INFO - Sync 2 DAGs
[2023-09-09 19:04:05,600] {logging_mixin.py:115} INFO - [2023-09-09 19:04:05,600] {dag.py:2972} INFO - Setting next_dagrun for example_xcom_args to None, run_after=None
[2023-09-09 19:04:05,600] {logging_mixin.py:115} INFO - [2023-09-09 19:04:05,600] {dag.py:2972} INFO - Setting next_dagrun for example_xcom_args_with_operators to None, run_after=None
[2023-09-09 19:04:05,607] {processor.py:161} INFO - Processing /home/airflow/.local/lib/python3.7/site-packages/airflow/example_dags/example_xcomargs.py took 0.059 seconds
[2023-09-09 19:04:35,932] {processor.py:153} INFO - Started process (PID=173) to work on /home/airflow/.local/lib/python3.7/site-packages/airflow/example_dags/example_xcomargs.py
[2023-09-09 19:04:35,932] {processor.py:641} INFO - Processing file /home/airflow/.local/lib/python3.7/site-packages/airflow/example_dags/example_xcomargs.py for tasks to queue
[2023-09-09 19:04:35,933] {logging_mixin.py:115} INFO - [2023-09-09 19:04:35,933] {dagbag.py:508} INFO - Filling up the DagBag from /home/airflow/.local/lib/python3.7/site-packages/airflow/example_dags/example_xcomargs.py
[2023-09-09 19:04:35,942] {processor.py:651} INFO - DAG(s) dict_keys(['example_xcom_args', 'example_xcom_args_with_operators']) retrieved from /home/airflow/.local/lib/python3.7/site-packages/airflow/example_dags/example_xcomargs.py
[2023-09-09 19:04:35,975] {logging_mixin.py:115} INFO - [2023-09-09 19:04:35,975] {dag.py:2420} INFO - Sync 2 DAGs
[2023-09-09 19:04:35,984] {logging_mixin.py:115} INFO - [2023-09-09 19:04:35,984] {dag.py:2972} INFO - Setting next_dagrun for example_xcom_args to None, run_after=None
[2023-09-09 19:04:35,984] {logging_mixin.py:115} INFO - [2023-09-09 19:04:35,984] {dag.py:2972} INFO - Setting next_dagrun for example_xcom_args_with_operators to None, run_after=None
[2023-09-09 19:04:35,989] {processor.py:161} INFO - Processing /home/airflow/.local/lib/python3.7/site-packages/airflow/example_dags/example_xcomargs.py took 0.059 seconds
[2023-09-09 19:05:06,258] {processor.py:153} INFO - Started process (PID=238) to work on /home/airflow/.local/lib/python3.7/site-packages/airflow/example_dags/example_xcomargs.py
[2023-09-09 19:05:06,258] {processor.py:641} INFO - Processing file /home/airflow/.local/lib/python3.7/site-packages/airflow/example_dags/example_xcomargs.py for tasks to queue
[2023-09-09 19:05:06,259] {logging_mixin.py:115} INFO - [2023-09-09 19:05:06,259] {dagbag.py:508} INFO - Filling up the DagBag from /home/airflow/.local/lib/python3.7/site-packages/airflow/example_dags/example_xcomargs.py
[2023-09-09 19:05:06,267] {processor.py:651} INFO - DAG(s) dict_keys(['example_xcom_args', 'example_xcom_args_with_operators']) retrieved from /home/airflow/.local/lib/python3.7/site-packages/airflow/example_dags/example_xcomargs.py
[2023-09-09 19:05:06,302] {logging_mixin.py:115} INFO - [2023-09-09 19:05:06,302] {dag.py:2420} INFO - Sync 2 DAGs
[2023-09-09 19:05:06,311] {logging_mixin.py:115} INFO - [2023-09-09 19:05:06,311] {dag.py:2972} INFO - Setting next_dagrun for example_xcom_args to None, run_after=None
[2023-09-09 19:05:06,311] {logging_mixin.py:115} INFO - [2023-09-09 19:05:06,311] {dag.py:2972} INFO - Setting next_dagrun for example_xcom_args_with_operators to None, run_after=None
[2023-09-09 19:05:06,317] {processor.py:161} INFO - Processing /home/airflow/.local/lib/python3.7/site-packages/airflow/example_dags/example_xcomargs.py took 0.061 seconds
[2023-09-09 19:05:36,552] {processor.py:153} INFO - Started process (PID=292) to work on /home/airflow/.local/lib/python3.7/site-packages/airflow/example_dags/example_xcomargs.py
[2023-09-09 19:05:36,553] {processor.py:641} INFO - Processing file /home/airflow/.local/lib/python3.7/site-packages/airflow/example_dags/example_xcomargs.py for tasks to queue
[2023-09-09 19:05:36,553] {logging_mixin.py:115} INFO - [2023-09-09 19:05:36,553] {dagbag.py:508} INFO - Filling up the DagBag from /home/airflow/.local/lib/python3.7/site-packages/airflow/example_dags/example_xcomargs.py
[2023-09-09 19:05:36,562] {processor.py:651} INFO - DAG(s) dict_keys(['example_xcom_args', 'example_xcom_args_with_operators']) retrieved from /home/airflow/.local/lib/python3.7/site-packages/airflow/example_dags/example_xcomargs.py
[2023-09-09 19:05:36,595] {logging_mixin.py:115} INFO - [2023-09-09 19:05:36,595] {dag.py:2420} INFO - Sync 2 DAGs
[2023-09-09 19:05:36,603] {logging_mixin.py:115} INFO - [2023-09-09 19:05:36,603] {dag.py:2972} INFO - Setting next_dagrun for example_xcom_args to None, run_after=None
[2023-09-09 19:05:36,604] {logging_mixin.py:115} INFO - [2023-09-09 19:05:36,604] {dag.py:2972} INFO - Setting next_dagrun for example_xcom_args_with_operators to None, run_after=None
[2023-09-09 19:05:36,609] {processor.py:161} INFO - Processing /home/airflow/.local/lib/python3.7/site-packages/airflow/example_dags/example_xcomargs.py took 0.059 seconds
[2023-09-09 19:06:06,845] {processor.py:153} INFO - Started process (PID=354) to work on /home/airflow/.local/lib/python3.7/site-packages/airflow/example_dags/example_xcomargs.py
[2023-09-09 19:06:06,846] {processor.py:641} INFO - Processing file /home/airflow/.local/lib/python3.7/site-packages/airflow/example_dags/example_xcomargs.py for tasks to queue
[2023-09-09 19:06:06,846] {logging_mixin.py:115} INFO - [2023-09-09 19:06:06,846] {dagbag.py:508} INFO - Filling up the DagBag from /home/airflow/.local/lib/python3.7/site-packages/airflow/example_dags/example_xcomargs.py
[2023-09-09 19:06:06,855] {processor.py:651} INFO - DAG(s) dict_keys(['example_xcom_args', 'example_xcom_args_with_operators']) retrieved from /home/airflow/.local/lib/python3.7/site-packages/airflow/example_dags/example_xcomargs.py
[2023-09-09 19:06:06,891] {logging_mixin.py:115} INFO - [2023-09-09 19:06:06,891] {dag.py:2420} INFO - Sync 2 DAGs
[2023-09-09 19:06:06,900] {logging_mixin.py:115} INFO - [2023-09-09 19:06:06,900] {dag.py:2972} INFO - Setting next_dagrun for example_xcom_args to None, run_after=None
[2023-09-09 19:06:06,900] {logging_mixin.py:115} INFO - [2023-09-09 19:06:06,900] {dag.py:2972} INFO - Setting next_dagrun for example_xcom_args_with_operators to None, run_after=None
[2023-09-09 19:06:06,906] {processor.py:161} INFO - Processing /home/airflow/.local/lib/python3.7/site-packages/airflow/example_dags/example_xcomargs.py took 0.062 seconds
[2023-09-09 19:06:37,158] {processor.py:153} INFO - Started process (PID=416) to work on /home/airflow/.local/lib/python3.7/site-packages/airflow/example_dags/example_xcomargs.py
[2023-09-09 19:06:37,159] {processor.py:641} INFO - Processing file /home/airflow/.local/lib/python3.7/site-packages/airflow/example_dags/example_xcomargs.py for tasks to queue
[2023-09-09 19:06:37,159] {logging_mixin.py:115} INFO - [2023-09-09 19:06:37,159] {dagbag.py:508} INFO - Filling up the DagBag from /home/airflow/.local/lib/python3.7/site-packages/airflow/example_dags/example_xcomargs.py
[2023-09-09 19:06:37,167] {processor.py:651} INFO - DAG(s) dict_keys(['example_xcom_args', 'example_xcom_args_with_operators']) retrieved from /home/airflow/.local/lib/python3.7/site-packages/airflow/example_dags/example_xcomargs.py
[2023-09-09 19:06:37,205] {logging_mixin.py:115} INFO - [2023-09-09 19:06:37,205] {dag.py:2420} INFO - Sync 2 DAGs
[2023-09-09 19:06:37,213] {logging_mixin.py:115} INFO - [2023-09-09 19:06:37,213] {dag.py:2972} INFO - Setting next_dagrun for example_xcom_args to None, run_after=None
[2023-09-09 19:06:37,214] {logging_mixin.py:115} INFO - [2023-09-09 19:06:37,214] {dag.py:2972} INFO - Setting next_dagrun for example_xcom_args_with_operators to None, run_after=None
[2023-09-09 19:06:37,222] {processor.py:161} INFO - Processing /home/airflow/.local/lib/python3.7/site-packages/airflow/example_dags/example_xcomargs.py took 0.066 seconds
[2023-09-09 19:07:07,464] {processor.py:153} INFO - Started process (PID=479) to work on /home/airflow/.local/lib/python3.7/site-packages/airflow/example_dags/example_xcomargs.py
[2023-09-09 19:07:07,465] {processor.py:641} INFO - Processing file /home/airflow/.local/lib/python3.7/site-packages/airflow/example_dags/example_xcomargs.py for tasks to queue
[2023-09-09 19:07:07,465] {logging_mixin.py:115} INFO - [2023-09-09 19:07:07,465] {dagbag.py:508} INFO - Filling up the DagBag from /home/airflow/.local/lib/python3.7/site-packages/airflow/example_dags/example_xcomargs.py
[2023-09-09 19:07:07,474] {processor.py:651} INFO - DAG(s) dict_keys(['example_xcom_args', 'example_xcom_args_with_operators']) retrieved from /home/airflow/.local/lib/python3.7/site-packages/airflow/example_dags/example_xcomargs.py
[2023-09-09 19:07:07,513] {logging_mixin.py:115} INFO - [2023-09-09 19:07:07,513] {dag.py:2420} INFO - Sync 2 DAGs
[2023-09-09 19:07:07,522] {logging_mixin.py:115} INFO - [2023-09-09 19:07:07,522] {dag.py:2972} INFO - Setting next_dagrun for example_xcom_args to None, run_after=None
[2023-09-09 19:07:07,523] {logging_mixin.py:115} INFO - [2023-09-09 19:07:07,522] {dag.py:2972} INFO - Setting next_dagrun for example_xcom_args_with_operators to None, run_after=None
[2023-09-09 19:07:07,529] {processor.py:161} INFO - Processing /home/airflow/.local/lib/python3.7/site-packages/airflow/example_dags/example_xcomargs.py took 0.067 seconds
[2023-09-09 19:07:37,786] {processor.py:153} INFO - Started process (PID=542) to work on /home/airflow/.local/lib/python3.7/site-packages/airflow/example_dags/example_xcomargs.py
[2023-09-09 19:07:37,787] {processor.py:641} INFO - Processing file /home/airflow/.local/lib/python3.7/site-packages/airflow/example_dags/example_xcomargs.py for tasks to queue
[2023-09-09 19:07:37,787] {logging_mixin.py:115} INFO - [2023-09-09 19:07:37,787] {dagbag.py:508} INFO - Filling up the DagBag from /home/airflow/.local/lib/python3.7/site-packages/airflow/example_dags/example_xcomargs.py
[2023-09-09 19:07:37,796] {processor.py:651} INFO - DAG(s) dict_keys(['example_xcom_args', 'example_xcom_args_with_operators']) retrieved from /home/airflow/.local/lib/python3.7/site-packages/airflow/example_dags/example_xcomargs.py
[2023-09-09 19:07:37,812] {logging_mixin.py:115} INFO - [2023-09-09 19:07:37,812] {dag.py:2420} INFO - Sync 2 DAGs
[2023-09-09 19:07:37,822] {logging_mixin.py:115} INFO - [2023-09-09 19:07:37,822] {dag.py:2972} INFO - Setting next_dagrun for example_xcom_args to None, run_after=None
[2023-09-09 19:07:37,822] {logging_mixin.py:115} INFO - [2023-09-09 19:07:37,822] {dag.py:2972} INFO - Setting next_dagrun for example_xcom_args_with_operators to None, run_after=None
[2023-09-09 19:07:37,827] {processor.py:161} INFO - Processing /home/airflow/.local/lib/python3.7/site-packages/airflow/example_dags/example_xcomargs.py took 0.043 seconds
[2023-09-09 19:08:08,341] {processor.py:153} INFO - Started process (PID=605) to work on /home/airflow/.local/lib/python3.7/site-packages/airflow/example_dags/example_xcomargs.py
[2023-09-09 19:08:08,341] {processor.py:641} INFO - Processing file /home/airflow/.local/lib/python3.7/site-packages/airflow/example_dags/example_xcomargs.py for tasks to queue
[2023-09-09 19:08:08,342] {logging_mixin.py:115} INFO - [2023-09-09 19:08:08,342] {dagbag.py:508} INFO - Filling up the DagBag from /home/airflow/.local/lib/python3.7/site-packages/airflow/example_dags/example_xcomargs.py
[2023-09-09 19:08:08,351] {processor.py:651} INFO - DAG(s) dict_keys(['example_xcom_args', 'example_xcom_args_with_operators']) retrieved from /home/airflow/.local/lib/python3.7/site-packages/airflow/example_dags/example_xcomargs.py
[2023-09-09 19:08:08,368] {logging_mixin.py:115} INFO - [2023-09-09 19:08:08,368] {dag.py:2420} INFO - Sync 2 DAGs
[2023-09-09 19:08:08,380] {logging_mixin.py:115} INFO - [2023-09-09 19:08:08,380] {dag.py:2972} INFO - Setting next_dagrun for example_xcom_args to None, run_after=None
[2023-09-09 19:08:08,381] {logging_mixin.py:115} INFO - [2023-09-09 19:08:08,381] {dag.py:2972} INFO - Setting next_dagrun for example_xcom_args_with_operators to None, run_after=None
[2023-09-09 19:08:08,387] {processor.py:161} INFO - Processing /home/airflow/.local/lib/python3.7/site-packages/airflow/example_dags/example_xcomargs.py took 0.048 seconds
[2023-09-09 19:08:39,031] {processor.py:153} INFO - Started process (PID=658) to work on /home/airflow/.local/lib/python3.7/site-packages/airflow/example_dags/example_xcomargs.py
[2023-09-09 19:08:39,032] {processor.py:641} INFO - Processing file /home/airflow/.local/lib/python3.7/site-packages/airflow/example_dags/example_xcomargs.py for tasks to queue
[2023-09-09 19:08:39,032] {logging_mixin.py:115} INFO - [2023-09-09 19:08:39,032] {dagbag.py:508} INFO - Filling up the DagBag from /home/airflow/.local/lib/python3.7/site-packages/airflow/example_dags/example_xcomargs.py
[2023-09-09 19:08:39,043] {processor.py:651} INFO - DAG(s) dict_keys(['example_xcom_args', 'example_xcom_args_with_operators']) retrieved from /home/airflow/.local/lib/python3.7/site-packages/airflow/example_dags/example_xcomargs.py
[2023-09-09 19:08:39,077] {logging_mixin.py:115} INFO - [2023-09-09 19:08:39,077] {dag.py:2420} INFO - Sync 2 DAGs
[2023-09-09 19:08:39,087] {logging_mixin.py:115} INFO - [2023-09-09 19:08:39,087] {dag.py:2972} INFO - Setting next_dagrun for example_xcom_args to None, run_after=None
[2023-09-09 19:08:39,087] {logging_mixin.py:115} INFO - [2023-09-09 19:08:39,087] {dag.py:2972} INFO - Setting next_dagrun for example_xcom_args_with_operators to None, run_after=None
[2023-09-09 19:08:39,093] {processor.py:161} INFO - Processing /home/airflow/.local/lib/python3.7/site-packages/airflow/example_dags/example_xcomargs.py took 0.065 seconds
[2023-09-09 19:09:09,363] {processor.py:153} INFO - Started process (PID=721) to work on /home/airflow/.local/lib/python3.7/site-packages/airflow/example_dags/example_xcomargs.py
[2023-09-09 19:09:09,363] {processor.py:641} INFO - Processing file /home/airflow/.local/lib/python3.7/site-packages/airflow/example_dags/example_xcomargs.py for tasks to queue
[2023-09-09 19:09:09,364] {logging_mixin.py:115} INFO - [2023-09-09 19:09:09,364] {dagbag.py:508} INFO - Filling up the DagBag from /home/airflow/.local/lib/python3.7/site-packages/airflow/example_dags/example_xcomargs.py
[2023-09-09 19:09:09,373] {processor.py:651} INFO - DAG(s) dict_keys(['example_xcom_args', 'example_xcom_args_with_operators']) retrieved from /home/airflow/.local/lib/python3.7/site-packages/airflow/example_dags/example_xcomargs.py
[2023-09-09 19:09:09,406] {logging_mixin.py:115} INFO - [2023-09-09 19:09:09,406] {dag.py:2420} INFO - Sync 2 DAGs
[2023-09-09 19:09:09,415] {logging_mixin.py:115} INFO - [2023-09-09 19:09:09,415] {dag.py:2972} INFO - Setting next_dagrun for example_xcom_args to None, run_after=None
[2023-09-09 19:09:09,416] {logging_mixin.py:115} INFO - [2023-09-09 19:09:09,416] {dag.py:2972} INFO - Setting next_dagrun for example_xcom_args_with_operators to None, run_after=None
[2023-09-09 19:09:09,421] {processor.py:161} INFO - Processing /home/airflow/.local/lib/python3.7/site-packages/airflow/example_dags/example_xcomargs.py took 0.060 seconds
