[2023-09-09 18:40:40,731] {processor.py:153} INFO - Started process (PID=51) to work on /home/airflow/.local/lib/python3.7/site-packages/airflow/example_dags/example_task_group.py
[2023-09-09 18:40:40,732] {processor.py:641} INFO - Processing file /home/airflow/.local/lib/python3.7/site-packages/airflow/example_dags/example_task_group.py for tasks to queue
[2023-09-09 18:40:40,732] {logging_mixin.py:115} INFO - [2023-09-09 18:40:40,732] {dagbag.py:508} INFO - Filling up the DagBag from /home/airflow/.local/lib/python3.7/site-packages/airflow/example_dags/example_task_group.py
[2023-09-09 18:40:40,738] {processor.py:651} INFO - DAG(s) dict_keys(['example_task_group']) retrieved from /home/airflow/.local/lib/python3.7/site-packages/airflow/example_dags/example_task_group.py
[2023-09-09 18:40:40,793] {logging_mixin.py:115} INFO - [2023-09-09 18:40:40,793] {manager.py:508} INFO - Created Permission View: can edit on DAG:example_task_group
[2023-09-09 18:40:40,804] {logging_mixin.py:115} INFO - [2023-09-09 18:40:40,804] {manager.py:508} INFO - Created Permission View: can read on DAG:example_task_group
[2023-09-09 18:40:40,809] {logging_mixin.py:115} INFO - [2023-09-09 18:40:40,809] {manager.py:508} INFO - Created Permission View: can delete on DAG:example_task_group
[2023-09-09 18:40:40,809] {logging_mixin.py:115} INFO - [2023-09-09 18:40:40,809] {dag.py:2420} INFO - Sync 1 DAGs
[2023-09-09 18:40:40,815] {logging_mixin.py:115} INFO - [2023-09-09 18:40:40,815] {dag.py:2439} INFO - Creating ORM DAG for example_task_group
[2023-09-09 18:40:40,822] {logging_mixin.py:115} INFO - [2023-09-09 18:40:40,822] {dag.py:2972} INFO - Setting next_dagrun for example_task_group to 2023-09-08T18:40:40.822420+00:00, run_after=2023-09-09T18:40:40.822420+00:00
[2023-09-09 18:40:40,831] {processor.py:161} INFO - Processing /home/airflow/.local/lib/python3.7/site-packages/airflow/example_dags/example_task_group.py took 0.103 seconds
[2023-09-09 18:41:11,418] {processor.py:153} INFO - Started process (PID=114) to work on /home/airflow/.local/lib/python3.7/site-packages/airflow/example_dags/example_task_group.py
[2023-09-09 18:41:11,419] {processor.py:641} INFO - Processing file /home/airflow/.local/lib/python3.7/site-packages/airflow/example_dags/example_task_group.py for tasks to queue
[2023-09-09 18:41:11,419] {logging_mixin.py:115} INFO - [2023-09-09 18:41:11,419] {dagbag.py:508} INFO - Filling up the DagBag from /home/airflow/.local/lib/python3.7/site-packages/airflow/example_dags/example_task_group.py
[2023-09-09 18:41:11,423] {processor.py:651} INFO - DAG(s) dict_keys(['example_task_group']) retrieved from /home/airflow/.local/lib/python3.7/site-packages/airflow/example_dags/example_task_group.py
[2023-09-09 18:41:11,437] {logging_mixin.py:115} INFO - [2023-09-09 18:41:11,437] {dag.py:2420} INFO - Sync 1 DAGs
[2023-09-09 18:41:11,446] {logging_mixin.py:115} INFO - [2023-09-09 18:41:11,446] {dag.py:2972} INFO - Setting next_dagrun for example_task_group to 2023-09-08T18:41:11.446640+00:00, run_after=2023-09-09T18:41:11.446640+00:00
[2023-09-09 18:41:11,451] {processor.py:161} INFO - Processing /home/airflow/.local/lib/python3.7/site-packages/airflow/example_dags/example_task_group.py took 0.035 seconds
[2023-09-09 18:41:41,688] {processor.py:153} INFO - Started process (PID=177) to work on /home/airflow/.local/lib/python3.7/site-packages/airflow/example_dags/example_task_group.py
[2023-09-09 18:41:41,689] {processor.py:641} INFO - Processing file /home/airflow/.local/lib/python3.7/site-packages/airflow/example_dags/example_task_group.py for tasks to queue
[2023-09-09 18:41:41,689] {logging_mixin.py:115} INFO - [2023-09-09 18:41:41,689] {dagbag.py:508} INFO - Filling up the DagBag from /home/airflow/.local/lib/python3.7/site-packages/airflow/example_dags/example_task_group.py
[2023-09-09 18:41:41,693] {processor.py:651} INFO - DAG(s) dict_keys(['example_task_group']) retrieved from /home/airflow/.local/lib/python3.7/site-packages/airflow/example_dags/example_task_group.py
[2023-09-09 18:41:41,706] {logging_mixin.py:115} INFO - [2023-09-09 18:41:41,706] {dag.py:2420} INFO - Sync 1 DAGs
[2023-09-09 18:41:41,716] {logging_mixin.py:115} INFO - [2023-09-09 18:41:41,716] {dag.py:2972} INFO - Setting next_dagrun for example_task_group to 2023-09-08T18:41:41.716555+00:00, run_after=2023-09-09T18:41:41.716555+00:00
[2023-09-09 18:41:41,721] {processor.py:161} INFO - Processing /home/airflow/.local/lib/python3.7/site-packages/airflow/example_dags/example_task_group.py took 0.035 seconds
[2023-09-09 18:42:12,124] {processor.py:153} INFO - Started process (PID=241) to work on /home/airflow/.local/lib/python3.7/site-packages/airflow/example_dags/example_task_group.py
[2023-09-09 18:42:12,125] {processor.py:641} INFO - Processing file /home/airflow/.local/lib/python3.7/site-packages/airflow/example_dags/example_task_group.py for tasks to queue
[2023-09-09 18:42:12,125] {logging_mixin.py:115} INFO - [2023-09-09 18:42:12,125] {dagbag.py:508} INFO - Filling up the DagBag from /home/airflow/.local/lib/python3.7/site-packages/airflow/example_dags/example_task_group.py
[2023-09-09 18:42:12,129] {processor.py:651} INFO - DAG(s) dict_keys(['example_task_group']) retrieved from /home/airflow/.local/lib/python3.7/site-packages/airflow/example_dags/example_task_group.py
[2023-09-09 18:42:12,142] {logging_mixin.py:115} INFO - [2023-09-09 18:42:12,142] {dag.py:2420} INFO - Sync 1 DAGs
[2023-09-09 18:42:12,152] {logging_mixin.py:115} INFO - [2023-09-09 18:42:12,152] {dag.py:2972} INFO - Setting next_dagrun for example_task_group to 2023-09-08T18:42:12.152561+00:00, run_after=2023-09-09T18:42:12.152561+00:00
[2023-09-09 18:42:12,157] {processor.py:161} INFO - Processing /home/airflow/.local/lib/python3.7/site-packages/airflow/example_dags/example_task_group.py took 0.035 seconds
[2023-09-09 18:42:42,725] {processor.py:153} INFO - Started process (PID=304) to work on /home/airflow/.local/lib/python3.7/site-packages/airflow/example_dags/example_task_group.py
[2023-09-09 18:42:42,727] {processor.py:641} INFO - Processing file /home/airflow/.local/lib/python3.7/site-packages/airflow/example_dags/example_task_group.py for tasks to queue
[2023-09-09 18:42:42,728] {logging_mixin.py:115} INFO - [2023-09-09 18:42:42,728] {dagbag.py:508} INFO - Filling up the DagBag from /home/airflow/.local/lib/python3.7/site-packages/airflow/example_dags/example_task_group.py
[2023-09-09 18:42:42,734] {processor.py:651} INFO - DAG(s) dict_keys(['example_task_group']) retrieved from /home/airflow/.local/lib/python3.7/site-packages/airflow/example_dags/example_task_group.py
[2023-09-09 18:42:42,761] {logging_mixin.py:115} INFO - [2023-09-09 18:42:42,761] {dag.py:2420} INFO - Sync 1 DAGs
[2023-09-09 18:42:42,775] {logging_mixin.py:115} INFO - [2023-09-09 18:42:42,775] {dag.py:2972} INFO - Setting next_dagrun for example_task_group to 2023-09-08T18:42:42.775398+00:00, run_after=2023-09-09T18:42:42.775398+00:00
[2023-09-09 18:42:42,782] {processor.py:161} INFO - Processing /home/airflow/.local/lib/python3.7/site-packages/airflow/example_dags/example_task_group.py took 0.059 seconds
[2023-09-09 18:43:13,387] {processor.py:153} INFO - Started process (PID=359) to work on /home/airflow/.local/lib/python3.7/site-packages/airflow/example_dags/example_task_group.py
[2023-09-09 18:43:13,388] {processor.py:641} INFO - Processing file /home/airflow/.local/lib/python3.7/site-packages/airflow/example_dags/example_task_group.py for tasks to queue
[2023-09-09 18:43:13,388] {logging_mixin.py:115} INFO - [2023-09-09 18:43:13,388] {dagbag.py:508} INFO - Filling up the DagBag from /home/airflow/.local/lib/python3.7/site-packages/airflow/example_dags/example_task_group.py
[2023-09-09 18:43:13,393] {processor.py:651} INFO - DAG(s) dict_keys(['example_task_group']) retrieved from /home/airflow/.local/lib/python3.7/site-packages/airflow/example_dags/example_task_group.py
[2023-09-09 18:43:13,408] {logging_mixin.py:115} INFO - [2023-09-09 18:43:13,408] {dag.py:2420} INFO - Sync 1 DAGs
[2023-09-09 18:43:13,418] {logging_mixin.py:115} INFO - [2023-09-09 18:43:13,418] {dag.py:2972} INFO - Setting next_dagrun for example_task_group to 2023-09-08T18:43:13.418099+00:00, run_after=2023-09-09T18:43:13.418099+00:00
[2023-09-09 18:43:13,423] {processor.py:161} INFO - Processing /home/airflow/.local/lib/python3.7/site-packages/airflow/example_dags/example_task_group.py took 0.038 seconds
[2023-09-09 18:43:43,686] {processor.py:153} INFO - Started process (PID=421) to work on /home/airflow/.local/lib/python3.7/site-packages/airflow/example_dags/example_task_group.py
[2023-09-09 18:43:43,686] {processor.py:641} INFO - Processing file /home/airflow/.local/lib/python3.7/site-packages/airflow/example_dags/example_task_group.py for tasks to queue
[2023-09-09 18:43:43,687] {logging_mixin.py:115} INFO - [2023-09-09 18:43:43,687] {dagbag.py:508} INFO - Filling up the DagBag from /home/airflow/.local/lib/python3.7/site-packages/airflow/example_dags/example_task_group.py
[2023-09-09 18:43:43,690] {processor.py:651} INFO - DAG(s) dict_keys(['example_task_group']) retrieved from /home/airflow/.local/lib/python3.7/site-packages/airflow/example_dags/example_task_group.py
[2023-09-09 18:43:43,704] {logging_mixin.py:115} INFO - [2023-09-09 18:43:43,704] {dag.py:2420} INFO - Sync 1 DAGs
[2023-09-09 18:43:43,714] {logging_mixin.py:115} INFO - [2023-09-09 18:43:43,714] {dag.py:2972} INFO - Setting next_dagrun for example_task_group to 2023-09-08T18:43:43.713939+00:00, run_after=2023-09-09T18:43:43.713939+00:00
[2023-09-09 18:43:43,719] {processor.py:161} INFO - Processing /home/airflow/.local/lib/python3.7/site-packages/airflow/example_dags/example_task_group.py took 0.035 seconds
[2023-09-09 18:44:14,037] {processor.py:153} INFO - Started process (PID=483) to work on /home/airflow/.local/lib/python3.7/site-packages/airflow/example_dags/example_task_group.py
[2023-09-09 18:44:14,037] {processor.py:641} INFO - Processing file /home/airflow/.local/lib/python3.7/site-packages/airflow/example_dags/example_task_group.py for tasks to queue
[2023-09-09 18:44:14,038] {logging_mixin.py:115} INFO - [2023-09-09 18:44:14,038] {dagbag.py:508} INFO - Filling up the DagBag from /home/airflow/.local/lib/python3.7/site-packages/airflow/example_dags/example_task_group.py
[2023-09-09 18:44:14,041] {processor.py:651} INFO - DAG(s) dict_keys(['example_task_group']) retrieved from /home/airflow/.local/lib/python3.7/site-packages/airflow/example_dags/example_task_group.py
[2023-09-09 18:44:14,055] {logging_mixin.py:115} INFO - [2023-09-09 18:44:14,055] {dag.py:2420} INFO - Sync 1 DAGs
[2023-09-09 18:44:14,065] {logging_mixin.py:115} INFO - [2023-09-09 18:44:14,065] {dag.py:2972} INFO - Setting next_dagrun for example_task_group to 2023-09-08T18:44:14.065735+00:00, run_after=2023-09-09T18:44:14.065735+00:00
[2023-09-09 18:44:14,070] {processor.py:161} INFO - Processing /home/airflow/.local/lib/python3.7/site-packages/airflow/example_dags/example_task_group.py took 0.035 seconds
[2023-09-09 18:44:44,293] {processor.py:153} INFO - Started process (PID=546) to work on /home/airflow/.local/lib/python3.7/site-packages/airflow/example_dags/example_task_group.py
[2023-09-09 18:44:44,294] {processor.py:641} INFO - Processing file /home/airflow/.local/lib/python3.7/site-packages/airflow/example_dags/example_task_group.py for tasks to queue
[2023-09-09 18:44:44,294] {logging_mixin.py:115} INFO - [2023-09-09 18:44:44,294] {dagbag.py:508} INFO - Filling up the DagBag from /home/airflow/.local/lib/python3.7/site-packages/airflow/example_dags/example_task_group.py
[2023-09-09 18:44:44,297] {processor.py:651} INFO - DAG(s) dict_keys(['example_task_group']) retrieved from /home/airflow/.local/lib/python3.7/site-packages/airflow/example_dags/example_task_group.py
[2023-09-09 18:44:44,311] {logging_mixin.py:115} INFO - [2023-09-09 18:44:44,311] {dag.py:2420} INFO - Sync 1 DAGs
[2023-09-09 18:44:44,321] {logging_mixin.py:115} INFO - [2023-09-09 18:44:44,321] {dag.py:2972} INFO - Setting next_dagrun for example_task_group to 2023-09-08T18:44:44.321411+00:00, run_after=2023-09-09T18:44:44.321411+00:00
[2023-09-09 18:44:44,329] {processor.py:161} INFO - Processing /home/airflow/.local/lib/python3.7/site-packages/airflow/example_dags/example_task_group.py took 0.038 seconds
[2023-09-09 18:45:14,818] {processor.py:153} INFO - Started process (PID=609) to work on /home/airflow/.local/lib/python3.7/site-packages/airflow/example_dags/example_task_group.py
[2023-09-09 18:45:14,819] {processor.py:641} INFO - Processing file /home/airflow/.local/lib/python3.7/site-packages/airflow/example_dags/example_task_group.py for tasks to queue
[2023-09-09 18:45:14,819] {logging_mixin.py:115} INFO - [2023-09-09 18:45:14,819] {dagbag.py:508} INFO - Filling up the DagBag from /home/airflow/.local/lib/python3.7/site-packages/airflow/example_dags/example_task_group.py
[2023-09-09 18:45:14,823] {processor.py:651} INFO - DAG(s) dict_keys(['example_task_group']) retrieved from /home/airflow/.local/lib/python3.7/site-packages/airflow/example_dags/example_task_group.py
[2023-09-09 18:45:14,839] {logging_mixin.py:115} INFO - [2023-09-09 18:45:14,839] {dag.py:2420} INFO - Sync 1 DAGs
[2023-09-09 18:45:14,851] {logging_mixin.py:115} INFO - [2023-09-09 18:45:14,851] {dag.py:2972} INFO - Setting next_dagrun for example_task_group to 2023-09-08T18:45:14.851222+00:00, run_after=2023-09-09T18:45:14.851222+00:00
[2023-09-09 18:45:14,857] {processor.py:161} INFO - Processing /home/airflow/.local/lib/python3.7/site-packages/airflow/example_dags/example_task_group.py took 0.041 seconds
[2023-09-09 18:45:45,118] {processor.py:153} INFO - Started process (PID=662) to work on /home/airflow/.local/lib/python3.7/site-packages/airflow/example_dags/example_task_group.py
[2023-09-09 18:45:45,118] {processor.py:641} INFO - Processing file /home/airflow/.local/lib/python3.7/site-packages/airflow/example_dags/example_task_group.py for tasks to queue
[2023-09-09 18:45:45,119] {logging_mixin.py:115} INFO - [2023-09-09 18:45:45,119] {dagbag.py:508} INFO - Filling up the DagBag from /home/airflow/.local/lib/python3.7/site-packages/airflow/example_dags/example_task_group.py
[2023-09-09 18:45:45,122] {processor.py:651} INFO - DAG(s) dict_keys(['example_task_group']) retrieved from /home/airflow/.local/lib/python3.7/site-packages/airflow/example_dags/example_task_group.py
[2023-09-09 18:45:45,136] {logging_mixin.py:115} INFO - [2023-09-09 18:45:45,136] {dag.py:2420} INFO - Sync 1 DAGs
[2023-09-09 18:45:45,147] {logging_mixin.py:115} INFO - [2023-09-09 18:45:45,147] {dag.py:2972} INFO - Setting next_dagrun for example_task_group to 2023-09-08T18:45:45.147224+00:00, run_after=2023-09-09T18:45:45.147224+00:00
[2023-09-09 18:45:45,156] {processor.py:161} INFO - Processing /home/airflow/.local/lib/python3.7/site-packages/airflow/example_dags/example_task_group.py took 0.040 seconds
[2023-09-09 18:46:15,418] {processor.py:153} INFO - Started process (PID=723) to work on /home/airflow/.local/lib/python3.7/site-packages/airflow/example_dags/example_task_group.py
[2023-09-09 18:46:15,419] {processor.py:641} INFO - Processing file /home/airflow/.local/lib/python3.7/site-packages/airflow/example_dags/example_task_group.py for tasks to queue
[2023-09-09 18:46:15,419] {logging_mixin.py:115} INFO - [2023-09-09 18:46:15,419] {dagbag.py:508} INFO - Filling up the DagBag from /home/airflow/.local/lib/python3.7/site-packages/airflow/example_dags/example_task_group.py
[2023-09-09 18:46:15,423] {processor.py:651} INFO - DAG(s) dict_keys(['example_task_group']) retrieved from /home/airflow/.local/lib/python3.7/site-packages/airflow/example_dags/example_task_group.py
[2023-09-09 18:46:15,437] {logging_mixin.py:115} INFO - [2023-09-09 18:46:15,437] {dag.py:2420} INFO - Sync 1 DAGs
[2023-09-09 18:46:15,447] {logging_mixin.py:115} INFO - [2023-09-09 18:46:15,447] {dag.py:2972} INFO - Setting next_dagrun for example_task_group to 2023-09-08T18:46:15.447555+00:00, run_after=2023-09-09T18:46:15.447555+00:00
[2023-09-09 18:46:15,452] {processor.py:161} INFO - Processing /home/airflow/.local/lib/python3.7/site-packages/airflow/example_dags/example_task_group.py took 0.036 seconds
[2023-09-09 18:46:45,659] {processor.py:153} INFO - Started process (PID=786) to work on /home/airflow/.local/lib/python3.7/site-packages/airflow/example_dags/example_task_group.py
[2023-09-09 18:46:45,660] {processor.py:641} INFO - Processing file /home/airflow/.local/lib/python3.7/site-packages/airflow/example_dags/example_task_group.py for tasks to queue
[2023-09-09 18:46:45,660] {logging_mixin.py:115} INFO - [2023-09-09 18:46:45,660] {dagbag.py:508} INFO - Filling up the DagBag from /home/airflow/.local/lib/python3.7/site-packages/airflow/example_dags/example_task_group.py
[2023-09-09 18:46:45,664] {processor.py:651} INFO - DAG(s) dict_keys(['example_task_group']) retrieved from /home/airflow/.local/lib/python3.7/site-packages/airflow/example_dags/example_task_group.py
[2023-09-09 18:46:45,680] {logging_mixin.py:115} INFO - [2023-09-09 18:46:45,680] {dag.py:2420} INFO - Sync 1 DAGs
[2023-09-09 18:46:45,690] {logging_mixin.py:115} INFO - [2023-09-09 18:46:45,690] {dag.py:2972} INFO - Setting next_dagrun for example_task_group to 2023-09-08T18:46:45.690538+00:00, run_after=2023-09-09T18:46:45.690538+00:00
[2023-09-09 18:46:45,696] {processor.py:161} INFO - Processing /home/airflow/.local/lib/python3.7/site-packages/airflow/example_dags/example_task_group.py took 0.038 seconds
[2023-09-09 18:47:15,976] {processor.py:153} INFO - Started process (PID=849) to work on /home/airflow/.local/lib/python3.7/site-packages/airflow/example_dags/example_task_group.py
[2023-09-09 18:47:15,976] {processor.py:641} INFO - Processing file /home/airflow/.local/lib/python3.7/site-packages/airflow/example_dags/example_task_group.py for tasks to queue
[2023-09-09 18:47:15,977] {logging_mixin.py:115} INFO - [2023-09-09 18:47:15,977] {dagbag.py:508} INFO - Filling up the DagBag from /home/airflow/.local/lib/python3.7/site-packages/airflow/example_dags/example_task_group.py
[2023-09-09 18:47:15,980] {processor.py:651} INFO - DAG(s) dict_keys(['example_task_group']) retrieved from /home/airflow/.local/lib/python3.7/site-packages/airflow/example_dags/example_task_group.py
[2023-09-09 18:47:15,994] {logging_mixin.py:115} INFO - [2023-09-09 18:47:15,994] {dag.py:2420} INFO - Sync 1 DAGs
[2023-09-09 18:47:16,005] {logging_mixin.py:115} INFO - [2023-09-09 18:47:16,005] {dag.py:2972} INFO - Setting next_dagrun for example_task_group to 2023-09-08T18:47:16.005249+00:00, run_after=2023-09-09T18:47:16.005249+00:00
[2023-09-09 18:47:16,010] {processor.py:161} INFO - Processing /home/airflow/.local/lib/python3.7/site-packages/airflow/example_dags/example_task_group.py took 0.036 seconds
[2023-09-09 18:47:46,158] {processor.py:153} INFO - Started process (PID=912) to work on /home/airflow/.local/lib/python3.7/site-packages/airflow/example_dags/example_task_group.py
[2023-09-09 18:47:46,159] {processor.py:641} INFO - Processing file /home/airflow/.local/lib/python3.7/site-packages/airflow/example_dags/example_task_group.py for tasks to queue
[2023-09-09 18:47:46,159] {logging_mixin.py:115} INFO - [2023-09-09 18:47:46,159] {dagbag.py:508} INFO - Filling up the DagBag from /home/airflow/.local/lib/python3.7/site-packages/airflow/example_dags/example_task_group.py
[2023-09-09 18:47:46,163] {processor.py:651} INFO - DAG(s) dict_keys(['example_task_group']) retrieved from /home/airflow/.local/lib/python3.7/site-packages/airflow/example_dags/example_task_group.py
[2023-09-09 18:47:46,177] {logging_mixin.py:115} INFO - [2023-09-09 18:47:46,177] {dag.py:2420} INFO - Sync 1 DAGs
[2023-09-09 18:47:46,188] {logging_mixin.py:115} INFO - [2023-09-09 18:47:46,187] {dag.py:2972} INFO - Setting next_dagrun for example_task_group to 2023-09-08T18:47:46.187816+00:00, run_after=2023-09-09T18:47:46.187816+00:00
[2023-09-09 18:47:46,193] {processor.py:161} INFO - Processing /home/airflow/.local/lib/python3.7/site-packages/airflow/example_dags/example_task_group.py took 0.036 seconds
[2023-09-09 18:48:16,386] {processor.py:153} INFO - Started process (PID=974) to work on /home/airflow/.local/lib/python3.7/site-packages/airflow/example_dags/example_task_group.py
[2023-09-09 18:48:16,387] {processor.py:641} INFO - Processing file /home/airflow/.local/lib/python3.7/site-packages/airflow/example_dags/example_task_group.py for tasks to queue
[2023-09-09 18:48:16,387] {logging_mixin.py:115} INFO - [2023-09-09 18:48:16,387] {dagbag.py:508} INFO - Filling up the DagBag from /home/airflow/.local/lib/python3.7/site-packages/airflow/example_dags/example_task_group.py
[2023-09-09 18:48:16,391] {processor.py:651} INFO - DAG(s) dict_keys(['example_task_group']) retrieved from /home/airflow/.local/lib/python3.7/site-packages/airflow/example_dags/example_task_group.py
[2023-09-09 18:48:16,405] {logging_mixin.py:115} INFO - [2023-09-09 18:48:16,405] {dag.py:2420} INFO - Sync 1 DAGs
[2023-09-09 18:48:16,415] {logging_mixin.py:115} INFO - [2023-09-09 18:48:16,415] {dag.py:2972} INFO - Setting next_dagrun for example_task_group to 2023-09-08T18:48:16.415650+00:00, run_after=2023-09-09T18:48:16.415650+00:00
[2023-09-09 18:48:16,420] {processor.py:161} INFO - Processing /home/airflow/.local/lib/python3.7/site-packages/airflow/example_dags/example_task_group.py took 0.036 seconds
[2023-09-09 18:48:46,632] {processor.py:153} INFO - Started process (PID=1028) to work on /home/airflow/.local/lib/python3.7/site-packages/airflow/example_dags/example_task_group.py
[2023-09-09 18:48:46,632] {processor.py:641} INFO - Processing file /home/airflow/.local/lib/python3.7/site-packages/airflow/example_dags/example_task_group.py for tasks to queue
[2023-09-09 18:48:46,633] {logging_mixin.py:115} INFO - [2023-09-09 18:48:46,632] {dagbag.py:508} INFO - Filling up the DagBag from /home/airflow/.local/lib/python3.7/site-packages/airflow/example_dags/example_task_group.py
[2023-09-09 18:48:46,636] {processor.py:651} INFO - DAG(s) dict_keys(['example_task_group']) retrieved from /home/airflow/.local/lib/python3.7/site-packages/airflow/example_dags/example_task_group.py
[2023-09-09 18:48:46,650] {logging_mixin.py:115} INFO - [2023-09-09 18:48:46,650] {dag.py:2420} INFO - Sync 1 DAGs
[2023-09-09 18:48:46,659] {logging_mixin.py:115} INFO - [2023-09-09 18:48:46,659] {dag.py:2972} INFO - Setting next_dagrun for example_task_group to 2023-09-08T18:48:46.659618+00:00, run_after=2023-09-09T18:48:46.659618+00:00
[2023-09-09 18:48:46,664] {processor.py:161} INFO - Processing /home/airflow/.local/lib/python3.7/site-packages/airflow/example_dags/example_task_group.py took 0.034 seconds
[2023-09-09 18:57:34,195] {processor.py:153} INFO - Started process (PID=51) to work on /home/airflow/.local/lib/python3.7/site-packages/airflow/example_dags/example_task_group.py
[2023-09-09 18:57:34,196] {processor.py:641} INFO - Processing file /home/airflow/.local/lib/python3.7/site-packages/airflow/example_dags/example_task_group.py for tasks to queue
[2023-09-09 18:57:34,197] {logging_mixin.py:115} INFO - [2023-09-09 18:57:34,197] {dagbag.py:508} INFO - Filling up the DagBag from /home/airflow/.local/lib/python3.7/site-packages/airflow/example_dags/example_task_group.py
[2023-09-09 18:57:34,204] {processor.py:651} INFO - DAG(s) dict_keys(['example_task_group']) retrieved from /home/airflow/.local/lib/python3.7/site-packages/airflow/example_dags/example_task_group.py
[2023-09-09 18:57:34,230] {logging_mixin.py:115} INFO - [2023-09-09 18:57:34,230] {dag.py:2420} INFO - Sync 1 DAGs
[2023-09-09 18:57:34,262] {logging_mixin.py:115} INFO - [2023-09-09 18:57:34,262] {dag.py:2972} INFO - Setting next_dagrun for example_task_group to 2023-09-08T18:57:34.262319+00:00, run_after=2023-09-09T18:57:34.262319+00:00
[2023-09-09 18:57:34,271] {processor.py:161} INFO - Processing /home/airflow/.local/lib/python3.7/site-packages/airflow/example_dags/example_task_group.py took 0.079 seconds
[2023-09-09 18:58:04,422] {processor.py:153} INFO - Started process (PID=114) to work on /home/airflow/.local/lib/python3.7/site-packages/airflow/example_dags/example_task_group.py
[2023-09-09 18:58:04,423] {processor.py:641} INFO - Processing file /home/airflow/.local/lib/python3.7/site-packages/airflow/example_dags/example_task_group.py for tasks to queue
[2023-09-09 18:58:04,424] {logging_mixin.py:115} INFO - [2023-09-09 18:58:04,423] {dagbag.py:508} INFO - Filling up the DagBag from /home/airflow/.local/lib/python3.7/site-packages/airflow/example_dags/example_task_group.py
[2023-09-09 18:58:04,427] {processor.py:651} INFO - DAG(s) dict_keys(['example_task_group']) retrieved from /home/airflow/.local/lib/python3.7/site-packages/airflow/example_dags/example_task_group.py
[2023-09-09 18:58:04,441] {logging_mixin.py:115} INFO - [2023-09-09 18:58:04,441] {dag.py:2420} INFO - Sync 1 DAGs
[2023-09-09 18:58:04,451] {logging_mixin.py:115} INFO - [2023-09-09 18:58:04,450] {dag.py:2972} INFO - Setting next_dagrun for example_task_group to 2023-09-08T18:58:04.450805+00:00, run_after=2023-09-09T18:58:04.450805+00:00
[2023-09-09 18:58:04,455] {processor.py:161} INFO - Processing /home/airflow/.local/lib/python3.7/site-packages/airflow/example_dags/example_task_group.py took 0.035 seconds
[2023-09-09 18:58:34,770] {processor.py:153} INFO - Started process (PID=177) to work on /home/airflow/.local/lib/python3.7/site-packages/airflow/example_dags/example_task_group.py
[2023-09-09 18:58:34,771] {processor.py:641} INFO - Processing file /home/airflow/.local/lib/python3.7/site-packages/airflow/example_dags/example_task_group.py for tasks to queue
[2023-09-09 18:58:34,771] {logging_mixin.py:115} INFO - [2023-09-09 18:58:34,771] {dagbag.py:508} INFO - Filling up the DagBag from /home/airflow/.local/lib/python3.7/site-packages/airflow/example_dags/example_task_group.py
[2023-09-09 18:58:34,776] {processor.py:651} INFO - DAG(s) dict_keys(['example_task_group']) retrieved from /home/airflow/.local/lib/python3.7/site-packages/airflow/example_dags/example_task_group.py
[2023-09-09 18:58:34,791] {logging_mixin.py:115} INFO - [2023-09-09 18:58:34,791] {dag.py:2420} INFO - Sync 1 DAGs
[2023-09-09 18:58:34,802] {logging_mixin.py:115} INFO - [2023-09-09 18:58:34,801] {dag.py:2972} INFO - Setting next_dagrun for example_task_group to 2023-09-08T18:58:34.801755+00:00, run_after=2023-09-09T18:58:34.801755+00:00
[2023-09-09 18:58:34,807] {processor.py:161} INFO - Processing /home/airflow/.local/lib/python3.7/site-packages/airflow/example_dags/example_task_group.py took 0.039 seconds
[2023-09-09 18:59:05,039] {processor.py:153} INFO - Started process (PID=239) to work on /home/airflow/.local/lib/python3.7/site-packages/airflow/example_dags/example_task_group.py
[2023-09-09 18:59:05,040] {processor.py:641} INFO - Processing file /home/airflow/.local/lib/python3.7/site-packages/airflow/example_dags/example_task_group.py for tasks to queue
[2023-09-09 18:59:05,040] {logging_mixin.py:115} INFO - [2023-09-09 18:59:05,040] {dagbag.py:508} INFO - Filling up the DagBag from /home/airflow/.local/lib/python3.7/site-packages/airflow/example_dags/example_task_group.py
[2023-09-09 18:59:05,044] {processor.py:651} INFO - DAG(s) dict_keys(['example_task_group']) retrieved from /home/airflow/.local/lib/python3.7/site-packages/airflow/example_dags/example_task_group.py
[2023-09-09 18:59:05,058] {logging_mixin.py:115} INFO - [2023-09-09 18:59:05,058] {dag.py:2420} INFO - Sync 1 DAGs
[2023-09-09 18:59:05,067] {logging_mixin.py:115} INFO - [2023-09-09 18:59:05,067] {dag.py:2972} INFO - Setting next_dagrun for example_task_group to 2023-09-08T18:59:05.067690+00:00, run_after=2023-09-09T18:59:05.067690+00:00
[2023-09-09 18:59:05,075] {processor.py:161} INFO - Processing /home/airflow/.local/lib/python3.7/site-packages/airflow/example_dags/example_task_group.py took 0.038 seconds
[2023-09-09 18:59:35,479] {processor.py:153} INFO - Started process (PID=293) to work on /home/airflow/.local/lib/python3.7/site-packages/airflow/example_dags/example_task_group.py
[2023-09-09 18:59:35,479] {processor.py:641} INFO - Processing file /home/airflow/.local/lib/python3.7/site-packages/airflow/example_dags/example_task_group.py for tasks to queue
[2023-09-09 18:59:35,480] {logging_mixin.py:115} INFO - [2023-09-09 18:59:35,480] {dagbag.py:508} INFO - Filling up the DagBag from /home/airflow/.local/lib/python3.7/site-packages/airflow/example_dags/example_task_group.py
[2023-09-09 18:59:35,484] {processor.py:651} INFO - DAG(s) dict_keys(['example_task_group']) retrieved from /home/airflow/.local/lib/python3.7/site-packages/airflow/example_dags/example_task_group.py
[2023-09-09 18:59:35,499] {logging_mixin.py:115} INFO - [2023-09-09 18:59:35,499] {dag.py:2420} INFO - Sync 1 DAGs
[2023-09-09 18:59:35,509] {logging_mixin.py:115} INFO - [2023-09-09 18:59:35,509] {dag.py:2972} INFO - Setting next_dagrun for example_task_group to 2023-09-08T18:59:35.509219+00:00, run_after=2023-09-09T18:59:35.509219+00:00
[2023-09-09 18:59:35,514] {processor.py:161} INFO - Processing /home/airflow/.local/lib/python3.7/site-packages/airflow/example_dags/example_task_group.py took 0.038 seconds
[2023-09-09 19:00:05,720] {processor.py:153} INFO - Started process (PID=355) to work on /home/airflow/.local/lib/python3.7/site-packages/airflow/example_dags/example_task_group.py
[2023-09-09 19:00:05,721] {processor.py:641} INFO - Processing file /home/airflow/.local/lib/python3.7/site-packages/airflow/example_dags/example_task_group.py for tasks to queue
[2023-09-09 19:00:05,722] {logging_mixin.py:115} INFO - [2023-09-09 19:00:05,722] {dagbag.py:508} INFO - Filling up the DagBag from /home/airflow/.local/lib/python3.7/site-packages/airflow/example_dags/example_task_group.py
[2023-09-09 19:00:05,727] {processor.py:651} INFO - DAG(s) dict_keys(['example_task_group']) retrieved from /home/airflow/.local/lib/python3.7/site-packages/airflow/example_dags/example_task_group.py
[2023-09-09 19:00:05,750] {logging_mixin.py:115} INFO - [2023-09-09 19:00:05,750] {dag.py:2420} INFO - Sync 1 DAGs
[2023-09-09 19:00:05,762] {logging_mixin.py:115} INFO - [2023-09-09 19:00:05,762] {dag.py:2972} INFO - Setting next_dagrun for example_task_group to 2023-09-08T19:00:05.761811+00:00, run_after=2023-09-09T19:00:05.761811+00:00
[2023-09-09 19:00:05,768] {processor.py:161} INFO - Processing /home/airflow/.local/lib/python3.7/site-packages/airflow/example_dags/example_task_group.py took 0.049 seconds
[2023-09-09 19:00:36,121] {processor.py:153} INFO - Started process (PID=419) to work on /home/airflow/.local/lib/python3.7/site-packages/airflow/example_dags/example_task_group.py
[2023-09-09 19:00:36,121] {processor.py:641} INFO - Processing file /home/airflow/.local/lib/python3.7/site-packages/airflow/example_dags/example_task_group.py for tasks to queue
[2023-09-09 19:00:36,122] {logging_mixin.py:115} INFO - [2023-09-09 19:00:36,122] {dagbag.py:508} INFO - Filling up the DagBag from /home/airflow/.local/lib/python3.7/site-packages/airflow/example_dags/example_task_group.py
[2023-09-09 19:00:36,126] {processor.py:651} INFO - DAG(s) dict_keys(['example_task_group']) retrieved from /home/airflow/.local/lib/python3.7/site-packages/airflow/example_dags/example_task_group.py
[2023-09-09 19:00:36,143] {logging_mixin.py:115} INFO - [2023-09-09 19:00:36,143] {dag.py:2420} INFO - Sync 1 DAGs
[2023-09-09 19:00:36,153] {logging_mixin.py:115} INFO - [2023-09-09 19:00:36,153] {dag.py:2972} INFO - Setting next_dagrun for example_task_group to 2023-09-08T19:00:36.153413+00:00, run_after=2023-09-09T19:00:36.153413+00:00
[2023-09-09 19:00:36,159] {processor.py:161} INFO - Processing /home/airflow/.local/lib/python3.7/site-packages/airflow/example_dags/example_task_group.py took 0.040 seconds
[2023-09-09 19:01:06,263] {processor.py:153} INFO - Started process (PID=483) to work on /home/airflow/.local/lib/python3.7/site-packages/airflow/example_dags/example_task_group.py
[2023-09-09 19:01:06,263] {processor.py:641} INFO - Processing file /home/airflow/.local/lib/python3.7/site-packages/airflow/example_dags/example_task_group.py for tasks to queue
[2023-09-09 19:01:06,264] {logging_mixin.py:115} INFO - [2023-09-09 19:01:06,264] {dagbag.py:508} INFO - Filling up the DagBag from /home/airflow/.local/lib/python3.7/site-packages/airflow/example_dags/example_task_group.py
[2023-09-09 19:01:06,267] {processor.py:651} INFO - DAG(s) dict_keys(['example_task_group']) retrieved from /home/airflow/.local/lib/python3.7/site-packages/airflow/example_dags/example_task_group.py
[2023-09-09 19:01:06,282] {logging_mixin.py:115} INFO - [2023-09-09 19:01:06,281] {dag.py:2420} INFO - Sync 1 DAGs
[2023-09-09 19:01:06,292] {logging_mixin.py:115} INFO - [2023-09-09 19:01:06,292] {dag.py:2972} INFO - Setting next_dagrun for example_task_group to 2023-09-08T19:01:06.292076+00:00, run_after=2023-09-09T19:01:06.292076+00:00
[2023-09-09 19:01:06,297] {processor.py:161} INFO - Processing /home/airflow/.local/lib/python3.7/site-packages/airflow/example_dags/example_task_group.py took 0.036 seconds
[2023-09-09 19:01:36,571] {processor.py:153} INFO - Started process (PID=546) to work on /home/airflow/.local/lib/python3.7/site-packages/airflow/example_dags/example_task_group.py
[2023-09-09 19:01:36,572] {processor.py:641} INFO - Processing file /home/airflow/.local/lib/python3.7/site-packages/airflow/example_dags/example_task_group.py for tasks to queue
[2023-09-09 19:01:36,573] {logging_mixin.py:115} INFO - [2023-09-09 19:01:36,572] {dagbag.py:508} INFO - Filling up the DagBag from /home/airflow/.local/lib/python3.7/site-packages/airflow/example_dags/example_task_group.py
[2023-09-09 19:01:36,576] {processor.py:651} INFO - DAG(s) dict_keys(['example_task_group']) retrieved from /home/airflow/.local/lib/python3.7/site-packages/airflow/example_dags/example_task_group.py
[2023-09-09 19:01:36,591] {logging_mixin.py:115} INFO - [2023-09-09 19:01:36,591] {dag.py:2420} INFO - Sync 1 DAGs
[2023-09-09 19:01:36,601] {logging_mixin.py:115} INFO - [2023-09-09 19:01:36,601] {dag.py:2972} INFO - Setting next_dagrun for example_task_group to 2023-09-08T19:01:36.601653+00:00, run_after=2023-09-09T19:01:36.601653+00:00
[2023-09-09 19:01:36,607] {processor.py:161} INFO - Processing /home/airflow/.local/lib/python3.7/site-packages/airflow/example_dags/example_task_group.py took 0.037 seconds
[2023-09-09 19:02:06,964] {processor.py:153} INFO - Started process (PID=609) to work on /home/airflow/.local/lib/python3.7/site-packages/airflow/example_dags/example_task_group.py
[2023-09-09 19:02:06,965] {processor.py:641} INFO - Processing file /home/airflow/.local/lib/python3.7/site-packages/airflow/example_dags/example_task_group.py for tasks to queue
[2023-09-09 19:02:06,966] {logging_mixin.py:115} INFO - [2023-09-09 19:02:06,966] {dagbag.py:508} INFO - Filling up the DagBag from /home/airflow/.local/lib/python3.7/site-packages/airflow/example_dags/example_task_group.py
[2023-09-09 19:02:06,970] {processor.py:651} INFO - DAG(s) dict_keys(['example_task_group']) retrieved from /home/airflow/.local/lib/python3.7/site-packages/airflow/example_dags/example_task_group.py
[2023-09-09 19:02:06,999] {logging_mixin.py:115} INFO - [2023-09-09 19:02:06,995] {dag.py:2420} INFO - Sync 1 DAGs
[2023-09-09 19:02:07,032] {logging_mixin.py:115} INFO - [2023-09-09 19:02:07,032] {dag.py:2972} INFO - Setting next_dagrun for example_task_group to 2023-09-08T19:02:07.032457+00:00, run_after=2023-09-09T19:02:07.032457+00:00
[2023-09-09 19:02:07,050] {processor.py:161} INFO - Processing /home/airflow/.local/lib/python3.7/site-packages/airflow/example_dags/example_task_group.py took 0.087 seconds
[2023-09-09 19:02:37,801] {processor.py:153} INFO - Started process (PID=667) to work on /home/airflow/.local/lib/python3.7/site-packages/airflow/example_dags/example_task_group.py
[2023-09-09 19:02:37,802] {processor.py:641} INFO - Processing file /home/airflow/.local/lib/python3.7/site-packages/airflow/example_dags/example_task_group.py for tasks to queue
[2023-09-09 19:02:37,803] {logging_mixin.py:115} INFO - [2023-09-09 19:02:37,803] {dagbag.py:508} INFO - Filling up the DagBag from /home/airflow/.local/lib/python3.7/site-packages/airflow/example_dags/example_task_group.py
[2023-09-09 19:02:37,807] {processor.py:651} INFO - DAG(s) dict_keys(['example_task_group']) retrieved from /home/airflow/.local/lib/python3.7/site-packages/airflow/example_dags/example_task_group.py
[2023-09-09 19:02:37,821] {logging_mixin.py:115} INFO - [2023-09-09 19:02:37,821] {dag.py:2420} INFO - Sync 1 DAGs
[2023-09-09 19:02:37,831] {logging_mixin.py:115} INFO - [2023-09-09 19:02:37,831] {dag.py:2972} INFO - Setting next_dagrun for example_task_group to 2023-09-08T19:02:37.831139+00:00, run_after=2023-09-09T19:02:37.831139+00:00
[2023-09-09 19:02:37,836] {processor.py:161} INFO - Processing /home/airflow/.local/lib/python3.7/site-packages/airflow/example_dags/example_task_group.py took 0.037 seconds
[2023-09-09 19:03:35,622] {processor.py:153} INFO - Started process (PID=51) to work on /home/airflow/.local/lib/python3.7/site-packages/airflow/example_dags/example_task_group.py
[2023-09-09 19:03:35,623] {processor.py:641} INFO - Processing file /home/airflow/.local/lib/python3.7/site-packages/airflow/example_dags/example_task_group.py for tasks to queue
[2023-09-09 19:03:35,623] {logging_mixin.py:115} INFO - [2023-09-09 19:03:35,623] {dagbag.py:508} INFO - Filling up the DagBag from /home/airflow/.local/lib/python3.7/site-packages/airflow/example_dags/example_task_group.py
[2023-09-09 19:03:35,629] {processor.py:651} INFO - DAG(s) dict_keys(['example_task_group']) retrieved from /home/airflow/.local/lib/python3.7/site-packages/airflow/example_dags/example_task_group.py
[2023-09-09 19:03:35,650] {logging_mixin.py:115} INFO - [2023-09-09 19:03:35,650] {dag.py:2420} INFO - Sync 1 DAGs
[2023-09-09 19:03:35,681] {logging_mixin.py:115} INFO - [2023-09-09 19:03:35,681] {dag.py:2972} INFO - Setting next_dagrun for example_task_group to 2023-09-08T19:03:35.680553+00:00, run_after=2023-09-09T19:03:35.680553+00:00
[2023-09-09 19:03:35,694] {processor.py:161} INFO - Processing /home/airflow/.local/lib/python3.7/site-packages/airflow/example_dags/example_task_group.py took 0.075 seconds
[2023-09-09 19:04:05,728] {processor.py:153} INFO - Started process (PID=114) to work on /home/airflow/.local/lib/python3.7/site-packages/airflow/example_dags/example_task_group.py
[2023-09-09 19:04:05,729] {processor.py:641} INFO - Processing file /home/airflow/.local/lib/python3.7/site-packages/airflow/example_dags/example_task_group.py for tasks to queue
[2023-09-09 19:04:05,729] {logging_mixin.py:115} INFO - [2023-09-09 19:04:05,729] {dagbag.py:508} INFO - Filling up the DagBag from /home/airflow/.local/lib/python3.7/site-packages/airflow/example_dags/example_task_group.py
[2023-09-09 19:04:05,733] {processor.py:651} INFO - DAG(s) dict_keys(['example_task_group']) retrieved from /home/airflow/.local/lib/python3.7/site-packages/airflow/example_dags/example_task_group.py
[2023-09-09 19:04:05,749] {logging_mixin.py:115} INFO - [2023-09-09 19:04:05,749] {dag.py:2420} INFO - Sync 1 DAGs
[2023-09-09 19:04:05,759] {logging_mixin.py:115} INFO - [2023-09-09 19:04:05,759] {dag.py:2972} INFO - Setting next_dagrun for example_task_group to 2023-09-08T19:04:05.759416+00:00, run_after=2023-09-09T19:04:05.759416+00:00
[2023-09-09 19:04:05,764] {processor.py:161} INFO - Processing /home/airflow/.local/lib/python3.7/site-packages/airflow/example_dags/example_task_group.py took 0.038 seconds
[2023-09-09 19:04:36,000] {processor.py:153} INFO - Started process (PID=176) to work on /home/airflow/.local/lib/python3.7/site-packages/airflow/example_dags/example_task_group.py
[2023-09-09 19:04:36,001] {processor.py:641} INFO - Processing file /home/airflow/.local/lib/python3.7/site-packages/airflow/example_dags/example_task_group.py for tasks to queue
[2023-09-09 19:04:36,002] {logging_mixin.py:115} INFO - [2023-09-09 19:04:36,002] {dagbag.py:508} INFO - Filling up the DagBag from /home/airflow/.local/lib/python3.7/site-packages/airflow/example_dags/example_task_group.py
[2023-09-09 19:04:36,005] {processor.py:651} INFO - DAG(s) dict_keys(['example_task_group']) retrieved from /home/airflow/.local/lib/python3.7/site-packages/airflow/example_dags/example_task_group.py
[2023-09-09 19:04:36,020] {logging_mixin.py:115} INFO - [2023-09-09 19:04:36,020] {dag.py:2420} INFO - Sync 1 DAGs
[2023-09-09 19:04:36,030] {logging_mixin.py:115} INFO - [2023-09-09 19:04:36,030] {dag.py:2972} INFO - Setting next_dagrun for example_task_group to 2023-09-08T19:04:36.030529+00:00, run_after=2023-09-09T19:04:36.030529+00:00
[2023-09-09 19:04:36,035] {processor.py:161} INFO - Processing /home/airflow/.local/lib/python3.7/site-packages/airflow/example_dags/example_task_group.py took 0.036 seconds
[2023-09-09 19:05:06,307] {processor.py:153} INFO - Started process (PID=240) to work on /home/airflow/.local/lib/python3.7/site-packages/airflow/example_dags/example_task_group.py
[2023-09-09 19:05:06,308] {processor.py:641} INFO - Processing file /home/airflow/.local/lib/python3.7/site-packages/airflow/example_dags/example_task_group.py for tasks to queue
[2023-09-09 19:05:06,308] {logging_mixin.py:115} INFO - [2023-09-09 19:05:06,308] {dagbag.py:508} INFO - Filling up the DagBag from /home/airflow/.local/lib/python3.7/site-packages/airflow/example_dags/example_task_group.py
[2023-09-09 19:05:06,312] {processor.py:651} INFO - DAG(s) dict_keys(['example_task_group']) retrieved from /home/airflow/.local/lib/python3.7/site-packages/airflow/example_dags/example_task_group.py
[2023-09-09 19:05:06,326] {logging_mixin.py:115} INFO - [2023-09-09 19:05:06,326] {dag.py:2420} INFO - Sync 1 DAGs
[2023-09-09 19:05:06,336] {logging_mixin.py:115} INFO - [2023-09-09 19:05:06,336] {dag.py:2972} INFO - Setting next_dagrun for example_task_group to 2023-09-08T19:05:06.335887+00:00, run_after=2023-09-09T19:05:06.335887+00:00
[2023-09-09 19:05:06,341] {processor.py:161} INFO - Processing /home/airflow/.local/lib/python3.7/site-packages/airflow/example_dags/example_task_group.py took 0.035 seconds
[2023-09-09 19:05:36,618] {processor.py:153} INFO - Started process (PID=294) to work on /home/airflow/.local/lib/python3.7/site-packages/airflow/example_dags/example_task_group.py
[2023-09-09 19:05:36,619] {processor.py:641} INFO - Processing file /home/airflow/.local/lib/python3.7/site-packages/airflow/example_dags/example_task_group.py for tasks to queue
[2023-09-09 19:05:36,619] {logging_mixin.py:115} INFO - [2023-09-09 19:05:36,619] {dagbag.py:508} INFO - Filling up the DagBag from /home/airflow/.local/lib/python3.7/site-packages/airflow/example_dags/example_task_group.py
[2023-09-09 19:05:36,623] {processor.py:651} INFO - DAG(s) dict_keys(['example_task_group']) retrieved from /home/airflow/.local/lib/python3.7/site-packages/airflow/example_dags/example_task_group.py
[2023-09-09 19:05:36,637] {logging_mixin.py:115} INFO - [2023-09-09 19:05:36,637] {dag.py:2420} INFO - Sync 1 DAGs
[2023-09-09 19:05:36,647] {logging_mixin.py:115} INFO - [2023-09-09 19:05:36,647] {dag.py:2972} INFO - Setting next_dagrun for example_task_group to 2023-09-08T19:05:36.647653+00:00, run_after=2023-09-09T19:05:36.647653+00:00
[2023-09-09 19:05:36,653] {processor.py:161} INFO - Processing /home/airflow/.local/lib/python3.7/site-packages/airflow/example_dags/example_task_group.py took 0.036 seconds
[2023-09-09 19:06:06,917] {processor.py:153} INFO - Started process (PID=356) to work on /home/airflow/.local/lib/python3.7/site-packages/airflow/example_dags/example_task_group.py
[2023-09-09 19:06:06,918] {processor.py:641} INFO - Processing file /home/airflow/.local/lib/python3.7/site-packages/airflow/example_dags/example_task_group.py for tasks to queue
[2023-09-09 19:06:06,918] {logging_mixin.py:115} INFO - [2023-09-09 19:06:06,918] {dagbag.py:508} INFO - Filling up the DagBag from /home/airflow/.local/lib/python3.7/site-packages/airflow/example_dags/example_task_group.py
[2023-09-09 19:06:06,922] {processor.py:651} INFO - DAG(s) dict_keys(['example_task_group']) retrieved from /home/airflow/.local/lib/python3.7/site-packages/airflow/example_dags/example_task_group.py
[2023-09-09 19:06:06,935] {logging_mixin.py:115} INFO - [2023-09-09 19:06:06,935] {dag.py:2420} INFO - Sync 1 DAGs
[2023-09-09 19:06:06,945] {logging_mixin.py:115} INFO - [2023-09-09 19:06:06,945] {dag.py:2972} INFO - Setting next_dagrun for example_task_group to 2023-09-08T19:06:06.945182+00:00, run_after=2023-09-09T19:06:06.945182+00:00
[2023-09-09 19:06:06,950] {processor.py:161} INFO - Processing /home/airflow/.local/lib/python3.7/site-packages/airflow/example_dags/example_task_group.py took 0.034 seconds
[2023-09-09 19:06:37,251] {processor.py:153} INFO - Started process (PID=419) to work on /home/airflow/.local/lib/python3.7/site-packages/airflow/example_dags/example_task_group.py
[2023-09-09 19:06:37,252] {processor.py:641} INFO - Processing file /home/airflow/.local/lib/python3.7/site-packages/airflow/example_dags/example_task_group.py for tasks to queue
[2023-09-09 19:06:37,252] {logging_mixin.py:115} INFO - [2023-09-09 19:06:37,252] {dagbag.py:508} INFO - Filling up the DagBag from /home/airflow/.local/lib/python3.7/site-packages/airflow/example_dags/example_task_group.py
[2023-09-09 19:06:37,256] {processor.py:651} INFO - DAG(s) dict_keys(['example_task_group']) retrieved from /home/airflow/.local/lib/python3.7/site-packages/airflow/example_dags/example_task_group.py
[2023-09-09 19:06:37,270] {logging_mixin.py:115} INFO - [2023-09-09 19:06:37,270] {dag.py:2420} INFO - Sync 1 DAGs
[2023-09-09 19:06:37,280] {logging_mixin.py:115} INFO - [2023-09-09 19:06:37,280] {dag.py:2972} INFO - Setting next_dagrun for example_task_group to 2023-09-08T19:06:37.280131+00:00, run_after=2023-09-09T19:06:37.280131+00:00
[2023-09-09 19:06:37,284] {processor.py:161} INFO - Processing /home/airflow/.local/lib/python3.7/site-packages/airflow/example_dags/example_task_group.py took 0.035 seconds
[2023-09-09 19:07:07,551] {processor.py:153} INFO - Started process (PID=482) to work on /home/airflow/.local/lib/python3.7/site-packages/airflow/example_dags/example_task_group.py
[2023-09-09 19:07:07,552] {processor.py:641} INFO - Processing file /home/airflow/.local/lib/python3.7/site-packages/airflow/example_dags/example_task_group.py for tasks to queue
[2023-09-09 19:07:07,552] {logging_mixin.py:115} INFO - [2023-09-09 19:07:07,552] {dagbag.py:508} INFO - Filling up the DagBag from /home/airflow/.local/lib/python3.7/site-packages/airflow/example_dags/example_task_group.py
[2023-09-09 19:07:07,556] {processor.py:651} INFO - DAG(s) dict_keys(['example_task_group']) retrieved from /home/airflow/.local/lib/python3.7/site-packages/airflow/example_dags/example_task_group.py
[2023-09-09 19:07:07,569] {logging_mixin.py:115} INFO - [2023-09-09 19:07:07,569] {dag.py:2420} INFO - Sync 1 DAGs
[2023-09-09 19:07:07,579] {logging_mixin.py:115} INFO - [2023-09-09 19:07:07,579] {dag.py:2972} INFO - Setting next_dagrun for example_task_group to 2023-09-08T19:07:07.579423+00:00, run_after=2023-09-09T19:07:07.579423+00:00
[2023-09-09 19:07:07,584] {processor.py:161} INFO - Processing /home/airflow/.local/lib/python3.7/site-packages/airflow/example_dags/example_task_group.py took 0.035 seconds
[2023-09-09 19:07:37,877] {processor.py:153} INFO - Started process (PID=545) to work on /home/airflow/.local/lib/python3.7/site-packages/airflow/example_dags/example_task_group.py
[2023-09-09 19:07:37,878] {processor.py:641} INFO - Processing file /home/airflow/.local/lib/python3.7/site-packages/airflow/example_dags/example_task_group.py for tasks to queue
[2023-09-09 19:07:37,878] {logging_mixin.py:115} INFO - [2023-09-09 19:07:37,878] {dagbag.py:508} INFO - Filling up the DagBag from /home/airflow/.local/lib/python3.7/site-packages/airflow/example_dags/example_task_group.py
[2023-09-09 19:07:37,882] {processor.py:651} INFO - DAG(s) dict_keys(['example_task_group']) retrieved from /home/airflow/.local/lib/python3.7/site-packages/airflow/example_dags/example_task_group.py
[2023-09-09 19:07:37,898] {logging_mixin.py:115} INFO - [2023-09-09 19:07:37,898] {dag.py:2420} INFO - Sync 1 DAGs
[2023-09-09 19:07:37,907] {logging_mixin.py:115} INFO - [2023-09-09 19:07:37,907] {dag.py:2972} INFO - Setting next_dagrun for example_task_group to 2023-09-08T19:07:37.907551+00:00, run_after=2023-09-09T19:07:37.907551+00:00
[2023-09-09 19:07:37,912] {processor.py:161} INFO - Processing /home/airflow/.local/lib/python3.7/site-packages/airflow/example_dags/example_task_group.py took 0.037 seconds
[2023-09-09 19:08:08,442] {processor.py:153} INFO - Started process (PID=608) to work on /home/airflow/.local/lib/python3.7/site-packages/airflow/example_dags/example_task_group.py
[2023-09-09 19:08:08,444] {processor.py:641} INFO - Processing file /home/airflow/.local/lib/python3.7/site-packages/airflow/example_dags/example_task_group.py for tasks to queue
[2023-09-09 19:08:08,445] {logging_mixin.py:115} INFO - [2023-09-09 19:08:08,445] {dagbag.py:508} INFO - Filling up the DagBag from /home/airflow/.local/lib/python3.7/site-packages/airflow/example_dags/example_task_group.py
[2023-09-09 19:08:08,451] {processor.py:651} INFO - DAG(s) dict_keys(['example_task_group']) retrieved from /home/airflow/.local/lib/python3.7/site-packages/airflow/example_dags/example_task_group.py
[2023-09-09 19:08:08,795] {logging_mixin.py:115} INFO - [2023-09-09 19:08:08,795] {dag.py:2420} INFO - Sync 1 DAGs
[2023-09-09 19:08:08,838] {logging_mixin.py:115} INFO - [2023-09-09 19:08:08,838] {dag.py:2972} INFO - Setting next_dagrun for example_task_group to 2023-09-08T19:08:08.838182+00:00, run_after=2023-09-09T19:08:08.838182+00:00
[2023-09-09 19:08:08,859] {processor.py:161} INFO - Processing /home/airflow/.local/lib/python3.7/site-packages/airflow/example_dags/example_task_group.py took 0.420 seconds
[2023-09-09 19:08:39,111] {processor.py:153} INFO - Started process (PID=661) to work on /home/airflow/.local/lib/python3.7/site-packages/airflow/example_dags/example_task_group.py
[2023-09-09 19:08:39,112] {processor.py:641} INFO - Processing file /home/airflow/.local/lib/python3.7/site-packages/airflow/example_dags/example_task_group.py for tasks to queue
[2023-09-09 19:08:39,112] {logging_mixin.py:115} INFO - [2023-09-09 19:08:39,112] {dagbag.py:508} INFO - Filling up the DagBag from /home/airflow/.local/lib/python3.7/site-packages/airflow/example_dags/example_task_group.py
[2023-09-09 19:08:39,116] {processor.py:651} INFO - DAG(s) dict_keys(['example_task_group']) retrieved from /home/airflow/.local/lib/python3.7/site-packages/airflow/example_dags/example_task_group.py
[2023-09-09 19:08:39,130] {logging_mixin.py:115} INFO - [2023-09-09 19:08:39,130] {dag.py:2420} INFO - Sync 1 DAGs
[2023-09-09 19:08:39,140] {logging_mixin.py:115} INFO - [2023-09-09 19:08:39,140] {dag.py:2972} INFO - Setting next_dagrun for example_task_group to 2023-09-08T19:08:39.140577+00:00, run_after=2023-09-09T19:08:39.140577+00:00
[2023-09-09 19:08:39,145] {processor.py:161} INFO - Processing /home/airflow/.local/lib/python3.7/site-packages/airflow/example_dags/example_task_group.py took 0.036 seconds
[2023-09-09 19:09:09,439] {processor.py:153} INFO - Started process (PID=724) to work on /home/airflow/.local/lib/python3.7/site-packages/airflow/example_dags/example_task_group.py
[2023-09-09 19:09:09,439] {processor.py:641} INFO - Processing file /home/airflow/.local/lib/python3.7/site-packages/airflow/example_dags/example_task_group.py for tasks to queue
[2023-09-09 19:09:09,440] {logging_mixin.py:115} INFO - [2023-09-09 19:09:09,440] {dagbag.py:508} INFO - Filling up the DagBag from /home/airflow/.local/lib/python3.7/site-packages/airflow/example_dags/example_task_group.py
[2023-09-09 19:09:09,444] {processor.py:651} INFO - DAG(s) dict_keys(['example_task_group']) retrieved from /home/airflow/.local/lib/python3.7/site-packages/airflow/example_dags/example_task_group.py
[2023-09-09 19:09:09,458] {logging_mixin.py:115} INFO - [2023-09-09 19:09:09,458] {dag.py:2420} INFO - Sync 1 DAGs
[2023-09-09 19:09:09,468] {logging_mixin.py:115} INFO - [2023-09-09 19:09:09,467] {dag.py:2972} INFO - Setting next_dagrun for example_task_group to 2023-09-08T19:09:09.467760+00:00, run_after=2023-09-09T19:09:09.467760+00:00
[2023-09-09 19:09:09,473] {processor.py:161} INFO - Processing /home/airflow/.local/lib/python3.7/site-packages/airflow/example_dags/example_task_group.py took 0.036 seconds
