[2023-09-09 18:40:40,082] {processor.py:153} INFO - Started process (PID=43) to work on /home/airflow/.local/lib/python3.7/site-packages/airflow/example_dags/example_branch_day_of_week_operator.py
[2023-09-09 18:40:40,083] {processor.py:641} INFO - Processing file /home/airflow/.local/lib/python3.7/site-packages/airflow/example_dags/example_branch_day_of_week_operator.py for tasks to queue
[2023-09-09 18:40:40,084] {logging_mixin.py:115} INFO - [2023-09-09 18:40:40,084] {dagbag.py:508} INFO - Filling up the DagBag from /home/airflow/.local/lib/python3.7/site-packages/airflow/example_dags/example_branch_day_of_week_operator.py
[2023-09-09 18:40:40,093] {processor.py:651} INFO - DAG(s) dict_keys(['example_weekday_branch_operator']) retrieved from /home/airflow/.local/lib/python3.7/site-packages/airflow/example_dags/example_branch_day_of_week_operator.py
[2023-09-09 18:40:40,148] {logging_mixin.py:115} INFO - [2023-09-09 18:40:40,148] {manager.py:508} INFO - Created Permission View: can edit on DAG:example_weekday_branch_operator
[2023-09-09 18:40:40,154] {logging_mixin.py:115} INFO - [2023-09-09 18:40:40,154] {manager.py:508} INFO - Created Permission View: can read on DAG:example_weekday_branch_operator
[2023-09-09 18:40:40,158] {logging_mixin.py:115} INFO - [2023-09-09 18:40:40,158] {manager.py:508} INFO - Created Permission View: can delete on DAG:example_weekday_branch_operator
[2023-09-09 18:40:40,158] {logging_mixin.py:115} INFO - [2023-09-09 18:40:40,158] {dag.py:2420} INFO - Sync 1 DAGs
[2023-09-09 18:40:40,165] {logging_mixin.py:115} INFO - [2023-09-09 18:40:40,165] {dag.py:2439} INFO - Creating ORM DAG for example_weekday_branch_operator
[2023-09-09 18:40:40,172] {logging_mixin.py:115} INFO - [2023-09-09 18:40:40,171] {dag.py:2972} INFO - Setting next_dagrun for example_weekday_branch_operator to 2023-09-08T00:00:00+00:00, run_after=2023-09-09T00:00:00+00:00
[2023-09-09 18:40:40,179] {processor.py:161} INFO - Processing /home/airflow/.local/lib/python3.7/site-packages/airflow/example_dags/example_branch_day_of_week_operator.py took 0.099 seconds
[2023-09-09 18:41:10,200] {processor.py:153} INFO - Started process (PID=106) to work on /home/airflow/.local/lib/python3.7/site-packages/airflow/example_dags/example_branch_day_of_week_operator.py
[2023-09-09 18:41:10,201] {processor.py:641} INFO - Processing file /home/airflow/.local/lib/python3.7/site-packages/airflow/example_dags/example_branch_day_of_week_operator.py for tasks to queue
[2023-09-09 18:41:10,201] {logging_mixin.py:115} INFO - [2023-09-09 18:41:10,201] {dagbag.py:508} INFO - Filling up the DagBag from /home/airflow/.local/lib/python3.7/site-packages/airflow/example_dags/example_branch_day_of_week_operator.py
[2023-09-09 18:41:10,206] {processor.py:651} INFO - DAG(s) dict_keys(['example_weekday_branch_operator']) retrieved from /home/airflow/.local/lib/python3.7/site-packages/airflow/example_dags/example_branch_day_of_week_operator.py
[2023-09-09 18:41:10,220] {logging_mixin.py:115} INFO - [2023-09-09 18:41:10,220] {dag.py:2420} INFO - Sync 1 DAGs
[2023-09-09 18:41:10,231] {logging_mixin.py:115} INFO - [2023-09-09 18:41:10,231] {dag.py:2972} INFO - Setting next_dagrun for example_weekday_branch_operator to 2023-09-08T00:00:00+00:00, run_after=2023-09-09T00:00:00+00:00
[2023-09-09 18:41:10,236] {processor.py:161} INFO - Processing /home/airflow/.local/lib/python3.7/site-packages/airflow/example_dags/example_branch_day_of_week_operator.py took 0.037 seconds
[2023-09-09 18:41:40,417] {processor.py:153} INFO - Started process (PID=169) to work on /home/airflow/.local/lib/python3.7/site-packages/airflow/example_dags/example_branch_day_of_week_operator.py
[2023-09-09 18:41:40,418] {processor.py:641} INFO - Processing file /home/airflow/.local/lib/python3.7/site-packages/airflow/example_dags/example_branch_day_of_week_operator.py for tasks to queue
[2023-09-09 18:41:40,418] {logging_mixin.py:115} INFO - [2023-09-09 18:41:40,418] {dagbag.py:508} INFO - Filling up the DagBag from /home/airflow/.local/lib/python3.7/site-packages/airflow/example_dags/example_branch_day_of_week_operator.py
[2023-09-09 18:41:40,423] {processor.py:651} INFO - DAG(s) dict_keys(['example_weekday_branch_operator']) retrieved from /home/airflow/.local/lib/python3.7/site-packages/airflow/example_dags/example_branch_day_of_week_operator.py
[2023-09-09 18:41:40,438] {logging_mixin.py:115} INFO - [2023-09-09 18:41:40,438] {dag.py:2420} INFO - Sync 1 DAGs
[2023-09-09 18:41:40,449] {logging_mixin.py:115} INFO - [2023-09-09 18:41:40,449] {dag.py:2972} INFO - Setting next_dagrun for example_weekday_branch_operator to 2023-09-08T00:00:00+00:00, run_after=2023-09-09T00:00:00+00:00
[2023-09-09 18:41:40,454] {processor.py:161} INFO - Processing /home/airflow/.local/lib/python3.7/site-packages/airflow/example_dags/example_branch_day_of_week_operator.py took 0.039 seconds
[2023-09-09 18:42:10,850] {processor.py:153} INFO - Started process (PID=233) to work on /home/airflow/.local/lib/python3.7/site-packages/airflow/example_dags/example_branch_day_of_week_operator.py
[2023-09-09 18:42:10,850] {processor.py:641} INFO - Processing file /home/airflow/.local/lib/python3.7/site-packages/airflow/example_dags/example_branch_day_of_week_operator.py for tasks to queue
[2023-09-09 18:42:10,851] {logging_mixin.py:115} INFO - [2023-09-09 18:42:10,851] {dagbag.py:508} INFO - Filling up the DagBag from /home/airflow/.local/lib/python3.7/site-packages/airflow/example_dags/example_branch_day_of_week_operator.py
[2023-09-09 18:42:10,857] {processor.py:651} INFO - DAG(s) dict_keys(['example_weekday_branch_operator']) retrieved from /home/airflow/.local/lib/python3.7/site-packages/airflow/example_dags/example_branch_day_of_week_operator.py
[2023-09-09 18:42:10,873] {logging_mixin.py:115} INFO - [2023-09-09 18:42:10,873] {dag.py:2420} INFO - Sync 1 DAGs
[2023-09-09 18:42:10,886] {logging_mixin.py:115} INFO - [2023-09-09 18:42:10,886] {dag.py:2972} INFO - Setting next_dagrun for example_weekday_branch_operator to 2023-09-08T00:00:00+00:00, run_after=2023-09-09T00:00:00+00:00
[2023-09-09 18:42:10,891] {processor.py:161} INFO - Processing /home/airflow/.local/lib/python3.7/site-packages/airflow/example_dags/example_branch_day_of_week_operator.py took 0.044 seconds
[2023-09-09 18:42:41,155] {processor.py:153} INFO - Started process (PID=286) to work on /home/airflow/.local/lib/python3.7/site-packages/airflow/example_dags/example_branch_day_of_week_operator.py
[2023-09-09 18:42:41,155] {processor.py:641} INFO - Processing file /home/airflow/.local/lib/python3.7/site-packages/airflow/example_dags/example_branch_day_of_week_operator.py for tasks to queue
[2023-09-09 18:42:41,156] {logging_mixin.py:115} INFO - [2023-09-09 18:42:41,156] {dagbag.py:508} INFO - Filling up the DagBag from /home/airflow/.local/lib/python3.7/site-packages/airflow/example_dags/example_branch_day_of_week_operator.py
[2023-09-09 18:42:41,160] {processor.py:651} INFO - DAG(s) dict_keys(['example_weekday_branch_operator']) retrieved from /home/airflow/.local/lib/python3.7/site-packages/airflow/example_dags/example_branch_day_of_week_operator.py
[2023-09-09 18:42:41,175] {logging_mixin.py:115} INFO - [2023-09-09 18:42:41,175] {dag.py:2420} INFO - Sync 1 DAGs
[2023-09-09 18:42:41,187] {logging_mixin.py:115} INFO - [2023-09-09 18:42:41,187] {dag.py:2972} INFO - Setting next_dagrun for example_weekday_branch_operator to 2023-09-08T00:00:00+00:00, run_after=2023-09-09T00:00:00+00:00
[2023-09-09 18:42:41,192] {processor.py:161} INFO - Processing /home/airflow/.local/lib/python3.7/site-packages/airflow/example_dags/example_branch_day_of_week_operator.py took 0.039 seconds
[2023-09-09 18:43:12,139] {processor.py:153} INFO - Started process (PID=351) to work on /home/airflow/.local/lib/python3.7/site-packages/airflow/example_dags/example_branch_day_of_week_operator.py
[2023-09-09 18:43:12,139] {processor.py:641} INFO - Processing file /home/airflow/.local/lib/python3.7/site-packages/airflow/example_dags/example_branch_day_of_week_operator.py for tasks to queue
[2023-09-09 18:43:12,140] {logging_mixin.py:115} INFO - [2023-09-09 18:43:12,140] {dagbag.py:508} INFO - Filling up the DagBag from /home/airflow/.local/lib/python3.7/site-packages/airflow/example_dags/example_branch_day_of_week_operator.py
[2023-09-09 18:43:12,144] {processor.py:651} INFO - DAG(s) dict_keys(['example_weekday_branch_operator']) retrieved from /home/airflow/.local/lib/python3.7/site-packages/airflow/example_dags/example_branch_day_of_week_operator.py
[2023-09-09 18:43:12,158] {logging_mixin.py:115} INFO - [2023-09-09 18:43:12,158] {dag.py:2420} INFO - Sync 1 DAGs
[2023-09-09 18:43:12,168] {logging_mixin.py:115} INFO - [2023-09-09 18:43:12,168] {dag.py:2972} INFO - Setting next_dagrun for example_weekday_branch_operator to 2023-09-08T00:00:00+00:00, run_after=2023-09-09T00:00:00+00:00
[2023-09-09 18:43:12,174] {processor.py:161} INFO - Processing /home/airflow/.local/lib/python3.7/site-packages/airflow/example_dags/example_branch_day_of_week_operator.py took 0.036 seconds
[2023-09-09 18:43:42,493] {processor.py:153} INFO - Started process (PID=413) to work on /home/airflow/.local/lib/python3.7/site-packages/airflow/example_dags/example_branch_day_of_week_operator.py
[2023-09-09 18:43:42,494] {processor.py:641} INFO - Processing file /home/airflow/.local/lib/python3.7/site-packages/airflow/example_dags/example_branch_day_of_week_operator.py for tasks to queue
[2023-09-09 18:43:42,494] {logging_mixin.py:115} INFO - [2023-09-09 18:43:42,494] {dagbag.py:508} INFO - Filling up the DagBag from /home/airflow/.local/lib/python3.7/site-packages/airflow/example_dags/example_branch_day_of_week_operator.py
[2023-09-09 18:43:42,498] {processor.py:651} INFO - DAG(s) dict_keys(['example_weekday_branch_operator']) retrieved from /home/airflow/.local/lib/python3.7/site-packages/airflow/example_dags/example_branch_day_of_week_operator.py
[2023-09-09 18:43:42,513] {logging_mixin.py:115} INFO - [2023-09-09 18:43:42,513] {dag.py:2420} INFO - Sync 1 DAGs
[2023-09-09 18:43:42,523] {logging_mixin.py:115} INFO - [2023-09-09 18:43:42,523] {dag.py:2972} INFO - Setting next_dagrun for example_weekday_branch_operator to 2023-09-08T00:00:00+00:00, run_after=2023-09-09T00:00:00+00:00
[2023-09-09 18:43:42,528] {processor.py:161} INFO - Processing /home/airflow/.local/lib/python3.7/site-packages/airflow/example_dags/example_branch_day_of_week_operator.py took 0.037 seconds
[2023-09-09 18:44:12,780] {processor.py:153} INFO - Started process (PID=475) to work on /home/airflow/.local/lib/python3.7/site-packages/airflow/example_dags/example_branch_day_of_week_operator.py
[2023-09-09 18:44:12,780] {processor.py:641} INFO - Processing file /home/airflow/.local/lib/python3.7/site-packages/airflow/example_dags/example_branch_day_of_week_operator.py for tasks to queue
[2023-09-09 18:44:12,781] {logging_mixin.py:115} INFO - [2023-09-09 18:44:12,781] {dagbag.py:508} INFO - Filling up the DagBag from /home/airflow/.local/lib/python3.7/site-packages/airflow/example_dags/example_branch_day_of_week_operator.py
[2023-09-09 18:44:12,786] {processor.py:651} INFO - DAG(s) dict_keys(['example_weekday_branch_operator']) retrieved from /home/airflow/.local/lib/python3.7/site-packages/airflow/example_dags/example_branch_day_of_week_operator.py
[2023-09-09 18:44:12,800] {logging_mixin.py:115} INFO - [2023-09-09 18:44:12,800] {dag.py:2420} INFO - Sync 1 DAGs
[2023-09-09 18:44:12,811] {logging_mixin.py:115} INFO - [2023-09-09 18:44:12,811] {dag.py:2972} INFO - Setting next_dagrun for example_weekday_branch_operator to 2023-09-08T00:00:00+00:00, run_after=2023-09-09T00:00:00+00:00
[2023-09-09 18:44:12,816] {processor.py:161} INFO - Processing /home/airflow/.local/lib/python3.7/site-packages/airflow/example_dags/example_branch_day_of_week_operator.py took 0.038 seconds
[2023-09-09 18:44:43,063] {processor.py:153} INFO - Started process (PID=538) to work on /home/airflow/.local/lib/python3.7/site-packages/airflow/example_dags/example_branch_day_of_week_operator.py
[2023-09-09 18:44:43,063] {processor.py:641} INFO - Processing file /home/airflow/.local/lib/python3.7/site-packages/airflow/example_dags/example_branch_day_of_week_operator.py for tasks to queue
[2023-09-09 18:44:43,064] {logging_mixin.py:115} INFO - [2023-09-09 18:44:43,063] {dagbag.py:508} INFO - Filling up the DagBag from /home/airflow/.local/lib/python3.7/site-packages/airflow/example_dags/example_branch_day_of_week_operator.py
[2023-09-09 18:44:43,068] {processor.py:651} INFO - DAG(s) dict_keys(['example_weekday_branch_operator']) retrieved from /home/airflow/.local/lib/python3.7/site-packages/airflow/example_dags/example_branch_day_of_week_operator.py
[2023-09-09 18:44:43,081] {logging_mixin.py:115} INFO - [2023-09-09 18:44:43,081] {dag.py:2420} INFO - Sync 1 DAGs
[2023-09-09 18:44:43,092] {logging_mixin.py:115} INFO - [2023-09-09 18:44:43,092] {dag.py:2972} INFO - Setting next_dagrun for example_weekday_branch_operator to 2023-09-08T00:00:00+00:00, run_after=2023-09-09T00:00:00+00:00
[2023-09-09 18:44:43,097] {processor.py:161} INFO - Processing /home/airflow/.local/lib/python3.7/site-packages/airflow/example_dags/example_branch_day_of_week_operator.py took 0.036 seconds
[2023-09-09 18:45:13,497] {processor.py:153} INFO - Started process (PID=601) to work on /home/airflow/.local/lib/python3.7/site-packages/airflow/example_dags/example_branch_day_of_week_operator.py
[2023-09-09 18:45:13,498] {processor.py:641} INFO - Processing file /home/airflow/.local/lib/python3.7/site-packages/airflow/example_dags/example_branch_day_of_week_operator.py for tasks to queue
[2023-09-09 18:45:13,500] {logging_mixin.py:115} INFO - [2023-09-09 18:45:13,500] {dagbag.py:508} INFO - Filling up the DagBag from /home/airflow/.local/lib/python3.7/site-packages/airflow/example_dags/example_branch_day_of_week_operator.py
[2023-09-09 18:45:13,519] {processor.py:651} INFO - DAG(s) dict_keys(['example_weekday_branch_operator']) retrieved from /home/airflow/.local/lib/python3.7/site-packages/airflow/example_dags/example_branch_day_of_week_operator.py
[2023-09-09 18:45:13,555] {logging_mixin.py:115} INFO - [2023-09-09 18:45:13,554] {dag.py:2420} INFO - Sync 1 DAGs
[2023-09-09 18:45:13,567] {logging_mixin.py:115} INFO - [2023-09-09 18:45:13,567] {dag.py:2972} INFO - Setting next_dagrun for example_weekday_branch_operator to 2023-09-08T00:00:00+00:00, run_after=2023-09-09T00:00:00+00:00
[2023-09-09 18:45:13,572] {processor.py:161} INFO - Processing /home/airflow/.local/lib/python3.7/site-packages/airflow/example_dags/example_branch_day_of_week_operator.py took 0.078 seconds
[2023-09-09 18:45:43,888] {processor.py:153} INFO - Started process (PID=654) to work on /home/airflow/.local/lib/python3.7/site-packages/airflow/example_dags/example_branch_day_of_week_operator.py
[2023-09-09 18:45:43,888] {processor.py:641} INFO - Processing file /home/airflow/.local/lib/python3.7/site-packages/airflow/example_dags/example_branch_day_of_week_operator.py for tasks to queue
[2023-09-09 18:45:43,889] {logging_mixin.py:115} INFO - [2023-09-09 18:45:43,889] {dagbag.py:508} INFO - Filling up the DagBag from /home/airflow/.local/lib/python3.7/site-packages/airflow/example_dags/example_branch_day_of_week_operator.py
[2023-09-09 18:45:43,894] {processor.py:651} INFO - DAG(s) dict_keys(['example_weekday_branch_operator']) retrieved from /home/airflow/.local/lib/python3.7/site-packages/airflow/example_dags/example_branch_day_of_week_operator.py
[2023-09-09 18:45:43,907] {logging_mixin.py:115} INFO - [2023-09-09 18:45:43,907] {dag.py:2420} INFO - Sync 1 DAGs
[2023-09-09 18:45:43,917] {logging_mixin.py:115} INFO - [2023-09-09 18:45:43,917] {dag.py:2972} INFO - Setting next_dagrun for example_weekday_branch_operator to 2023-09-08T00:00:00+00:00, run_after=2023-09-09T00:00:00+00:00
[2023-09-09 18:45:43,923] {processor.py:161} INFO - Processing /home/airflow/.local/lib/python3.7/site-packages/airflow/example_dags/example_branch_day_of_week_operator.py took 0.037 seconds
[2023-09-09 18:46:14,193] {processor.py:153} INFO - Started process (PID=715) to work on /home/airflow/.local/lib/python3.7/site-packages/airflow/example_dags/example_branch_day_of_week_operator.py
[2023-09-09 18:46:14,194] {processor.py:641} INFO - Processing file /home/airflow/.local/lib/python3.7/site-packages/airflow/example_dags/example_branch_day_of_week_operator.py for tasks to queue
[2023-09-09 18:46:14,194] {logging_mixin.py:115} INFO - [2023-09-09 18:46:14,194] {dagbag.py:508} INFO - Filling up the DagBag from /home/airflow/.local/lib/python3.7/site-packages/airflow/example_dags/example_branch_day_of_week_operator.py
[2023-09-09 18:46:14,199] {processor.py:651} INFO - DAG(s) dict_keys(['example_weekday_branch_operator']) retrieved from /home/airflow/.local/lib/python3.7/site-packages/airflow/example_dags/example_branch_day_of_week_operator.py
[2023-09-09 18:46:14,212] {logging_mixin.py:115} INFO - [2023-09-09 18:46:14,212] {dag.py:2420} INFO - Sync 1 DAGs
[2023-09-09 18:46:14,223] {logging_mixin.py:115} INFO - [2023-09-09 18:46:14,223] {dag.py:2972} INFO - Setting next_dagrun for example_weekday_branch_operator to 2023-09-08T00:00:00+00:00, run_after=2023-09-09T00:00:00+00:00
[2023-09-09 18:46:14,228] {processor.py:161} INFO - Processing /home/airflow/.local/lib/python3.7/site-packages/airflow/example_dags/example_branch_day_of_week_operator.py took 0.037 seconds
[2023-09-09 18:46:44,417] {processor.py:153} INFO - Started process (PID=778) to work on /home/airflow/.local/lib/python3.7/site-packages/airflow/example_dags/example_branch_day_of_week_operator.py
[2023-09-09 18:46:44,418] {processor.py:641} INFO - Processing file /home/airflow/.local/lib/python3.7/site-packages/airflow/example_dags/example_branch_day_of_week_operator.py for tasks to queue
[2023-09-09 18:46:44,418] {logging_mixin.py:115} INFO - [2023-09-09 18:46:44,418] {dagbag.py:508} INFO - Filling up the DagBag from /home/airflow/.local/lib/python3.7/site-packages/airflow/example_dags/example_branch_day_of_week_operator.py
[2023-09-09 18:46:44,423] {processor.py:651} INFO - DAG(s) dict_keys(['example_weekday_branch_operator']) retrieved from /home/airflow/.local/lib/python3.7/site-packages/airflow/example_dags/example_branch_day_of_week_operator.py
[2023-09-09 18:46:44,435] {logging_mixin.py:115} INFO - [2023-09-09 18:46:44,435] {dag.py:2420} INFO - Sync 1 DAGs
[2023-09-09 18:46:44,446] {logging_mixin.py:115} INFO - [2023-09-09 18:46:44,446] {dag.py:2972} INFO - Setting next_dagrun for example_weekday_branch_operator to 2023-09-08T00:00:00+00:00, run_after=2023-09-09T00:00:00+00:00
[2023-09-09 18:46:44,451] {processor.py:161} INFO - Processing /home/airflow/.local/lib/python3.7/site-packages/airflow/example_dags/example_branch_day_of_week_operator.py took 0.035 seconds
[2023-09-09 18:47:14,678] {processor.py:153} INFO - Started process (PID=841) to work on /home/airflow/.local/lib/python3.7/site-packages/airflow/example_dags/example_branch_day_of_week_operator.py
[2023-09-09 18:47:14,678] {processor.py:641} INFO - Processing file /home/airflow/.local/lib/python3.7/site-packages/airflow/example_dags/example_branch_day_of_week_operator.py for tasks to queue
[2023-09-09 18:47:14,679] {logging_mixin.py:115} INFO - [2023-09-09 18:47:14,679] {dagbag.py:508} INFO - Filling up the DagBag from /home/airflow/.local/lib/python3.7/site-packages/airflow/example_dags/example_branch_day_of_week_operator.py
[2023-09-09 18:47:14,683] {processor.py:651} INFO - DAG(s) dict_keys(['example_weekday_branch_operator']) retrieved from /home/airflow/.local/lib/python3.7/site-packages/airflow/example_dags/example_branch_day_of_week_operator.py
[2023-09-09 18:47:14,697] {logging_mixin.py:115} INFO - [2023-09-09 18:47:14,696] {dag.py:2420} INFO - Sync 1 DAGs
[2023-09-09 18:47:14,707] {logging_mixin.py:115} INFO - [2023-09-09 18:47:14,707] {dag.py:2972} INFO - Setting next_dagrun for example_weekday_branch_operator to 2023-09-08T00:00:00+00:00, run_after=2023-09-09T00:00:00+00:00
[2023-09-09 18:47:14,713] {processor.py:161} INFO - Processing /home/airflow/.local/lib/python3.7/site-packages/airflow/example_dags/example_branch_day_of_week_operator.py took 0.036 seconds
[2023-09-09 18:47:44,966] {processor.py:153} INFO - Started process (PID=904) to work on /home/airflow/.local/lib/python3.7/site-packages/airflow/example_dags/example_branch_day_of_week_operator.py
[2023-09-09 18:47:44,967] {processor.py:641} INFO - Processing file /home/airflow/.local/lib/python3.7/site-packages/airflow/example_dags/example_branch_day_of_week_operator.py for tasks to queue
[2023-09-09 18:47:44,968] {logging_mixin.py:115} INFO - [2023-09-09 18:47:44,968] {dagbag.py:508} INFO - Filling up the DagBag from /home/airflow/.local/lib/python3.7/site-packages/airflow/example_dags/example_branch_day_of_week_operator.py
[2023-09-09 18:47:44,972] {processor.py:651} INFO - DAG(s) dict_keys(['example_weekday_branch_operator']) retrieved from /home/airflow/.local/lib/python3.7/site-packages/airflow/example_dags/example_branch_day_of_week_operator.py
[2023-09-09 18:47:44,985] {logging_mixin.py:115} INFO - [2023-09-09 18:47:44,985] {dag.py:2420} INFO - Sync 1 DAGs
[2023-09-09 18:47:44,996] {logging_mixin.py:115} INFO - [2023-09-09 18:47:44,996] {dag.py:2972} INFO - Setting next_dagrun for example_weekday_branch_operator to 2023-09-08T00:00:00+00:00, run_after=2023-09-09T00:00:00+00:00
[2023-09-09 18:47:45,001] {processor.py:161} INFO - Processing /home/airflow/.local/lib/python3.7/site-packages/airflow/example_dags/example_branch_day_of_week_operator.py took 0.036 seconds
[2023-09-09 18:48:15,198] {processor.py:153} INFO - Started process (PID=966) to work on /home/airflow/.local/lib/python3.7/site-packages/airflow/example_dags/example_branch_day_of_week_operator.py
[2023-09-09 18:48:15,199] {processor.py:641} INFO - Processing file /home/airflow/.local/lib/python3.7/site-packages/airflow/example_dags/example_branch_day_of_week_operator.py for tasks to queue
[2023-09-09 18:48:15,199] {logging_mixin.py:115} INFO - [2023-09-09 18:48:15,199] {dagbag.py:508} INFO - Filling up the DagBag from /home/airflow/.local/lib/python3.7/site-packages/airflow/example_dags/example_branch_day_of_week_operator.py
[2023-09-09 18:48:15,204] {processor.py:651} INFO - DAG(s) dict_keys(['example_weekday_branch_operator']) retrieved from /home/airflow/.local/lib/python3.7/site-packages/airflow/example_dags/example_branch_day_of_week_operator.py
[2023-09-09 18:48:15,218] {logging_mixin.py:115} INFO - [2023-09-09 18:48:15,218] {dag.py:2420} INFO - Sync 1 DAGs
[2023-09-09 18:48:15,229] {logging_mixin.py:115} INFO - [2023-09-09 18:48:15,229] {dag.py:2972} INFO - Setting next_dagrun for example_weekday_branch_operator to 2023-09-08T00:00:00+00:00, run_after=2023-09-09T00:00:00+00:00
[2023-09-09 18:48:15,234] {processor.py:161} INFO - Processing /home/airflow/.local/lib/python3.7/site-packages/airflow/example_dags/example_branch_day_of_week_operator.py took 0.038 seconds
[2023-09-09 18:48:45,407] {processor.py:153} INFO - Started process (PID=1020) to work on /home/airflow/.local/lib/python3.7/site-packages/airflow/example_dags/example_branch_day_of_week_operator.py
[2023-09-09 18:48:45,407] {processor.py:641} INFO - Processing file /home/airflow/.local/lib/python3.7/site-packages/airflow/example_dags/example_branch_day_of_week_operator.py for tasks to queue
[2023-09-09 18:48:45,408] {logging_mixin.py:115} INFO - [2023-09-09 18:48:45,408] {dagbag.py:508} INFO - Filling up the DagBag from /home/airflow/.local/lib/python3.7/site-packages/airflow/example_dags/example_branch_day_of_week_operator.py
[2023-09-09 18:48:45,412] {processor.py:651} INFO - DAG(s) dict_keys(['example_weekday_branch_operator']) retrieved from /home/airflow/.local/lib/python3.7/site-packages/airflow/example_dags/example_branch_day_of_week_operator.py
[2023-09-09 18:48:45,426] {logging_mixin.py:115} INFO - [2023-09-09 18:48:45,426] {dag.py:2420} INFO - Sync 1 DAGs
[2023-09-09 18:48:45,436] {logging_mixin.py:115} INFO - [2023-09-09 18:48:45,436] {dag.py:2972} INFO - Setting next_dagrun for example_weekday_branch_operator to 2023-09-08T00:00:00+00:00, run_after=2023-09-09T00:00:00+00:00
[2023-09-09 18:48:45,441] {processor.py:161} INFO - Processing /home/airflow/.local/lib/python3.7/site-packages/airflow/example_dags/example_branch_day_of_week_operator.py took 0.036 seconds
[2023-09-09 18:57:33,780] {processor.py:153} INFO - Started process (PID=43) to work on /home/airflow/.local/lib/python3.7/site-packages/airflow/example_dags/example_branch_day_of_week_operator.py
[2023-09-09 18:57:33,782] {processor.py:641} INFO - Processing file /home/airflow/.local/lib/python3.7/site-packages/airflow/example_dags/example_branch_day_of_week_operator.py for tasks to queue
[2023-09-09 18:57:33,783] {logging_mixin.py:115} INFO - [2023-09-09 18:57:33,782] {dagbag.py:508} INFO - Filling up the DagBag from /home/airflow/.local/lib/python3.7/site-packages/airflow/example_dags/example_branch_day_of_week_operator.py
[2023-09-09 18:57:33,790] {processor.py:651} INFO - DAG(s) dict_keys(['example_weekday_branch_operator']) retrieved from /home/airflow/.local/lib/python3.7/site-packages/airflow/example_dags/example_branch_day_of_week_operator.py
[2023-09-09 18:57:33,819] {logging_mixin.py:115} INFO - [2023-09-09 18:57:33,819] {dag.py:2420} INFO - Sync 1 DAGs
[2023-09-09 18:57:33,843] {logging_mixin.py:115} INFO - [2023-09-09 18:57:33,843] {dag.py:2972} INFO - Setting next_dagrun for example_weekday_branch_operator to 2023-09-08T00:00:00+00:00, run_after=2023-09-09T00:00:00+00:00
[2023-09-09 18:57:33,850] {processor.py:161} INFO - Processing /home/airflow/.local/lib/python3.7/site-packages/airflow/example_dags/example_branch_day_of_week_operator.py took 0.074 seconds
[2023-09-09 18:58:04,217] {processor.py:153} INFO - Started process (PID=106) to work on /home/airflow/.local/lib/python3.7/site-packages/airflow/example_dags/example_branch_day_of_week_operator.py
[2023-09-09 18:58:04,218] {processor.py:641} INFO - Processing file /home/airflow/.local/lib/python3.7/site-packages/airflow/example_dags/example_branch_day_of_week_operator.py for tasks to queue
[2023-09-09 18:58:04,219] {logging_mixin.py:115} INFO - [2023-09-09 18:58:04,219] {dagbag.py:508} INFO - Filling up the DagBag from /home/airflow/.local/lib/python3.7/site-packages/airflow/example_dags/example_branch_day_of_week_operator.py
[2023-09-09 18:58:04,224] {processor.py:651} INFO - DAG(s) dict_keys(['example_weekday_branch_operator']) retrieved from /home/airflow/.local/lib/python3.7/site-packages/airflow/example_dags/example_branch_day_of_week_operator.py
[2023-09-09 18:58:04,240] {logging_mixin.py:115} INFO - [2023-09-09 18:58:04,240] {dag.py:2420} INFO - Sync 1 DAGs
[2023-09-09 18:58:04,253] {logging_mixin.py:115} INFO - [2023-09-09 18:58:04,252] {dag.py:2972} INFO - Setting next_dagrun for example_weekday_branch_operator to 2023-09-08T00:00:00+00:00, run_after=2023-09-09T00:00:00+00:00
[2023-09-09 18:58:04,258] {processor.py:161} INFO - Processing /home/airflow/.local/lib/python3.7/site-packages/airflow/example_dags/example_branch_day_of_week_operator.py took 0.043 seconds
[2023-09-09 18:58:34,539] {processor.py:153} INFO - Started process (PID=169) to work on /home/airflow/.local/lib/python3.7/site-packages/airflow/example_dags/example_branch_day_of_week_operator.py
[2023-09-09 18:58:34,539] {processor.py:641} INFO - Processing file /home/airflow/.local/lib/python3.7/site-packages/airflow/example_dags/example_branch_day_of_week_operator.py for tasks to queue
[2023-09-09 18:58:34,540] {logging_mixin.py:115} INFO - [2023-09-09 18:58:34,540] {dagbag.py:508} INFO - Filling up the DagBag from /home/airflow/.local/lib/python3.7/site-packages/airflow/example_dags/example_branch_day_of_week_operator.py
[2023-09-09 18:58:34,544] {processor.py:651} INFO - DAG(s) dict_keys(['example_weekday_branch_operator']) retrieved from /home/airflow/.local/lib/python3.7/site-packages/airflow/example_dags/example_branch_day_of_week_operator.py
[2023-09-09 18:58:34,559] {logging_mixin.py:115} INFO - [2023-09-09 18:58:34,559] {dag.py:2420} INFO - Sync 1 DAGs
[2023-09-09 18:58:34,570] {logging_mixin.py:115} INFO - [2023-09-09 18:58:34,570] {dag.py:2972} INFO - Setting next_dagrun for example_weekday_branch_operator to 2023-09-08T00:00:00+00:00, run_after=2023-09-09T00:00:00+00:00
[2023-09-09 18:58:34,575] {processor.py:161} INFO - Processing /home/airflow/.local/lib/python3.7/site-packages/airflow/example_dags/example_branch_day_of_week_operator.py took 0.038 seconds
[2023-09-09 18:59:04,815] {processor.py:153} INFO - Started process (PID=231) to work on /home/airflow/.local/lib/python3.7/site-packages/airflow/example_dags/example_branch_day_of_week_operator.py
[2023-09-09 18:59:04,816] {processor.py:641} INFO - Processing file /home/airflow/.local/lib/python3.7/site-packages/airflow/example_dags/example_branch_day_of_week_operator.py for tasks to queue
[2023-09-09 18:59:04,816] {logging_mixin.py:115} INFO - [2023-09-09 18:59:04,816] {dagbag.py:508} INFO - Filling up the DagBag from /home/airflow/.local/lib/python3.7/site-packages/airflow/example_dags/example_branch_day_of_week_operator.py
[2023-09-09 18:59:04,821] {processor.py:651} INFO - DAG(s) dict_keys(['example_weekday_branch_operator']) retrieved from /home/airflow/.local/lib/python3.7/site-packages/airflow/example_dags/example_branch_day_of_week_operator.py
[2023-09-09 18:59:04,838] {logging_mixin.py:115} INFO - [2023-09-09 18:59:04,838] {dag.py:2420} INFO - Sync 1 DAGs
[2023-09-09 18:59:04,849] {logging_mixin.py:115} INFO - [2023-09-09 18:59:04,849] {dag.py:2972} INFO - Setting next_dagrun for example_weekday_branch_operator to 2023-09-08T00:00:00+00:00, run_after=2023-09-09T00:00:00+00:00
[2023-09-09 18:59:04,855] {processor.py:161} INFO - Processing /home/airflow/.local/lib/python3.7/site-packages/airflow/example_dags/example_branch_day_of_week_operator.py took 0.042 seconds
[2023-09-09 18:59:35,187] {processor.py:153} INFO - Started process (PID=285) to work on /home/airflow/.local/lib/python3.7/site-packages/airflow/example_dags/example_branch_day_of_week_operator.py
[2023-09-09 18:59:35,188] {processor.py:641} INFO - Processing file /home/airflow/.local/lib/python3.7/site-packages/airflow/example_dags/example_branch_day_of_week_operator.py for tasks to queue
[2023-09-09 18:59:35,188] {logging_mixin.py:115} INFO - [2023-09-09 18:59:35,188] {dagbag.py:508} INFO - Filling up the DagBag from /home/airflow/.local/lib/python3.7/site-packages/airflow/example_dags/example_branch_day_of_week_operator.py
[2023-09-09 18:59:35,192] {processor.py:651} INFO - DAG(s) dict_keys(['example_weekday_branch_operator']) retrieved from /home/airflow/.local/lib/python3.7/site-packages/airflow/example_dags/example_branch_day_of_week_operator.py
[2023-09-09 18:59:35,207] {logging_mixin.py:115} INFO - [2023-09-09 18:59:35,207] {dag.py:2420} INFO - Sync 1 DAGs
[2023-09-09 18:59:35,217] {logging_mixin.py:115} INFO - [2023-09-09 18:59:35,217] {dag.py:2972} INFO - Setting next_dagrun for example_weekday_branch_operator to 2023-09-08T00:00:00+00:00, run_after=2023-09-09T00:00:00+00:00
[2023-09-09 18:59:35,223] {processor.py:161} INFO - Processing /home/airflow/.local/lib/python3.7/site-packages/airflow/example_dags/example_branch_day_of_week_operator.py took 0.038 seconds
[2023-09-09 19:00:05,493] {processor.py:153} INFO - Started process (PID=347) to work on /home/airflow/.local/lib/python3.7/site-packages/airflow/example_dags/example_branch_day_of_week_operator.py
[2023-09-09 19:00:05,493] {processor.py:641} INFO - Processing file /home/airflow/.local/lib/python3.7/site-packages/airflow/example_dags/example_branch_day_of_week_operator.py for tasks to queue
[2023-09-09 19:00:05,494] {logging_mixin.py:115} INFO - [2023-09-09 19:00:05,494] {dagbag.py:508} INFO - Filling up the DagBag from /home/airflow/.local/lib/python3.7/site-packages/airflow/example_dags/example_branch_day_of_week_operator.py
[2023-09-09 19:00:05,499] {processor.py:651} INFO - DAG(s) dict_keys(['example_weekday_branch_operator']) retrieved from /home/airflow/.local/lib/python3.7/site-packages/airflow/example_dags/example_branch_day_of_week_operator.py
[2023-09-09 19:00:05,515] {logging_mixin.py:115} INFO - [2023-09-09 19:00:05,515] {dag.py:2420} INFO - Sync 1 DAGs
[2023-09-09 19:00:05,526] {logging_mixin.py:115} INFO - [2023-09-09 19:00:05,526] {dag.py:2972} INFO - Setting next_dagrun for example_weekday_branch_operator to 2023-09-08T00:00:00+00:00, run_after=2023-09-09T00:00:00+00:00
[2023-09-09 19:00:05,531] {processor.py:161} INFO - Processing /home/airflow/.local/lib/python3.7/site-packages/airflow/example_dags/example_branch_day_of_week_operator.py took 0.040 seconds
[2023-09-09 19:00:35,861] {processor.py:153} INFO - Started process (PID=411) to work on /home/airflow/.local/lib/python3.7/site-packages/airflow/example_dags/example_branch_day_of_week_operator.py
[2023-09-09 19:00:35,862] {processor.py:641} INFO - Processing file /home/airflow/.local/lib/python3.7/site-packages/airflow/example_dags/example_branch_day_of_week_operator.py for tasks to queue
[2023-09-09 19:00:35,862] {logging_mixin.py:115} INFO - [2023-09-09 19:00:35,862] {dagbag.py:508} INFO - Filling up the DagBag from /home/airflow/.local/lib/python3.7/site-packages/airflow/example_dags/example_branch_day_of_week_operator.py
[2023-09-09 19:00:35,867] {processor.py:651} INFO - DAG(s) dict_keys(['example_weekday_branch_operator']) retrieved from /home/airflow/.local/lib/python3.7/site-packages/airflow/example_dags/example_branch_day_of_week_operator.py
[2023-09-09 19:00:35,883] {logging_mixin.py:115} INFO - [2023-09-09 19:00:35,883] {dag.py:2420} INFO - Sync 1 DAGs
[2023-09-09 19:00:35,894] {logging_mixin.py:115} INFO - [2023-09-09 19:00:35,894] {dag.py:2972} INFO - Setting next_dagrun for example_weekday_branch_operator to 2023-09-08T00:00:00+00:00, run_after=2023-09-09T00:00:00+00:00
[2023-09-09 19:00:35,899] {processor.py:161} INFO - Processing /home/airflow/.local/lib/python3.7/site-packages/airflow/example_dags/example_branch_day_of_week_operator.py took 0.040 seconds
[2023-09-09 19:01:06,056] {processor.py:153} INFO - Started process (PID=475) to work on /home/airflow/.local/lib/python3.7/site-packages/airflow/example_dags/example_branch_day_of_week_operator.py
[2023-09-09 19:01:06,057] {processor.py:641} INFO - Processing file /home/airflow/.local/lib/python3.7/site-packages/airflow/example_dags/example_branch_day_of_week_operator.py for tasks to queue
[2023-09-09 19:01:06,057] {logging_mixin.py:115} INFO - [2023-09-09 19:01:06,057] {dagbag.py:508} INFO - Filling up the DagBag from /home/airflow/.local/lib/python3.7/site-packages/airflow/example_dags/example_branch_day_of_week_operator.py
[2023-09-09 19:01:06,061] {processor.py:651} INFO - DAG(s) dict_keys(['example_weekday_branch_operator']) retrieved from /home/airflow/.local/lib/python3.7/site-packages/airflow/example_dags/example_branch_day_of_week_operator.py
[2023-09-09 19:01:06,076] {logging_mixin.py:115} INFO - [2023-09-09 19:01:06,076] {dag.py:2420} INFO - Sync 1 DAGs
[2023-09-09 19:01:06,086] {logging_mixin.py:115} INFO - [2023-09-09 19:01:06,086] {dag.py:2972} INFO - Setting next_dagrun for example_weekday_branch_operator to 2023-09-08T00:00:00+00:00, run_after=2023-09-09T00:00:00+00:00
[2023-09-09 19:01:06,091] {processor.py:161} INFO - Processing /home/airflow/.local/lib/python3.7/site-packages/airflow/example_dags/example_branch_day_of_week_operator.py took 0.037 seconds
[2023-09-09 19:01:36,317] {processor.py:153} INFO - Started process (PID=538) to work on /home/airflow/.local/lib/python3.7/site-packages/airflow/example_dags/example_branch_day_of_week_operator.py
[2023-09-09 19:01:36,318] {processor.py:641} INFO - Processing file /home/airflow/.local/lib/python3.7/site-packages/airflow/example_dags/example_branch_day_of_week_operator.py for tasks to queue
[2023-09-09 19:01:36,318] {logging_mixin.py:115} INFO - [2023-09-09 19:01:36,318] {dagbag.py:508} INFO - Filling up the DagBag from /home/airflow/.local/lib/python3.7/site-packages/airflow/example_dags/example_branch_day_of_week_operator.py
[2023-09-09 19:01:36,323] {processor.py:651} INFO - DAG(s) dict_keys(['example_weekday_branch_operator']) retrieved from /home/airflow/.local/lib/python3.7/site-packages/airflow/example_dags/example_branch_day_of_week_operator.py
[2023-09-09 19:01:36,336] {logging_mixin.py:115} INFO - [2023-09-09 19:01:36,336] {dag.py:2420} INFO - Sync 1 DAGs
[2023-09-09 19:01:36,347] {logging_mixin.py:115} INFO - [2023-09-09 19:01:36,347] {dag.py:2972} INFO - Setting next_dagrun for example_weekday_branch_operator to 2023-09-08T00:00:00+00:00, run_after=2023-09-09T00:00:00+00:00
[2023-09-09 19:01:36,352] {processor.py:161} INFO - Processing /home/airflow/.local/lib/python3.7/site-packages/airflow/example_dags/example_branch_day_of_week_operator.py took 0.036 seconds
[2023-09-09 19:02:06,676] {processor.py:153} INFO - Started process (PID=601) to work on /home/airflow/.local/lib/python3.7/site-packages/airflow/example_dags/example_branch_day_of_week_operator.py
[2023-09-09 19:02:06,677] {processor.py:641} INFO - Processing file /home/airflow/.local/lib/python3.7/site-packages/airflow/example_dags/example_branch_day_of_week_operator.py for tasks to queue
[2023-09-09 19:02:06,677] {logging_mixin.py:115} INFO - [2023-09-09 19:02:06,677] {dagbag.py:508} INFO - Filling up the DagBag from /home/airflow/.local/lib/python3.7/site-packages/airflow/example_dags/example_branch_day_of_week_operator.py
[2023-09-09 19:02:06,682] {processor.py:651} INFO - DAG(s) dict_keys(['example_weekday_branch_operator']) retrieved from /home/airflow/.local/lib/python3.7/site-packages/airflow/example_dags/example_branch_day_of_week_operator.py
[2023-09-09 19:02:06,701] {logging_mixin.py:115} INFO - [2023-09-09 19:02:06,701] {dag.py:2420} INFO - Sync 1 DAGs
[2023-09-09 19:02:06,711] {logging_mixin.py:115} INFO - [2023-09-09 19:02:06,711] {dag.py:2972} INFO - Setting next_dagrun for example_weekday_branch_operator to 2023-09-08T00:00:00+00:00, run_after=2023-09-09T00:00:00+00:00
[2023-09-09 19:02:06,718] {processor.py:161} INFO - Processing /home/airflow/.local/lib/python3.7/site-packages/airflow/example_dags/example_branch_day_of_week_operator.py took 0.044 seconds
[2023-09-09 19:02:37,547] {processor.py:153} INFO - Started process (PID=659) to work on /home/airflow/.local/lib/python3.7/site-packages/airflow/example_dags/example_branch_day_of_week_operator.py
[2023-09-09 19:02:37,547] {processor.py:641} INFO - Processing file /home/airflow/.local/lib/python3.7/site-packages/airflow/example_dags/example_branch_day_of_week_operator.py for tasks to queue
[2023-09-09 19:02:37,548] {logging_mixin.py:115} INFO - [2023-09-09 19:02:37,548] {dagbag.py:508} INFO - Filling up the DagBag from /home/airflow/.local/lib/python3.7/site-packages/airflow/example_dags/example_branch_day_of_week_operator.py
[2023-09-09 19:02:37,552] {processor.py:651} INFO - DAG(s) dict_keys(['example_weekday_branch_operator']) retrieved from /home/airflow/.local/lib/python3.7/site-packages/airflow/example_dags/example_branch_day_of_week_operator.py
[2023-09-09 19:02:37,568] {logging_mixin.py:115} INFO - [2023-09-09 19:02:37,568] {dag.py:2420} INFO - Sync 1 DAGs
[2023-09-09 19:02:37,580] {logging_mixin.py:115} INFO - [2023-09-09 19:02:37,580] {dag.py:2972} INFO - Setting next_dagrun for example_weekday_branch_operator to 2023-09-08T00:00:00+00:00, run_after=2023-09-09T00:00:00+00:00
[2023-09-09 19:02:37,586] {processor.py:161} INFO - Processing /home/airflow/.local/lib/python3.7/site-packages/airflow/example_dags/example_branch_day_of_week_operator.py took 0.041 seconds
[2023-09-09 19:03:35,110] {processor.py:153} INFO - Started process (PID=43) to work on /home/airflow/.local/lib/python3.7/site-packages/airflow/example_dags/example_branch_day_of_week_operator.py
[2023-09-09 19:03:35,111] {processor.py:641} INFO - Processing file /home/airflow/.local/lib/python3.7/site-packages/airflow/example_dags/example_branch_day_of_week_operator.py for tasks to queue
[2023-09-09 19:03:35,112] {logging_mixin.py:115} INFO - [2023-09-09 19:03:35,112] {dagbag.py:508} INFO - Filling up the DagBag from /home/airflow/.local/lib/python3.7/site-packages/airflow/example_dags/example_branch_day_of_week_operator.py
[2023-09-09 19:03:35,124] {processor.py:651} INFO - DAG(s) dict_keys(['example_weekday_branch_operator']) retrieved from /home/airflow/.local/lib/python3.7/site-packages/airflow/example_dags/example_branch_day_of_week_operator.py
[2023-09-09 19:03:35,153] {logging_mixin.py:115} INFO - [2023-09-09 19:03:35,153] {dag.py:2420} INFO - Sync 1 DAGs
[2023-09-09 19:03:35,185] {logging_mixin.py:115} INFO - [2023-09-09 19:03:35,185] {dag.py:2972} INFO - Setting next_dagrun for example_weekday_branch_operator to 2023-09-08T00:00:00+00:00, run_after=2023-09-09T00:00:00+00:00
[2023-09-09 19:03:35,196] {processor.py:161} INFO - Processing /home/airflow/.local/lib/python3.7/site-packages/airflow/example_dags/example_branch_day_of_week_operator.py took 0.090 seconds
[2023-09-09 19:04:05,358] {processor.py:153} INFO - Started process (PID=106) to work on /home/airflow/.local/lib/python3.7/site-packages/airflow/example_dags/example_branch_day_of_week_operator.py
[2023-09-09 19:04:05,359] {processor.py:641} INFO - Processing file /home/airflow/.local/lib/python3.7/site-packages/airflow/example_dags/example_branch_day_of_week_operator.py for tasks to queue
[2023-09-09 19:04:05,360] {logging_mixin.py:115} INFO - [2023-09-09 19:04:05,360] {dagbag.py:508} INFO - Filling up the DagBag from /home/airflow/.local/lib/python3.7/site-packages/airflow/example_dags/example_branch_day_of_week_operator.py
[2023-09-09 19:04:05,364] {processor.py:651} INFO - DAG(s) dict_keys(['example_weekday_branch_operator']) retrieved from /home/airflow/.local/lib/python3.7/site-packages/airflow/example_dags/example_branch_day_of_week_operator.py
[2023-09-09 19:04:05,378] {logging_mixin.py:115} INFO - [2023-09-09 19:04:05,377] {dag.py:2420} INFO - Sync 1 DAGs
[2023-09-09 19:04:05,389] {logging_mixin.py:115} INFO - [2023-09-09 19:04:05,389] {dag.py:2972} INFO - Setting next_dagrun for example_weekday_branch_operator to 2023-09-08T00:00:00+00:00, run_after=2023-09-09T00:00:00+00:00
[2023-09-09 19:04:05,394] {processor.py:161} INFO - Processing /home/airflow/.local/lib/python3.7/site-packages/airflow/example_dags/example_branch_day_of_week_operator.py took 0.039 seconds
[2023-09-09 19:04:35,756] {processor.py:153} INFO - Started process (PID=168) to work on /home/airflow/.local/lib/python3.7/site-packages/airflow/example_dags/example_branch_day_of_week_operator.py
[2023-09-09 19:04:35,757] {processor.py:641} INFO - Processing file /home/airflow/.local/lib/python3.7/site-packages/airflow/example_dags/example_branch_day_of_week_operator.py for tasks to queue
[2023-09-09 19:04:35,757] {logging_mixin.py:115} INFO - [2023-09-09 19:04:35,757] {dagbag.py:508} INFO - Filling up the DagBag from /home/airflow/.local/lib/python3.7/site-packages/airflow/example_dags/example_branch_day_of_week_operator.py
[2023-09-09 19:04:35,762] {processor.py:651} INFO - DAG(s) dict_keys(['example_weekday_branch_operator']) retrieved from /home/airflow/.local/lib/python3.7/site-packages/airflow/example_dags/example_branch_day_of_week_operator.py
[2023-09-09 19:04:35,776] {logging_mixin.py:115} INFO - [2023-09-09 19:04:35,776] {dag.py:2420} INFO - Sync 1 DAGs
[2023-09-09 19:04:35,787] {logging_mixin.py:115} INFO - [2023-09-09 19:04:35,787] {dag.py:2972} INFO - Setting next_dagrun for example_weekday_branch_operator to 2023-09-08T00:00:00+00:00, run_after=2023-09-09T00:00:00+00:00
[2023-09-09 19:04:35,792] {processor.py:161} INFO - Processing /home/airflow/.local/lib/python3.7/site-packages/airflow/example_dags/example_branch_day_of_week_operator.py took 0.038 seconds
[2023-09-09 19:05:06,039] {processor.py:153} INFO - Started process (PID=232) to work on /home/airflow/.local/lib/python3.7/site-packages/airflow/example_dags/example_branch_day_of_week_operator.py
[2023-09-09 19:05:06,040] {processor.py:641} INFO - Processing file /home/airflow/.local/lib/python3.7/site-packages/airflow/example_dags/example_branch_day_of_week_operator.py for tasks to queue
[2023-09-09 19:05:06,040] {logging_mixin.py:115} INFO - [2023-09-09 19:05:06,040] {dagbag.py:508} INFO - Filling up the DagBag from /home/airflow/.local/lib/python3.7/site-packages/airflow/example_dags/example_branch_day_of_week_operator.py
[2023-09-09 19:05:06,045] {processor.py:651} INFO - DAG(s) dict_keys(['example_weekday_branch_operator']) retrieved from /home/airflow/.local/lib/python3.7/site-packages/airflow/example_dags/example_branch_day_of_week_operator.py
[2023-09-09 19:05:06,059] {logging_mixin.py:115} INFO - [2023-09-09 19:05:06,059] {dag.py:2420} INFO - Sync 1 DAGs
[2023-09-09 19:05:06,069] {logging_mixin.py:115} INFO - [2023-09-09 19:05:06,069] {dag.py:2972} INFO - Setting next_dagrun for example_weekday_branch_operator to 2023-09-08T00:00:00+00:00, run_after=2023-09-09T00:00:00+00:00
[2023-09-09 19:05:06,074] {processor.py:161} INFO - Processing /home/airflow/.local/lib/python3.7/site-packages/airflow/example_dags/example_branch_day_of_week_operator.py took 0.037 seconds
[2023-09-09 19:05:36,354] {processor.py:153} INFO - Started process (PID=286) to work on /home/airflow/.local/lib/python3.7/site-packages/airflow/example_dags/example_branch_day_of_week_operator.py
[2023-09-09 19:05:36,355] {processor.py:641} INFO - Processing file /home/airflow/.local/lib/python3.7/site-packages/airflow/example_dags/example_branch_day_of_week_operator.py for tasks to queue
[2023-09-09 19:05:36,355] {logging_mixin.py:115} INFO - [2023-09-09 19:05:36,355] {dagbag.py:508} INFO - Filling up the DagBag from /home/airflow/.local/lib/python3.7/site-packages/airflow/example_dags/example_branch_day_of_week_operator.py
[2023-09-09 19:05:36,359] {processor.py:651} INFO - DAG(s) dict_keys(['example_weekday_branch_operator']) retrieved from /home/airflow/.local/lib/python3.7/site-packages/airflow/example_dags/example_branch_day_of_week_operator.py
[2023-09-09 19:05:36,373] {logging_mixin.py:115} INFO - [2023-09-09 19:05:36,373] {dag.py:2420} INFO - Sync 1 DAGs
[2023-09-09 19:05:36,384] {logging_mixin.py:115} INFO - [2023-09-09 19:05:36,384] {dag.py:2972} INFO - Setting next_dagrun for example_weekday_branch_operator to 2023-09-08T00:00:00+00:00, run_after=2023-09-09T00:00:00+00:00
[2023-09-09 19:05:36,389] {processor.py:161} INFO - Processing /home/airflow/.local/lib/python3.7/site-packages/airflow/example_dags/example_branch_day_of_week_operator.py took 0.037 seconds
[2023-09-09 19:06:06,658] {processor.py:153} INFO - Started process (PID=348) to work on /home/airflow/.local/lib/python3.7/site-packages/airflow/example_dags/example_branch_day_of_week_operator.py
[2023-09-09 19:06:06,659] {processor.py:641} INFO - Processing file /home/airflow/.local/lib/python3.7/site-packages/airflow/example_dags/example_branch_day_of_week_operator.py for tasks to queue
[2023-09-09 19:06:06,659] {logging_mixin.py:115} INFO - [2023-09-09 19:06:06,659] {dagbag.py:508} INFO - Filling up the DagBag from /home/airflow/.local/lib/python3.7/site-packages/airflow/example_dags/example_branch_day_of_week_operator.py
[2023-09-09 19:06:06,663] {processor.py:651} INFO - DAG(s) dict_keys(['example_weekday_branch_operator']) retrieved from /home/airflow/.local/lib/python3.7/site-packages/airflow/example_dags/example_branch_day_of_week_operator.py
[2023-09-09 19:06:06,677] {logging_mixin.py:115} INFO - [2023-09-09 19:06:06,677] {dag.py:2420} INFO - Sync 1 DAGs
[2023-09-09 19:06:06,688] {logging_mixin.py:115} INFO - [2023-09-09 19:06:06,688] {dag.py:2972} INFO - Setting next_dagrun for example_weekday_branch_operator to 2023-09-08T00:00:00+00:00, run_after=2023-09-09T00:00:00+00:00
[2023-09-09 19:06:06,694] {processor.py:161} INFO - Processing /home/airflow/.local/lib/python3.7/site-packages/airflow/example_dags/example_branch_day_of_week_operator.py took 0.038 seconds
[2023-09-09 19:06:36,974] {processor.py:153} INFO - Started process (PID=410) to work on /home/airflow/.local/lib/python3.7/site-packages/airflow/example_dags/example_branch_day_of_week_operator.py
[2023-09-09 19:06:36,975] {processor.py:641} INFO - Processing file /home/airflow/.local/lib/python3.7/site-packages/airflow/example_dags/example_branch_day_of_week_operator.py for tasks to queue
[2023-09-09 19:06:36,975] {logging_mixin.py:115} INFO - [2023-09-09 19:06:36,975] {dagbag.py:508} INFO - Filling up the DagBag from /home/airflow/.local/lib/python3.7/site-packages/airflow/example_dags/example_branch_day_of_week_operator.py
[2023-09-09 19:06:36,979] {processor.py:651} INFO - DAG(s) dict_keys(['example_weekday_branch_operator']) retrieved from /home/airflow/.local/lib/python3.7/site-packages/airflow/example_dags/example_branch_day_of_week_operator.py
[2023-09-09 19:06:36,993] {logging_mixin.py:115} INFO - [2023-09-09 19:06:36,993] {dag.py:2420} INFO - Sync 1 DAGs
[2023-09-09 19:06:37,003] {logging_mixin.py:115} INFO - [2023-09-09 19:06:37,003] {dag.py:2972} INFO - Setting next_dagrun for example_weekday_branch_operator to 2023-09-08T00:00:00+00:00, run_after=2023-09-09T00:00:00+00:00
[2023-09-09 19:06:37,009] {processor.py:161} INFO - Processing /home/airflow/.local/lib/python3.7/site-packages/airflow/example_dags/example_branch_day_of_week_operator.py took 0.036 seconds
[2023-09-09 19:07:07,327] {processor.py:153} INFO - Started process (PID=474) to work on /home/airflow/.local/lib/python3.7/site-packages/airflow/example_dags/example_branch_day_of_week_operator.py
[2023-09-09 19:07:07,327] {processor.py:641} INFO - Processing file /home/airflow/.local/lib/python3.7/site-packages/airflow/example_dags/example_branch_day_of_week_operator.py for tasks to queue
[2023-09-09 19:07:07,328] {logging_mixin.py:115} INFO - [2023-09-09 19:07:07,328] {dagbag.py:508} INFO - Filling up the DagBag from /home/airflow/.local/lib/python3.7/site-packages/airflow/example_dags/example_branch_day_of_week_operator.py
[2023-09-09 19:07:07,332] {processor.py:651} INFO - DAG(s) dict_keys(['example_weekday_branch_operator']) retrieved from /home/airflow/.local/lib/python3.7/site-packages/airflow/example_dags/example_branch_day_of_week_operator.py
[2023-09-09 19:07:07,345] {logging_mixin.py:115} INFO - [2023-09-09 19:07:07,345] {dag.py:2420} INFO - Sync 1 DAGs
[2023-09-09 19:07:07,355] {logging_mixin.py:115} INFO - [2023-09-09 19:07:07,355] {dag.py:2972} INFO - Setting next_dagrun for example_weekday_branch_operator to 2023-09-08T00:00:00+00:00, run_after=2023-09-09T00:00:00+00:00
[2023-09-09 19:07:07,360] {processor.py:161} INFO - Processing /home/airflow/.local/lib/python3.7/site-packages/airflow/example_dags/example_branch_day_of_week_operator.py took 0.035 seconds
[2023-09-09 19:07:37,642] {processor.py:153} INFO - Started process (PID=537) to work on /home/airflow/.local/lib/python3.7/site-packages/airflow/example_dags/example_branch_day_of_week_operator.py
[2023-09-09 19:07:37,643] {processor.py:641} INFO - Processing file /home/airflow/.local/lib/python3.7/site-packages/airflow/example_dags/example_branch_day_of_week_operator.py for tasks to queue
[2023-09-09 19:07:37,643] {logging_mixin.py:115} INFO - [2023-09-09 19:07:37,643] {dagbag.py:508} INFO - Filling up the DagBag from /home/airflow/.local/lib/python3.7/site-packages/airflow/example_dags/example_branch_day_of_week_operator.py
[2023-09-09 19:07:37,648] {processor.py:651} INFO - DAG(s) dict_keys(['example_weekday_branch_operator']) retrieved from /home/airflow/.local/lib/python3.7/site-packages/airflow/example_dags/example_branch_day_of_week_operator.py
[2023-09-09 19:07:37,663] {logging_mixin.py:115} INFO - [2023-09-09 19:07:37,663] {dag.py:2420} INFO - Sync 1 DAGs
[2023-09-09 19:07:37,673] {logging_mixin.py:115} INFO - [2023-09-09 19:07:37,673] {dag.py:2972} INFO - Setting next_dagrun for example_weekday_branch_operator to 2023-09-08T00:00:00+00:00, run_after=2023-09-09T00:00:00+00:00
[2023-09-09 19:07:37,678] {processor.py:161} INFO - Processing /home/airflow/.local/lib/python3.7/site-packages/airflow/example_dags/example_branch_day_of_week_operator.py took 0.038 seconds
[2023-09-09 19:08:08,197] {processor.py:153} INFO - Started process (PID=600) to work on /home/airflow/.local/lib/python3.7/site-packages/airflow/example_dags/example_branch_day_of_week_operator.py
[2023-09-09 19:08:08,198] {processor.py:641} INFO - Processing file /home/airflow/.local/lib/python3.7/site-packages/airflow/example_dags/example_branch_day_of_week_operator.py for tasks to queue
[2023-09-09 19:08:08,198] {logging_mixin.py:115} INFO - [2023-09-09 19:08:08,198] {dagbag.py:508} INFO - Filling up the DagBag from /home/airflow/.local/lib/python3.7/site-packages/airflow/example_dags/example_branch_day_of_week_operator.py
[2023-09-09 19:08:08,206] {processor.py:651} INFO - DAG(s) dict_keys(['example_weekday_branch_operator']) retrieved from /home/airflow/.local/lib/python3.7/site-packages/airflow/example_dags/example_branch_day_of_week_operator.py
[2023-09-09 19:08:08,231] {logging_mixin.py:115} INFO - [2023-09-09 19:08:08,231] {dag.py:2420} INFO - Sync 1 DAGs
[2023-09-09 19:08:08,244] {logging_mixin.py:115} INFO - [2023-09-09 19:08:08,244] {dag.py:2972} INFO - Setting next_dagrun for example_weekday_branch_operator to 2023-09-08T00:00:00+00:00, run_after=2023-09-09T00:00:00+00:00
[2023-09-09 19:08:08,249] {processor.py:161} INFO - Processing /home/airflow/.local/lib/python3.7/site-packages/airflow/example_dags/example_branch_day_of_week_operator.py took 0.054 seconds
[2023-09-09 19:08:38,868] {processor.py:153} INFO - Started process (PID=653) to work on /home/airflow/.local/lib/python3.7/site-packages/airflow/example_dags/example_branch_day_of_week_operator.py
[2023-09-09 19:08:38,868] {processor.py:641} INFO - Processing file /home/airflow/.local/lib/python3.7/site-packages/airflow/example_dags/example_branch_day_of_week_operator.py for tasks to queue
[2023-09-09 19:08:38,869] {logging_mixin.py:115} INFO - [2023-09-09 19:08:38,869] {dagbag.py:508} INFO - Filling up the DagBag from /home/airflow/.local/lib/python3.7/site-packages/airflow/example_dags/example_branch_day_of_week_operator.py
[2023-09-09 19:08:38,874] {processor.py:651} INFO - DAG(s) dict_keys(['example_weekday_branch_operator']) retrieved from /home/airflow/.local/lib/python3.7/site-packages/airflow/example_dags/example_branch_day_of_week_operator.py
[2023-09-09 19:08:38,887] {logging_mixin.py:115} INFO - [2023-09-09 19:08:38,887] {dag.py:2420} INFO - Sync 1 DAGs
[2023-09-09 19:08:38,898] {logging_mixin.py:115} INFO - [2023-09-09 19:08:38,898] {dag.py:2972} INFO - Setting next_dagrun for example_weekday_branch_operator to 2023-09-08T00:00:00+00:00, run_after=2023-09-09T00:00:00+00:00
[2023-09-09 19:08:38,903] {processor.py:161} INFO - Processing /home/airflow/.local/lib/python3.7/site-packages/airflow/example_dags/example_branch_day_of_week_operator.py took 0.037 seconds
[2023-09-09 19:09:09,197] {processor.py:153} INFO - Started process (PID=716) to work on /home/airflow/.local/lib/python3.7/site-packages/airflow/example_dags/example_branch_day_of_week_operator.py
[2023-09-09 19:09:09,198] {processor.py:641} INFO - Processing file /home/airflow/.local/lib/python3.7/site-packages/airflow/example_dags/example_branch_day_of_week_operator.py for tasks to queue
[2023-09-09 19:09:09,198] {logging_mixin.py:115} INFO - [2023-09-09 19:09:09,198] {dagbag.py:508} INFO - Filling up the DagBag from /home/airflow/.local/lib/python3.7/site-packages/airflow/example_dags/example_branch_day_of_week_operator.py
[2023-09-09 19:09:09,203] {processor.py:651} INFO - DAG(s) dict_keys(['example_weekday_branch_operator']) retrieved from /home/airflow/.local/lib/python3.7/site-packages/airflow/example_dags/example_branch_day_of_week_operator.py
[2023-09-09 19:09:09,216] {logging_mixin.py:115} INFO - [2023-09-09 19:09:09,216] {dag.py:2420} INFO - Sync 1 DAGs
[2023-09-09 19:09:09,227] {logging_mixin.py:115} INFO - [2023-09-09 19:09:09,227] {dag.py:2972} INFO - Setting next_dagrun for example_weekday_branch_operator to 2023-09-08T00:00:00+00:00, run_after=2023-09-09T00:00:00+00:00
[2023-09-09 19:09:09,231] {processor.py:161} INFO - Processing /home/airflow/.local/lib/python3.7/site-packages/airflow/example_dags/example_branch_day_of_week_operator.py took 0.036 seconds
