[2023-09-09 18:40:40,199] {processor.py:153} INFO - Started process (PID=44) to work on /home/airflow/.local/lib/python3.7/site-packages/airflow/example_dags/example_branch_labels.py
[2023-09-09 18:40:40,200] {processor.py:641} INFO - Processing file /home/airflow/.local/lib/python3.7/site-packages/airflow/example_dags/example_branch_labels.py for tasks to queue
[2023-09-09 18:40:40,200] {logging_mixin.py:115} INFO - [2023-09-09 18:40:40,200] {dagbag.py:508} INFO - Filling up the DagBag from /home/airflow/.local/lib/python3.7/site-packages/airflow/example_dags/example_branch_labels.py
[2023-09-09 18:40:40,207] {processor.py:651} INFO - DAG(s) dict_keys(['example_branch_labels']) retrieved from /home/airflow/.local/lib/python3.7/site-packages/airflow/example_dags/example_branch_labels.py
[2023-09-09 18:40:40,294] {logging_mixin.py:115} INFO - [2023-09-09 18:40:40,294] {manager.py:508} INFO - Created Permission View: can edit on DAG:example_branch_labels
[2023-09-09 18:40:40,301] {logging_mixin.py:115} INFO - [2023-09-09 18:40:40,301] {manager.py:508} INFO - Created Permission View: can read on DAG:example_branch_labels
[2023-09-09 18:40:40,308] {logging_mixin.py:115} INFO - [2023-09-09 18:40:40,307] {manager.py:508} INFO - Created Permission View: can delete on DAG:example_branch_labels
[2023-09-09 18:40:40,308] {logging_mixin.py:115} INFO - [2023-09-09 18:40:40,308] {dag.py:2420} INFO - Sync 1 DAGs
[2023-09-09 18:40:40,316] {logging_mixin.py:115} INFO - [2023-09-09 18:40:40,316] {dag.py:2439} INFO - Creating ORM DAG for example_branch_labels
[2023-09-09 18:40:40,325] {logging_mixin.py:115} INFO - [2023-09-09 18:40:40,325] {dag.py:2972} INFO - Setting next_dagrun for example_branch_labels to 2023-09-08T00:00:00+00:00, run_after=2023-09-09T00:00:00+00:00
[2023-09-09 18:40:40,333] {processor.py:161} INFO - Processing /home/airflow/.local/lib/python3.7/site-packages/airflow/example_dags/example_branch_labels.py took 0.140 seconds
[2023-09-09 18:41:11,221] {processor.py:153} INFO - Started process (PID=107) to work on /home/airflow/.local/lib/python3.7/site-packages/airflow/example_dags/example_branch_labels.py
[2023-09-09 18:41:11,222] {processor.py:641} INFO - Processing file /home/airflow/.local/lib/python3.7/site-packages/airflow/example_dags/example_branch_labels.py for tasks to queue
[2023-09-09 18:41:11,223] {logging_mixin.py:115} INFO - [2023-09-09 18:41:11,223] {dagbag.py:508} INFO - Filling up the DagBag from /home/airflow/.local/lib/python3.7/site-packages/airflow/example_dags/example_branch_labels.py
[2023-09-09 18:41:11,230] {processor.py:651} INFO - DAG(s) dict_keys(['example_branch_labels']) retrieved from /home/airflow/.local/lib/python3.7/site-packages/airflow/example_dags/example_branch_labels.py
[2023-09-09 18:41:11,251] {logging_mixin.py:115} INFO - [2023-09-09 18:41:11,251] {dag.py:2420} INFO - Sync 1 DAGs
[2023-09-09 18:41:11,264] {logging_mixin.py:115} INFO - [2023-09-09 18:41:11,264] {dag.py:2972} INFO - Setting next_dagrun for example_branch_labels to 2023-09-08T00:00:00+00:00, run_after=2023-09-09T00:00:00+00:00
[2023-09-09 18:41:11,269] {processor.py:161} INFO - Processing /home/airflow/.local/lib/python3.7/site-packages/airflow/example_dags/example_branch_labels.py took 0.052 seconds
[2023-09-09 18:41:41,497] {processor.py:153} INFO - Started process (PID=170) to work on /home/airflow/.local/lib/python3.7/site-packages/airflow/example_dags/example_branch_labels.py
[2023-09-09 18:41:41,500] {processor.py:641} INFO - Processing file /home/airflow/.local/lib/python3.7/site-packages/airflow/example_dags/example_branch_labels.py for tasks to queue
[2023-09-09 18:41:41,501] {logging_mixin.py:115} INFO - [2023-09-09 18:41:41,501] {dagbag.py:508} INFO - Filling up the DagBag from /home/airflow/.local/lib/python3.7/site-packages/airflow/example_dags/example_branch_labels.py
[2023-09-09 18:41:41,510] {processor.py:651} INFO - DAG(s) dict_keys(['example_branch_labels']) retrieved from /home/airflow/.local/lib/python3.7/site-packages/airflow/example_dags/example_branch_labels.py
[2023-09-09 18:41:41,534] {logging_mixin.py:115} INFO - [2023-09-09 18:41:41,534] {dag.py:2420} INFO - Sync 1 DAGs
[2023-09-09 18:41:41,547] {logging_mixin.py:115} INFO - [2023-09-09 18:41:41,547] {dag.py:2972} INFO - Setting next_dagrun for example_branch_labels to 2023-09-08T00:00:00+00:00, run_after=2023-09-09T00:00:00+00:00
[2023-09-09 18:41:41,552] {processor.py:161} INFO - Processing /home/airflow/.local/lib/python3.7/site-packages/airflow/example_dags/example_branch_labels.py took 0.061 seconds
[2023-09-09 18:42:11,932] {processor.py:153} INFO - Started process (PID=234) to work on /home/airflow/.local/lib/python3.7/site-packages/airflow/example_dags/example_branch_labels.py
[2023-09-09 18:42:11,934] {processor.py:641} INFO - Processing file /home/airflow/.local/lib/python3.7/site-packages/airflow/example_dags/example_branch_labels.py for tasks to queue
[2023-09-09 18:42:11,936] {logging_mixin.py:115} INFO - [2023-09-09 18:42:11,935] {dagbag.py:508} INFO - Filling up the DagBag from /home/airflow/.local/lib/python3.7/site-packages/airflow/example_dags/example_branch_labels.py
[2023-09-09 18:42:11,945] {processor.py:651} INFO - DAG(s) dict_keys(['example_branch_labels']) retrieved from /home/airflow/.local/lib/python3.7/site-packages/airflow/example_dags/example_branch_labels.py
[2023-09-09 18:42:11,969] {logging_mixin.py:115} INFO - [2023-09-09 18:42:11,969] {dag.py:2420} INFO - Sync 1 DAGs
[2023-09-09 18:42:11,982] {logging_mixin.py:115} INFO - [2023-09-09 18:42:11,982] {dag.py:2972} INFO - Setting next_dagrun for example_branch_labels to 2023-09-08T00:00:00+00:00, run_after=2023-09-09T00:00:00+00:00
[2023-09-09 18:42:11,987] {processor.py:161} INFO - Processing /home/airflow/.local/lib/python3.7/site-packages/airflow/example_dags/example_branch_labels.py took 0.061 seconds
[2023-09-09 18:42:42,238] {processor.py:153} INFO - Started process (PID=288) to work on /home/airflow/.local/lib/python3.7/site-packages/airflow/example_dags/example_branch_labels.py
[2023-09-09 18:42:42,241] {processor.py:641} INFO - Processing file /home/airflow/.local/lib/python3.7/site-packages/airflow/example_dags/example_branch_labels.py for tasks to queue
[2023-09-09 18:42:42,242] {logging_mixin.py:115} INFO - [2023-09-09 18:42:42,242] {dagbag.py:508} INFO - Filling up the DagBag from /home/airflow/.local/lib/python3.7/site-packages/airflow/example_dags/example_branch_labels.py
[2023-09-09 18:42:42,251] {processor.py:651} INFO - DAG(s) dict_keys(['example_branch_labels']) retrieved from /home/airflow/.local/lib/python3.7/site-packages/airflow/example_dags/example_branch_labels.py
[2023-09-09 18:42:42,286] {logging_mixin.py:115} INFO - [2023-09-09 18:42:42,286] {dag.py:2420} INFO - Sync 1 DAGs
[2023-09-09 18:42:42,311] {logging_mixin.py:115} INFO - [2023-09-09 18:42:42,311] {dag.py:2972} INFO - Setting next_dagrun for example_branch_labels to 2023-09-08T00:00:00+00:00, run_after=2023-09-09T00:00:00+00:00
[2023-09-09 18:42:42,323] {processor.py:161} INFO - Processing /home/airflow/.local/lib/python3.7/site-packages/airflow/example_dags/example_branch_labels.py took 0.088 seconds
[2023-09-09 18:43:13,171] {processor.py:153} INFO - Started process (PID=352) to work on /home/airflow/.local/lib/python3.7/site-packages/airflow/example_dags/example_branch_labels.py
[2023-09-09 18:43:13,174] {processor.py:641} INFO - Processing file /home/airflow/.local/lib/python3.7/site-packages/airflow/example_dags/example_branch_labels.py for tasks to queue
[2023-09-09 18:43:13,175] {logging_mixin.py:115} INFO - [2023-09-09 18:43:13,175] {dagbag.py:508} INFO - Filling up the DagBag from /home/airflow/.local/lib/python3.7/site-packages/airflow/example_dags/example_branch_labels.py
[2023-09-09 18:43:13,185] {processor.py:651} INFO - DAG(s) dict_keys(['example_branch_labels']) retrieved from /home/airflow/.local/lib/python3.7/site-packages/airflow/example_dags/example_branch_labels.py
[2023-09-09 18:43:13,208] {logging_mixin.py:115} INFO - [2023-09-09 18:43:13,208] {dag.py:2420} INFO - Sync 1 DAGs
[2023-09-09 18:43:13,220] {logging_mixin.py:115} INFO - [2023-09-09 18:43:13,220] {dag.py:2972} INFO - Setting next_dagrun for example_branch_labels to 2023-09-08T00:00:00+00:00, run_after=2023-09-09T00:00:00+00:00
[2023-09-09 18:43:13,226] {processor.py:161} INFO - Processing /home/airflow/.local/lib/python3.7/site-packages/airflow/example_dags/example_branch_labels.py took 0.060 seconds
[2023-09-09 18:43:43,507] {processor.py:153} INFO - Started process (PID=414) to work on /home/airflow/.local/lib/python3.7/site-packages/airflow/example_dags/example_branch_labels.py
[2023-09-09 18:43:43,508] {processor.py:641} INFO - Processing file /home/airflow/.local/lib/python3.7/site-packages/airflow/example_dags/example_branch_labels.py for tasks to queue
[2023-09-09 18:43:43,509] {logging_mixin.py:115} INFO - [2023-09-09 18:43:43,509] {dagbag.py:508} INFO - Filling up the DagBag from /home/airflow/.local/lib/python3.7/site-packages/airflow/example_dags/example_branch_labels.py
[2023-09-09 18:43:43,515] {processor.py:651} INFO - DAG(s) dict_keys(['example_branch_labels']) retrieved from /home/airflow/.local/lib/python3.7/site-packages/airflow/example_dags/example_branch_labels.py
[2023-09-09 18:43:43,533] {logging_mixin.py:115} INFO - [2023-09-09 18:43:43,533] {dag.py:2420} INFO - Sync 1 DAGs
[2023-09-09 18:43:43,544] {logging_mixin.py:115} INFO - [2023-09-09 18:43:43,544] {dag.py:2972} INFO - Setting next_dagrun for example_branch_labels to 2023-09-08T00:00:00+00:00, run_after=2023-09-09T00:00:00+00:00
[2023-09-09 18:43:43,549] {processor.py:161} INFO - Processing /home/airflow/.local/lib/python3.7/site-packages/airflow/example_dags/example_branch_labels.py took 0.045 seconds
[2023-09-09 18:44:13,847] {processor.py:153} INFO - Started process (PID=476) to work on /home/airflow/.local/lib/python3.7/site-packages/airflow/example_dags/example_branch_labels.py
[2023-09-09 18:44:13,849] {processor.py:641} INFO - Processing file /home/airflow/.local/lib/python3.7/site-packages/airflow/example_dags/example_branch_labels.py for tasks to queue
[2023-09-09 18:44:13,850] {logging_mixin.py:115} INFO - [2023-09-09 18:44:13,850] {dagbag.py:508} INFO - Filling up the DagBag from /home/airflow/.local/lib/python3.7/site-packages/airflow/example_dags/example_branch_labels.py
[2023-09-09 18:44:13,857] {processor.py:651} INFO - DAG(s) dict_keys(['example_branch_labels']) retrieved from /home/airflow/.local/lib/python3.7/site-packages/airflow/example_dags/example_branch_labels.py
[2023-09-09 18:44:13,877] {logging_mixin.py:115} INFO - [2023-09-09 18:44:13,877] {dag.py:2420} INFO - Sync 1 DAGs
[2023-09-09 18:44:13,890] {logging_mixin.py:115} INFO - [2023-09-09 18:44:13,890] {dag.py:2972} INFO - Setting next_dagrun for example_branch_labels to 2023-09-08T00:00:00+00:00, run_after=2023-09-09T00:00:00+00:00
[2023-09-09 18:44:13,895] {processor.py:161} INFO - Processing /home/airflow/.local/lib/python3.7/site-packages/airflow/example_dags/example_branch_labels.py took 0.052 seconds
[2023-09-09 18:44:44,101] {processor.py:153} INFO - Started process (PID=539) to work on /home/airflow/.local/lib/python3.7/site-packages/airflow/example_dags/example_branch_labels.py
[2023-09-09 18:44:44,103] {processor.py:641} INFO - Processing file /home/airflow/.local/lib/python3.7/site-packages/airflow/example_dags/example_branch_labels.py for tasks to queue
[2023-09-09 18:44:44,104] {logging_mixin.py:115} INFO - [2023-09-09 18:44:44,104] {dagbag.py:508} INFO - Filling up the DagBag from /home/airflow/.local/lib/python3.7/site-packages/airflow/example_dags/example_branch_labels.py
[2023-09-09 18:44:44,114] {processor.py:651} INFO - DAG(s) dict_keys(['example_branch_labels']) retrieved from /home/airflow/.local/lib/python3.7/site-packages/airflow/example_dags/example_branch_labels.py
[2023-09-09 18:44:44,136] {logging_mixin.py:115} INFO - [2023-09-09 18:44:44,136] {dag.py:2420} INFO - Sync 1 DAGs
[2023-09-09 18:44:44,148] {logging_mixin.py:115} INFO - [2023-09-09 18:44:44,148] {dag.py:2972} INFO - Setting next_dagrun for example_branch_labels to 2023-09-08T00:00:00+00:00, run_after=2023-09-09T00:00:00+00:00
[2023-09-09 18:44:44,154] {processor.py:161} INFO - Processing /home/airflow/.local/lib/python3.7/site-packages/airflow/example_dags/example_branch_labels.py took 0.059 seconds
[2023-09-09 18:45:14,587] {processor.py:153} INFO - Started process (PID=602) to work on /home/airflow/.local/lib/python3.7/site-packages/airflow/example_dags/example_branch_labels.py
[2023-09-09 18:45:14,588] {processor.py:641} INFO - Processing file /home/airflow/.local/lib/python3.7/site-packages/airflow/example_dags/example_branch_labels.py for tasks to queue
[2023-09-09 18:45:14,590] {logging_mixin.py:115} INFO - [2023-09-09 18:45:14,590] {dagbag.py:508} INFO - Filling up the DagBag from /home/airflow/.local/lib/python3.7/site-packages/airflow/example_dags/example_branch_labels.py
[2023-09-09 18:45:14,599] {processor.py:651} INFO - DAG(s) dict_keys(['example_branch_labels']) retrieved from /home/airflow/.local/lib/python3.7/site-packages/airflow/example_dags/example_branch_labels.py
[2023-09-09 18:45:14,625] {logging_mixin.py:115} INFO - [2023-09-09 18:45:14,625] {dag.py:2420} INFO - Sync 1 DAGs
[2023-09-09 18:45:14,642] {logging_mixin.py:115} INFO - [2023-09-09 18:45:14,642] {dag.py:2972} INFO - Setting next_dagrun for example_branch_labels to 2023-09-08T00:00:00+00:00, run_after=2023-09-09T00:00:00+00:00
[2023-09-09 18:45:14,649] {processor.py:161} INFO - Processing /home/airflow/.local/lib/python3.7/site-packages/airflow/example_dags/example_branch_labels.py took 0.068 seconds
[2023-09-09 18:45:44,920] {processor.py:153} INFO - Started process (PID=655) to work on /home/airflow/.local/lib/python3.7/site-packages/airflow/example_dags/example_branch_labels.py
[2023-09-09 18:45:44,922] {processor.py:641} INFO - Processing file /home/airflow/.local/lib/python3.7/site-packages/airflow/example_dags/example_branch_labels.py for tasks to queue
[2023-09-09 18:45:44,923] {logging_mixin.py:115} INFO - [2023-09-09 18:45:44,923] {dagbag.py:508} INFO - Filling up the DagBag from /home/airflow/.local/lib/python3.7/site-packages/airflow/example_dags/example_branch_labels.py
[2023-09-09 18:45:44,931] {processor.py:651} INFO - DAG(s) dict_keys(['example_branch_labels']) retrieved from /home/airflow/.local/lib/python3.7/site-packages/airflow/example_dags/example_branch_labels.py
[2023-09-09 18:45:44,954] {logging_mixin.py:115} INFO - [2023-09-09 18:45:44,954] {dag.py:2420} INFO - Sync 1 DAGs
[2023-09-09 18:45:44,966] {logging_mixin.py:115} INFO - [2023-09-09 18:45:44,966] {dag.py:2972} INFO - Setting next_dagrun for example_branch_labels to 2023-09-08T00:00:00+00:00, run_after=2023-09-09T00:00:00+00:00
[2023-09-09 18:45:44,972] {processor.py:161} INFO - Processing /home/airflow/.local/lib/python3.7/site-packages/airflow/example_dags/example_branch_labels.py took 0.056 seconds
[2023-09-09 18:46:15,216] {processor.py:153} INFO - Started process (PID=716) to work on /home/airflow/.local/lib/python3.7/site-packages/airflow/example_dags/example_branch_labels.py
[2023-09-09 18:46:15,218] {processor.py:641} INFO - Processing file /home/airflow/.local/lib/python3.7/site-packages/airflow/example_dags/example_branch_labels.py for tasks to queue
[2023-09-09 18:46:15,219] {logging_mixin.py:115} INFO - [2023-09-09 18:46:15,219] {dagbag.py:508} INFO - Filling up the DagBag from /home/airflow/.local/lib/python3.7/site-packages/airflow/example_dags/example_branch_labels.py
[2023-09-09 18:46:15,226] {processor.py:651} INFO - DAG(s) dict_keys(['example_branch_labels']) retrieved from /home/airflow/.local/lib/python3.7/site-packages/airflow/example_dags/example_branch_labels.py
[2023-09-09 18:46:15,248] {logging_mixin.py:115} INFO - [2023-09-09 18:46:15,248] {dag.py:2420} INFO - Sync 1 DAGs
[2023-09-09 18:46:15,262] {logging_mixin.py:115} INFO - [2023-09-09 18:46:15,262] {dag.py:2972} INFO - Setting next_dagrun for example_branch_labels to 2023-09-08T00:00:00+00:00, run_after=2023-09-09T00:00:00+00:00
[2023-09-09 18:46:15,267] {processor.py:161} INFO - Processing /home/airflow/.local/lib/python3.7/site-packages/airflow/example_dags/example_branch_labels.py took 0.054 seconds
[2023-09-09 18:46:45,489] {processor.py:153} INFO - Started process (PID=779) to work on /home/airflow/.local/lib/python3.7/site-packages/airflow/example_dags/example_branch_labels.py
[2023-09-09 18:46:45,492] {processor.py:641} INFO - Processing file /home/airflow/.local/lib/python3.7/site-packages/airflow/example_dags/example_branch_labels.py for tasks to queue
[2023-09-09 18:46:45,494] {logging_mixin.py:115} INFO - [2023-09-09 18:46:45,494] {dagbag.py:508} INFO - Filling up the DagBag from /home/airflow/.local/lib/python3.7/site-packages/airflow/example_dags/example_branch_labels.py
[2023-09-09 18:46:45,502] {processor.py:651} INFO - DAG(s) dict_keys(['example_branch_labels']) retrieved from /home/airflow/.local/lib/python3.7/site-packages/airflow/example_dags/example_branch_labels.py
[2023-09-09 18:46:45,526] {logging_mixin.py:115} INFO - [2023-09-09 18:46:45,526] {dag.py:2420} INFO - Sync 1 DAGs
[2023-09-09 18:46:45,539] {logging_mixin.py:115} INFO - [2023-09-09 18:46:45,539] {dag.py:2972} INFO - Setting next_dagrun for example_branch_labels to 2023-09-08T00:00:00+00:00, run_after=2023-09-09T00:00:00+00:00
[2023-09-09 18:46:45,544] {processor.py:161} INFO - Processing /home/airflow/.local/lib/python3.7/site-packages/airflow/example_dags/example_branch_labels.py took 0.061 seconds
[2023-09-09 18:47:15,754] {processor.py:153} INFO - Started process (PID=842) to work on /home/airflow/.local/lib/python3.7/site-packages/airflow/example_dags/example_branch_labels.py
[2023-09-09 18:47:15,756] {processor.py:641} INFO - Processing file /home/airflow/.local/lib/python3.7/site-packages/airflow/example_dags/example_branch_labels.py for tasks to queue
[2023-09-09 18:47:15,758] {logging_mixin.py:115} INFO - [2023-09-09 18:47:15,758] {dagbag.py:508} INFO - Filling up the DagBag from /home/airflow/.local/lib/python3.7/site-packages/airflow/example_dags/example_branch_labels.py
[2023-09-09 18:47:15,767] {processor.py:651} INFO - DAG(s) dict_keys(['example_branch_labels']) retrieved from /home/airflow/.local/lib/python3.7/site-packages/airflow/example_dags/example_branch_labels.py
[2023-09-09 18:47:15,794] {logging_mixin.py:115} INFO - [2023-09-09 18:47:15,794] {dag.py:2420} INFO - Sync 1 DAGs
[2023-09-09 18:47:15,807] {logging_mixin.py:115} INFO - [2023-09-09 18:47:15,807] {dag.py:2972} INFO - Setting next_dagrun for example_branch_labels to 2023-09-08T00:00:00+00:00, run_after=2023-09-09T00:00:00+00:00
[2023-09-09 18:47:15,812] {processor.py:161} INFO - Processing /home/airflow/.local/lib/python3.7/site-packages/airflow/example_dags/example_branch_labels.py took 0.064 seconds
[2023-09-09 18:47:45,991] {processor.py:153} INFO - Started process (PID=905) to work on /home/airflow/.local/lib/python3.7/site-packages/airflow/example_dags/example_branch_labels.py
[2023-09-09 18:47:45,992] {processor.py:641} INFO - Processing file /home/airflow/.local/lib/python3.7/site-packages/airflow/example_dags/example_branch_labels.py for tasks to queue
[2023-09-09 18:47:45,993] {logging_mixin.py:115} INFO - [2023-09-09 18:47:45,993] {dagbag.py:508} INFO - Filling up the DagBag from /home/airflow/.local/lib/python3.7/site-packages/airflow/example_dags/example_branch_labels.py
[2023-09-09 18:47:46,001] {processor.py:651} INFO - DAG(s) dict_keys(['example_branch_labels']) retrieved from /home/airflow/.local/lib/python3.7/site-packages/airflow/example_dags/example_branch_labels.py
[2023-09-09 18:47:46,024] {logging_mixin.py:115} INFO - [2023-09-09 18:47:46,024] {dag.py:2420} INFO - Sync 1 DAGs
[2023-09-09 18:47:46,037] {logging_mixin.py:115} INFO - [2023-09-09 18:47:46,037] {dag.py:2972} INFO - Setting next_dagrun for example_branch_labels to 2023-09-08T00:00:00+00:00, run_after=2023-09-09T00:00:00+00:00
[2023-09-09 18:47:46,042] {processor.py:161} INFO - Processing /home/airflow/.local/lib/python3.7/site-packages/airflow/example_dags/example_branch_labels.py took 0.056 seconds
[2023-09-09 18:48:16,209] {processor.py:153} INFO - Started process (PID=967) to work on /home/airflow/.local/lib/python3.7/site-packages/airflow/example_dags/example_branch_labels.py
[2023-09-09 18:48:16,210] {processor.py:641} INFO - Processing file /home/airflow/.local/lib/python3.7/site-packages/airflow/example_dags/example_branch_labels.py for tasks to queue
[2023-09-09 18:48:16,211] {logging_mixin.py:115} INFO - [2023-09-09 18:48:16,211] {dagbag.py:508} INFO - Filling up the DagBag from /home/airflow/.local/lib/python3.7/site-packages/airflow/example_dags/example_branch_labels.py
[2023-09-09 18:48:16,216] {processor.py:651} INFO - DAG(s) dict_keys(['example_branch_labels']) retrieved from /home/airflow/.local/lib/python3.7/site-packages/airflow/example_dags/example_branch_labels.py
[2023-09-09 18:48:16,233] {logging_mixin.py:115} INFO - [2023-09-09 18:48:16,233] {dag.py:2420} INFO - Sync 1 DAGs
[2023-09-09 18:48:16,246] {logging_mixin.py:115} INFO - [2023-09-09 18:48:16,246] {dag.py:2972} INFO - Setting next_dagrun for example_branch_labels to 2023-09-08T00:00:00+00:00, run_after=2023-09-09T00:00:00+00:00
[2023-09-09 18:48:16,252] {processor.py:161} INFO - Processing /home/airflow/.local/lib/python3.7/site-packages/airflow/example_dags/example_branch_labels.py took 0.046 seconds
[2023-09-09 18:48:46,431] {processor.py:153} INFO - Started process (PID=1021) to work on /home/airflow/.local/lib/python3.7/site-packages/airflow/example_dags/example_branch_labels.py
[2023-09-09 18:48:46,432] {processor.py:641} INFO - Processing file /home/airflow/.local/lib/python3.7/site-packages/airflow/example_dags/example_branch_labels.py for tasks to queue
[2023-09-09 18:48:46,434] {logging_mixin.py:115} INFO - [2023-09-09 18:48:46,434] {dagbag.py:508} INFO - Filling up the DagBag from /home/airflow/.local/lib/python3.7/site-packages/airflow/example_dags/example_branch_labels.py
[2023-09-09 18:48:46,442] {processor.py:651} INFO - DAG(s) dict_keys(['example_branch_labels']) retrieved from /home/airflow/.local/lib/python3.7/site-packages/airflow/example_dags/example_branch_labels.py
[2023-09-09 18:48:46,468] {logging_mixin.py:115} INFO - [2023-09-09 18:48:46,468] {dag.py:2420} INFO - Sync 1 DAGs
[2023-09-09 18:48:46,481] {logging_mixin.py:115} INFO - [2023-09-09 18:48:46,481] {dag.py:2972} INFO - Setting next_dagrun for example_branch_labels to 2023-09-08T00:00:00+00:00, run_after=2023-09-09T00:00:00+00:00
[2023-09-09 18:48:46,487] {processor.py:161} INFO - Processing /home/airflow/.local/lib/python3.7/site-packages/airflow/example_dags/example_branch_labels.py took 0.060 seconds
[2023-09-09 18:57:33,781] {processor.py:153} INFO - Started process (PID=44) to work on /home/airflow/.local/lib/python3.7/site-packages/airflow/example_dags/example_branch_labels.py
[2023-09-09 18:57:33,782] {processor.py:641} INFO - Processing file /home/airflow/.local/lib/python3.7/site-packages/airflow/example_dags/example_branch_labels.py for tasks to queue
[2023-09-09 18:57:33,783] {logging_mixin.py:115} INFO - [2023-09-09 18:57:33,783] {dagbag.py:508} INFO - Filling up the DagBag from /home/airflow/.local/lib/python3.7/site-packages/airflow/example_dags/example_branch_labels.py
[2023-09-09 18:57:33,789] {processor.py:651} INFO - DAG(s) dict_keys(['example_branch_labels']) retrieved from /home/airflow/.local/lib/python3.7/site-packages/airflow/example_dags/example_branch_labels.py
[2023-09-09 18:57:33,815] {logging_mixin.py:115} INFO - [2023-09-09 18:57:33,814] {dag.py:2420} INFO - Sync 1 DAGs
[2023-09-09 18:57:33,835] {logging_mixin.py:115} INFO - [2023-09-09 18:57:33,835] {dag.py:2972} INFO - Setting next_dagrun for example_branch_labels to 2023-09-08T00:00:00+00:00, run_after=2023-09-09T00:00:00+00:00
[2023-09-09 18:57:33,846] {processor.py:161} INFO - Processing /home/airflow/.local/lib/python3.7/site-packages/airflow/example_dags/example_branch_labels.py took 0.069 seconds
[2023-09-09 18:58:04,219] {processor.py:153} INFO - Started process (PID=107) to work on /home/airflow/.local/lib/python3.7/site-packages/airflow/example_dags/example_branch_labels.py
[2023-09-09 18:58:04,220] {processor.py:641} INFO - Processing file /home/airflow/.local/lib/python3.7/site-packages/airflow/example_dags/example_branch_labels.py for tasks to queue
[2023-09-09 18:58:04,220] {logging_mixin.py:115} INFO - [2023-09-09 18:58:04,220] {dagbag.py:508} INFO - Filling up the DagBag from /home/airflow/.local/lib/python3.7/site-packages/airflow/example_dags/example_branch_labels.py
[2023-09-09 18:58:04,224] {processor.py:651} INFO - DAG(s) dict_keys(['example_branch_labels']) retrieved from /home/airflow/.local/lib/python3.7/site-packages/airflow/example_dags/example_branch_labels.py
[2023-09-09 18:58:04,240] {logging_mixin.py:115} INFO - [2023-09-09 18:58:04,240] {dag.py:2420} INFO - Sync 1 DAGs
[2023-09-09 18:58:04,252] {logging_mixin.py:115} INFO - [2023-09-09 18:58:04,252] {dag.py:2972} INFO - Setting next_dagrun for example_branch_labels to 2023-09-08T00:00:00+00:00, run_after=2023-09-09T00:00:00+00:00
[2023-09-09 18:58:04,258] {processor.py:161} INFO - Processing /home/airflow/.local/lib/python3.7/site-packages/airflow/example_dags/example_branch_labels.py took 0.041 seconds
[2023-09-09 18:58:34,543] {processor.py:153} INFO - Started process (PID=170) to work on /home/airflow/.local/lib/python3.7/site-packages/airflow/example_dags/example_branch_labels.py
[2023-09-09 18:58:34,543] {processor.py:641} INFO - Processing file /home/airflow/.local/lib/python3.7/site-packages/airflow/example_dags/example_branch_labels.py for tasks to queue
[2023-09-09 18:58:34,544] {logging_mixin.py:115} INFO - [2023-09-09 18:58:34,544] {dagbag.py:508} INFO - Filling up the DagBag from /home/airflow/.local/lib/python3.7/site-packages/airflow/example_dags/example_branch_labels.py
[2023-09-09 18:58:34,547] {processor.py:651} INFO - DAG(s) dict_keys(['example_branch_labels']) retrieved from /home/airflow/.local/lib/python3.7/site-packages/airflow/example_dags/example_branch_labels.py
[2023-09-09 18:58:34,561] {logging_mixin.py:115} INFO - [2023-09-09 18:58:34,561] {dag.py:2420} INFO - Sync 1 DAGs
[2023-09-09 18:58:34,572] {logging_mixin.py:115} INFO - [2023-09-09 18:58:34,572] {dag.py:2972} INFO - Setting next_dagrun for example_branch_labels to 2023-09-08T00:00:00+00:00, run_after=2023-09-09T00:00:00+00:00
[2023-09-09 18:58:34,577] {processor.py:161} INFO - Processing /home/airflow/.local/lib/python3.7/site-packages/airflow/example_dags/example_branch_labels.py took 0.035 seconds
[2023-09-09 18:59:04,867] {processor.py:153} INFO - Started process (PID=232) to work on /home/airflow/.local/lib/python3.7/site-packages/airflow/example_dags/example_branch_labels.py
[2023-09-09 18:59:04,868] {processor.py:641} INFO - Processing file /home/airflow/.local/lib/python3.7/site-packages/airflow/example_dags/example_branch_labels.py for tasks to queue
[2023-09-09 18:59:04,868] {logging_mixin.py:115} INFO - [2023-09-09 18:59:04,868] {dagbag.py:508} INFO - Filling up the DagBag from /home/airflow/.local/lib/python3.7/site-packages/airflow/example_dags/example_branch_labels.py
[2023-09-09 18:59:04,872] {processor.py:651} INFO - DAG(s) dict_keys(['example_branch_labels']) retrieved from /home/airflow/.local/lib/python3.7/site-packages/airflow/example_dags/example_branch_labels.py
[2023-09-09 18:59:04,887] {logging_mixin.py:115} INFO - [2023-09-09 18:59:04,887] {dag.py:2420} INFO - Sync 1 DAGs
[2023-09-09 18:59:04,898] {logging_mixin.py:115} INFO - [2023-09-09 18:59:04,898] {dag.py:2972} INFO - Setting next_dagrun for example_branch_labels to 2023-09-08T00:00:00+00:00, run_after=2023-09-09T00:00:00+00:00
[2023-09-09 18:59:04,903] {processor.py:161} INFO - Processing /home/airflow/.local/lib/python3.7/site-packages/airflow/example_dags/example_branch_labels.py took 0.037 seconds
[2023-09-09 18:59:35,234] {processor.py:153} INFO - Started process (PID=286) to work on /home/airflow/.local/lib/python3.7/site-packages/airflow/example_dags/example_branch_labels.py
[2023-09-09 18:59:35,234] {processor.py:641} INFO - Processing file /home/airflow/.local/lib/python3.7/site-packages/airflow/example_dags/example_branch_labels.py for tasks to queue
[2023-09-09 18:59:35,235] {logging_mixin.py:115} INFO - [2023-09-09 18:59:35,235] {dagbag.py:508} INFO - Filling up the DagBag from /home/airflow/.local/lib/python3.7/site-packages/airflow/example_dags/example_branch_labels.py
[2023-09-09 18:59:35,239] {processor.py:651} INFO - DAG(s) dict_keys(['example_branch_labels']) retrieved from /home/airflow/.local/lib/python3.7/site-packages/airflow/example_dags/example_branch_labels.py
[2023-09-09 18:59:35,256] {logging_mixin.py:115} INFO - [2023-09-09 18:59:35,256] {dag.py:2420} INFO - Sync 1 DAGs
[2023-09-09 18:59:35,266] {logging_mixin.py:115} INFO - [2023-09-09 18:59:35,266] {dag.py:2972} INFO - Setting next_dagrun for example_branch_labels to 2023-09-08T00:00:00+00:00, run_after=2023-09-09T00:00:00+00:00
[2023-09-09 18:59:35,271] {processor.py:161} INFO - Processing /home/airflow/.local/lib/python3.7/site-packages/airflow/example_dags/example_branch_labels.py took 0.039 seconds
[2023-09-09 19:00:05,524] {processor.py:153} INFO - Started process (PID=348) to work on /home/airflow/.local/lib/python3.7/site-packages/airflow/example_dags/example_branch_labels.py
[2023-09-09 19:00:05,525] {processor.py:641} INFO - Processing file /home/airflow/.local/lib/python3.7/site-packages/airflow/example_dags/example_branch_labels.py for tasks to queue
[2023-09-09 19:00:05,526] {logging_mixin.py:115} INFO - [2023-09-09 19:00:05,526] {dagbag.py:508} INFO - Filling up the DagBag from /home/airflow/.local/lib/python3.7/site-packages/airflow/example_dags/example_branch_labels.py
[2023-09-09 19:00:05,529] {processor.py:651} INFO - DAG(s) dict_keys(['example_branch_labels']) retrieved from /home/airflow/.local/lib/python3.7/site-packages/airflow/example_dags/example_branch_labels.py
[2023-09-09 19:00:05,544] {logging_mixin.py:115} INFO - [2023-09-09 19:00:05,544] {dag.py:2420} INFO - Sync 1 DAGs
[2023-09-09 19:00:05,554] {logging_mixin.py:115} INFO - [2023-09-09 19:00:05,554] {dag.py:2972} INFO - Setting next_dagrun for example_branch_labels to 2023-09-08T00:00:00+00:00, run_after=2023-09-09T00:00:00+00:00
[2023-09-09 19:00:05,559] {processor.py:161} INFO - Processing /home/airflow/.local/lib/python3.7/site-packages/airflow/example_dags/example_branch_labels.py took 0.036 seconds
[2023-09-09 19:00:35,879] {processor.py:153} INFO - Started process (PID=412) to work on /home/airflow/.local/lib/python3.7/site-packages/airflow/example_dags/example_branch_labels.py
[2023-09-09 19:00:35,880] {processor.py:641} INFO - Processing file /home/airflow/.local/lib/python3.7/site-packages/airflow/example_dags/example_branch_labels.py for tasks to queue
[2023-09-09 19:00:35,880] {logging_mixin.py:115} INFO - [2023-09-09 19:00:35,880] {dagbag.py:508} INFO - Filling up the DagBag from /home/airflow/.local/lib/python3.7/site-packages/airflow/example_dags/example_branch_labels.py
[2023-09-09 19:00:35,884] {processor.py:651} INFO - DAG(s) dict_keys(['example_branch_labels']) retrieved from /home/airflow/.local/lib/python3.7/site-packages/airflow/example_dags/example_branch_labels.py
[2023-09-09 19:00:35,899] {logging_mixin.py:115} INFO - [2023-09-09 19:00:35,899] {dag.py:2420} INFO - Sync 1 DAGs
[2023-09-09 19:00:35,913] {logging_mixin.py:115} INFO - [2023-09-09 19:00:35,913] {dag.py:2972} INFO - Setting next_dagrun for example_branch_labels to 2023-09-08T00:00:00+00:00, run_after=2023-09-09T00:00:00+00:00
[2023-09-09 19:00:35,922] {processor.py:161} INFO - Processing /home/airflow/.local/lib/python3.7/site-packages/airflow/example_dags/example_branch_labels.py took 0.045 seconds
[2023-09-09 19:01:06,072] {processor.py:153} INFO - Started process (PID=476) to work on /home/airflow/.local/lib/python3.7/site-packages/airflow/example_dags/example_branch_labels.py
[2023-09-09 19:01:06,072] {processor.py:641} INFO - Processing file /home/airflow/.local/lib/python3.7/site-packages/airflow/example_dags/example_branch_labels.py for tasks to queue
[2023-09-09 19:01:06,073] {logging_mixin.py:115} INFO - [2023-09-09 19:01:06,073] {dagbag.py:508} INFO - Filling up the DagBag from /home/airflow/.local/lib/python3.7/site-packages/airflow/example_dags/example_branch_labels.py
[2023-09-09 19:01:06,077] {processor.py:651} INFO - DAG(s) dict_keys(['example_branch_labels']) retrieved from /home/airflow/.local/lib/python3.7/site-packages/airflow/example_dags/example_branch_labels.py
[2023-09-09 19:01:06,091] {logging_mixin.py:115} INFO - [2023-09-09 19:01:06,091] {dag.py:2420} INFO - Sync 1 DAGs
[2023-09-09 19:01:06,102] {logging_mixin.py:115} INFO - [2023-09-09 19:01:06,102] {dag.py:2972} INFO - Setting next_dagrun for example_branch_labels to 2023-09-08T00:00:00+00:00, run_after=2023-09-09T00:00:00+00:00
[2023-09-09 19:01:06,106] {processor.py:161} INFO - Processing /home/airflow/.local/lib/python3.7/site-packages/airflow/example_dags/example_branch_labels.py took 0.036 seconds
[2023-09-09 19:01:36,363] {processor.py:153} INFO - Started process (PID=539) to work on /home/airflow/.local/lib/python3.7/site-packages/airflow/example_dags/example_branch_labels.py
[2023-09-09 19:01:36,364] {processor.py:641} INFO - Processing file /home/airflow/.local/lib/python3.7/site-packages/airflow/example_dags/example_branch_labels.py for tasks to queue
[2023-09-09 19:01:36,364] {logging_mixin.py:115} INFO - [2023-09-09 19:01:36,364] {dagbag.py:508} INFO - Filling up the DagBag from /home/airflow/.local/lib/python3.7/site-packages/airflow/example_dags/example_branch_labels.py
[2023-09-09 19:01:36,368] {processor.py:651} INFO - DAG(s) dict_keys(['example_branch_labels']) retrieved from /home/airflow/.local/lib/python3.7/site-packages/airflow/example_dags/example_branch_labels.py
[2023-09-09 19:01:36,382] {logging_mixin.py:115} INFO - [2023-09-09 19:01:36,382] {dag.py:2420} INFO - Sync 1 DAGs
[2023-09-09 19:01:36,393] {logging_mixin.py:115} INFO - [2023-09-09 19:01:36,393] {dag.py:2972} INFO - Setting next_dagrun for example_branch_labels to 2023-09-08T00:00:00+00:00, run_after=2023-09-09T00:00:00+00:00
[2023-09-09 19:01:36,400] {processor.py:161} INFO - Processing /home/airflow/.local/lib/python3.7/site-packages/airflow/example_dags/example_branch_labels.py took 0.038 seconds
[2023-09-09 19:02:06,696] {processor.py:153} INFO - Started process (PID=602) to work on /home/airflow/.local/lib/python3.7/site-packages/airflow/example_dags/example_branch_labels.py
[2023-09-09 19:02:06,696] {processor.py:641} INFO - Processing file /home/airflow/.local/lib/python3.7/site-packages/airflow/example_dags/example_branch_labels.py for tasks to queue
[2023-09-09 19:02:06,697] {logging_mixin.py:115} INFO - [2023-09-09 19:02:06,697] {dagbag.py:508} INFO - Filling up the DagBag from /home/airflow/.local/lib/python3.7/site-packages/airflow/example_dags/example_branch_labels.py
[2023-09-09 19:02:06,701] {processor.py:651} INFO - DAG(s) dict_keys(['example_branch_labels']) retrieved from /home/airflow/.local/lib/python3.7/site-packages/airflow/example_dags/example_branch_labels.py
[2023-09-09 19:02:06,718] {logging_mixin.py:115} INFO - [2023-09-09 19:02:06,718] {dag.py:2420} INFO - Sync 1 DAGs
[2023-09-09 19:02:06,729] {logging_mixin.py:115} INFO - [2023-09-09 19:02:06,729] {dag.py:2972} INFO - Setting next_dagrun for example_branch_labels to 2023-09-08T00:00:00+00:00, run_after=2023-09-09T00:00:00+00:00
[2023-09-09 19:02:06,734] {processor.py:161} INFO - Processing /home/airflow/.local/lib/python3.7/site-packages/airflow/example_dags/example_branch_labels.py took 0.041 seconds
[2023-09-09 19:02:37,598] {processor.py:153} INFO - Started process (PID=660) to work on /home/airflow/.local/lib/python3.7/site-packages/airflow/example_dags/example_branch_labels.py
[2023-09-09 19:02:37,599] {processor.py:641} INFO - Processing file /home/airflow/.local/lib/python3.7/site-packages/airflow/example_dags/example_branch_labels.py for tasks to queue
[2023-09-09 19:02:37,599] {logging_mixin.py:115} INFO - [2023-09-09 19:02:37,599] {dagbag.py:508} INFO - Filling up the DagBag from /home/airflow/.local/lib/python3.7/site-packages/airflow/example_dags/example_branch_labels.py
[2023-09-09 19:02:37,603] {processor.py:651} INFO - DAG(s) dict_keys(['example_branch_labels']) retrieved from /home/airflow/.local/lib/python3.7/site-packages/airflow/example_dags/example_branch_labels.py
[2023-09-09 19:02:37,618] {logging_mixin.py:115} INFO - [2023-09-09 19:02:37,618] {dag.py:2420} INFO - Sync 1 DAGs
[2023-09-09 19:02:37,628] {logging_mixin.py:115} INFO - [2023-09-09 19:02:37,628] {dag.py:2972} INFO - Setting next_dagrun for example_branch_labels to 2023-09-08T00:00:00+00:00, run_after=2023-09-09T00:00:00+00:00
[2023-09-09 19:02:37,633] {processor.py:161} INFO - Processing /home/airflow/.local/lib/python3.7/site-packages/airflow/example_dags/example_branch_labels.py took 0.036 seconds
[2023-09-09 19:03:35,192] {processor.py:153} INFO - Started process (PID=44) to work on /home/airflow/.local/lib/python3.7/site-packages/airflow/example_dags/example_branch_labels.py
[2023-09-09 19:03:35,193] {processor.py:641} INFO - Processing file /home/airflow/.local/lib/python3.7/site-packages/airflow/example_dags/example_branch_labels.py for tasks to queue
[2023-09-09 19:03:35,197] {logging_mixin.py:115} INFO - [2023-09-09 19:03:35,197] {dagbag.py:508} INFO - Filling up the DagBag from /home/airflow/.local/lib/python3.7/site-packages/airflow/example_dags/example_branch_labels.py
[2023-09-09 19:03:35,209] {processor.py:651} INFO - DAG(s) dict_keys(['example_branch_labels']) retrieved from /home/airflow/.local/lib/python3.7/site-packages/airflow/example_dags/example_branch_labels.py
[2023-09-09 19:03:35,230] {logging_mixin.py:115} INFO - [2023-09-09 19:03:35,230] {dag.py:2420} INFO - Sync 1 DAGs
[2023-09-09 19:03:35,249] {logging_mixin.py:115} INFO - [2023-09-09 19:03:35,249] {dag.py:2972} INFO - Setting next_dagrun for example_branch_labels to 2023-09-08T00:00:00+00:00, run_after=2023-09-09T00:00:00+00:00
[2023-09-09 19:03:35,256] {processor.py:161} INFO - Processing /home/airflow/.local/lib/python3.7/site-packages/airflow/example_dags/example_branch_labels.py took 0.066 seconds
[2023-09-09 19:04:05,405] {processor.py:153} INFO - Started process (PID=107) to work on /home/airflow/.local/lib/python3.7/site-packages/airflow/example_dags/example_branch_labels.py
[2023-09-09 19:04:05,406] {processor.py:641} INFO - Processing file /home/airflow/.local/lib/python3.7/site-packages/airflow/example_dags/example_branch_labels.py for tasks to queue
[2023-09-09 19:04:05,406] {logging_mixin.py:115} INFO - [2023-09-09 19:04:05,406] {dagbag.py:508} INFO - Filling up the DagBag from /home/airflow/.local/lib/python3.7/site-packages/airflow/example_dags/example_branch_labels.py
[2023-09-09 19:04:05,409] {processor.py:651} INFO - DAG(s) dict_keys(['example_branch_labels']) retrieved from /home/airflow/.local/lib/python3.7/site-packages/airflow/example_dags/example_branch_labels.py
[2023-09-09 19:04:05,424] {logging_mixin.py:115} INFO - [2023-09-09 19:04:05,423] {dag.py:2420} INFO - Sync 1 DAGs
[2023-09-09 19:04:05,434] {logging_mixin.py:115} INFO - [2023-09-09 19:04:05,434] {dag.py:2972} INFO - Setting next_dagrun for example_branch_labels to 2023-09-08T00:00:00+00:00, run_after=2023-09-09T00:00:00+00:00
[2023-09-09 19:04:05,439] {processor.py:161} INFO - Processing /home/airflow/.local/lib/python3.7/site-packages/airflow/example_dags/example_branch_labels.py took 0.035 seconds
[2023-09-09 19:04:35,758] {processor.py:153} INFO - Started process (PID=169) to work on /home/airflow/.local/lib/python3.7/site-packages/airflow/example_dags/example_branch_labels.py
[2023-09-09 19:04:35,759] {processor.py:641} INFO - Processing file /home/airflow/.local/lib/python3.7/site-packages/airflow/example_dags/example_branch_labels.py for tasks to queue
[2023-09-09 19:04:35,759] {logging_mixin.py:115} INFO - [2023-09-09 19:04:35,759] {dagbag.py:508} INFO - Filling up the DagBag from /home/airflow/.local/lib/python3.7/site-packages/airflow/example_dags/example_branch_labels.py
[2023-09-09 19:04:35,763] {processor.py:651} INFO - DAG(s) dict_keys(['example_branch_labels']) retrieved from /home/airflow/.local/lib/python3.7/site-packages/airflow/example_dags/example_branch_labels.py
[2023-09-09 19:04:35,776] {logging_mixin.py:115} INFO - [2023-09-09 19:04:35,776] {dag.py:2420} INFO - Sync 1 DAGs
[2023-09-09 19:04:35,788] {logging_mixin.py:115} INFO - [2023-09-09 19:04:35,788] {dag.py:2972} INFO - Setting next_dagrun for example_branch_labels to 2023-09-08T00:00:00+00:00, run_after=2023-09-09T00:00:00+00:00
[2023-09-09 19:04:35,793] {processor.py:161} INFO - Processing /home/airflow/.local/lib/python3.7/site-packages/airflow/example_dags/example_branch_labels.py took 0.036 seconds
[2023-09-09 19:05:06,042] {processor.py:153} INFO - Started process (PID=233) to work on /home/airflow/.local/lib/python3.7/site-packages/airflow/example_dags/example_branch_labels.py
[2023-09-09 19:05:06,043] {processor.py:641} INFO - Processing file /home/airflow/.local/lib/python3.7/site-packages/airflow/example_dags/example_branch_labels.py for tasks to queue
[2023-09-09 19:05:06,043] {logging_mixin.py:115} INFO - [2023-09-09 19:05:06,043] {dagbag.py:508} INFO - Filling up the DagBag from /home/airflow/.local/lib/python3.7/site-packages/airflow/example_dags/example_branch_labels.py
[2023-09-09 19:05:06,046] {processor.py:651} INFO - DAG(s) dict_keys(['example_branch_labels']) retrieved from /home/airflow/.local/lib/python3.7/site-packages/airflow/example_dags/example_branch_labels.py
[2023-09-09 19:05:06,059] {logging_mixin.py:115} INFO - [2023-09-09 19:05:06,059] {dag.py:2420} INFO - Sync 1 DAGs
[2023-09-09 19:05:06,069] {logging_mixin.py:115} INFO - [2023-09-09 19:05:06,069] {dag.py:2972} INFO - Setting next_dagrun for example_branch_labels to 2023-09-08T00:00:00+00:00, run_after=2023-09-09T00:00:00+00:00
[2023-09-09 19:05:06,074] {processor.py:161} INFO - Processing /home/airflow/.local/lib/python3.7/site-packages/airflow/example_dags/example_branch_labels.py took 0.034 seconds
[2023-09-09 19:05:36,400] {processor.py:153} INFO - Started process (PID=287) to work on /home/airflow/.local/lib/python3.7/site-packages/airflow/example_dags/example_branch_labels.py
[2023-09-09 19:05:36,400] {processor.py:641} INFO - Processing file /home/airflow/.local/lib/python3.7/site-packages/airflow/example_dags/example_branch_labels.py for tasks to queue
[2023-09-09 19:05:36,401] {logging_mixin.py:115} INFO - [2023-09-09 19:05:36,401] {dagbag.py:508} INFO - Filling up the DagBag from /home/airflow/.local/lib/python3.7/site-packages/airflow/example_dags/example_branch_labels.py
[2023-09-09 19:05:36,404] {processor.py:651} INFO - DAG(s) dict_keys(['example_branch_labels']) retrieved from /home/airflow/.local/lib/python3.7/site-packages/airflow/example_dags/example_branch_labels.py
[2023-09-09 19:05:36,418] {logging_mixin.py:115} INFO - [2023-09-09 19:05:36,418] {dag.py:2420} INFO - Sync 1 DAGs
[2023-09-09 19:05:36,429] {logging_mixin.py:115} INFO - [2023-09-09 19:05:36,429] {dag.py:2972} INFO - Setting next_dagrun for example_branch_labels to 2023-09-08T00:00:00+00:00, run_after=2023-09-09T00:00:00+00:00
[2023-09-09 19:05:36,433] {processor.py:161} INFO - Processing /home/airflow/.local/lib/python3.7/site-packages/airflow/example_dags/example_branch_labels.py took 0.035 seconds
[2023-09-09 19:06:06,705] {processor.py:153} INFO - Started process (PID=349) to work on /home/airflow/.local/lib/python3.7/site-packages/airflow/example_dags/example_branch_labels.py
[2023-09-09 19:06:06,706] {processor.py:641} INFO - Processing file /home/airflow/.local/lib/python3.7/site-packages/airflow/example_dags/example_branch_labels.py for tasks to queue
[2023-09-09 19:06:06,706] {logging_mixin.py:115} INFO - [2023-09-09 19:06:06,706] {dagbag.py:508} INFO - Filling up the DagBag from /home/airflow/.local/lib/python3.7/site-packages/airflow/example_dags/example_branch_labels.py
[2023-09-09 19:06:06,709] {processor.py:651} INFO - DAG(s) dict_keys(['example_branch_labels']) retrieved from /home/airflow/.local/lib/python3.7/site-packages/airflow/example_dags/example_branch_labels.py
[2023-09-09 19:06:06,723] {logging_mixin.py:115} INFO - [2023-09-09 19:06:06,723] {dag.py:2420} INFO - Sync 1 DAGs
[2023-09-09 19:06:06,733] {logging_mixin.py:115} INFO - [2023-09-09 19:06:06,733] {dag.py:2972} INFO - Setting next_dagrun for example_branch_labels to 2023-09-08T00:00:00+00:00, run_after=2023-09-09T00:00:00+00:00
[2023-09-09 19:06:06,738] {processor.py:161} INFO - Processing /home/airflow/.local/lib/python3.7/site-packages/airflow/example_dags/example_branch_labels.py took 0.034 seconds
[2023-09-09 19:06:37,066] {processor.py:153} INFO - Started process (PID=412) to work on /home/airflow/.local/lib/python3.7/site-packages/airflow/example_dags/example_branch_labels.py
[2023-09-09 19:06:37,066] {processor.py:641} INFO - Processing file /home/airflow/.local/lib/python3.7/site-packages/airflow/example_dags/example_branch_labels.py for tasks to queue
[2023-09-09 19:06:37,067] {logging_mixin.py:115} INFO - [2023-09-09 19:06:37,067] {dagbag.py:508} INFO - Filling up the DagBag from /home/airflow/.local/lib/python3.7/site-packages/airflow/example_dags/example_branch_labels.py
[2023-09-09 19:06:37,071] {processor.py:651} INFO - DAG(s) dict_keys(['example_branch_labels']) retrieved from /home/airflow/.local/lib/python3.7/site-packages/airflow/example_dags/example_branch_labels.py
[2023-09-09 19:06:37,085] {logging_mixin.py:115} INFO - [2023-09-09 19:06:37,085] {dag.py:2420} INFO - Sync 1 DAGs
[2023-09-09 19:06:37,096] {logging_mixin.py:115} INFO - [2023-09-09 19:06:37,096] {dag.py:2972} INFO - Setting next_dagrun for example_branch_labels to 2023-09-08T00:00:00+00:00, run_after=2023-09-09T00:00:00+00:00
[2023-09-09 19:06:37,101] {processor.py:161} INFO - Processing /home/airflow/.local/lib/python3.7/site-packages/airflow/example_dags/example_branch_labels.py took 0.037 seconds
[2023-09-09 19:07:07,371] {processor.py:153} INFO - Started process (PID=475) to work on /home/airflow/.local/lib/python3.7/site-packages/airflow/example_dags/example_branch_labels.py
[2023-09-09 19:07:07,371] {processor.py:641} INFO - Processing file /home/airflow/.local/lib/python3.7/site-packages/airflow/example_dags/example_branch_labels.py for tasks to queue
[2023-09-09 19:07:07,372] {logging_mixin.py:115} INFO - [2023-09-09 19:07:07,372] {dagbag.py:508} INFO - Filling up the DagBag from /home/airflow/.local/lib/python3.7/site-packages/airflow/example_dags/example_branch_labels.py
[2023-09-09 19:07:07,376] {processor.py:651} INFO - DAG(s) dict_keys(['example_branch_labels']) retrieved from /home/airflow/.local/lib/python3.7/site-packages/airflow/example_dags/example_branch_labels.py
[2023-09-09 19:07:07,390] {logging_mixin.py:115} INFO - [2023-09-09 19:07:07,390] {dag.py:2420} INFO - Sync 1 DAGs
[2023-09-09 19:07:07,401] {logging_mixin.py:115} INFO - [2023-09-09 19:07:07,401] {dag.py:2972} INFO - Setting next_dagrun for example_branch_labels to 2023-09-08T00:00:00+00:00, run_after=2023-09-09T00:00:00+00:00
[2023-09-09 19:07:07,406] {processor.py:161} INFO - Processing /home/airflow/.local/lib/python3.7/site-packages/airflow/example_dags/example_branch_labels.py took 0.037 seconds
[2023-09-09 19:07:37,689] {processor.py:153} INFO - Started process (PID=538) to work on /home/airflow/.local/lib/python3.7/site-packages/airflow/example_dags/example_branch_labels.py
[2023-09-09 19:07:37,690] {processor.py:641} INFO - Processing file /home/airflow/.local/lib/python3.7/site-packages/airflow/example_dags/example_branch_labels.py for tasks to queue
[2023-09-09 19:07:37,690] {logging_mixin.py:115} INFO - [2023-09-09 19:07:37,690] {dagbag.py:508} INFO - Filling up the DagBag from /home/airflow/.local/lib/python3.7/site-packages/airflow/example_dags/example_branch_labels.py
[2023-09-09 19:07:37,694] {processor.py:651} INFO - DAG(s) dict_keys(['example_branch_labels']) retrieved from /home/airflow/.local/lib/python3.7/site-packages/airflow/example_dags/example_branch_labels.py
[2023-09-09 19:07:37,709] {logging_mixin.py:115} INFO - [2023-09-09 19:07:37,709] {dag.py:2420} INFO - Sync 1 DAGs
[2023-09-09 19:07:37,720] {logging_mixin.py:115} INFO - [2023-09-09 19:07:37,719] {dag.py:2972} INFO - Setting next_dagrun for example_branch_labels to 2023-09-08T00:00:00+00:00, run_after=2023-09-09T00:00:00+00:00
[2023-09-09 19:07:37,724] {processor.py:161} INFO - Processing /home/airflow/.local/lib/python3.7/site-packages/airflow/example_dags/example_branch_labels.py took 0.037 seconds
[2023-09-09 19:08:08,238] {processor.py:153} INFO - Started process (PID=601) to work on /home/airflow/.local/lib/python3.7/site-packages/airflow/example_dags/example_branch_labels.py
[2023-09-09 19:08:08,240] {processor.py:641} INFO - Processing file /home/airflow/.local/lib/python3.7/site-packages/airflow/example_dags/example_branch_labels.py for tasks to queue
[2023-09-09 19:08:08,241] {logging_mixin.py:115} INFO - [2023-09-09 19:08:08,241] {dagbag.py:508} INFO - Filling up the DagBag from /home/airflow/.local/lib/python3.7/site-packages/airflow/example_dags/example_branch_labels.py
[2023-09-09 19:08:08,245] {processor.py:651} INFO - DAG(s) dict_keys(['example_branch_labels']) retrieved from /home/airflow/.local/lib/python3.7/site-packages/airflow/example_dags/example_branch_labels.py
[2023-09-09 19:08:08,263] {logging_mixin.py:115} INFO - [2023-09-09 19:08:08,263] {dag.py:2420} INFO - Sync 1 DAGs
[2023-09-09 19:08:08,273] {logging_mixin.py:115} INFO - [2023-09-09 19:08:08,273] {dag.py:2972} INFO - Setting next_dagrun for example_branch_labels to 2023-09-08T00:00:00+00:00, run_after=2023-09-09T00:00:00+00:00
[2023-09-09 19:08:08,279] {processor.py:161} INFO - Processing /home/airflow/.local/lib/python3.7/site-packages/airflow/example_dags/example_branch_labels.py took 0.043 seconds
[2023-09-09 19:08:38,915] {processor.py:153} INFO - Started process (PID=654) to work on /home/airflow/.local/lib/python3.7/site-packages/airflow/example_dags/example_branch_labels.py
[2023-09-09 19:08:38,915] {processor.py:641} INFO - Processing file /home/airflow/.local/lib/python3.7/site-packages/airflow/example_dags/example_branch_labels.py for tasks to queue
[2023-09-09 19:08:38,916] {logging_mixin.py:115} INFO - [2023-09-09 19:08:38,916] {dagbag.py:508} INFO - Filling up the DagBag from /home/airflow/.local/lib/python3.7/site-packages/airflow/example_dags/example_branch_labels.py
[2023-09-09 19:08:38,921] {processor.py:651} INFO - DAG(s) dict_keys(['example_branch_labels']) retrieved from /home/airflow/.local/lib/python3.7/site-packages/airflow/example_dags/example_branch_labels.py
[2023-09-09 19:08:38,938] {logging_mixin.py:115} INFO - [2023-09-09 19:08:38,938] {dag.py:2420} INFO - Sync 1 DAGs
[2023-09-09 19:08:38,950] {logging_mixin.py:115} INFO - [2023-09-09 19:08:38,950] {dag.py:2972} INFO - Setting next_dagrun for example_branch_labels to 2023-09-08T00:00:00+00:00, run_after=2023-09-09T00:00:00+00:00
[2023-09-09 19:08:38,956] {processor.py:161} INFO - Processing /home/airflow/.local/lib/python3.7/site-packages/airflow/example_dags/example_branch_labels.py took 0.043 seconds
[2023-09-09 19:09:09,243] {processor.py:153} INFO - Started process (PID=717) to work on /home/airflow/.local/lib/python3.7/site-packages/airflow/example_dags/example_branch_labels.py
[2023-09-09 19:09:09,243] {processor.py:641} INFO - Processing file /home/airflow/.local/lib/python3.7/site-packages/airflow/example_dags/example_branch_labels.py for tasks to queue
[2023-09-09 19:09:09,244] {logging_mixin.py:115} INFO - [2023-09-09 19:09:09,244] {dagbag.py:508} INFO - Filling up the DagBag from /home/airflow/.local/lib/python3.7/site-packages/airflow/example_dags/example_branch_labels.py
[2023-09-09 19:09:09,247] {processor.py:651} INFO - DAG(s) dict_keys(['example_branch_labels']) retrieved from /home/airflow/.local/lib/python3.7/site-packages/airflow/example_dags/example_branch_labels.py
[2023-09-09 19:09:09,261] {logging_mixin.py:115} INFO - [2023-09-09 19:09:09,261] {dag.py:2420} INFO - Sync 1 DAGs
[2023-09-09 19:09:09,272] {logging_mixin.py:115} INFO - [2023-09-09 19:09:09,272] {dag.py:2972} INFO - Setting next_dagrun for example_branch_labels to 2023-09-08T00:00:00+00:00, run_after=2023-09-09T00:00:00+00:00
[2023-09-09 19:09:09,277] {processor.py:161} INFO - Processing /home/airflow/.local/lib/python3.7/site-packages/airflow/example_dags/example_branch_labels.py took 0.036 seconds
