[2023-09-09 18:40:39,372] {processor.py:153} INFO - Started process (PID=37) to work on /home/airflow/.local/lib/python3.7/site-packages/airflow/example_dags/example_branch_operator_decorator.py
[2023-09-09 18:40:39,373] {processor.py:641} INFO - Processing file /home/airflow/.local/lib/python3.7/site-packages/airflow/example_dags/example_branch_operator_decorator.py for tasks to queue
[2023-09-09 18:40:39,374] {logging_mixin.py:115} INFO - [2023-09-09 18:40:39,374] {dagbag.py:508} INFO - Filling up the DagBag from /home/airflow/.local/lib/python3.7/site-packages/airflow/example_dags/example_branch_operator_decorator.py
[2023-09-09 18:40:39,384] {processor.py:651} INFO - DAG(s) dict_keys(['example_branch_python_operator_decorator']) retrieved from /home/airflow/.local/lib/python3.7/site-packages/airflow/example_dags/example_branch_operator_decorator.py
[2023-09-09 18:40:39,429] {logging_mixin.py:115} INFO - [2023-09-09 18:40:39,429] {manager.py:508} INFO - Created Permission View: can edit on DAG:example_branch_python_operator_decorator
[2023-09-09 18:40:39,435] {logging_mixin.py:115} INFO - [2023-09-09 18:40:39,435] {manager.py:508} INFO - Created Permission View: can read on DAG:example_branch_python_operator_decorator
[2023-09-09 18:40:39,438] {logging_mixin.py:115} INFO - [2023-09-09 18:40:39,437] {manager.py:508} INFO - Created Permission View: can delete on DAG:example_branch_python_operator_decorator
[2023-09-09 18:40:39,438] {logging_mixin.py:115} INFO - [2023-09-09 18:40:39,438] {dag.py:2420} INFO - Sync 1 DAGs
[2023-09-09 18:40:39,442] {logging_mixin.py:115} INFO - [2023-09-09 18:40:39,442] {dag.py:2439} INFO - Creating ORM DAG for example_branch_python_operator_decorator
[2023-09-09 18:40:39,449] {logging_mixin.py:115} INFO - [2023-09-09 18:40:39,449] {dag.py:2972} INFO - Setting next_dagrun for example_branch_python_operator_decorator to 2023-09-08T00:00:00+00:00, run_after=2023-09-09T00:00:00+00:00
[2023-09-09 18:40:39,457] {processor.py:161} INFO - Processing /home/airflow/.local/lib/python3.7/site-packages/airflow/example_dags/example_branch_operator_decorator.py took 0.087 seconds
[2023-09-09 18:41:09,638] {processor.py:153} INFO - Started process (PID=98) to work on /home/airflow/.local/lib/python3.7/site-packages/airflow/example_dags/example_branch_operator_decorator.py
[2023-09-09 18:41:09,639] {processor.py:641} INFO - Processing file /home/airflow/.local/lib/python3.7/site-packages/airflow/example_dags/example_branch_operator_decorator.py for tasks to queue
[2023-09-09 18:41:09,640] {logging_mixin.py:115} INFO - [2023-09-09 18:41:09,640] {dagbag.py:508} INFO - Filling up the DagBag from /home/airflow/.local/lib/python3.7/site-packages/airflow/example_dags/example_branch_operator_decorator.py
[2023-09-09 18:41:09,679] {processor.py:651} INFO - DAG(s) dict_keys(['example_branch_python_operator_decorator']) retrieved from /home/airflow/.local/lib/python3.7/site-packages/airflow/example_dags/example_branch_operator_decorator.py
[2023-09-09 18:41:09,700] {logging_mixin.py:115} INFO - [2023-09-09 18:41:09,700] {dag.py:2420} INFO - Sync 1 DAGs
[2023-09-09 18:41:09,735] {logging_mixin.py:115} INFO - [2023-09-09 18:41:09,735] {dag.py:2972} INFO - Setting next_dagrun for example_branch_python_operator_decorator to 2023-09-08T00:00:00+00:00, run_after=2023-09-09T00:00:00+00:00
[2023-09-09 18:41:09,761] {processor.py:161} INFO - Processing /home/airflow/.local/lib/python3.7/site-packages/airflow/example_dags/example_branch_operator_decorator.py took 0.127 seconds
[2023-09-09 18:41:40,123] {processor.py:153} INFO - Started process (PID=161) to work on /home/airflow/.local/lib/python3.7/site-packages/airflow/example_dags/example_branch_operator_decorator.py
[2023-09-09 18:41:40,123] {processor.py:641} INFO - Processing file /home/airflow/.local/lib/python3.7/site-packages/airflow/example_dags/example_branch_operator_decorator.py for tasks to queue
[2023-09-09 18:41:40,124] {logging_mixin.py:115} INFO - [2023-09-09 18:41:40,124] {dagbag.py:508} INFO - Filling up the DagBag from /home/airflow/.local/lib/python3.7/site-packages/airflow/example_dags/example_branch_operator_decorator.py
[2023-09-09 18:41:40,139] {processor.py:651} INFO - DAG(s) dict_keys(['example_branch_python_operator_decorator']) retrieved from /home/airflow/.local/lib/python3.7/site-packages/airflow/example_dags/example_branch_operator_decorator.py
[2023-09-09 18:41:40,156] {logging_mixin.py:115} INFO - [2023-09-09 18:41:40,156] {dag.py:2420} INFO - Sync 1 DAGs
[2023-09-09 18:41:40,168] {logging_mixin.py:115} INFO - [2023-09-09 18:41:40,168] {dag.py:2972} INFO - Setting next_dagrun for example_branch_python_operator_decorator to 2023-09-08T00:00:00+00:00, run_after=2023-09-09T00:00:00+00:00
[2023-09-09 18:41:40,174] {processor.py:161} INFO - Processing /home/airflow/.local/lib/python3.7/site-packages/airflow/example_dags/example_branch_operator_decorator.py took 0.053 seconds
[2023-09-09 18:42:10,409] {processor.py:153} INFO - Started process (PID=225) to work on /home/airflow/.local/lib/python3.7/site-packages/airflow/example_dags/example_branch_operator_decorator.py
[2023-09-09 18:42:10,413] {processor.py:641} INFO - Processing file /home/airflow/.local/lib/python3.7/site-packages/airflow/example_dags/example_branch_operator_decorator.py for tasks to queue
[2023-09-09 18:42:10,419] {logging_mixin.py:115} INFO - [2023-09-09 18:42:10,419] {dagbag.py:508} INFO - Filling up the DagBag from /home/airflow/.local/lib/python3.7/site-packages/airflow/example_dags/example_branch_operator_decorator.py
[2023-09-09 18:42:10,464] {processor.py:651} INFO - DAG(s) dict_keys(['example_branch_python_operator_decorator']) retrieved from /home/airflow/.local/lib/python3.7/site-packages/airflow/example_dags/example_branch_operator_decorator.py
[2023-09-09 18:42:10,523] {logging_mixin.py:115} INFO - [2023-09-09 18:42:10,523] {dag.py:2420} INFO - Sync 1 DAGs
[2023-09-09 18:42:10,548] {logging_mixin.py:115} INFO - [2023-09-09 18:42:10,548] {dag.py:2972} INFO - Setting next_dagrun for example_branch_python_operator_decorator to 2023-09-08T00:00:00+00:00, run_after=2023-09-09T00:00:00+00:00
[2023-09-09 18:42:10,596] {processor.py:161} INFO - Processing /home/airflow/.local/lib/python3.7/site-packages/airflow/example_dags/example_branch_operator_decorator.py took 0.192 seconds
[2023-09-09 18:42:40,902] {processor.py:153} INFO - Started process (PID=279) to work on /home/airflow/.local/lib/python3.7/site-packages/airflow/example_dags/example_branch_operator_decorator.py
[2023-09-09 18:42:40,903] {processor.py:641} INFO - Processing file /home/airflow/.local/lib/python3.7/site-packages/airflow/example_dags/example_branch_operator_decorator.py for tasks to queue
[2023-09-09 18:42:40,905] {logging_mixin.py:115} INFO - [2023-09-09 18:42:40,905] {dagbag.py:508} INFO - Filling up the DagBag from /home/airflow/.local/lib/python3.7/site-packages/airflow/example_dags/example_branch_operator_decorator.py
[2023-09-09 18:42:40,925] {processor.py:651} INFO - DAG(s) dict_keys(['example_branch_python_operator_decorator']) retrieved from /home/airflow/.local/lib/python3.7/site-packages/airflow/example_dags/example_branch_operator_decorator.py
[2023-09-09 18:42:40,944] {logging_mixin.py:115} INFO - [2023-09-09 18:42:40,943] {dag.py:2420} INFO - Sync 1 DAGs
[2023-09-09 18:42:40,956] {logging_mixin.py:115} INFO - [2023-09-09 18:42:40,956] {dag.py:2972} INFO - Setting next_dagrun for example_branch_python_operator_decorator to 2023-09-08T00:00:00+00:00, run_after=2023-09-09T00:00:00+00:00
[2023-09-09 18:42:40,961] {processor.py:161} INFO - Processing /home/airflow/.local/lib/python3.7/site-packages/airflow/example_dags/example_branch_operator_decorator.py took 0.063 seconds
[2023-09-09 18:43:11,922] {processor.py:153} INFO - Started process (PID=345) to work on /home/airflow/.local/lib/python3.7/site-packages/airflow/example_dags/example_branch_operator_decorator.py
[2023-09-09 18:43:11,923] {processor.py:641} INFO - Processing file /home/airflow/.local/lib/python3.7/site-packages/airflow/example_dags/example_branch_operator_decorator.py for tasks to queue
[2023-09-09 18:43:11,923] {logging_mixin.py:115} INFO - [2023-09-09 18:43:11,923] {dagbag.py:508} INFO - Filling up the DagBag from /home/airflow/.local/lib/python3.7/site-packages/airflow/example_dags/example_branch_operator_decorator.py
[2023-09-09 18:43:11,933] {processor.py:651} INFO - DAG(s) dict_keys(['example_branch_python_operator_decorator']) retrieved from /home/airflow/.local/lib/python3.7/site-packages/airflow/example_dags/example_branch_operator_decorator.py
[2023-09-09 18:43:11,948] {logging_mixin.py:115} INFO - [2023-09-09 18:43:11,948] {dag.py:2420} INFO - Sync 1 DAGs
[2023-09-09 18:43:11,959] {logging_mixin.py:115} INFO - [2023-09-09 18:43:11,959] {dag.py:2972} INFO - Setting next_dagrun for example_branch_python_operator_decorator to 2023-09-08T00:00:00+00:00, run_after=2023-09-09T00:00:00+00:00
[2023-09-09 18:43:11,964] {processor.py:161} INFO - Processing /home/airflow/.local/lib/python3.7/site-packages/airflow/example_dags/example_branch_operator_decorator.py took 0.044 seconds
[2023-09-09 18:43:42,265] {processor.py:153} INFO - Started process (PID=407) to work on /home/airflow/.local/lib/python3.7/site-packages/airflow/example_dags/example_branch_operator_decorator.py
[2023-09-09 18:43:42,266] {processor.py:641} INFO - Processing file /home/airflow/.local/lib/python3.7/site-packages/airflow/example_dags/example_branch_operator_decorator.py for tasks to queue
[2023-09-09 18:43:42,267] {logging_mixin.py:115} INFO - [2023-09-09 18:43:42,267] {dagbag.py:508} INFO - Filling up the DagBag from /home/airflow/.local/lib/python3.7/site-packages/airflow/example_dags/example_branch_operator_decorator.py
[2023-09-09 18:43:42,276] {processor.py:651} INFO - DAG(s) dict_keys(['example_branch_python_operator_decorator']) retrieved from /home/airflow/.local/lib/python3.7/site-packages/airflow/example_dags/example_branch_operator_decorator.py
[2023-09-09 18:43:42,292] {logging_mixin.py:115} INFO - [2023-09-09 18:43:42,292] {dag.py:2420} INFO - Sync 1 DAGs
[2023-09-09 18:43:42,303] {logging_mixin.py:115} INFO - [2023-09-09 18:43:42,303] {dag.py:2972} INFO - Setting next_dagrun for example_branch_python_operator_decorator to 2023-09-08T00:00:00+00:00, run_after=2023-09-09T00:00:00+00:00
[2023-09-09 18:43:42,309] {processor.py:161} INFO - Processing /home/airflow/.local/lib/python3.7/site-packages/airflow/example_dags/example_branch_operator_decorator.py took 0.046 seconds
[2023-09-09 18:44:12,384] {processor.py:153} INFO - Started process (PID=467) to work on /home/airflow/.local/lib/python3.7/site-packages/airflow/example_dags/example_branch_operator_decorator.py
[2023-09-09 18:44:12,386] {processor.py:641} INFO - Processing file /home/airflow/.local/lib/python3.7/site-packages/airflow/example_dags/example_branch_operator_decorator.py for tasks to queue
[2023-09-09 18:44:12,387] {logging_mixin.py:115} INFO - [2023-09-09 18:44:12,387] {dagbag.py:508} INFO - Filling up the DagBag from /home/airflow/.local/lib/python3.7/site-packages/airflow/example_dags/example_branch_operator_decorator.py
[2023-09-09 18:44:12,428] {processor.py:651} INFO - DAG(s) dict_keys(['example_branch_python_operator_decorator']) retrieved from /home/airflow/.local/lib/python3.7/site-packages/airflow/example_dags/example_branch_operator_decorator.py
[2023-09-09 18:44:12,458] {logging_mixin.py:115} INFO - [2023-09-09 18:44:12,458] {dag.py:2420} INFO - Sync 1 DAGs
[2023-09-09 18:44:12,482] {logging_mixin.py:115} INFO - [2023-09-09 18:44:12,482] {dag.py:2972} INFO - Setting next_dagrun for example_branch_python_operator_decorator to 2023-09-08T00:00:00+00:00, run_after=2023-09-09T00:00:00+00:00
[2023-09-09 18:44:12,487] {processor.py:161} INFO - Processing /home/airflow/.local/lib/python3.7/site-packages/airflow/example_dags/example_branch_operator_decorator.py took 0.109 seconds
[2023-09-09 18:44:42,823] {processor.py:153} INFO - Started process (PID=532) to work on /home/airflow/.local/lib/python3.7/site-packages/airflow/example_dags/example_branch_operator_decorator.py
[2023-09-09 18:44:42,824] {processor.py:641} INFO - Processing file /home/airflow/.local/lib/python3.7/site-packages/airflow/example_dags/example_branch_operator_decorator.py for tasks to queue
[2023-09-09 18:44:42,825] {logging_mixin.py:115} INFO - [2023-09-09 18:44:42,825] {dagbag.py:508} INFO - Filling up the DagBag from /home/airflow/.local/lib/python3.7/site-packages/airflow/example_dags/example_branch_operator_decorator.py
[2023-09-09 18:44:42,834] {processor.py:651} INFO - DAG(s) dict_keys(['example_branch_python_operator_decorator']) retrieved from /home/airflow/.local/lib/python3.7/site-packages/airflow/example_dags/example_branch_operator_decorator.py
[2023-09-09 18:44:42,849] {logging_mixin.py:115} INFO - [2023-09-09 18:44:42,849] {dag.py:2420} INFO - Sync 1 DAGs
[2023-09-09 18:44:42,861] {logging_mixin.py:115} INFO - [2023-09-09 18:44:42,861] {dag.py:2972} INFO - Setting next_dagrun for example_branch_python_operator_decorator to 2023-09-08T00:00:00+00:00, run_after=2023-09-09T00:00:00+00:00
[2023-09-09 18:44:42,866] {processor.py:161} INFO - Processing /home/airflow/.local/lib/python3.7/site-packages/airflow/example_dags/example_branch_operator_decorator.py took 0.046 seconds
[2023-09-09 18:45:12,953] {processor.py:153} INFO - Started process (PID=585) to work on /home/airflow/.local/lib/python3.7/site-packages/airflow/example_dags/example_branch_operator_decorator.py
[2023-09-09 18:45:12,955] {processor.py:641} INFO - Processing file /home/airflow/.local/lib/python3.7/site-packages/airflow/example_dags/example_branch_operator_decorator.py for tasks to queue
[2023-09-09 18:45:12,956] {logging_mixin.py:115} INFO - [2023-09-09 18:45:12,956] {dagbag.py:508} INFO - Filling up the DagBag from /home/airflow/.local/lib/python3.7/site-packages/airflow/example_dags/example_branch_operator_decorator.py
[2023-09-09 18:45:12,979] {processor.py:651} INFO - DAG(s) dict_keys(['example_branch_python_operator_decorator']) retrieved from /home/airflow/.local/lib/python3.7/site-packages/airflow/example_dags/example_branch_operator_decorator.py
[2023-09-09 18:45:13,021] {logging_mixin.py:115} INFO - [2023-09-09 18:45:13,021] {dag.py:2420} INFO - Sync 1 DAGs
[2023-09-09 18:45:13,040] {logging_mixin.py:115} INFO - [2023-09-09 18:45:13,040] {dag.py:2972} INFO - Setting next_dagrun for example_branch_python_operator_decorator to 2023-09-08T00:00:00+00:00, run_after=2023-09-09T00:00:00+00:00
[2023-09-09 18:45:13,047] {processor.py:161} INFO - Processing /home/airflow/.local/lib/python3.7/site-packages/airflow/example_dags/example_branch_operator_decorator.py took 0.100 seconds
[2023-09-09 18:45:43,667] {processor.py:153} INFO - Started process (PID=648) to work on /home/airflow/.local/lib/python3.7/site-packages/airflow/example_dags/example_branch_operator_decorator.py
[2023-09-09 18:45:43,667] {processor.py:641} INFO - Processing file /home/airflow/.local/lib/python3.7/site-packages/airflow/example_dags/example_branch_operator_decorator.py for tasks to queue
[2023-09-09 18:45:43,668] {logging_mixin.py:115} INFO - [2023-09-09 18:45:43,668] {dagbag.py:508} INFO - Filling up the DagBag from /home/airflow/.local/lib/python3.7/site-packages/airflow/example_dags/example_branch_operator_decorator.py
[2023-09-09 18:45:43,676] {processor.py:651} INFO - DAG(s) dict_keys(['example_branch_python_operator_decorator']) retrieved from /home/airflow/.local/lib/python3.7/site-packages/airflow/example_dags/example_branch_operator_decorator.py
[2023-09-09 18:45:43,691] {logging_mixin.py:115} INFO - [2023-09-09 18:45:43,691] {dag.py:2420} INFO - Sync 1 DAGs
[2023-09-09 18:45:43,701] {logging_mixin.py:115} INFO - [2023-09-09 18:45:43,701] {dag.py:2972} INFO - Setting next_dagrun for example_branch_python_operator_decorator to 2023-09-08T00:00:00+00:00, run_after=2023-09-09T00:00:00+00:00
[2023-09-09 18:45:43,707] {processor.py:161} INFO - Processing /home/airflow/.local/lib/python3.7/site-packages/airflow/example_dags/example_branch_operator_decorator.py took 0.042 seconds
[2023-09-09 18:46:13,954] {processor.py:153} INFO - Started process (PID=709) to work on /home/airflow/.local/lib/python3.7/site-packages/airflow/example_dags/example_branch_operator_decorator.py
[2023-09-09 18:46:13,954] {processor.py:641} INFO - Processing file /home/airflow/.local/lib/python3.7/site-packages/airflow/example_dags/example_branch_operator_decorator.py for tasks to queue
[2023-09-09 18:46:13,955] {logging_mixin.py:115} INFO - [2023-09-09 18:46:13,955] {dagbag.py:508} INFO - Filling up the DagBag from /home/airflow/.local/lib/python3.7/site-packages/airflow/example_dags/example_branch_operator_decorator.py
[2023-09-09 18:46:13,969] {processor.py:651} INFO - DAG(s) dict_keys(['example_branch_python_operator_decorator']) retrieved from /home/airflow/.local/lib/python3.7/site-packages/airflow/example_dags/example_branch_operator_decorator.py
[2023-09-09 18:46:13,987] {logging_mixin.py:115} INFO - [2023-09-09 18:46:13,987] {dag.py:2420} INFO - Sync 1 DAGs
[2023-09-09 18:46:14,000] {logging_mixin.py:115} INFO - [2023-09-09 18:46:14,000] {dag.py:2972} INFO - Setting next_dagrun for example_branch_python_operator_decorator to 2023-09-08T00:00:00+00:00, run_after=2023-09-09T00:00:00+00:00
[2023-09-09 18:46:14,006] {processor.py:161} INFO - Processing /home/airflow/.local/lib/python3.7/site-packages/airflow/example_dags/example_branch_operator_decorator.py took 0.054 seconds
[2023-09-09 18:46:44,206] {processor.py:153} INFO - Started process (PID=772) to work on /home/airflow/.local/lib/python3.7/site-packages/airflow/example_dags/example_branch_operator_decorator.py
[2023-09-09 18:46:44,207] {processor.py:641} INFO - Processing file /home/airflow/.local/lib/python3.7/site-packages/airflow/example_dags/example_branch_operator_decorator.py for tasks to queue
[2023-09-09 18:46:44,208] {logging_mixin.py:115} INFO - [2023-09-09 18:46:44,207] {dagbag.py:508} INFO - Filling up the DagBag from /home/airflow/.local/lib/python3.7/site-packages/airflow/example_dags/example_branch_operator_decorator.py
[2023-09-09 18:46:44,216] {processor.py:651} INFO - DAG(s) dict_keys(['example_branch_python_operator_decorator']) retrieved from /home/airflow/.local/lib/python3.7/site-packages/airflow/example_dags/example_branch_operator_decorator.py
[2023-09-09 18:46:44,231] {logging_mixin.py:115} INFO - [2023-09-09 18:46:44,231] {dag.py:2420} INFO - Sync 1 DAGs
[2023-09-09 18:46:44,242] {logging_mixin.py:115} INFO - [2023-09-09 18:46:44,242] {dag.py:2972} INFO - Setting next_dagrun for example_branch_python_operator_decorator to 2023-09-08T00:00:00+00:00, run_after=2023-09-09T00:00:00+00:00
[2023-09-09 18:46:44,247] {processor.py:161} INFO - Processing /home/airflow/.local/lib/python3.7/site-packages/airflow/example_dags/example_branch_operator_decorator.py took 0.043 seconds
[2023-09-09 18:47:14,460] {processor.py:153} INFO - Started process (PID=835) to work on /home/airflow/.local/lib/python3.7/site-packages/airflow/example_dags/example_branch_operator_decorator.py
[2023-09-09 18:47:14,461] {processor.py:641} INFO - Processing file /home/airflow/.local/lib/python3.7/site-packages/airflow/example_dags/example_branch_operator_decorator.py for tasks to queue
[2023-09-09 18:47:14,462] {logging_mixin.py:115} INFO - [2023-09-09 18:47:14,462] {dagbag.py:508} INFO - Filling up the DagBag from /home/airflow/.local/lib/python3.7/site-packages/airflow/example_dags/example_branch_operator_decorator.py
[2023-09-09 18:47:14,471] {processor.py:651} INFO - DAG(s) dict_keys(['example_branch_python_operator_decorator']) retrieved from /home/airflow/.local/lib/python3.7/site-packages/airflow/example_dags/example_branch_operator_decorator.py
[2023-09-09 18:47:14,486] {logging_mixin.py:115} INFO - [2023-09-09 18:47:14,486] {dag.py:2420} INFO - Sync 1 DAGs
[2023-09-09 18:47:14,498] {logging_mixin.py:115} INFO - [2023-09-09 18:47:14,498] {dag.py:2972} INFO - Setting next_dagrun for example_branch_python_operator_decorator to 2023-09-08T00:00:00+00:00, run_after=2023-09-09T00:00:00+00:00
[2023-09-09 18:47:14,503] {processor.py:161} INFO - Processing /home/airflow/.local/lib/python3.7/site-packages/airflow/example_dags/example_branch_operator_decorator.py took 0.045 seconds
[2023-09-09 18:47:44,760] {processor.py:153} INFO - Started process (PID=898) to work on /home/airflow/.local/lib/python3.7/site-packages/airflow/example_dags/example_branch_operator_decorator.py
[2023-09-09 18:47:44,760] {processor.py:641} INFO - Processing file /home/airflow/.local/lib/python3.7/site-packages/airflow/example_dags/example_branch_operator_decorator.py for tasks to queue
[2023-09-09 18:47:44,761] {logging_mixin.py:115} INFO - [2023-09-09 18:47:44,761] {dagbag.py:508} INFO - Filling up the DagBag from /home/airflow/.local/lib/python3.7/site-packages/airflow/example_dags/example_branch_operator_decorator.py
[2023-09-09 18:47:44,769] {processor.py:651} INFO - DAG(s) dict_keys(['example_branch_python_operator_decorator']) retrieved from /home/airflow/.local/lib/python3.7/site-packages/airflow/example_dags/example_branch_operator_decorator.py
[2023-09-09 18:47:44,784] {logging_mixin.py:115} INFO - [2023-09-09 18:47:44,783] {dag.py:2420} INFO - Sync 1 DAGs
[2023-09-09 18:47:44,794] {logging_mixin.py:115} INFO - [2023-09-09 18:47:44,794] {dag.py:2972} INFO - Setting next_dagrun for example_branch_python_operator_decorator to 2023-09-08T00:00:00+00:00, run_after=2023-09-09T00:00:00+00:00
[2023-09-09 18:47:44,799] {processor.py:161} INFO - Processing /home/airflow/.local/lib/python3.7/site-packages/airflow/example_dags/example_branch_operator_decorator.py took 0.042 seconds
[2023-09-09 18:48:14,869] {processor.py:153} INFO - Started process (PID=949) to work on /home/airflow/.local/lib/python3.7/site-packages/airflow/example_dags/example_branch_operator_decorator.py
[2023-09-09 18:48:14,870] {processor.py:641} INFO - Processing file /home/airflow/.local/lib/python3.7/site-packages/airflow/example_dags/example_branch_operator_decorator.py for tasks to queue
[2023-09-09 18:48:14,870] {logging_mixin.py:115} INFO - [2023-09-09 18:48:14,870] {dagbag.py:508} INFO - Filling up the DagBag from /home/airflow/.local/lib/python3.7/site-packages/airflow/example_dags/example_branch_operator_decorator.py
[2023-09-09 18:48:14,885] {processor.py:651} INFO - DAG(s) dict_keys(['example_branch_python_operator_decorator']) retrieved from /home/airflow/.local/lib/python3.7/site-packages/airflow/example_dags/example_branch_operator_decorator.py
[2023-09-09 18:48:14,903] {logging_mixin.py:115} INFO - [2023-09-09 18:48:14,903] {dag.py:2420} INFO - Sync 1 DAGs
[2023-09-09 18:48:14,915] {logging_mixin.py:115} INFO - [2023-09-09 18:48:14,915] {dag.py:2972} INFO - Setting next_dagrun for example_branch_python_operator_decorator to 2023-09-08T00:00:00+00:00, run_after=2023-09-09T00:00:00+00:00
[2023-09-09 18:48:14,920] {processor.py:161} INFO - Processing /home/airflow/.local/lib/python3.7/site-packages/airflow/example_dags/example_branch_operator_decorator.py took 0.054 seconds
[2023-09-09 18:48:45,086] {processor.py:153} INFO - Started process (PID=1012) to work on /home/airflow/.local/lib/python3.7/site-packages/airflow/example_dags/example_branch_operator_decorator.py
[2023-09-09 18:48:45,087] {processor.py:641} INFO - Processing file /home/airflow/.local/lib/python3.7/site-packages/airflow/example_dags/example_branch_operator_decorator.py for tasks to queue
[2023-09-09 18:48:45,088] {logging_mixin.py:115} INFO - [2023-09-09 18:48:45,088] {dagbag.py:508} INFO - Filling up the DagBag from /home/airflow/.local/lib/python3.7/site-packages/airflow/example_dags/example_branch_operator_decorator.py
[2023-09-09 18:48:45,102] {processor.py:651} INFO - DAG(s) dict_keys(['example_branch_python_operator_decorator']) retrieved from /home/airflow/.local/lib/python3.7/site-packages/airflow/example_dags/example_branch_operator_decorator.py
[2023-09-09 18:48:45,126] {logging_mixin.py:115} INFO - [2023-09-09 18:48:45,126] {dag.py:2420} INFO - Sync 1 DAGs
[2023-09-09 18:48:45,138] {logging_mixin.py:115} INFO - [2023-09-09 18:48:45,138] {dag.py:2972} INFO - Setting next_dagrun for example_branch_python_operator_decorator to 2023-09-08T00:00:00+00:00, run_after=2023-09-09T00:00:00+00:00
[2023-09-09 18:48:45,143] {processor.py:161} INFO - Processing /home/airflow/.local/lib/python3.7/site-packages/airflow/example_dags/example_branch_operator_decorator.py took 0.060 seconds
[2023-09-09 18:57:33,155] {processor.py:153} INFO - Started process (PID=36) to work on /home/airflow/.local/lib/python3.7/site-packages/airflow/example_dags/example_branch_operator_decorator.py
[2023-09-09 18:57:33,158] {processor.py:641} INFO - Processing file /home/airflow/.local/lib/python3.7/site-packages/airflow/example_dags/example_branch_operator_decorator.py for tasks to queue
[2023-09-09 18:57:33,159] {logging_mixin.py:115} INFO - [2023-09-09 18:57:33,159] {dagbag.py:508} INFO - Filling up the DagBag from /home/airflow/.local/lib/python3.7/site-packages/airflow/example_dags/example_branch_operator_decorator.py
[2023-09-09 18:57:33,173] {processor.py:651} INFO - DAG(s) dict_keys(['example_branch_python_operator_decorator']) retrieved from /home/airflow/.local/lib/python3.7/site-packages/airflow/example_dags/example_branch_operator_decorator.py
[2023-09-09 18:57:33,191] {logging_mixin.py:115} INFO - [2023-09-09 18:57:33,191] {dag.py:2420} INFO - Sync 1 DAGs
[2023-09-09 18:57:33,205] {logging_mixin.py:115} INFO - [2023-09-09 18:57:33,205] {dag.py:2972} INFO - Setting next_dagrun for example_branch_python_operator_decorator to 2023-09-08T00:00:00+00:00, run_after=2023-09-09T00:00:00+00:00
[2023-09-09 18:57:33,211] {processor.py:161} INFO - Processing /home/airflow/.local/lib/python3.7/site-packages/airflow/example_dags/example_branch_operator_decorator.py took 0.061 seconds
[2023-09-09 18:58:03,916] {processor.py:153} INFO - Started process (PID=100) to work on /home/airflow/.local/lib/python3.7/site-packages/airflow/example_dags/example_branch_operator_decorator.py
[2023-09-09 18:58:03,917] {processor.py:641} INFO - Processing file /home/airflow/.local/lib/python3.7/site-packages/airflow/example_dags/example_branch_operator_decorator.py for tasks to queue
[2023-09-09 18:58:03,917] {logging_mixin.py:115} INFO - [2023-09-09 18:58:03,917] {dagbag.py:508} INFO - Filling up the DagBag from /home/airflow/.local/lib/python3.7/site-packages/airflow/example_dags/example_branch_operator_decorator.py
[2023-09-09 18:58:03,930] {processor.py:651} INFO - DAG(s) dict_keys(['example_branch_python_operator_decorator']) retrieved from /home/airflow/.local/lib/python3.7/site-packages/airflow/example_dags/example_branch_operator_decorator.py
[2023-09-09 18:58:03,948] {logging_mixin.py:115} INFO - [2023-09-09 18:58:03,948] {dag.py:2420} INFO - Sync 1 DAGs
[2023-09-09 18:58:03,960] {logging_mixin.py:115} INFO - [2023-09-09 18:58:03,960] {dag.py:2972} INFO - Setting next_dagrun for example_branch_python_operator_decorator to 2023-09-08T00:00:00+00:00, run_after=2023-09-09T00:00:00+00:00
[2023-09-09 18:58:03,966] {processor.py:161} INFO - Processing /home/airflow/.local/lib/python3.7/site-packages/airflow/example_dags/example_branch_operator_decorator.py took 0.051 seconds
[2023-09-09 18:58:34,311] {processor.py:153} INFO - Started process (PID=163) to work on /home/airflow/.local/lib/python3.7/site-packages/airflow/example_dags/example_branch_operator_decorator.py
[2023-09-09 18:58:34,311] {processor.py:641} INFO - Processing file /home/airflow/.local/lib/python3.7/site-packages/airflow/example_dags/example_branch_operator_decorator.py for tasks to queue
[2023-09-09 18:58:34,312] {logging_mixin.py:115} INFO - [2023-09-09 18:58:34,312] {dagbag.py:508} INFO - Filling up the DagBag from /home/airflow/.local/lib/python3.7/site-packages/airflow/example_dags/example_branch_operator_decorator.py
[2023-09-09 18:58:34,322] {processor.py:651} INFO - DAG(s) dict_keys(['example_branch_python_operator_decorator']) retrieved from /home/airflow/.local/lib/python3.7/site-packages/airflow/example_dags/example_branch_operator_decorator.py
[2023-09-09 18:58:34,337] {logging_mixin.py:115} INFO - [2023-09-09 18:58:34,337] {dag.py:2420} INFO - Sync 1 DAGs
[2023-09-09 18:58:34,348] {logging_mixin.py:115} INFO - [2023-09-09 18:58:34,348] {dag.py:2972} INFO - Setting next_dagrun for example_branch_python_operator_decorator to 2023-09-08T00:00:00+00:00, run_after=2023-09-09T00:00:00+00:00
[2023-09-09 18:58:34,353] {processor.py:161} INFO - Processing /home/airflow/.local/lib/python3.7/site-packages/airflow/example_dags/example_branch_operator_decorator.py took 0.045 seconds
[2023-09-09 18:59:04,549] {processor.py:153} INFO - Started process (PID=225) to work on /home/airflow/.local/lib/python3.7/site-packages/airflow/example_dags/example_branch_operator_decorator.py
[2023-09-09 18:59:04,551] {processor.py:641} INFO - Processing file /home/airflow/.local/lib/python3.7/site-packages/airflow/example_dags/example_branch_operator_decorator.py for tasks to queue
[2023-09-09 18:59:04,551] {logging_mixin.py:115} INFO - [2023-09-09 18:59:04,551] {dagbag.py:508} INFO - Filling up the DagBag from /home/airflow/.local/lib/python3.7/site-packages/airflow/example_dags/example_branch_operator_decorator.py
[2023-09-09 18:59:04,561] {processor.py:651} INFO - DAG(s) dict_keys(['example_branch_python_operator_decorator']) retrieved from /home/airflow/.local/lib/python3.7/site-packages/airflow/example_dags/example_branch_operator_decorator.py
[2023-09-09 18:59:04,579] {logging_mixin.py:115} INFO - [2023-09-09 18:59:04,579] {dag.py:2420} INFO - Sync 1 DAGs
[2023-09-09 18:59:04,590] {logging_mixin.py:115} INFO - [2023-09-09 18:59:04,590] {dag.py:2972} INFO - Setting next_dagrun for example_branch_python_operator_decorator to 2023-09-08T00:00:00+00:00, run_after=2023-09-09T00:00:00+00:00
[2023-09-09 18:59:04,596] {processor.py:161} INFO - Processing /home/airflow/.local/lib/python3.7/site-packages/airflow/example_dags/example_branch_operator_decorator.py took 0.049 seconds
[2023-09-09 18:59:34,928] {processor.py:153} INFO - Started process (PID=279) to work on /home/airflow/.local/lib/python3.7/site-packages/airflow/example_dags/example_branch_operator_decorator.py
[2023-09-09 18:59:34,930] {processor.py:641} INFO - Processing file /home/airflow/.local/lib/python3.7/site-packages/airflow/example_dags/example_branch_operator_decorator.py for tasks to queue
[2023-09-09 18:59:34,931] {logging_mixin.py:115} INFO - [2023-09-09 18:59:34,931] {dagbag.py:508} INFO - Filling up the DagBag from /home/airflow/.local/lib/python3.7/site-packages/airflow/example_dags/example_branch_operator_decorator.py
[2023-09-09 18:59:34,941] {processor.py:651} INFO - DAG(s) dict_keys(['example_branch_python_operator_decorator']) retrieved from /home/airflow/.local/lib/python3.7/site-packages/airflow/example_dags/example_branch_operator_decorator.py
[2023-09-09 18:59:34,959] {logging_mixin.py:115} INFO - [2023-09-09 18:59:34,959] {dag.py:2420} INFO - Sync 1 DAGs
[2023-09-09 18:59:34,972] {logging_mixin.py:115} INFO - [2023-09-09 18:59:34,971] {dag.py:2972} INFO - Setting next_dagrun for example_branch_python_operator_decorator to 2023-09-08T00:00:00+00:00, run_after=2023-09-09T00:00:00+00:00
[2023-09-09 18:59:34,981] {processor.py:161} INFO - Processing /home/airflow/.local/lib/python3.7/site-packages/airflow/example_dags/example_branch_operator_decorator.py took 0.055 seconds
[2023-09-09 19:00:05,267] {processor.py:153} INFO - Started process (PID=341) to work on /home/airflow/.local/lib/python3.7/site-packages/airflow/example_dags/example_branch_operator_decorator.py
[2023-09-09 19:00:05,268] {processor.py:641} INFO - Processing file /home/airflow/.local/lib/python3.7/site-packages/airflow/example_dags/example_branch_operator_decorator.py for tasks to queue
[2023-09-09 19:00:05,268] {logging_mixin.py:115} INFO - [2023-09-09 19:00:05,268] {dagbag.py:508} INFO - Filling up the DagBag from /home/airflow/.local/lib/python3.7/site-packages/airflow/example_dags/example_branch_operator_decorator.py
[2023-09-09 19:00:05,277] {processor.py:651} INFO - DAG(s) dict_keys(['example_branch_python_operator_decorator']) retrieved from /home/airflow/.local/lib/python3.7/site-packages/airflow/example_dags/example_branch_operator_decorator.py
[2023-09-09 19:00:05,293] {logging_mixin.py:115} INFO - [2023-09-09 19:00:05,293] {dag.py:2420} INFO - Sync 1 DAGs
[2023-09-09 19:00:05,304] {logging_mixin.py:115} INFO - [2023-09-09 19:00:05,304] {dag.py:2972} INFO - Setting next_dagrun for example_branch_python_operator_decorator to 2023-09-08T00:00:00+00:00, run_after=2023-09-09T00:00:00+00:00
[2023-09-09 19:00:05,310] {processor.py:161} INFO - Processing /home/airflow/.local/lib/python3.7/site-packages/airflow/example_dags/example_branch_operator_decorator.py took 0.045 seconds
[2023-09-09 19:00:35,583] {processor.py:153} INFO - Started process (PID=405) to work on /home/airflow/.local/lib/python3.7/site-packages/airflow/example_dags/example_branch_operator_decorator.py
[2023-09-09 19:00:35,584] {processor.py:641} INFO - Processing file /home/airflow/.local/lib/python3.7/site-packages/airflow/example_dags/example_branch_operator_decorator.py for tasks to queue
[2023-09-09 19:00:35,585] {logging_mixin.py:115} INFO - [2023-09-09 19:00:35,585] {dagbag.py:508} INFO - Filling up the DagBag from /home/airflow/.local/lib/python3.7/site-packages/airflow/example_dags/example_branch_operator_decorator.py
[2023-09-09 19:00:35,605] {processor.py:651} INFO - DAG(s) dict_keys(['example_branch_python_operator_decorator']) retrieved from /home/airflow/.local/lib/python3.7/site-packages/airflow/example_dags/example_branch_operator_decorator.py
[2023-09-09 19:00:35,627] {logging_mixin.py:115} INFO - [2023-09-09 19:00:35,626] {dag.py:2420} INFO - Sync 1 DAGs
[2023-09-09 19:00:35,639] {logging_mixin.py:115} INFO - [2023-09-09 19:00:35,639] {dag.py:2972} INFO - Setting next_dagrun for example_branch_python_operator_decorator to 2023-09-08T00:00:00+00:00, run_after=2023-09-09T00:00:00+00:00
[2023-09-09 19:00:35,644] {processor.py:161} INFO - Processing /home/airflow/.local/lib/python3.7/site-packages/airflow/example_dags/example_branch_operator_decorator.py took 0.064 seconds
[2023-09-09 19:01:05,854] {processor.py:153} INFO - Started process (PID=469) to work on /home/airflow/.local/lib/python3.7/site-packages/airflow/example_dags/example_branch_operator_decorator.py
[2023-09-09 19:01:05,855] {processor.py:641} INFO - Processing file /home/airflow/.local/lib/python3.7/site-packages/airflow/example_dags/example_branch_operator_decorator.py for tasks to queue
[2023-09-09 19:01:05,855] {logging_mixin.py:115} INFO - [2023-09-09 19:01:05,855] {dagbag.py:508} INFO - Filling up the DagBag from /home/airflow/.local/lib/python3.7/site-packages/airflow/example_dags/example_branch_operator_decorator.py
[2023-09-09 19:01:05,864] {processor.py:651} INFO - DAG(s) dict_keys(['example_branch_python_operator_decorator']) retrieved from /home/airflow/.local/lib/python3.7/site-packages/airflow/example_dags/example_branch_operator_decorator.py
[2023-09-09 19:01:05,879] {logging_mixin.py:115} INFO - [2023-09-09 19:01:05,879] {dag.py:2420} INFO - Sync 1 DAGs
[2023-09-09 19:01:05,890] {logging_mixin.py:115} INFO - [2023-09-09 19:01:05,890] {dag.py:2972} INFO - Setting next_dagrun for example_branch_python_operator_decorator to 2023-09-08T00:00:00+00:00, run_after=2023-09-09T00:00:00+00:00
[2023-09-09 19:01:05,895] {processor.py:161} INFO - Processing /home/airflow/.local/lib/python3.7/site-packages/airflow/example_dags/example_branch_operator_decorator.py took 0.043 seconds
[2023-09-09 19:01:35,951] {processor.py:153} INFO - Started process (PID=530) to work on /home/airflow/.local/lib/python3.7/site-packages/airflow/example_dags/example_branch_operator_decorator.py
[2023-09-09 19:01:35,952] {processor.py:641} INFO - Processing file /home/airflow/.local/lib/python3.7/site-packages/airflow/example_dags/example_branch_operator_decorator.py for tasks to queue
[2023-09-09 19:01:35,953] {logging_mixin.py:115} INFO - [2023-09-09 19:01:35,953] {dagbag.py:508} INFO - Filling up the DagBag from /home/airflow/.local/lib/python3.7/site-packages/airflow/example_dags/example_branch_operator_decorator.py
[2023-09-09 19:01:35,975] {processor.py:651} INFO - DAG(s) dict_keys(['example_branch_python_operator_decorator']) retrieved from /home/airflow/.local/lib/python3.7/site-packages/airflow/example_dags/example_branch_operator_decorator.py
[2023-09-09 19:01:35,995] {logging_mixin.py:115} INFO - [2023-09-09 19:01:35,995] {dag.py:2420} INFO - Sync 1 DAGs
[2023-09-09 19:01:36,008] {logging_mixin.py:115} INFO - [2023-09-09 19:01:36,008] {dag.py:2972} INFO - Setting next_dagrun for example_branch_python_operator_decorator to 2023-09-08T00:00:00+00:00, run_after=2023-09-09T00:00:00+00:00
[2023-09-09 19:01:36,014] {processor.py:161} INFO - Processing /home/airflow/.local/lib/python3.7/site-packages/airflow/example_dags/example_branch_operator_decorator.py took 0.067 seconds
[2023-09-09 19:02:06,399] {processor.py:153} INFO - Started process (PID=586) to work on /home/airflow/.local/lib/python3.7/site-packages/airflow/example_dags/example_branch_operator_decorator.py
[2023-09-09 19:02:06,401] {processor.py:641} INFO - Processing file /home/airflow/.local/lib/python3.7/site-packages/airflow/example_dags/example_branch_operator_decorator.py for tasks to queue
[2023-09-09 19:02:06,402] {logging_mixin.py:115} INFO - [2023-09-09 19:02:06,402] {dagbag.py:508} INFO - Filling up the DagBag from /home/airflow/.local/lib/python3.7/site-packages/airflow/example_dags/example_branch_operator_decorator.py
[2023-09-09 19:02:06,413] {processor.py:651} INFO - DAG(s) dict_keys(['example_branch_python_operator_decorator']) retrieved from /home/airflow/.local/lib/python3.7/site-packages/airflow/example_dags/example_branch_operator_decorator.py
[2023-09-09 19:02:06,437] {logging_mixin.py:115} INFO - [2023-09-09 19:02:06,437] {dag.py:2420} INFO - Sync 1 DAGs
[2023-09-09 19:02:06,450] {logging_mixin.py:115} INFO - [2023-09-09 19:02:06,450] {dag.py:2972} INFO - Setting next_dagrun for example_branch_python_operator_decorator to 2023-09-08T00:00:00+00:00, run_after=2023-09-09T00:00:00+00:00
[2023-09-09 19:02:06,457] {processor.py:161} INFO - Processing /home/airflow/.local/lib/python3.7/site-packages/airflow/example_dags/example_branch_operator_decorator.py took 0.060 seconds
[2023-09-09 19:02:37,328] {processor.py:153} INFO - Started process (PID=653) to work on /home/airflow/.local/lib/python3.7/site-packages/airflow/example_dags/example_branch_operator_decorator.py
[2023-09-09 19:02:37,329] {processor.py:641} INFO - Processing file /home/airflow/.local/lib/python3.7/site-packages/airflow/example_dags/example_branch_operator_decorator.py for tasks to queue
[2023-09-09 19:02:37,329] {logging_mixin.py:115} INFO - [2023-09-09 19:02:37,329] {dagbag.py:508} INFO - Filling up the DagBag from /home/airflow/.local/lib/python3.7/site-packages/airflow/example_dags/example_branch_operator_decorator.py
[2023-09-09 19:02:37,338] {processor.py:651} INFO - DAG(s) dict_keys(['example_branch_python_operator_decorator']) retrieved from /home/airflow/.local/lib/python3.7/site-packages/airflow/example_dags/example_branch_operator_decorator.py
[2023-09-09 19:02:37,353] {logging_mixin.py:115} INFO - [2023-09-09 19:02:37,353] {dag.py:2420} INFO - Sync 1 DAGs
[2023-09-09 19:02:37,364] {logging_mixin.py:115} INFO - [2023-09-09 19:02:37,364] {dag.py:2972} INFO - Setting next_dagrun for example_branch_python_operator_decorator to 2023-09-08T00:00:00+00:00, run_after=2023-09-09T00:00:00+00:00
[2023-09-09 19:02:37,369] {processor.py:161} INFO - Processing /home/airflow/.local/lib/python3.7/site-packages/airflow/example_dags/example_branch_operator_decorator.py took 0.043 seconds
[2023-09-09 19:03:34,525] {processor.py:153} INFO - Started process (PID=37) to work on /home/airflow/.local/lib/python3.7/site-packages/airflow/example_dags/example_branch_operator_decorator.py
[2023-09-09 19:03:34,526] {processor.py:641} INFO - Processing file /home/airflow/.local/lib/python3.7/site-packages/airflow/example_dags/example_branch_operator_decorator.py for tasks to queue
[2023-09-09 19:03:34,527] {logging_mixin.py:115} INFO - [2023-09-09 19:03:34,526] {dagbag.py:508} INFO - Filling up the DagBag from /home/airflow/.local/lib/python3.7/site-packages/airflow/example_dags/example_branch_operator_decorator.py
[2023-09-09 19:03:34,536] {processor.py:651} INFO - DAG(s) dict_keys(['example_branch_python_operator_decorator']) retrieved from /home/airflow/.local/lib/python3.7/site-packages/airflow/example_dags/example_branch_operator_decorator.py
[2023-09-09 19:03:34,552] {logging_mixin.py:115} INFO - [2023-09-09 19:03:34,552] {dag.py:2420} INFO - Sync 1 DAGs
[2023-09-09 19:03:34,566] {logging_mixin.py:115} INFO - [2023-09-09 19:03:34,566] {dag.py:2972} INFO - Setting next_dagrun for example_branch_python_operator_decorator to 2023-09-08T00:00:00+00:00, run_after=2023-09-09T00:00:00+00:00
[2023-09-09 19:03:34,574] {processor.py:161} INFO - Processing /home/airflow/.local/lib/python3.7/site-packages/airflow/example_dags/example_branch_operator_decorator.py took 0.051 seconds
[2023-09-09 19:04:05,000] {processor.py:153} INFO - Started process (PID=98) to work on /home/airflow/.local/lib/python3.7/site-packages/airflow/example_dags/example_branch_operator_decorator.py
[2023-09-09 19:04:05,001] {processor.py:641} INFO - Processing file /home/airflow/.local/lib/python3.7/site-packages/airflow/example_dags/example_branch_operator_decorator.py for tasks to queue
[2023-09-09 19:04:05,002] {logging_mixin.py:115} INFO - [2023-09-09 19:04:05,002] {dagbag.py:508} INFO - Filling up the DagBag from /home/airflow/.local/lib/python3.7/site-packages/airflow/example_dags/example_branch_operator_decorator.py
[2023-09-09 19:04:05,019] {processor.py:651} INFO - DAG(s) dict_keys(['example_branch_python_operator_decorator']) retrieved from /home/airflow/.local/lib/python3.7/site-packages/airflow/example_dags/example_branch_operator_decorator.py
[2023-09-09 19:04:05,040] {logging_mixin.py:115} INFO - [2023-09-09 19:04:05,040] {dag.py:2420} INFO - Sync 1 DAGs
[2023-09-09 19:04:05,052] {logging_mixin.py:115} INFO - [2023-09-09 19:04:05,052] {dag.py:2972} INFO - Setting next_dagrun for example_branch_python_operator_decorator to 2023-09-08T00:00:00+00:00, run_after=2023-09-09T00:00:00+00:00
[2023-09-09 19:04:05,056] {processor.py:161} INFO - Processing /home/airflow/.local/lib/python3.7/site-packages/airflow/example_dags/example_branch_operator_decorator.py took 0.061 seconds
[2023-09-09 19:04:35,545] {processor.py:153} INFO - Started process (PID=162) to work on /home/airflow/.local/lib/python3.7/site-packages/airflow/example_dags/example_branch_operator_decorator.py
[2023-09-09 19:04:35,546] {processor.py:641} INFO - Processing file /home/airflow/.local/lib/python3.7/site-packages/airflow/example_dags/example_branch_operator_decorator.py for tasks to queue
[2023-09-09 19:04:35,546] {logging_mixin.py:115} INFO - [2023-09-09 19:04:35,546] {dagbag.py:508} INFO - Filling up the DagBag from /home/airflow/.local/lib/python3.7/site-packages/airflow/example_dags/example_branch_operator_decorator.py
[2023-09-09 19:04:35,555] {processor.py:651} INFO - DAG(s) dict_keys(['example_branch_python_operator_decorator']) retrieved from /home/airflow/.local/lib/python3.7/site-packages/airflow/example_dags/example_branch_operator_decorator.py
[2023-09-09 19:04:35,570] {logging_mixin.py:115} INFO - [2023-09-09 19:04:35,570] {dag.py:2420} INFO - Sync 1 DAGs
[2023-09-09 19:04:35,581] {logging_mixin.py:115} INFO - [2023-09-09 19:04:35,581] {dag.py:2972} INFO - Setting next_dagrun for example_branch_python_operator_decorator to 2023-09-08T00:00:00+00:00, run_after=2023-09-09T00:00:00+00:00
[2023-09-09 19:04:35,586] {processor.py:161} INFO - Processing /home/airflow/.local/lib/python3.7/site-packages/airflow/example_dags/example_branch_operator_decorator.py took 0.042 seconds
[2023-09-09 19:05:05,797] {processor.py:153} INFO - Started process (PID=226) to work on /home/airflow/.local/lib/python3.7/site-packages/airflow/example_dags/example_branch_operator_decorator.py
[2023-09-09 19:05:05,798] {processor.py:641} INFO - Processing file /home/airflow/.local/lib/python3.7/site-packages/airflow/example_dags/example_branch_operator_decorator.py for tasks to queue
[2023-09-09 19:05:05,798] {logging_mixin.py:115} INFO - [2023-09-09 19:05:05,798] {dagbag.py:508} INFO - Filling up the DagBag from /home/airflow/.local/lib/python3.7/site-packages/airflow/example_dags/example_branch_operator_decorator.py
[2023-09-09 19:05:05,809] {processor.py:651} INFO - DAG(s) dict_keys(['example_branch_python_operator_decorator']) retrieved from /home/airflow/.local/lib/python3.7/site-packages/airflow/example_dags/example_branch_operator_decorator.py
[2023-09-09 19:05:05,828] {logging_mixin.py:115} INFO - [2023-09-09 19:05:05,828] {dag.py:2420} INFO - Sync 1 DAGs
[2023-09-09 19:05:05,841] {logging_mixin.py:115} INFO - [2023-09-09 19:05:05,841] {dag.py:2972} INFO - Setting next_dagrun for example_branch_python_operator_decorator to 2023-09-08T00:00:00+00:00, run_after=2023-09-09T00:00:00+00:00
[2023-09-09 19:05:05,848] {processor.py:161} INFO - Processing /home/airflow/.local/lib/python3.7/site-packages/airflow/example_dags/example_branch_operator_decorator.py took 0.052 seconds
[2023-09-09 19:05:36,139] {processor.py:153} INFO - Started process (PID=280) to work on /home/airflow/.local/lib/python3.7/site-packages/airflow/example_dags/example_branch_operator_decorator.py
[2023-09-09 19:05:36,140] {processor.py:641} INFO - Processing file /home/airflow/.local/lib/python3.7/site-packages/airflow/example_dags/example_branch_operator_decorator.py for tasks to queue
[2023-09-09 19:05:36,140] {logging_mixin.py:115} INFO - [2023-09-09 19:05:36,140] {dagbag.py:508} INFO - Filling up the DagBag from /home/airflow/.local/lib/python3.7/site-packages/airflow/example_dags/example_branch_operator_decorator.py
[2023-09-09 19:05:36,149] {processor.py:651} INFO - DAG(s) dict_keys(['example_branch_python_operator_decorator']) retrieved from /home/airflow/.local/lib/python3.7/site-packages/airflow/example_dags/example_branch_operator_decorator.py
[2023-09-09 19:05:36,164] {logging_mixin.py:115} INFO - [2023-09-09 19:05:36,164] {dag.py:2420} INFO - Sync 1 DAGs
[2023-09-09 19:05:36,175] {logging_mixin.py:115} INFO - [2023-09-09 19:05:36,175] {dag.py:2972} INFO - Setting next_dagrun for example_branch_python_operator_decorator to 2023-09-08T00:00:00+00:00, run_after=2023-09-09T00:00:00+00:00
[2023-09-09 19:05:36,180] {processor.py:161} INFO - Processing /home/airflow/.local/lib/python3.7/site-packages/airflow/example_dags/example_branch_operator_decorator.py took 0.042 seconds
[2023-09-09 19:06:06,437] {processor.py:153} INFO - Started process (PID=342) to work on /home/airflow/.local/lib/python3.7/site-packages/airflow/example_dags/example_branch_operator_decorator.py
[2023-09-09 19:06:06,438] {processor.py:641} INFO - Processing file /home/airflow/.local/lib/python3.7/site-packages/airflow/example_dags/example_branch_operator_decorator.py for tasks to queue
[2023-09-09 19:06:06,438] {logging_mixin.py:115} INFO - [2023-09-09 19:06:06,438] {dagbag.py:508} INFO - Filling up the DagBag from /home/airflow/.local/lib/python3.7/site-packages/airflow/example_dags/example_branch_operator_decorator.py
[2023-09-09 19:06:06,448] {processor.py:651} INFO - DAG(s) dict_keys(['example_branch_python_operator_decorator']) retrieved from /home/airflow/.local/lib/python3.7/site-packages/airflow/example_dags/example_branch_operator_decorator.py
[2023-09-09 19:06:06,464] {logging_mixin.py:115} INFO - [2023-09-09 19:06:06,464] {dag.py:2420} INFO - Sync 1 DAGs
[2023-09-09 19:06:06,476] {logging_mixin.py:115} INFO - [2023-09-09 19:06:06,476] {dag.py:2972} INFO - Setting next_dagrun for example_branch_python_operator_decorator to 2023-09-08T00:00:00+00:00, run_after=2023-09-09T00:00:00+00:00
[2023-09-09 19:06:06,481] {processor.py:161} INFO - Processing /home/airflow/.local/lib/python3.7/site-packages/airflow/example_dags/example_branch_operator_decorator.py took 0.046 seconds
[2023-09-09 19:06:36,811] {processor.py:153} INFO - Started process (PID=405) to work on /home/airflow/.local/lib/python3.7/site-packages/airflow/example_dags/example_branch_operator_decorator.py
[2023-09-09 19:06:36,812] {processor.py:641} INFO - Processing file /home/airflow/.local/lib/python3.7/site-packages/airflow/example_dags/example_branch_operator_decorator.py for tasks to queue
[2023-09-09 19:06:36,812] {logging_mixin.py:115} INFO - [2023-09-09 19:06:36,812] {dagbag.py:508} INFO - Filling up the DagBag from /home/airflow/.local/lib/python3.7/site-packages/airflow/example_dags/example_branch_operator_decorator.py
[2023-09-09 19:06:36,821] {processor.py:651} INFO - DAG(s) dict_keys(['example_branch_python_operator_decorator']) retrieved from /home/airflow/.local/lib/python3.7/site-packages/airflow/example_dags/example_branch_operator_decorator.py
[2023-09-09 19:06:36,836] {logging_mixin.py:115} INFO - [2023-09-09 19:06:36,836] {dag.py:2420} INFO - Sync 1 DAGs
[2023-09-09 19:06:36,847] {logging_mixin.py:115} INFO - [2023-09-09 19:06:36,847] {dag.py:2972} INFO - Setting next_dagrun for example_branch_python_operator_decorator to 2023-09-08T00:00:00+00:00, run_after=2023-09-09T00:00:00+00:00
[2023-09-09 19:06:36,852] {processor.py:161} INFO - Processing /home/airflow/.local/lib/python3.7/site-packages/airflow/example_dags/example_branch_operator_decorator.py took 0.043 seconds
[2023-09-09 19:07:07,111] {processor.py:153} INFO - Started process (PID=468) to work on /home/airflow/.local/lib/python3.7/site-packages/airflow/example_dags/example_branch_operator_decorator.py
[2023-09-09 19:07:07,112] {processor.py:641} INFO - Processing file /home/airflow/.local/lib/python3.7/site-packages/airflow/example_dags/example_branch_operator_decorator.py for tasks to queue
[2023-09-09 19:07:07,112] {logging_mixin.py:115} INFO - [2023-09-09 19:07:07,112] {dagbag.py:508} INFO - Filling up the DagBag from /home/airflow/.local/lib/python3.7/site-packages/airflow/example_dags/example_branch_operator_decorator.py
[2023-09-09 19:07:07,121] {processor.py:651} INFO - DAG(s) dict_keys(['example_branch_python_operator_decorator']) retrieved from /home/airflow/.local/lib/python3.7/site-packages/airflow/example_dags/example_branch_operator_decorator.py
[2023-09-09 19:07:07,136] {logging_mixin.py:115} INFO - [2023-09-09 19:07:07,136] {dag.py:2420} INFO - Sync 1 DAGs
[2023-09-09 19:07:07,147] {logging_mixin.py:115} INFO - [2023-09-09 19:07:07,147] {dag.py:2972} INFO - Setting next_dagrun for example_branch_python_operator_decorator to 2023-09-08T00:00:00+00:00, run_after=2023-09-09T00:00:00+00:00
[2023-09-09 19:07:07,152] {processor.py:161} INFO - Processing /home/airflow/.local/lib/python3.7/site-packages/airflow/example_dags/example_branch_operator_decorator.py took 0.043 seconds
[2023-09-09 19:07:37,417] {processor.py:153} INFO - Started process (PID=531) to work on /home/airflow/.local/lib/python3.7/site-packages/airflow/example_dags/example_branch_operator_decorator.py
[2023-09-09 19:07:37,418] {processor.py:641} INFO - Processing file /home/airflow/.local/lib/python3.7/site-packages/airflow/example_dags/example_branch_operator_decorator.py for tasks to queue
[2023-09-09 19:07:37,419] {logging_mixin.py:115} INFO - [2023-09-09 19:07:37,418] {dagbag.py:508} INFO - Filling up the DagBag from /home/airflow/.local/lib/python3.7/site-packages/airflow/example_dags/example_branch_operator_decorator.py
[2023-09-09 19:07:37,429] {processor.py:651} INFO - DAG(s) dict_keys(['example_branch_python_operator_decorator']) retrieved from /home/airflow/.local/lib/python3.7/site-packages/airflow/example_dags/example_branch_operator_decorator.py
[2023-09-09 19:07:37,445] {logging_mixin.py:115} INFO - [2023-09-09 19:07:37,445] {dag.py:2420} INFO - Sync 1 DAGs
[2023-09-09 19:07:37,457] {logging_mixin.py:115} INFO - [2023-09-09 19:07:37,457] {dag.py:2972} INFO - Setting next_dagrun for example_branch_python_operator_decorator to 2023-09-08T00:00:00+00:00, run_after=2023-09-09T00:00:00+00:00
[2023-09-09 19:07:37,462] {processor.py:161} INFO - Processing /home/airflow/.local/lib/python3.7/site-packages/airflow/example_dags/example_branch_operator_decorator.py took 0.047 seconds
[2023-09-09 19:08:07,962] {processor.py:153} INFO - Started process (PID=594) to work on /home/airflow/.local/lib/python3.7/site-packages/airflow/example_dags/example_branch_operator_decorator.py
[2023-09-09 19:08:07,963] {processor.py:641} INFO - Processing file /home/airflow/.local/lib/python3.7/site-packages/airflow/example_dags/example_branch_operator_decorator.py for tasks to queue
[2023-09-09 19:08:07,963] {logging_mixin.py:115} INFO - [2023-09-09 19:08:07,963] {dagbag.py:508} INFO - Filling up the DagBag from /home/airflow/.local/lib/python3.7/site-packages/airflow/example_dags/example_branch_operator_decorator.py
[2023-09-09 19:08:07,973] {processor.py:651} INFO - DAG(s) dict_keys(['example_branch_python_operator_decorator']) retrieved from /home/airflow/.local/lib/python3.7/site-packages/airflow/example_dags/example_branch_operator_decorator.py
[2023-09-09 19:08:07,994] {logging_mixin.py:115} INFO - [2023-09-09 19:08:07,994] {dag.py:2420} INFO - Sync 1 DAGs
[2023-09-09 19:08:08,010] {logging_mixin.py:115} INFO - [2023-09-09 19:08:08,010] {dag.py:2972} INFO - Setting next_dagrun for example_branch_python_operator_decorator to 2023-09-08T00:00:00+00:00, run_after=2023-09-09T00:00:00+00:00
[2023-09-09 19:08:08,015] {processor.py:161} INFO - Processing /home/airflow/.local/lib/python3.7/site-packages/airflow/example_dags/example_branch_operator_decorator.py took 0.055 seconds
[2023-09-09 19:08:38,602] {processor.py:153} INFO - Started process (PID=647) to work on /home/airflow/.local/lib/python3.7/site-packages/airflow/example_dags/example_branch_operator_decorator.py
[2023-09-09 19:08:38,603] {processor.py:641} INFO - Processing file /home/airflow/.local/lib/python3.7/site-packages/airflow/example_dags/example_branch_operator_decorator.py for tasks to queue
[2023-09-09 19:08:38,603] {logging_mixin.py:115} INFO - [2023-09-09 19:08:38,603] {dagbag.py:508} INFO - Filling up the DagBag from /home/airflow/.local/lib/python3.7/site-packages/airflow/example_dags/example_branch_operator_decorator.py
[2023-09-09 19:08:38,613] {processor.py:651} INFO - DAG(s) dict_keys(['example_branch_python_operator_decorator']) retrieved from /home/airflow/.local/lib/python3.7/site-packages/airflow/example_dags/example_branch_operator_decorator.py
[2023-09-09 19:08:38,630] {logging_mixin.py:115} INFO - [2023-09-09 19:08:38,630] {dag.py:2420} INFO - Sync 1 DAGs
[2023-09-09 19:08:38,643] {logging_mixin.py:115} INFO - [2023-09-09 19:08:38,643] {dag.py:2972} INFO - Setting next_dagrun for example_branch_python_operator_decorator to 2023-09-08T00:00:00+00:00, run_after=2023-09-09T00:00:00+00:00
[2023-09-09 19:08:38,649] {processor.py:161} INFO - Processing /home/airflow/.local/lib/python3.7/site-packages/airflow/example_dags/example_branch_operator_decorator.py took 0.049 seconds
[2023-09-09 19:09:08,937] {processor.py:153} INFO - Started process (PID=710) to work on /home/airflow/.local/lib/python3.7/site-packages/airflow/example_dags/example_branch_operator_decorator.py
[2023-09-09 19:09:08,937] {processor.py:641} INFO - Processing file /home/airflow/.local/lib/python3.7/site-packages/airflow/example_dags/example_branch_operator_decorator.py for tasks to queue
[2023-09-09 19:09:08,938] {logging_mixin.py:115} INFO - [2023-09-09 19:09:08,938] {dagbag.py:508} INFO - Filling up the DagBag from /home/airflow/.local/lib/python3.7/site-packages/airflow/example_dags/example_branch_operator_decorator.py
[2023-09-09 19:09:08,947] {processor.py:651} INFO - DAG(s) dict_keys(['example_branch_python_operator_decorator']) retrieved from /home/airflow/.local/lib/python3.7/site-packages/airflow/example_dags/example_branch_operator_decorator.py
[2023-09-09 19:09:08,962] {logging_mixin.py:115} INFO - [2023-09-09 19:09:08,962] {dag.py:2420} INFO - Sync 1 DAGs
[2023-09-09 19:09:08,973] {logging_mixin.py:115} INFO - [2023-09-09 19:09:08,973] {dag.py:2972} INFO - Setting next_dagrun for example_branch_python_operator_decorator to 2023-09-08T00:00:00+00:00, run_after=2023-09-09T00:00:00+00:00
[2023-09-09 19:09:08,978] {processor.py:161} INFO - Processing /home/airflow/.local/lib/python3.7/site-packages/airflow/example_dags/example_branch_operator_decorator.py took 0.044 seconds
