[2023-09-09 18:40:42,275] {processor.py:153} INFO - Started process (PID=66) to work on /home/airflow/.local/lib/python3.7/site-packages/airflow/example_dags/example_nested_branch_dag.py
[2023-09-09 18:40:42,276] {processor.py:641} INFO - Processing file /home/airflow/.local/lib/python3.7/site-packages/airflow/example_dags/example_nested_branch_dag.py for tasks to queue
[2023-09-09 18:40:42,277] {logging_mixin.py:115} INFO - [2023-09-09 18:40:42,277] {dagbag.py:508} INFO - Filling up the DagBag from /home/airflow/.local/lib/python3.7/site-packages/airflow/example_dags/example_nested_branch_dag.py
[2023-09-09 18:40:42,283] {processor.py:651} INFO - DAG(s) dict_keys(['example_nested_branch_dag']) retrieved from /home/airflow/.local/lib/python3.7/site-packages/airflow/example_dags/example_nested_branch_dag.py
[2023-09-09 18:40:42,352] {logging_mixin.py:115} INFO - [2023-09-09 18:40:42,352] {manager.py:508} INFO - Created Permission View: can edit on DAG:example_nested_branch_dag
[2023-09-09 18:40:42,361] {logging_mixin.py:115} INFO - [2023-09-09 18:40:42,361] {manager.py:508} INFO - Created Permission View: can read on DAG:example_nested_branch_dag
[2023-09-09 18:40:42,366] {logging_mixin.py:115} INFO - [2023-09-09 18:40:42,366] {manager.py:508} INFO - Created Permission View: can delete on DAG:example_nested_branch_dag
[2023-09-09 18:40:42,366] {logging_mixin.py:115} INFO - [2023-09-09 18:40:42,366] {dag.py:2420} INFO - Sync 1 DAGs
[2023-09-09 18:40:42,375] {logging_mixin.py:115} INFO - [2023-09-09 18:40:42,375] {dag.py:2439} INFO - Creating ORM DAG for example_nested_branch_dag
[2023-09-09 18:40:42,386] {logging_mixin.py:115} INFO - [2023-09-09 18:40:42,386] {dag.py:2972} INFO - Setting next_dagrun for example_nested_branch_dag to 2023-09-08T00:00:00+00:00, run_after=2023-09-09T00:00:00+00:00
[2023-09-09 18:40:42,395] {processor.py:161} INFO - Processing /home/airflow/.local/lib/python3.7/site-packages/airflow/example_dags/example_nested_branch_dag.py took 0.121 seconds
[2023-09-09 18:41:12,893] {processor.py:153} INFO - Started process (PID=129) to work on /home/airflow/.local/lib/python3.7/site-packages/airflow/example_dags/example_nested_branch_dag.py
[2023-09-09 18:41:12,894] {processor.py:641} INFO - Processing file /home/airflow/.local/lib/python3.7/site-packages/airflow/example_dags/example_nested_branch_dag.py for tasks to queue
[2023-09-09 18:41:12,894] {logging_mixin.py:115} INFO - [2023-09-09 18:41:12,894] {dagbag.py:508} INFO - Filling up the DagBag from /home/airflow/.local/lib/python3.7/site-packages/airflow/example_dags/example_nested_branch_dag.py
[2023-09-09 18:41:12,899] {processor.py:651} INFO - DAG(s) dict_keys(['example_nested_branch_dag']) retrieved from /home/airflow/.local/lib/python3.7/site-packages/airflow/example_dags/example_nested_branch_dag.py
[2023-09-09 18:41:12,914] {logging_mixin.py:115} INFO - [2023-09-09 18:41:12,914] {dag.py:2420} INFO - Sync 1 DAGs
[2023-09-09 18:41:12,925] {logging_mixin.py:115} INFO - [2023-09-09 18:41:12,925] {dag.py:2972} INFO - Setting next_dagrun for example_nested_branch_dag to 2023-09-08T00:00:00+00:00, run_after=2023-09-09T00:00:00+00:00
[2023-09-09 18:41:12,930] {processor.py:161} INFO - Processing /home/airflow/.local/lib/python3.7/site-packages/airflow/example_dags/example_nested_branch_dag.py took 0.038 seconds
[2023-09-09 18:41:43,159] {processor.py:153} INFO - Started process (PID=192) to work on /home/airflow/.local/lib/python3.7/site-packages/airflow/example_dags/example_nested_branch_dag.py
[2023-09-09 18:41:43,160] {processor.py:641} INFO - Processing file /home/airflow/.local/lib/python3.7/site-packages/airflow/example_dags/example_nested_branch_dag.py for tasks to queue
[2023-09-09 18:41:43,160] {logging_mixin.py:115} INFO - [2023-09-09 18:41:43,160] {dagbag.py:508} INFO - Filling up the DagBag from /home/airflow/.local/lib/python3.7/site-packages/airflow/example_dags/example_nested_branch_dag.py
[2023-09-09 18:41:43,166] {processor.py:651} INFO - DAG(s) dict_keys(['example_nested_branch_dag']) retrieved from /home/airflow/.local/lib/python3.7/site-packages/airflow/example_dags/example_nested_branch_dag.py
[2023-09-09 18:41:43,181] {logging_mixin.py:115} INFO - [2023-09-09 18:41:43,181] {dag.py:2420} INFO - Sync 1 DAGs
[2023-09-09 18:41:43,192] {logging_mixin.py:115} INFO - [2023-09-09 18:41:43,192] {dag.py:2972} INFO - Setting next_dagrun for example_nested_branch_dag to 2023-09-08T00:00:00+00:00, run_after=2023-09-09T00:00:00+00:00
[2023-09-09 18:41:43,197] {processor.py:161} INFO - Processing /home/airflow/.local/lib/python3.7/site-packages/airflow/example_dags/example_nested_branch_dag.py took 0.040 seconds
[2023-09-09 18:42:13,619] {processor.py:153} INFO - Started process (PID=256) to work on /home/airflow/.local/lib/python3.7/site-packages/airflow/example_dags/example_nested_branch_dag.py
[2023-09-09 18:42:13,620] {processor.py:641} INFO - Processing file /home/airflow/.local/lib/python3.7/site-packages/airflow/example_dags/example_nested_branch_dag.py for tasks to queue
[2023-09-09 18:42:13,620] {logging_mixin.py:115} INFO - [2023-09-09 18:42:13,620] {dagbag.py:508} INFO - Filling up the DagBag from /home/airflow/.local/lib/python3.7/site-packages/airflow/example_dags/example_nested_branch_dag.py
[2023-09-09 18:42:13,625] {processor.py:651} INFO - DAG(s) dict_keys(['example_nested_branch_dag']) retrieved from /home/airflow/.local/lib/python3.7/site-packages/airflow/example_dags/example_nested_branch_dag.py
[2023-09-09 18:42:13,640] {logging_mixin.py:115} INFO - [2023-09-09 18:42:13,640] {dag.py:2420} INFO - Sync 1 DAGs
[2023-09-09 18:42:13,651] {logging_mixin.py:115} INFO - [2023-09-09 18:42:13,651] {dag.py:2972} INFO - Setting next_dagrun for example_nested_branch_dag to 2023-09-08T00:00:00+00:00, run_after=2023-09-09T00:00:00+00:00
[2023-09-09 18:42:13,655] {processor.py:161} INFO - Processing /home/airflow/.local/lib/python3.7/site-packages/airflow/example_dags/example_nested_branch_dag.py took 0.038 seconds
[2023-09-09 18:42:44,559] {processor.py:153} INFO - Started process (PID=319) to work on /home/airflow/.local/lib/python3.7/site-packages/airflow/example_dags/example_nested_branch_dag.py
[2023-09-09 18:42:44,559] {processor.py:641} INFO - Processing file /home/airflow/.local/lib/python3.7/site-packages/airflow/example_dags/example_nested_branch_dag.py for tasks to queue
[2023-09-09 18:42:44,560] {logging_mixin.py:115} INFO - [2023-09-09 18:42:44,560] {dagbag.py:508} INFO - Filling up the DagBag from /home/airflow/.local/lib/python3.7/site-packages/airflow/example_dags/example_nested_branch_dag.py
[2023-09-09 18:42:44,565] {processor.py:651} INFO - DAG(s) dict_keys(['example_nested_branch_dag']) retrieved from /home/airflow/.local/lib/python3.7/site-packages/airflow/example_dags/example_nested_branch_dag.py
[2023-09-09 18:42:44,580] {logging_mixin.py:115} INFO - [2023-09-09 18:42:44,579] {dag.py:2420} INFO - Sync 1 DAGs
[2023-09-09 18:42:44,591] {logging_mixin.py:115} INFO - [2023-09-09 18:42:44,591] {dag.py:2972} INFO - Setting next_dagrun for example_nested_branch_dag to 2023-09-08T00:00:00+00:00, run_after=2023-09-09T00:00:00+00:00
[2023-09-09 18:42:44,595] {processor.py:161} INFO - Processing /home/airflow/.local/lib/python3.7/site-packages/airflow/example_dags/example_nested_branch_dag.py took 0.039 seconds
[2023-09-09 18:43:14,911] {processor.py:153} INFO - Started process (PID=381) to work on /home/airflow/.local/lib/python3.7/site-packages/airflow/example_dags/example_nested_branch_dag.py
[2023-09-09 18:43:14,912] {processor.py:641} INFO - Processing file /home/airflow/.local/lib/python3.7/site-packages/airflow/example_dags/example_nested_branch_dag.py for tasks to queue
[2023-09-09 18:43:14,912] {logging_mixin.py:115} INFO - [2023-09-09 18:43:14,912] {dagbag.py:508} INFO - Filling up the DagBag from /home/airflow/.local/lib/python3.7/site-packages/airflow/example_dags/example_nested_branch_dag.py
[2023-09-09 18:43:14,918] {processor.py:651} INFO - DAG(s) dict_keys(['example_nested_branch_dag']) retrieved from /home/airflow/.local/lib/python3.7/site-packages/airflow/example_dags/example_nested_branch_dag.py
[2023-09-09 18:43:14,938] {logging_mixin.py:115} INFO - [2023-09-09 18:43:14,938] {dag.py:2420} INFO - Sync 1 DAGs
[2023-09-09 18:43:14,961] {logging_mixin.py:115} INFO - [2023-09-09 18:43:14,961] {dag.py:2972} INFO - Setting next_dagrun for example_nested_branch_dag to 2023-09-08T00:00:00+00:00, run_after=2023-09-09T00:00:00+00:00
[2023-09-09 18:43:14,971] {processor.py:161} INFO - Processing /home/airflow/.local/lib/python3.7/site-packages/airflow/example_dags/example_nested_branch_dag.py took 0.062 seconds
[2023-09-09 18:43:45,158] {processor.py:153} INFO - Started process (PID=436) to work on /home/airflow/.local/lib/python3.7/site-packages/airflow/example_dags/example_nested_branch_dag.py
[2023-09-09 18:43:45,159] {processor.py:641} INFO - Processing file /home/airflow/.local/lib/python3.7/site-packages/airflow/example_dags/example_nested_branch_dag.py for tasks to queue
[2023-09-09 18:43:45,159] {logging_mixin.py:115} INFO - [2023-09-09 18:43:45,159] {dagbag.py:508} INFO - Filling up the DagBag from /home/airflow/.local/lib/python3.7/site-packages/airflow/example_dags/example_nested_branch_dag.py
[2023-09-09 18:43:45,164] {processor.py:651} INFO - DAG(s) dict_keys(['example_nested_branch_dag']) retrieved from /home/airflow/.local/lib/python3.7/site-packages/airflow/example_dags/example_nested_branch_dag.py
[2023-09-09 18:43:45,179] {logging_mixin.py:115} INFO - [2023-09-09 18:43:45,179] {dag.py:2420} INFO - Sync 1 DAGs
[2023-09-09 18:43:45,189] {logging_mixin.py:115} INFO - [2023-09-09 18:43:45,189] {dag.py:2972} INFO - Setting next_dagrun for example_nested_branch_dag to 2023-09-08T00:00:00+00:00, run_after=2023-09-09T00:00:00+00:00
[2023-09-09 18:43:45,194] {processor.py:161} INFO - Processing /home/airflow/.local/lib/python3.7/site-packages/airflow/example_dags/example_nested_branch_dag.py took 0.038 seconds
[2023-09-09 18:44:15,526] {processor.py:153} INFO - Started process (PID=498) to work on /home/airflow/.local/lib/python3.7/site-packages/airflow/example_dags/example_nested_branch_dag.py
[2023-09-09 18:44:15,526] {processor.py:641} INFO - Processing file /home/airflow/.local/lib/python3.7/site-packages/airflow/example_dags/example_nested_branch_dag.py for tasks to queue
[2023-09-09 18:44:15,527] {logging_mixin.py:115} INFO - [2023-09-09 18:44:15,527] {dagbag.py:508} INFO - Filling up the DagBag from /home/airflow/.local/lib/python3.7/site-packages/airflow/example_dags/example_nested_branch_dag.py
[2023-09-09 18:44:15,532] {processor.py:651} INFO - DAG(s) dict_keys(['example_nested_branch_dag']) retrieved from /home/airflow/.local/lib/python3.7/site-packages/airflow/example_dags/example_nested_branch_dag.py
[2023-09-09 18:44:15,547] {logging_mixin.py:115} INFO - [2023-09-09 18:44:15,547] {dag.py:2420} INFO - Sync 1 DAGs
[2023-09-09 18:44:15,557] {logging_mixin.py:115} INFO - [2023-09-09 18:44:15,557] {dag.py:2972} INFO - Setting next_dagrun for example_nested_branch_dag to 2023-09-08T00:00:00+00:00, run_after=2023-09-09T00:00:00+00:00
[2023-09-09 18:44:15,562] {processor.py:161} INFO - Processing /home/airflow/.local/lib/python3.7/site-packages/airflow/example_dags/example_nested_branch_dag.py took 0.038 seconds
[2023-09-09 18:44:45,702] {processor.py:153} INFO - Started process (PID=561) to work on /home/airflow/.local/lib/python3.7/site-packages/airflow/example_dags/example_nested_branch_dag.py
[2023-09-09 18:44:45,703] {processor.py:641} INFO - Processing file /home/airflow/.local/lib/python3.7/site-packages/airflow/example_dags/example_nested_branch_dag.py for tasks to queue
[2023-09-09 18:44:45,703] {logging_mixin.py:115} INFO - [2023-09-09 18:44:45,703] {dagbag.py:508} INFO - Filling up the DagBag from /home/airflow/.local/lib/python3.7/site-packages/airflow/example_dags/example_nested_branch_dag.py
[2023-09-09 18:44:45,708] {processor.py:651} INFO - DAG(s) dict_keys(['example_nested_branch_dag']) retrieved from /home/airflow/.local/lib/python3.7/site-packages/airflow/example_dags/example_nested_branch_dag.py
[2023-09-09 18:44:45,724] {logging_mixin.py:115} INFO - [2023-09-09 18:44:45,724] {dag.py:2420} INFO - Sync 1 DAGs
[2023-09-09 18:44:45,735] {logging_mixin.py:115} INFO - [2023-09-09 18:44:45,735] {dag.py:2972} INFO - Setting next_dagrun for example_nested_branch_dag to 2023-09-08T00:00:00+00:00, run_after=2023-09-09T00:00:00+00:00
[2023-09-09 18:44:45,740] {processor.py:161} INFO - Processing /home/airflow/.local/lib/python3.7/site-packages/airflow/example_dags/example_nested_branch_dag.py took 0.040 seconds
[2023-09-09 18:45:16,309] {processor.py:153} INFO - Started process (PID=624) to work on /home/airflow/.local/lib/python3.7/site-packages/airflow/example_dags/example_nested_branch_dag.py
[2023-09-09 18:45:16,310] {processor.py:641} INFO - Processing file /home/airflow/.local/lib/python3.7/site-packages/airflow/example_dags/example_nested_branch_dag.py for tasks to queue
[2023-09-09 18:45:16,310] {logging_mixin.py:115} INFO - [2023-09-09 18:45:16,310] {dagbag.py:508} INFO - Filling up the DagBag from /home/airflow/.local/lib/python3.7/site-packages/airflow/example_dags/example_nested_branch_dag.py
[2023-09-09 18:45:16,316] {processor.py:651} INFO - DAG(s) dict_keys(['example_nested_branch_dag']) retrieved from /home/airflow/.local/lib/python3.7/site-packages/airflow/example_dags/example_nested_branch_dag.py
[2023-09-09 18:45:16,332] {logging_mixin.py:115} INFO - [2023-09-09 18:45:16,332] {dag.py:2420} INFO - Sync 1 DAGs
[2023-09-09 18:45:16,343] {logging_mixin.py:115} INFO - [2023-09-09 18:45:16,343] {dag.py:2972} INFO - Setting next_dagrun for example_nested_branch_dag to 2023-09-08T00:00:00+00:00, run_after=2023-09-09T00:00:00+00:00
[2023-09-09 18:45:16,348] {processor.py:161} INFO - Processing /home/airflow/.local/lib/python3.7/site-packages/airflow/example_dags/example_nested_branch_dag.py took 0.041 seconds
[2023-09-09 18:45:46,613] {processor.py:153} INFO - Started process (PID=685) to work on /home/airflow/.local/lib/python3.7/site-packages/airflow/example_dags/example_nested_branch_dag.py
[2023-09-09 18:45:46,614] {processor.py:641} INFO - Processing file /home/airflow/.local/lib/python3.7/site-packages/airflow/example_dags/example_nested_branch_dag.py for tasks to queue
[2023-09-09 18:45:46,614] {logging_mixin.py:115} INFO - [2023-09-09 18:45:46,614] {dagbag.py:508} INFO - Filling up the DagBag from /home/airflow/.local/lib/python3.7/site-packages/airflow/example_dags/example_nested_branch_dag.py
[2023-09-09 18:45:46,620] {processor.py:651} INFO - DAG(s) dict_keys(['example_nested_branch_dag']) retrieved from /home/airflow/.local/lib/python3.7/site-packages/airflow/example_dags/example_nested_branch_dag.py
[2023-09-09 18:45:46,634] {logging_mixin.py:115} INFO - [2023-09-09 18:45:46,634] {dag.py:2420} INFO - Sync 1 DAGs
[2023-09-09 18:45:46,644] {logging_mixin.py:115} INFO - [2023-09-09 18:45:46,644] {dag.py:2972} INFO - Setting next_dagrun for example_nested_branch_dag to 2023-09-08T00:00:00+00:00, run_after=2023-09-09T00:00:00+00:00
[2023-09-09 18:45:46,650] {processor.py:161} INFO - Processing /home/airflow/.local/lib/python3.7/site-packages/airflow/example_dags/example_nested_branch_dag.py took 0.038 seconds
[2023-09-09 18:46:16,901] {processor.py:153} INFO - Started process (PID=738) to work on /home/airflow/.local/lib/python3.7/site-packages/airflow/example_dags/example_nested_branch_dag.py
[2023-09-09 18:46:16,902] {processor.py:641} INFO - Processing file /home/airflow/.local/lib/python3.7/site-packages/airflow/example_dags/example_nested_branch_dag.py for tasks to queue
[2023-09-09 18:46:16,902] {logging_mixin.py:115} INFO - [2023-09-09 18:46:16,902] {dagbag.py:508} INFO - Filling up the DagBag from /home/airflow/.local/lib/python3.7/site-packages/airflow/example_dags/example_nested_branch_dag.py
[2023-09-09 18:46:16,908] {processor.py:651} INFO - DAG(s) dict_keys(['example_nested_branch_dag']) retrieved from /home/airflow/.local/lib/python3.7/site-packages/airflow/example_dags/example_nested_branch_dag.py
[2023-09-09 18:46:16,922] {logging_mixin.py:115} INFO - [2023-09-09 18:46:16,922] {dag.py:2420} INFO - Sync 1 DAGs
[2023-09-09 18:46:16,932] {logging_mixin.py:115} INFO - [2023-09-09 18:46:16,932] {dag.py:2972} INFO - Setting next_dagrun for example_nested_branch_dag to 2023-09-08T00:00:00+00:00, run_after=2023-09-09T00:00:00+00:00
[2023-09-09 18:46:16,941] {processor.py:161} INFO - Processing /home/airflow/.local/lib/python3.7/site-packages/airflow/example_dags/example_nested_branch_dag.py took 0.042 seconds
[2023-09-09 18:46:47,117] {processor.py:153} INFO - Started process (PID=801) to work on /home/airflow/.local/lib/python3.7/site-packages/airflow/example_dags/example_nested_branch_dag.py
[2023-09-09 18:46:47,118] {processor.py:641} INFO - Processing file /home/airflow/.local/lib/python3.7/site-packages/airflow/example_dags/example_nested_branch_dag.py for tasks to queue
[2023-09-09 18:46:47,118] {logging_mixin.py:115} INFO - [2023-09-09 18:46:47,118] {dagbag.py:508} INFO - Filling up the DagBag from /home/airflow/.local/lib/python3.7/site-packages/airflow/example_dags/example_nested_branch_dag.py
[2023-09-09 18:46:47,123] {processor.py:651} INFO - DAG(s) dict_keys(['example_nested_branch_dag']) retrieved from /home/airflow/.local/lib/python3.7/site-packages/airflow/example_dags/example_nested_branch_dag.py
[2023-09-09 18:46:47,138] {logging_mixin.py:115} INFO - [2023-09-09 18:46:47,138] {dag.py:2420} INFO - Sync 1 DAGs
[2023-09-09 18:46:47,149] {logging_mixin.py:115} INFO - [2023-09-09 18:46:47,149] {dag.py:2972} INFO - Setting next_dagrun for example_nested_branch_dag to 2023-09-08T00:00:00+00:00, run_after=2023-09-09T00:00:00+00:00
[2023-09-09 18:46:47,153] {processor.py:161} INFO - Processing /home/airflow/.local/lib/python3.7/site-packages/airflow/example_dags/example_nested_branch_dag.py took 0.038 seconds
[2023-09-09 18:47:17,458] {processor.py:153} INFO - Started process (PID=864) to work on /home/airflow/.local/lib/python3.7/site-packages/airflow/example_dags/example_nested_branch_dag.py
[2023-09-09 18:47:17,458] {processor.py:641} INFO - Processing file /home/airflow/.local/lib/python3.7/site-packages/airflow/example_dags/example_nested_branch_dag.py for tasks to queue
[2023-09-09 18:47:17,459] {logging_mixin.py:115} INFO - [2023-09-09 18:47:17,459] {dagbag.py:508} INFO - Filling up the DagBag from /home/airflow/.local/lib/python3.7/site-packages/airflow/example_dags/example_nested_branch_dag.py
[2023-09-09 18:47:17,464] {processor.py:651} INFO - DAG(s) dict_keys(['example_nested_branch_dag']) retrieved from /home/airflow/.local/lib/python3.7/site-packages/airflow/example_dags/example_nested_branch_dag.py
[2023-09-09 18:47:17,479] {logging_mixin.py:115} INFO - [2023-09-09 18:47:17,479] {dag.py:2420} INFO - Sync 1 DAGs
[2023-09-09 18:47:17,490] {logging_mixin.py:115} INFO - [2023-09-09 18:47:17,490] {dag.py:2972} INFO - Setting next_dagrun for example_nested_branch_dag to 2023-09-08T00:00:00+00:00, run_after=2023-09-09T00:00:00+00:00
[2023-09-09 18:47:17,495] {processor.py:161} INFO - Processing /home/airflow/.local/lib/python3.7/site-packages/airflow/example_dags/example_nested_branch_dag.py took 0.039 seconds
[2023-09-09 18:47:47,617] {processor.py:153} INFO - Started process (PID=927) to work on /home/airflow/.local/lib/python3.7/site-packages/airflow/example_dags/example_nested_branch_dag.py
[2023-09-09 18:47:47,618] {processor.py:641} INFO - Processing file /home/airflow/.local/lib/python3.7/site-packages/airflow/example_dags/example_nested_branch_dag.py for tasks to queue
[2023-09-09 18:47:47,618] {logging_mixin.py:115} INFO - [2023-09-09 18:47:47,618] {dagbag.py:508} INFO - Filling up the DagBag from /home/airflow/.local/lib/python3.7/site-packages/airflow/example_dags/example_nested_branch_dag.py
[2023-09-09 18:47:47,623] {processor.py:651} INFO - DAG(s) dict_keys(['example_nested_branch_dag']) retrieved from /home/airflow/.local/lib/python3.7/site-packages/airflow/example_dags/example_nested_branch_dag.py
[2023-09-09 18:47:47,637] {logging_mixin.py:115} INFO - [2023-09-09 18:47:47,637] {dag.py:2420} INFO - Sync 1 DAGs
[2023-09-09 18:47:47,648] {logging_mixin.py:115} INFO - [2023-09-09 18:47:47,648] {dag.py:2972} INFO - Setting next_dagrun for example_nested_branch_dag to 2023-09-08T00:00:00+00:00, run_after=2023-09-09T00:00:00+00:00
[2023-09-09 18:47:47,653] {processor.py:161} INFO - Processing /home/airflow/.local/lib/python3.7/site-packages/airflow/example_dags/example_nested_branch_dag.py took 0.038 seconds
[2023-09-09 18:48:17,826] {processor.py:153} INFO - Started process (PID=989) to work on /home/airflow/.local/lib/python3.7/site-packages/airflow/example_dags/example_nested_branch_dag.py
[2023-09-09 18:48:17,827] {processor.py:641} INFO - Processing file /home/airflow/.local/lib/python3.7/site-packages/airflow/example_dags/example_nested_branch_dag.py for tasks to queue
[2023-09-09 18:48:17,827] {logging_mixin.py:115} INFO - [2023-09-09 18:48:17,827] {dagbag.py:508} INFO - Filling up the DagBag from /home/airflow/.local/lib/python3.7/site-packages/airflow/example_dags/example_nested_branch_dag.py
[2023-09-09 18:48:17,832] {processor.py:651} INFO - DAG(s) dict_keys(['example_nested_branch_dag']) retrieved from /home/airflow/.local/lib/python3.7/site-packages/airflow/example_dags/example_nested_branch_dag.py
[2023-09-09 18:48:17,847] {logging_mixin.py:115} INFO - [2023-09-09 18:48:17,847] {dag.py:2420} INFO - Sync 1 DAGs
[2023-09-09 18:48:17,857] {logging_mixin.py:115} INFO - [2023-09-09 18:48:17,857] {dag.py:2972} INFO - Setting next_dagrun for example_nested_branch_dag to 2023-09-08T00:00:00+00:00, run_after=2023-09-09T00:00:00+00:00
[2023-09-09 18:48:17,862] {processor.py:161} INFO - Processing /home/airflow/.local/lib/python3.7/site-packages/airflow/example_dags/example_nested_branch_dag.py took 0.038 seconds
[2023-09-09 18:48:48,076] {processor.py:153} INFO - Started process (PID=1051) to work on /home/airflow/.local/lib/python3.7/site-packages/airflow/example_dags/example_nested_branch_dag.py
[2023-09-09 18:48:48,077] {processor.py:641} INFO - Processing file /home/airflow/.local/lib/python3.7/site-packages/airflow/example_dags/example_nested_branch_dag.py for tasks to queue
[2023-09-09 18:48:48,077] {logging_mixin.py:115} INFO - [2023-09-09 18:48:48,077] {dagbag.py:508} INFO - Filling up the DagBag from /home/airflow/.local/lib/python3.7/site-packages/airflow/example_dags/example_nested_branch_dag.py
[2023-09-09 18:48:48,082] {processor.py:651} INFO - DAG(s) dict_keys(['example_nested_branch_dag']) retrieved from /home/airflow/.local/lib/python3.7/site-packages/airflow/example_dags/example_nested_branch_dag.py
[2023-09-09 18:48:48,098] {logging_mixin.py:115} INFO - [2023-09-09 18:48:48,098] {dag.py:2420} INFO - Sync 1 DAGs
[2023-09-09 18:48:48,109] {logging_mixin.py:115} INFO - [2023-09-09 18:48:48,109] {dag.py:2972} INFO - Setting next_dagrun for example_nested_branch_dag to 2023-09-08T00:00:00+00:00, run_after=2023-09-09T00:00:00+00:00
[2023-09-09 18:48:48,114] {processor.py:161} INFO - Processing /home/airflow/.local/lib/python3.7/site-packages/airflow/example_dags/example_nested_branch_dag.py took 0.040 seconds
[2023-09-09 18:57:35,345] {processor.py:153} INFO - Started process (PID=66) to work on /home/airflow/.local/lib/python3.7/site-packages/airflow/example_dags/example_nested_branch_dag.py
[2023-09-09 18:57:35,346] {processor.py:641} INFO - Processing file /home/airflow/.local/lib/python3.7/site-packages/airflow/example_dags/example_nested_branch_dag.py for tasks to queue
[2023-09-09 18:57:35,348] {logging_mixin.py:115} INFO - [2023-09-09 18:57:35,348] {dagbag.py:508} INFO - Filling up the DagBag from /home/airflow/.local/lib/python3.7/site-packages/airflow/example_dags/example_nested_branch_dag.py
[2023-09-09 18:57:35,391] {processor.py:651} INFO - DAG(s) dict_keys(['example_nested_branch_dag']) retrieved from /home/airflow/.local/lib/python3.7/site-packages/airflow/example_dags/example_nested_branch_dag.py
[2023-09-09 18:57:35,435] {logging_mixin.py:115} INFO - [2023-09-09 18:57:35,435] {dag.py:2420} INFO - Sync 1 DAGs
[2023-09-09 18:57:35,490] {logging_mixin.py:115} INFO - [2023-09-09 18:57:35,490] {dag.py:2972} INFO - Setting next_dagrun for example_nested_branch_dag to 2023-09-08T00:00:00+00:00, run_after=2023-09-09T00:00:00+00:00
[2023-09-09 18:57:35,519] {processor.py:161} INFO - Processing /home/airflow/.local/lib/python3.7/site-packages/airflow/example_dags/example_nested_branch_dag.py took 0.183 seconds
[2023-09-09 18:58:05,940] {processor.py:153} INFO - Started process (PID=129) to work on /home/airflow/.local/lib/python3.7/site-packages/airflow/example_dags/example_nested_branch_dag.py
[2023-09-09 18:58:05,941] {processor.py:641} INFO - Processing file /home/airflow/.local/lib/python3.7/site-packages/airflow/example_dags/example_nested_branch_dag.py for tasks to queue
[2023-09-09 18:58:05,941] {logging_mixin.py:115} INFO - [2023-09-09 18:58:05,941] {dagbag.py:508} INFO - Filling up the DagBag from /home/airflow/.local/lib/python3.7/site-packages/airflow/example_dags/example_nested_branch_dag.py
[2023-09-09 18:58:05,947] {processor.py:651} INFO - DAG(s) dict_keys(['example_nested_branch_dag']) retrieved from /home/airflow/.local/lib/python3.7/site-packages/airflow/example_dags/example_nested_branch_dag.py
[2023-09-09 18:58:05,961] {logging_mixin.py:115} INFO - [2023-09-09 18:58:05,961] {dag.py:2420} INFO - Sync 1 DAGs
[2023-09-09 18:58:05,972] {logging_mixin.py:115} INFO - [2023-09-09 18:58:05,972] {dag.py:2972} INFO - Setting next_dagrun for example_nested_branch_dag to 2023-09-08T00:00:00+00:00, run_after=2023-09-09T00:00:00+00:00
[2023-09-09 18:58:05,977] {processor.py:161} INFO - Processing /home/airflow/.local/lib/python3.7/site-packages/airflow/example_dags/example_nested_branch_dag.py took 0.039 seconds
[2023-09-09 18:58:36,251] {processor.py:153} INFO - Started process (PID=192) to work on /home/airflow/.local/lib/python3.7/site-packages/airflow/example_dags/example_nested_branch_dag.py
[2023-09-09 18:58:36,251] {processor.py:641} INFO - Processing file /home/airflow/.local/lib/python3.7/site-packages/airflow/example_dags/example_nested_branch_dag.py for tasks to queue
[2023-09-09 18:58:36,252] {logging_mixin.py:115} INFO - [2023-09-09 18:58:36,252] {dagbag.py:508} INFO - Filling up the DagBag from /home/airflow/.local/lib/python3.7/site-packages/airflow/example_dags/example_nested_branch_dag.py
[2023-09-09 18:58:36,258] {processor.py:651} INFO - DAG(s) dict_keys(['example_nested_branch_dag']) retrieved from /home/airflow/.local/lib/python3.7/site-packages/airflow/example_dags/example_nested_branch_dag.py
[2023-09-09 18:58:36,273] {logging_mixin.py:115} INFO - [2023-09-09 18:58:36,273] {dag.py:2420} INFO - Sync 1 DAGs
[2023-09-09 18:58:36,284] {logging_mixin.py:115} INFO - [2023-09-09 18:58:36,284] {dag.py:2972} INFO - Setting next_dagrun for example_nested_branch_dag to 2023-09-08T00:00:00+00:00, run_after=2023-09-09T00:00:00+00:00
[2023-09-09 18:58:36,289] {processor.py:161} INFO - Processing /home/airflow/.local/lib/python3.7/site-packages/airflow/example_dags/example_nested_branch_dag.py took 0.041 seconds
[2023-09-09 18:59:06,504] {processor.py:153} INFO - Started process (PID=254) to work on /home/airflow/.local/lib/python3.7/site-packages/airflow/example_dags/example_nested_branch_dag.py
[2023-09-09 18:59:06,505] {processor.py:641} INFO - Processing file /home/airflow/.local/lib/python3.7/site-packages/airflow/example_dags/example_nested_branch_dag.py for tasks to queue
[2023-09-09 18:59:06,505] {logging_mixin.py:115} INFO - [2023-09-09 18:59:06,505] {dagbag.py:508} INFO - Filling up the DagBag from /home/airflow/.local/lib/python3.7/site-packages/airflow/example_dags/example_nested_branch_dag.py
[2023-09-09 18:59:06,511] {processor.py:651} INFO - DAG(s) dict_keys(['example_nested_branch_dag']) retrieved from /home/airflow/.local/lib/python3.7/site-packages/airflow/example_dags/example_nested_branch_dag.py
[2023-09-09 18:59:06,526] {logging_mixin.py:115} INFO - [2023-09-09 18:59:06,526] {dag.py:2420} INFO - Sync 1 DAGs
[2023-09-09 18:59:06,537] {logging_mixin.py:115} INFO - [2023-09-09 18:59:06,537] {dag.py:2972} INFO - Setting next_dagrun for example_nested_branch_dag to 2023-09-08T00:00:00+00:00, run_after=2023-09-09T00:00:00+00:00
[2023-09-09 18:59:06,543] {processor.py:161} INFO - Processing /home/airflow/.local/lib/python3.7/site-packages/airflow/example_dags/example_nested_branch_dag.py took 0.040 seconds
[2023-09-09 18:59:36,898] {processor.py:153} INFO - Started process (PID=317) to work on /home/airflow/.local/lib/python3.7/site-packages/airflow/example_dags/example_nested_branch_dag.py
[2023-09-09 18:59:36,899] {processor.py:641} INFO - Processing file /home/airflow/.local/lib/python3.7/site-packages/airflow/example_dags/example_nested_branch_dag.py for tasks to queue
[2023-09-09 18:59:36,899] {logging_mixin.py:115} INFO - [2023-09-09 18:59:36,899] {dagbag.py:508} INFO - Filling up the DagBag from /home/airflow/.local/lib/python3.7/site-packages/airflow/example_dags/example_nested_branch_dag.py
[2023-09-09 18:59:36,905] {processor.py:651} INFO - DAG(s) dict_keys(['example_nested_branch_dag']) retrieved from /home/airflow/.local/lib/python3.7/site-packages/airflow/example_dags/example_nested_branch_dag.py
[2023-09-09 18:59:36,921] {logging_mixin.py:115} INFO - [2023-09-09 18:59:36,921] {dag.py:2420} INFO - Sync 1 DAGs
[2023-09-09 18:59:36,932] {logging_mixin.py:115} INFO - [2023-09-09 18:59:36,932] {dag.py:2972} INFO - Setting next_dagrun for example_nested_branch_dag to 2023-09-08T00:00:00+00:00, run_after=2023-09-09T00:00:00+00:00
[2023-09-09 18:59:36,938] {processor.py:161} INFO - Processing /home/airflow/.local/lib/python3.7/site-packages/airflow/example_dags/example_nested_branch_dag.py took 0.042 seconds
[2023-09-09 19:00:07,202] {processor.py:153} INFO - Started process (PID=370) to work on /home/airflow/.local/lib/python3.7/site-packages/airflow/example_dags/example_nested_branch_dag.py
[2023-09-09 19:00:07,203] {processor.py:641} INFO - Processing file /home/airflow/.local/lib/python3.7/site-packages/airflow/example_dags/example_nested_branch_dag.py for tasks to queue
[2023-09-09 19:00:07,203] {logging_mixin.py:115} INFO - [2023-09-09 19:00:07,203] {dagbag.py:508} INFO - Filling up the DagBag from /home/airflow/.local/lib/python3.7/site-packages/airflow/example_dags/example_nested_branch_dag.py
[2023-09-09 19:00:07,209] {processor.py:651} INFO - DAG(s) dict_keys(['example_nested_branch_dag']) retrieved from /home/airflow/.local/lib/python3.7/site-packages/airflow/example_dags/example_nested_branch_dag.py
[2023-09-09 19:00:07,230] {logging_mixin.py:115} INFO - [2023-09-09 19:00:07,230] {dag.py:2420} INFO - Sync 1 DAGs
[2023-09-09 19:00:07,242] {logging_mixin.py:115} INFO - [2023-09-09 19:00:07,242] {dag.py:2972} INFO - Setting next_dagrun for example_nested_branch_dag to 2023-09-08T00:00:00+00:00, run_after=2023-09-09T00:00:00+00:00
[2023-09-09 19:00:07,248] {processor.py:161} INFO - Processing /home/airflow/.local/lib/python3.7/site-packages/airflow/example_dags/example_nested_branch_dag.py took 0.048 seconds
[2023-09-09 19:00:37,543] {processor.py:153} INFO - Started process (PID=434) to work on /home/airflow/.local/lib/python3.7/site-packages/airflow/example_dags/example_nested_branch_dag.py
[2023-09-09 19:00:37,543] {processor.py:641} INFO - Processing file /home/airflow/.local/lib/python3.7/site-packages/airflow/example_dags/example_nested_branch_dag.py for tasks to queue
[2023-09-09 19:00:37,544] {logging_mixin.py:115} INFO - [2023-09-09 19:00:37,544] {dagbag.py:508} INFO - Filling up the DagBag from /home/airflow/.local/lib/python3.7/site-packages/airflow/example_dags/example_nested_branch_dag.py
[2023-09-09 19:00:37,549] {processor.py:651} INFO - DAG(s) dict_keys(['example_nested_branch_dag']) retrieved from /home/airflow/.local/lib/python3.7/site-packages/airflow/example_dags/example_nested_branch_dag.py
[2023-09-09 19:00:37,563] {logging_mixin.py:115} INFO - [2023-09-09 19:00:37,563] {dag.py:2420} INFO - Sync 1 DAGs
[2023-09-09 19:00:37,574] {logging_mixin.py:115} INFO - [2023-09-09 19:00:37,574] {dag.py:2972} INFO - Setting next_dagrun for example_nested_branch_dag to 2023-09-08T00:00:00+00:00, run_after=2023-09-09T00:00:00+00:00
[2023-09-09 19:00:37,579] {processor.py:161} INFO - Processing /home/airflow/.local/lib/python3.7/site-packages/airflow/example_dags/example_nested_branch_dag.py took 0.038 seconds
[2023-09-09 19:01:07,693] {processor.py:153} INFO - Started process (PID=498) to work on /home/airflow/.local/lib/python3.7/site-packages/airflow/example_dags/example_nested_branch_dag.py
[2023-09-09 19:01:07,694] {processor.py:641} INFO - Processing file /home/airflow/.local/lib/python3.7/site-packages/airflow/example_dags/example_nested_branch_dag.py for tasks to queue
[2023-09-09 19:01:07,694] {logging_mixin.py:115} INFO - [2023-09-09 19:01:07,694] {dagbag.py:508} INFO - Filling up the DagBag from /home/airflow/.local/lib/python3.7/site-packages/airflow/example_dags/example_nested_branch_dag.py
[2023-09-09 19:01:07,700] {processor.py:651} INFO - DAG(s) dict_keys(['example_nested_branch_dag']) retrieved from /home/airflow/.local/lib/python3.7/site-packages/airflow/example_dags/example_nested_branch_dag.py
[2023-09-09 19:01:07,714] {logging_mixin.py:115} INFO - [2023-09-09 19:01:07,714] {dag.py:2420} INFO - Sync 1 DAGs
[2023-09-09 19:01:07,725] {logging_mixin.py:115} INFO - [2023-09-09 19:01:07,725] {dag.py:2972} INFO - Setting next_dagrun for example_nested_branch_dag to 2023-09-08T00:00:00+00:00, run_after=2023-09-09T00:00:00+00:00
[2023-09-09 19:01:07,730] {processor.py:161} INFO - Processing /home/airflow/.local/lib/python3.7/site-packages/airflow/example_dags/example_nested_branch_dag.py took 0.038 seconds
[2023-09-09 19:01:38,076] {processor.py:153} INFO - Started process (PID=561) to work on /home/airflow/.local/lib/python3.7/site-packages/airflow/example_dags/example_nested_branch_dag.py
[2023-09-09 19:01:38,077] {processor.py:641} INFO - Processing file /home/airflow/.local/lib/python3.7/site-packages/airflow/example_dags/example_nested_branch_dag.py for tasks to queue
[2023-09-09 19:01:38,077] {logging_mixin.py:115} INFO - [2023-09-09 19:01:38,077] {dagbag.py:508} INFO - Filling up the DagBag from /home/airflow/.local/lib/python3.7/site-packages/airflow/example_dags/example_nested_branch_dag.py
[2023-09-09 19:01:38,083] {processor.py:651} INFO - DAG(s) dict_keys(['example_nested_branch_dag']) retrieved from /home/airflow/.local/lib/python3.7/site-packages/airflow/example_dags/example_nested_branch_dag.py
[2023-09-09 19:01:38,097] {logging_mixin.py:115} INFO - [2023-09-09 19:01:38,097] {dag.py:2420} INFO - Sync 1 DAGs
[2023-09-09 19:01:38,108] {logging_mixin.py:115} INFO - [2023-09-09 19:01:38,108] {dag.py:2972} INFO - Setting next_dagrun for example_nested_branch_dag to 2023-09-08T00:00:00+00:00, run_after=2023-09-09T00:00:00+00:00
[2023-09-09 19:01:38,113] {processor.py:161} INFO - Processing /home/airflow/.local/lib/python3.7/site-packages/airflow/example_dags/example_nested_branch_dag.py took 0.039 seconds
[2023-09-09 19:02:08,717] {processor.py:153} INFO - Started process (PID=624) to work on /home/airflow/.local/lib/python3.7/site-packages/airflow/example_dags/example_nested_branch_dag.py
[2023-09-09 19:02:08,717] {processor.py:641} INFO - Processing file /home/airflow/.local/lib/python3.7/site-packages/airflow/example_dags/example_nested_branch_dag.py for tasks to queue
[2023-09-09 19:02:08,718] {logging_mixin.py:115} INFO - [2023-09-09 19:02:08,718] {dagbag.py:508} INFO - Filling up the DagBag from /home/airflow/.local/lib/python3.7/site-packages/airflow/example_dags/example_nested_branch_dag.py
[2023-09-09 19:02:08,723] {processor.py:651} INFO - DAG(s) dict_keys(['example_nested_branch_dag']) retrieved from /home/airflow/.local/lib/python3.7/site-packages/airflow/example_dags/example_nested_branch_dag.py
[2023-09-09 19:02:08,739] {logging_mixin.py:115} INFO - [2023-09-09 19:02:08,739] {dag.py:2420} INFO - Sync 1 DAGs
[2023-09-09 19:02:08,749] {logging_mixin.py:115} INFO - [2023-09-09 19:02:08,749] {dag.py:2972} INFO - Setting next_dagrun for example_nested_branch_dag to 2023-09-08T00:00:00+00:00, run_after=2023-09-09T00:00:00+00:00
[2023-09-09 19:02:08,754] {processor.py:161} INFO - Processing /home/airflow/.local/lib/python3.7/site-packages/airflow/example_dags/example_nested_branch_dag.py took 0.039 seconds
[2023-09-09 19:02:39,324] {processor.py:153} INFO - Started process (PID=691) to work on /home/airflow/.local/lib/python3.7/site-packages/airflow/example_dags/example_nested_branch_dag.py
[2023-09-09 19:02:39,326] {processor.py:641} INFO - Processing file /home/airflow/.local/lib/python3.7/site-packages/airflow/example_dags/example_nested_branch_dag.py for tasks to queue
[2023-09-09 19:02:39,327] {logging_mixin.py:115} INFO - [2023-09-09 19:02:39,327] {dagbag.py:508} INFO - Filling up the DagBag from /home/airflow/.local/lib/python3.7/site-packages/airflow/example_dags/example_nested_branch_dag.py
[2023-09-09 19:02:39,341] {processor.py:651} INFO - DAG(s) dict_keys(['example_nested_branch_dag']) retrieved from /home/airflow/.local/lib/python3.7/site-packages/airflow/example_dags/example_nested_branch_dag.py
[2023-09-09 19:02:39,362] {logging_mixin.py:115} INFO - [2023-09-09 19:02:39,362] {dag.py:2420} INFO - Sync 1 DAGs
[2023-09-09 19:02:39,376] {logging_mixin.py:115} INFO - [2023-09-09 19:02:39,376] {dag.py:2972} INFO - Setting next_dagrun for example_nested_branch_dag to 2023-09-08T00:00:00+00:00, run_after=2023-09-09T00:00:00+00:00
[2023-09-09 19:02:39,383] {processor.py:161} INFO - Processing /home/airflow/.local/lib/python3.7/site-packages/airflow/example_dags/example_nested_branch_dag.py took 0.061 seconds
[2023-09-09 19:03:36,600] {processor.py:153} INFO - Started process (PID=66) to work on /home/airflow/.local/lib/python3.7/site-packages/airflow/example_dags/example_nested_branch_dag.py
[2023-09-09 19:03:36,601] {processor.py:641} INFO - Processing file /home/airflow/.local/lib/python3.7/site-packages/airflow/example_dags/example_nested_branch_dag.py for tasks to queue
[2023-09-09 19:03:36,601] {logging_mixin.py:115} INFO - [2023-09-09 19:03:36,601] {dagbag.py:508} INFO - Filling up the DagBag from /home/airflow/.local/lib/python3.7/site-packages/airflow/example_dags/example_nested_branch_dag.py
[2023-09-09 19:03:36,619] {processor.py:651} INFO - DAG(s) dict_keys(['example_nested_branch_dag']) retrieved from /home/airflow/.local/lib/python3.7/site-packages/airflow/example_dags/example_nested_branch_dag.py
[2023-09-09 19:03:36,643] {logging_mixin.py:115} INFO - [2023-09-09 19:03:36,643] {dag.py:2420} INFO - Sync 1 DAGs
[2023-09-09 19:03:36,681] {logging_mixin.py:115} INFO - [2023-09-09 19:03:36,681] {dag.py:2972} INFO - Setting next_dagrun for example_nested_branch_dag to 2023-09-08T00:00:00+00:00, run_after=2023-09-09T00:00:00+00:00
[2023-09-09 19:03:36,691] {processor.py:161} INFO - Processing /home/airflow/.local/lib/python3.7/site-packages/airflow/example_dags/example_nested_branch_dag.py took 0.093 seconds
[2023-09-09 19:04:07,131] {processor.py:153} INFO - Started process (PID=129) to work on /home/airflow/.local/lib/python3.7/site-packages/airflow/example_dags/example_nested_branch_dag.py
[2023-09-09 19:04:07,132] {processor.py:641} INFO - Processing file /home/airflow/.local/lib/python3.7/site-packages/airflow/example_dags/example_nested_branch_dag.py for tasks to queue
[2023-09-09 19:04:07,133] {logging_mixin.py:115} INFO - [2023-09-09 19:04:07,132] {dagbag.py:508} INFO - Filling up the DagBag from /home/airflow/.local/lib/python3.7/site-packages/airflow/example_dags/example_nested_branch_dag.py
[2023-09-09 19:04:07,138] {processor.py:651} INFO - DAG(s) dict_keys(['example_nested_branch_dag']) retrieved from /home/airflow/.local/lib/python3.7/site-packages/airflow/example_dags/example_nested_branch_dag.py
[2023-09-09 19:04:07,152] {logging_mixin.py:115} INFO - [2023-09-09 19:04:07,152] {dag.py:2420} INFO - Sync 1 DAGs
[2023-09-09 19:04:07,162] {logging_mixin.py:115} INFO - [2023-09-09 19:04:07,162] {dag.py:2972} INFO - Setting next_dagrun for example_nested_branch_dag to 2023-09-08T00:00:00+00:00, run_after=2023-09-09T00:00:00+00:00
[2023-09-09 19:04:07,167] {processor.py:161} INFO - Processing /home/airflow/.local/lib/python3.7/site-packages/airflow/example_dags/example_nested_branch_dag.py took 0.037 seconds
[2023-09-09 19:04:37,503] {processor.py:153} INFO - Started process (PID=191) to work on /home/airflow/.local/lib/python3.7/site-packages/airflow/example_dags/example_nested_branch_dag.py
[2023-09-09 19:04:37,503] {processor.py:641} INFO - Processing file /home/airflow/.local/lib/python3.7/site-packages/airflow/example_dags/example_nested_branch_dag.py for tasks to queue
[2023-09-09 19:04:37,504] {logging_mixin.py:115} INFO - [2023-09-09 19:04:37,504] {dagbag.py:508} INFO - Filling up the DagBag from /home/airflow/.local/lib/python3.7/site-packages/airflow/example_dags/example_nested_branch_dag.py
[2023-09-09 19:04:37,510] {processor.py:651} INFO - DAG(s) dict_keys(['example_nested_branch_dag']) retrieved from /home/airflow/.local/lib/python3.7/site-packages/airflow/example_dags/example_nested_branch_dag.py
[2023-09-09 19:04:37,524] {logging_mixin.py:115} INFO - [2023-09-09 19:04:37,523] {dag.py:2420} INFO - Sync 1 DAGs
[2023-09-09 19:04:37,534] {logging_mixin.py:115} INFO - [2023-09-09 19:04:37,534] {dag.py:2972} INFO - Setting next_dagrun for example_nested_branch_dag to 2023-09-08T00:00:00+00:00, run_after=2023-09-09T00:00:00+00:00
[2023-09-09 19:04:37,539] {processor.py:161} INFO - Processing /home/airflow/.local/lib/python3.7/site-packages/airflow/example_dags/example_nested_branch_dag.py took 0.038 seconds
[2023-09-09 19:05:07,785] {processor.py:153} INFO - Started process (PID=255) to work on /home/airflow/.local/lib/python3.7/site-packages/airflow/example_dags/example_nested_branch_dag.py
[2023-09-09 19:05:07,786] {processor.py:641} INFO - Processing file /home/airflow/.local/lib/python3.7/site-packages/airflow/example_dags/example_nested_branch_dag.py for tasks to queue
[2023-09-09 19:05:07,786] {logging_mixin.py:115} INFO - [2023-09-09 19:05:07,786] {dagbag.py:508} INFO - Filling up the DagBag from /home/airflow/.local/lib/python3.7/site-packages/airflow/example_dags/example_nested_branch_dag.py
[2023-09-09 19:05:07,791] {processor.py:651} INFO - DAG(s) dict_keys(['example_nested_branch_dag']) retrieved from /home/airflow/.local/lib/python3.7/site-packages/airflow/example_dags/example_nested_branch_dag.py
[2023-09-09 19:05:07,806] {logging_mixin.py:115} INFO - [2023-09-09 19:05:07,805] {dag.py:2420} INFO - Sync 1 DAGs
[2023-09-09 19:05:07,816] {logging_mixin.py:115} INFO - [2023-09-09 19:05:07,816] {dag.py:2972} INFO - Setting next_dagrun for example_nested_branch_dag to 2023-09-08T00:00:00+00:00, run_after=2023-09-09T00:00:00+00:00
[2023-09-09 19:05:07,821] {processor.py:161} INFO - Processing /home/airflow/.local/lib/python3.7/site-packages/airflow/example_dags/example_nested_branch_dag.py took 0.038 seconds
[2023-09-09 19:05:38,079] {processor.py:153} INFO - Started process (PID=317) to work on /home/airflow/.local/lib/python3.7/site-packages/airflow/example_dags/example_nested_branch_dag.py
[2023-09-09 19:05:38,080] {processor.py:641} INFO - Processing file /home/airflow/.local/lib/python3.7/site-packages/airflow/example_dags/example_nested_branch_dag.py for tasks to queue
[2023-09-09 19:05:38,081] {logging_mixin.py:115} INFO - [2023-09-09 19:05:38,080] {dagbag.py:508} INFO - Filling up the DagBag from /home/airflow/.local/lib/python3.7/site-packages/airflow/example_dags/example_nested_branch_dag.py
[2023-09-09 19:05:38,088] {processor.py:651} INFO - DAG(s) dict_keys(['example_nested_branch_dag']) retrieved from /home/airflow/.local/lib/python3.7/site-packages/airflow/example_dags/example_nested_branch_dag.py
[2023-09-09 19:05:38,104] {logging_mixin.py:115} INFO - [2023-09-09 19:05:38,104] {dag.py:2420} INFO - Sync 1 DAGs
[2023-09-09 19:05:38,117] {logging_mixin.py:115} INFO - [2023-09-09 19:05:38,117] {dag.py:2972} INFO - Setting next_dagrun for example_nested_branch_dag to 2023-09-08T00:00:00+00:00, run_after=2023-09-09T00:00:00+00:00
[2023-09-09 19:05:38,123] {processor.py:161} INFO - Processing /home/airflow/.local/lib/python3.7/site-packages/airflow/example_dags/example_nested_branch_dag.py took 0.046 seconds
[2023-09-09 19:06:08,425] {processor.py:153} INFO - Started process (PID=371) to work on /home/airflow/.local/lib/python3.7/site-packages/airflow/example_dags/example_nested_branch_dag.py
[2023-09-09 19:06:08,425] {processor.py:641} INFO - Processing file /home/airflow/.local/lib/python3.7/site-packages/airflow/example_dags/example_nested_branch_dag.py for tasks to queue
[2023-09-09 19:06:08,426] {logging_mixin.py:115} INFO - [2023-09-09 19:06:08,426] {dagbag.py:508} INFO - Filling up the DagBag from /home/airflow/.local/lib/python3.7/site-packages/airflow/example_dags/example_nested_branch_dag.py
[2023-09-09 19:06:08,432] {processor.py:651} INFO - DAG(s) dict_keys(['example_nested_branch_dag']) retrieved from /home/airflow/.local/lib/python3.7/site-packages/airflow/example_dags/example_nested_branch_dag.py
[2023-09-09 19:06:08,446] {logging_mixin.py:115} INFO - [2023-09-09 19:06:08,446] {dag.py:2420} INFO - Sync 1 DAGs
[2023-09-09 19:06:08,457] {logging_mixin.py:115} INFO - [2023-09-09 19:06:08,457] {dag.py:2972} INFO - Setting next_dagrun for example_nested_branch_dag to 2023-09-08T00:00:00+00:00, run_after=2023-09-09T00:00:00+00:00
[2023-09-09 19:06:08,462] {processor.py:161} INFO - Processing /home/airflow/.local/lib/python3.7/site-packages/airflow/example_dags/example_nested_branch_dag.py took 0.039 seconds
[2023-09-09 19:06:38,756] {processor.py:153} INFO - Started process (PID=434) to work on /home/airflow/.local/lib/python3.7/site-packages/airflow/example_dags/example_nested_branch_dag.py
[2023-09-09 19:06:38,757] {processor.py:641} INFO - Processing file /home/airflow/.local/lib/python3.7/site-packages/airflow/example_dags/example_nested_branch_dag.py for tasks to queue
[2023-09-09 19:06:38,757] {logging_mixin.py:115} INFO - [2023-09-09 19:06:38,757] {dagbag.py:508} INFO - Filling up the DagBag from /home/airflow/.local/lib/python3.7/site-packages/airflow/example_dags/example_nested_branch_dag.py
[2023-09-09 19:06:38,763] {processor.py:651} INFO - DAG(s) dict_keys(['example_nested_branch_dag']) retrieved from /home/airflow/.local/lib/python3.7/site-packages/airflow/example_dags/example_nested_branch_dag.py
[2023-09-09 19:06:38,777] {logging_mixin.py:115} INFO - [2023-09-09 19:06:38,777] {dag.py:2420} INFO - Sync 1 DAGs
[2023-09-09 19:06:38,787] {logging_mixin.py:115} INFO - [2023-09-09 19:06:38,787] {dag.py:2972} INFO - Setting next_dagrun for example_nested_branch_dag to 2023-09-08T00:00:00+00:00, run_after=2023-09-09T00:00:00+00:00
[2023-09-09 19:06:38,792] {processor.py:161} INFO - Processing /home/airflow/.local/lib/python3.7/site-packages/airflow/example_dags/example_nested_branch_dag.py took 0.038 seconds
[2023-09-09 19:07:09,039] {processor.py:153} INFO - Started process (PID=497) to work on /home/airflow/.local/lib/python3.7/site-packages/airflow/example_dags/example_nested_branch_dag.py
[2023-09-09 19:07:09,040] {processor.py:641} INFO - Processing file /home/airflow/.local/lib/python3.7/site-packages/airflow/example_dags/example_nested_branch_dag.py for tasks to queue
[2023-09-09 19:07:09,040] {logging_mixin.py:115} INFO - [2023-09-09 19:07:09,040] {dagbag.py:508} INFO - Filling up the DagBag from /home/airflow/.local/lib/python3.7/site-packages/airflow/example_dags/example_nested_branch_dag.py
[2023-09-09 19:07:09,046] {processor.py:651} INFO - DAG(s) dict_keys(['example_nested_branch_dag']) retrieved from /home/airflow/.local/lib/python3.7/site-packages/airflow/example_dags/example_nested_branch_dag.py
[2023-09-09 19:07:09,060] {logging_mixin.py:115} INFO - [2023-09-09 19:07:09,060] {dag.py:2420} INFO - Sync 1 DAGs
[2023-09-09 19:07:09,070] {logging_mixin.py:115} INFO - [2023-09-09 19:07:09,070] {dag.py:2972} INFO - Setting next_dagrun for example_nested_branch_dag to 2023-09-08T00:00:00+00:00, run_after=2023-09-09T00:00:00+00:00
[2023-09-09 19:07:09,075] {processor.py:161} INFO - Processing /home/airflow/.local/lib/python3.7/site-packages/airflow/example_dags/example_nested_branch_dag.py took 0.038 seconds
[2023-09-09 19:07:39,449] {processor.py:153} INFO - Started process (PID=560) to work on /home/airflow/.local/lib/python3.7/site-packages/airflow/example_dags/example_nested_branch_dag.py
[2023-09-09 19:07:39,450] {processor.py:641} INFO - Processing file /home/airflow/.local/lib/python3.7/site-packages/airflow/example_dags/example_nested_branch_dag.py for tasks to queue
[2023-09-09 19:07:39,451] {logging_mixin.py:115} INFO - [2023-09-09 19:07:39,451] {dagbag.py:508} INFO - Filling up the DagBag from /home/airflow/.local/lib/python3.7/site-packages/airflow/example_dags/example_nested_branch_dag.py
[2023-09-09 19:07:39,458] {processor.py:651} INFO - DAG(s) dict_keys(['example_nested_branch_dag']) retrieved from /home/airflow/.local/lib/python3.7/site-packages/airflow/example_dags/example_nested_branch_dag.py
[2023-09-09 19:07:39,474] {logging_mixin.py:115} INFO - [2023-09-09 19:07:39,474] {dag.py:2420} INFO - Sync 1 DAGs
[2023-09-09 19:07:39,486] {logging_mixin.py:115} INFO - [2023-09-09 19:07:39,486] {dag.py:2972} INFO - Setting next_dagrun for example_nested_branch_dag to 2023-09-08T00:00:00+00:00, run_after=2023-09-09T00:00:00+00:00
[2023-09-09 19:07:39,491] {processor.py:161} INFO - Processing /home/airflow/.local/lib/python3.7/site-packages/airflow/example_dags/example_nested_branch_dag.py took 0.045 seconds
[2023-09-09 19:08:10,122] {processor.py:153} INFO - Started process (PID=623) to work on /home/airflow/.local/lib/python3.7/site-packages/airflow/example_dags/example_nested_branch_dag.py
[2023-09-09 19:08:10,123] {processor.py:641} INFO - Processing file /home/airflow/.local/lib/python3.7/site-packages/airflow/example_dags/example_nested_branch_dag.py for tasks to queue
[2023-09-09 19:08:10,123] {logging_mixin.py:115} INFO - [2023-09-09 19:08:10,123] {dagbag.py:508} INFO - Filling up the DagBag from /home/airflow/.local/lib/python3.7/site-packages/airflow/example_dags/example_nested_branch_dag.py
[2023-09-09 19:08:10,129] {processor.py:651} INFO - DAG(s) dict_keys(['example_nested_branch_dag']) retrieved from /home/airflow/.local/lib/python3.7/site-packages/airflow/example_dags/example_nested_branch_dag.py
[2023-09-09 19:08:10,144] {logging_mixin.py:115} INFO - [2023-09-09 19:08:10,144] {dag.py:2420} INFO - Sync 1 DAGs
[2023-09-09 19:08:10,155] {logging_mixin.py:115} INFO - [2023-09-09 19:08:10,155] {dag.py:2972} INFO - Setting next_dagrun for example_nested_branch_dag to 2023-09-08T00:00:00+00:00, run_after=2023-09-09T00:00:00+00:00
[2023-09-09 19:08:10,163] {processor.py:161} INFO - Processing /home/airflow/.local/lib/python3.7/site-packages/airflow/example_dags/example_nested_branch_dag.py took 0.043 seconds
[2023-09-09 19:08:40,553] {processor.py:153} INFO - Started process (PID=685) to work on /home/airflow/.local/lib/python3.7/site-packages/airflow/example_dags/example_nested_branch_dag.py
[2023-09-09 19:08:40,554] {processor.py:641} INFO - Processing file /home/airflow/.local/lib/python3.7/site-packages/airflow/example_dags/example_nested_branch_dag.py for tasks to queue
[2023-09-09 19:08:40,554] {logging_mixin.py:115} INFO - [2023-09-09 19:08:40,554] {dagbag.py:508} INFO - Filling up the DagBag from /home/airflow/.local/lib/python3.7/site-packages/airflow/example_dags/example_nested_branch_dag.py
[2023-09-09 19:08:40,560] {processor.py:651} INFO - DAG(s) dict_keys(['example_nested_branch_dag']) retrieved from /home/airflow/.local/lib/python3.7/site-packages/airflow/example_dags/example_nested_branch_dag.py
[2023-09-09 19:08:40,576] {logging_mixin.py:115} INFO - [2023-09-09 19:08:40,576] {dag.py:2420} INFO - Sync 1 DAGs
[2023-09-09 19:08:40,587] {logging_mixin.py:115} INFO - [2023-09-09 19:08:40,587] {dag.py:2972} INFO - Setting next_dagrun for example_nested_branch_dag to 2023-09-08T00:00:00+00:00, run_after=2023-09-09T00:00:00+00:00
[2023-09-09 19:08:40,592] {processor.py:161} INFO - Processing /home/airflow/.local/lib/python3.7/site-packages/airflow/example_dags/example_nested_branch_dag.py took 0.041 seconds
[2023-09-09 19:09:10,873] {processor.py:153} INFO - Started process (PID=739) to work on /home/airflow/.local/lib/python3.7/site-packages/airflow/example_dags/example_nested_branch_dag.py
[2023-09-09 19:09:10,874] {processor.py:641} INFO - Processing file /home/airflow/.local/lib/python3.7/site-packages/airflow/example_dags/example_nested_branch_dag.py for tasks to queue
[2023-09-09 19:09:10,874] {logging_mixin.py:115} INFO - [2023-09-09 19:09:10,874] {dagbag.py:508} INFO - Filling up the DagBag from /home/airflow/.local/lib/python3.7/site-packages/airflow/example_dags/example_nested_branch_dag.py
[2023-09-09 19:09:10,880] {processor.py:651} INFO - DAG(s) dict_keys(['example_nested_branch_dag']) retrieved from /home/airflow/.local/lib/python3.7/site-packages/airflow/example_dags/example_nested_branch_dag.py
[2023-09-09 19:09:10,894] {logging_mixin.py:115} INFO - [2023-09-09 19:09:10,894] {dag.py:2420} INFO - Sync 1 DAGs
[2023-09-09 19:09:10,905] {logging_mixin.py:115} INFO - [2023-09-09 19:09:10,904] {dag.py:2972} INFO - Setting next_dagrun for example_nested_branch_dag to 2023-09-08T00:00:00+00:00, run_after=2023-09-09T00:00:00+00:00
[2023-09-09 19:09:10,909] {processor.py:161} INFO - Processing /home/airflow/.local/lib/python3.7/site-packages/airflow/example_dags/example_nested_branch_dag.py took 0.038 seconds
