[2023-09-09 18:40:39,779] {processor.py:153} INFO - Started process (PID=40) to work on /home/airflow/.local/lib/python3.7/site-packages/airflow/example_dags/example_bash_operator.py
[2023-09-09 18:40:39,782] {processor.py:641} INFO - Processing file /home/airflow/.local/lib/python3.7/site-packages/airflow/example_dags/example_bash_operator.py for tasks to queue
[2023-09-09 18:40:39,783] {logging_mixin.py:115} INFO - [2023-09-09 18:40:39,783] {dagbag.py:508} INFO - Filling up the DagBag from /home/airflow/.local/lib/python3.7/site-packages/airflow/example_dags/example_bash_operator.py
[2023-09-09 18:40:39,800] {processor.py:651} INFO - DAG(s) dict_keys(['example_bash_operator']) retrieved from /home/airflow/.local/lib/python3.7/site-packages/airflow/example_dags/example_bash_operator.py
[2023-09-09 18:40:39,852] {logging_mixin.py:115} INFO - [2023-09-09 18:40:39,852] {manager.py:508} INFO - Created Permission View: can edit on DAG:example_bash_operator
[2023-09-09 18:40:39,857] {logging_mixin.py:115} INFO - [2023-09-09 18:40:39,857] {manager.py:508} INFO - Created Permission View: can read on DAG:example_bash_operator
[2023-09-09 18:40:39,860] {logging_mixin.py:115} INFO - [2023-09-09 18:40:39,860] {manager.py:508} INFO - Created Permission View: can delete on DAG:example_bash_operator
[2023-09-09 18:40:39,861] {logging_mixin.py:115} INFO - [2023-09-09 18:40:39,861] {dag.py:2420} INFO - Sync 1 DAGs
[2023-09-09 18:40:39,866] {logging_mixin.py:115} INFO - [2023-09-09 18:40:39,866] {dag.py:2439} INFO - Creating ORM DAG for example_bash_operator
[2023-09-09 18:40:39,876] {logging_mixin.py:115} INFO - [2023-09-09 18:40:39,876] {dag.py:2972} INFO - Setting next_dagrun for example_bash_operator to 2023-09-08T00:00:00+00:00, run_after=2023-09-09T00:00:00+00:00
[2023-09-09 18:40:39,885] {processor.py:161} INFO - Processing /home/airflow/.local/lib/python3.7/site-packages/airflow/example_dags/example_bash_operator.py took 0.112 seconds
[2023-09-09 18:41:09,922] {processor.py:153} INFO - Started process (PID=101) to work on /home/airflow/.local/lib/python3.7/site-packages/airflow/example_dags/example_bash_operator.py
[2023-09-09 18:41:09,923] {processor.py:641} INFO - Processing file /home/airflow/.local/lib/python3.7/site-packages/airflow/example_dags/example_bash_operator.py for tasks to queue
[2023-09-09 18:41:09,924] {logging_mixin.py:115} INFO - [2023-09-09 18:41:09,924] {dagbag.py:508} INFO - Filling up the DagBag from /home/airflow/.local/lib/python3.7/site-packages/airflow/example_dags/example_bash_operator.py
[2023-09-09 18:41:09,930] {processor.py:651} INFO - DAG(s) dict_keys(['example_bash_operator']) retrieved from /home/airflow/.local/lib/python3.7/site-packages/airflow/example_dags/example_bash_operator.py
[2023-09-09 18:41:09,944] {logging_mixin.py:115} INFO - [2023-09-09 18:41:09,944] {dag.py:2420} INFO - Sync 1 DAGs
[2023-09-09 18:41:09,955] {logging_mixin.py:115} INFO - [2023-09-09 18:41:09,955] {dag.py:2972} INFO - Setting next_dagrun for example_bash_operator to 2023-09-08T00:00:00+00:00, run_after=2023-09-09T00:00:00+00:00
[2023-09-09 18:41:09,960] {processor.py:161} INFO - Processing /home/airflow/.local/lib/python3.7/site-packages/airflow/example_dags/example_bash_operator.py took 0.040 seconds
[2023-09-09 18:41:40,254] {processor.py:153} INFO - Started process (PID=164) to work on /home/airflow/.local/lib/python3.7/site-packages/airflow/example_dags/example_bash_operator.py
[2023-09-09 18:41:40,255] {processor.py:641} INFO - Processing file /home/airflow/.local/lib/python3.7/site-packages/airflow/example_dags/example_bash_operator.py for tasks to queue
[2023-09-09 18:41:40,255] {logging_mixin.py:115} INFO - [2023-09-09 18:41:40,255] {dagbag.py:508} INFO - Filling up the DagBag from /home/airflow/.local/lib/python3.7/site-packages/airflow/example_dags/example_bash_operator.py
[2023-09-09 18:41:40,261] {processor.py:651} INFO - DAG(s) dict_keys(['example_bash_operator']) retrieved from /home/airflow/.local/lib/python3.7/site-packages/airflow/example_dags/example_bash_operator.py
[2023-09-09 18:41:40,275] {logging_mixin.py:115} INFO - [2023-09-09 18:41:40,275] {dag.py:2420} INFO - Sync 1 DAGs
[2023-09-09 18:41:40,286] {logging_mixin.py:115} INFO - [2023-09-09 18:41:40,286] {dag.py:2972} INFO - Setting next_dagrun for example_bash_operator to 2023-09-08T00:00:00+00:00, run_after=2023-09-09T00:00:00+00:00
[2023-09-09 18:41:40,291] {processor.py:161} INFO - Processing /home/airflow/.local/lib/python3.7/site-packages/airflow/example_dags/example_bash_operator.py took 0.038 seconds
[2023-09-09 18:42:10,707] {processor.py:153} INFO - Started process (PID=228) to work on /home/airflow/.local/lib/python3.7/site-packages/airflow/example_dags/example_bash_operator.py
[2023-09-09 18:42:10,708] {processor.py:641} INFO - Processing file /home/airflow/.local/lib/python3.7/site-packages/airflow/example_dags/example_bash_operator.py for tasks to queue
[2023-09-09 18:42:10,709] {logging_mixin.py:115} INFO - [2023-09-09 18:42:10,709] {dagbag.py:508} INFO - Filling up the DagBag from /home/airflow/.local/lib/python3.7/site-packages/airflow/example_dags/example_bash_operator.py
[2023-09-09 18:42:10,717] {processor.py:651} INFO - DAG(s) dict_keys(['example_bash_operator']) retrieved from /home/airflow/.local/lib/python3.7/site-packages/airflow/example_dags/example_bash_operator.py
[2023-09-09 18:42:10,733] {logging_mixin.py:115} INFO - [2023-09-09 18:42:10,733] {dag.py:2420} INFO - Sync 1 DAGs
[2023-09-09 18:42:10,744] {logging_mixin.py:115} INFO - [2023-09-09 18:42:10,744] {dag.py:2972} INFO - Setting next_dagrun for example_bash_operator to 2023-09-08T00:00:00+00:00, run_after=2023-09-09T00:00:00+00:00
[2023-09-09 18:42:10,749] {processor.py:161} INFO - Processing /home/airflow/.local/lib/python3.7/site-packages/airflow/example_dags/example_bash_operator.py took 0.045 seconds
[2023-09-09 18:42:41,036] {processor.py:153} INFO - Started process (PID=282) to work on /home/airflow/.local/lib/python3.7/site-packages/airflow/example_dags/example_bash_operator.py
[2023-09-09 18:42:41,037] {processor.py:641} INFO - Processing file /home/airflow/.local/lib/python3.7/site-packages/airflow/example_dags/example_bash_operator.py for tasks to queue
[2023-09-09 18:42:41,038] {logging_mixin.py:115} INFO - [2023-09-09 18:42:41,038] {dagbag.py:508} INFO - Filling up the DagBag from /home/airflow/.local/lib/python3.7/site-packages/airflow/example_dags/example_bash_operator.py
[2023-09-09 18:42:41,044] {processor.py:651} INFO - DAG(s) dict_keys(['example_bash_operator']) retrieved from /home/airflow/.local/lib/python3.7/site-packages/airflow/example_dags/example_bash_operator.py
[2023-09-09 18:42:41,058] {logging_mixin.py:115} INFO - [2023-09-09 18:42:41,058] {dag.py:2420} INFO - Sync 1 DAGs
[2023-09-09 18:42:41,069] {logging_mixin.py:115} INFO - [2023-09-09 18:42:41,069] {dag.py:2972} INFO - Setting next_dagrun for example_bash_operator to 2023-09-08T00:00:00+00:00, run_after=2023-09-09T00:00:00+00:00
[2023-09-09 18:42:41,075] {processor.py:161} INFO - Processing /home/airflow/.local/lib/python3.7/site-packages/airflow/example_dags/example_bash_operator.py took 0.040 seconds
[2023-09-09 18:43:12,040] {processor.py:153} INFO - Started process (PID=348) to work on /home/airflow/.local/lib/python3.7/site-packages/airflow/example_dags/example_bash_operator.py
[2023-09-09 18:43:12,040] {processor.py:641} INFO - Processing file /home/airflow/.local/lib/python3.7/site-packages/airflow/example_dags/example_bash_operator.py for tasks to queue
[2023-09-09 18:43:12,041] {logging_mixin.py:115} INFO - [2023-09-09 18:43:12,041] {dagbag.py:508} INFO - Filling up the DagBag from /home/airflow/.local/lib/python3.7/site-packages/airflow/example_dags/example_bash_operator.py
[2023-09-09 18:43:12,047] {processor.py:651} INFO - DAG(s) dict_keys(['example_bash_operator']) retrieved from /home/airflow/.local/lib/python3.7/site-packages/airflow/example_dags/example_bash_operator.py
[2023-09-09 18:43:12,061] {logging_mixin.py:115} INFO - [2023-09-09 18:43:12,061] {dag.py:2420} INFO - Sync 1 DAGs
[2023-09-09 18:43:12,072] {logging_mixin.py:115} INFO - [2023-09-09 18:43:12,072] {dag.py:2972} INFO - Setting next_dagrun for example_bash_operator to 2023-09-08T00:00:00+00:00, run_after=2023-09-09T00:00:00+00:00
[2023-09-09 18:43:12,078] {processor.py:161} INFO - Processing /home/airflow/.local/lib/python3.7/site-packages/airflow/example_dags/example_bash_operator.py took 0.040 seconds
[2023-09-09 18:43:42,395] {processor.py:153} INFO - Started process (PID=410) to work on /home/airflow/.local/lib/python3.7/site-packages/airflow/example_dags/example_bash_operator.py
[2023-09-09 18:43:42,395] {processor.py:641} INFO - Processing file /home/airflow/.local/lib/python3.7/site-packages/airflow/example_dags/example_bash_operator.py for tasks to queue
[2023-09-09 18:43:42,396] {logging_mixin.py:115} INFO - [2023-09-09 18:43:42,396] {dagbag.py:508} INFO - Filling up the DagBag from /home/airflow/.local/lib/python3.7/site-packages/airflow/example_dags/example_bash_operator.py
[2023-09-09 18:43:42,402] {processor.py:651} INFO - DAG(s) dict_keys(['example_bash_operator']) retrieved from /home/airflow/.local/lib/python3.7/site-packages/airflow/example_dags/example_bash_operator.py
[2023-09-09 18:43:42,416] {logging_mixin.py:115} INFO - [2023-09-09 18:43:42,416] {dag.py:2420} INFO - Sync 1 DAGs
[2023-09-09 18:43:42,427] {logging_mixin.py:115} INFO - [2023-09-09 18:43:42,427] {dag.py:2972} INFO - Setting next_dagrun for example_bash_operator to 2023-09-08T00:00:00+00:00, run_after=2023-09-09T00:00:00+00:00
[2023-09-09 18:43:42,432] {processor.py:161} INFO - Processing /home/airflow/.local/lib/python3.7/site-packages/airflow/example_dags/example_bash_operator.py took 0.039 seconds
[2023-09-09 18:44:12,722] {processor.py:153} INFO - Started process (PID=472) to work on /home/airflow/.local/lib/python3.7/site-packages/airflow/example_dags/example_bash_operator.py
[2023-09-09 18:44:12,723] {processor.py:641} INFO - Processing file /home/airflow/.local/lib/python3.7/site-packages/airflow/example_dags/example_bash_operator.py for tasks to queue
[2023-09-09 18:44:12,723] {logging_mixin.py:115} INFO - [2023-09-09 18:44:12,723] {dagbag.py:508} INFO - Filling up the DagBag from /home/airflow/.local/lib/python3.7/site-packages/airflow/example_dags/example_bash_operator.py
[2023-09-09 18:44:12,730] {processor.py:651} INFO - DAG(s) dict_keys(['example_bash_operator']) retrieved from /home/airflow/.local/lib/python3.7/site-packages/airflow/example_dags/example_bash_operator.py
[2023-09-09 18:44:12,744] {logging_mixin.py:115} INFO - [2023-09-09 18:44:12,744] {dag.py:2420} INFO - Sync 1 DAGs
[2023-09-09 18:44:12,754] {logging_mixin.py:115} INFO - [2023-09-09 18:44:12,754] {dag.py:2972} INFO - Setting next_dagrun for example_bash_operator to 2023-09-08T00:00:00+00:00, run_after=2023-09-09T00:00:00+00:00
[2023-09-09 18:44:12,759] {processor.py:161} INFO - Processing /home/airflow/.local/lib/python3.7/site-packages/airflow/example_dags/example_bash_operator.py took 0.039 seconds
[2023-09-09 18:44:42,962] {processor.py:153} INFO - Started process (PID=535) to work on /home/airflow/.local/lib/python3.7/site-packages/airflow/example_dags/example_bash_operator.py
[2023-09-09 18:44:42,962] {processor.py:641} INFO - Processing file /home/airflow/.local/lib/python3.7/site-packages/airflow/example_dags/example_bash_operator.py for tasks to queue
[2023-09-09 18:44:42,963] {logging_mixin.py:115} INFO - [2023-09-09 18:44:42,963] {dagbag.py:508} INFO - Filling up the DagBag from /home/airflow/.local/lib/python3.7/site-packages/airflow/example_dags/example_bash_operator.py
[2023-09-09 18:44:42,969] {processor.py:651} INFO - DAG(s) dict_keys(['example_bash_operator']) retrieved from /home/airflow/.local/lib/python3.7/site-packages/airflow/example_dags/example_bash_operator.py
[2023-09-09 18:44:42,984] {logging_mixin.py:115} INFO - [2023-09-09 18:44:42,984] {dag.py:2420} INFO - Sync 1 DAGs
[2023-09-09 18:44:42,994] {logging_mixin.py:115} INFO - [2023-09-09 18:44:42,994] {dag.py:2972} INFO - Setting next_dagrun for example_bash_operator to 2023-09-08T00:00:00+00:00, run_after=2023-09-09T00:00:00+00:00
[2023-09-09 18:44:42,999] {processor.py:161} INFO - Processing /home/airflow/.local/lib/python3.7/site-packages/airflow/example_dags/example_bash_operator.py took 0.039 seconds
[2023-09-09 18:45:13,362] {processor.py:153} INFO - Started process (PID=598) to work on /home/airflow/.local/lib/python3.7/site-packages/airflow/example_dags/example_bash_operator.py
[2023-09-09 18:45:13,363] {processor.py:641} INFO - Processing file /home/airflow/.local/lib/python3.7/site-packages/airflow/example_dags/example_bash_operator.py for tasks to queue
[2023-09-09 18:45:13,364] {logging_mixin.py:115} INFO - [2023-09-09 18:45:13,364] {dagbag.py:508} INFO - Filling up the DagBag from /home/airflow/.local/lib/python3.7/site-packages/airflow/example_dags/example_bash_operator.py
[2023-09-09 18:45:13,371] {processor.py:651} INFO - DAG(s) dict_keys(['example_bash_operator']) retrieved from /home/airflow/.local/lib/python3.7/site-packages/airflow/example_dags/example_bash_operator.py
[2023-09-09 18:45:13,391] {logging_mixin.py:115} INFO - [2023-09-09 18:45:13,391] {dag.py:2420} INFO - Sync 1 DAGs
[2023-09-09 18:45:13,415] {logging_mixin.py:115} INFO - [2023-09-09 18:45:13,415] {dag.py:2972} INFO - Setting next_dagrun for example_bash_operator to 2023-09-08T00:00:00+00:00, run_after=2023-09-09T00:00:00+00:00
[2023-09-09 18:45:13,432] {processor.py:161} INFO - Processing /home/airflow/.local/lib/python3.7/site-packages/airflow/example_dags/example_bash_operator.py took 0.073 seconds
[2023-09-09 18:45:43,789] {processor.py:153} INFO - Started process (PID=651) to work on /home/airflow/.local/lib/python3.7/site-packages/airflow/example_dags/example_bash_operator.py
[2023-09-09 18:45:43,790] {processor.py:641} INFO - Processing file /home/airflow/.local/lib/python3.7/site-packages/airflow/example_dags/example_bash_operator.py for tasks to queue
[2023-09-09 18:45:43,790] {logging_mixin.py:115} INFO - [2023-09-09 18:45:43,790] {dagbag.py:508} INFO - Filling up the DagBag from /home/airflow/.local/lib/python3.7/site-packages/airflow/example_dags/example_bash_operator.py
[2023-09-09 18:45:43,796] {processor.py:651} INFO - DAG(s) dict_keys(['example_bash_operator']) retrieved from /home/airflow/.local/lib/python3.7/site-packages/airflow/example_dags/example_bash_operator.py
[2023-09-09 18:45:43,814] {logging_mixin.py:115} INFO - [2023-09-09 18:45:43,814] {dag.py:2420} INFO - Sync 1 DAGs
[2023-09-09 18:45:43,826] {logging_mixin.py:115} INFO - [2023-09-09 18:45:43,826] {dag.py:2972} INFO - Setting next_dagrun for example_bash_operator to 2023-09-08T00:00:00+00:00, run_after=2023-09-09T00:00:00+00:00
[2023-09-09 18:45:43,832] {processor.py:161} INFO - Processing /home/airflow/.local/lib/python3.7/site-packages/airflow/example_dags/example_bash_operator.py took 0.044 seconds
[2023-09-09 18:46:14,092] {processor.py:153} INFO - Started process (PID=712) to work on /home/airflow/.local/lib/python3.7/site-packages/airflow/example_dags/example_bash_operator.py
[2023-09-09 18:46:14,093] {processor.py:641} INFO - Processing file /home/airflow/.local/lib/python3.7/site-packages/airflow/example_dags/example_bash_operator.py for tasks to queue
[2023-09-09 18:46:14,093] {logging_mixin.py:115} INFO - [2023-09-09 18:46:14,093] {dagbag.py:508} INFO - Filling up the DagBag from /home/airflow/.local/lib/python3.7/site-packages/airflow/example_dags/example_bash_operator.py
[2023-09-09 18:46:14,099] {processor.py:651} INFO - DAG(s) dict_keys(['example_bash_operator']) retrieved from /home/airflow/.local/lib/python3.7/site-packages/airflow/example_dags/example_bash_operator.py
[2023-09-09 18:46:14,114] {logging_mixin.py:115} INFO - [2023-09-09 18:46:14,114] {dag.py:2420} INFO - Sync 1 DAGs
[2023-09-09 18:46:14,125] {logging_mixin.py:115} INFO - [2023-09-09 18:46:14,125] {dag.py:2972} INFO - Setting next_dagrun for example_bash_operator to 2023-09-08T00:00:00+00:00, run_after=2023-09-09T00:00:00+00:00
[2023-09-09 18:46:14,130] {processor.py:161} INFO - Processing /home/airflow/.local/lib/python3.7/site-packages/airflow/example_dags/example_bash_operator.py took 0.040 seconds
[2023-09-09 18:46:44,363] {processor.py:153} INFO - Started process (PID=775) to work on /home/airflow/.local/lib/python3.7/site-packages/airflow/example_dags/example_bash_operator.py
[2023-09-09 18:46:44,364] {processor.py:641} INFO - Processing file /home/airflow/.local/lib/python3.7/site-packages/airflow/example_dags/example_bash_operator.py for tasks to queue
[2023-09-09 18:46:44,364] {logging_mixin.py:115} INFO - [2023-09-09 18:46:44,364] {dagbag.py:508} INFO - Filling up the DagBag from /home/airflow/.local/lib/python3.7/site-packages/airflow/example_dags/example_bash_operator.py
[2023-09-09 18:46:44,371] {processor.py:651} INFO - DAG(s) dict_keys(['example_bash_operator']) retrieved from /home/airflow/.local/lib/python3.7/site-packages/airflow/example_dags/example_bash_operator.py
[2023-09-09 18:46:44,384] {logging_mixin.py:115} INFO - [2023-09-09 18:46:44,384] {dag.py:2420} INFO - Sync 1 DAGs
[2023-09-09 18:46:44,395] {logging_mixin.py:115} INFO - [2023-09-09 18:46:44,395] {dag.py:2972} INFO - Setting next_dagrun for example_bash_operator to 2023-09-08T00:00:00+00:00, run_after=2023-09-09T00:00:00+00:00
[2023-09-09 18:46:44,400] {processor.py:161} INFO - Processing /home/airflow/.local/lib/python3.7/site-packages/airflow/example_dags/example_bash_operator.py took 0.039 seconds
[2023-09-09 18:47:14,581] {processor.py:153} INFO - Started process (PID=838) to work on /home/airflow/.local/lib/python3.7/site-packages/airflow/example_dags/example_bash_operator.py
[2023-09-09 18:47:14,582] {processor.py:641} INFO - Processing file /home/airflow/.local/lib/python3.7/site-packages/airflow/example_dags/example_bash_operator.py for tasks to queue
[2023-09-09 18:47:14,582] {logging_mixin.py:115} INFO - [2023-09-09 18:47:14,582] {dagbag.py:508} INFO - Filling up the DagBag from /home/airflow/.local/lib/python3.7/site-packages/airflow/example_dags/example_bash_operator.py
[2023-09-09 18:47:14,589] {processor.py:651} INFO - DAG(s) dict_keys(['example_bash_operator']) retrieved from /home/airflow/.local/lib/python3.7/site-packages/airflow/example_dags/example_bash_operator.py
[2023-09-09 18:47:14,603] {logging_mixin.py:115} INFO - [2023-09-09 18:47:14,603] {dag.py:2420} INFO - Sync 1 DAGs
[2023-09-09 18:47:14,613] {logging_mixin.py:115} INFO - [2023-09-09 18:47:14,613] {dag.py:2972} INFO - Setting next_dagrun for example_bash_operator to 2023-09-08T00:00:00+00:00, run_after=2023-09-09T00:00:00+00:00
[2023-09-09 18:47:14,618] {processor.py:161} INFO - Processing /home/airflow/.local/lib/python3.7/site-packages/airflow/example_dags/example_bash_operator.py took 0.038 seconds
[2023-09-09 18:47:44,915] {processor.py:153} INFO - Started process (PID=901) to work on /home/airflow/.local/lib/python3.7/site-packages/airflow/example_dags/example_bash_operator.py
[2023-09-09 18:47:44,916] {processor.py:641} INFO - Processing file /home/airflow/.local/lib/python3.7/site-packages/airflow/example_dags/example_bash_operator.py for tasks to queue
[2023-09-09 18:47:44,916] {logging_mixin.py:115} INFO - [2023-09-09 18:47:44,916] {dagbag.py:508} INFO - Filling up the DagBag from /home/airflow/.local/lib/python3.7/site-packages/airflow/example_dags/example_bash_operator.py
[2023-09-09 18:47:44,922] {processor.py:651} INFO - DAG(s) dict_keys(['example_bash_operator']) retrieved from /home/airflow/.local/lib/python3.7/site-packages/airflow/example_dags/example_bash_operator.py
[2023-09-09 18:47:44,936] {logging_mixin.py:115} INFO - [2023-09-09 18:47:44,936] {dag.py:2420} INFO - Sync 1 DAGs
[2023-09-09 18:47:44,946] {logging_mixin.py:115} INFO - [2023-09-09 18:47:44,946] {dag.py:2972} INFO - Setting next_dagrun for example_bash_operator to 2023-09-08T00:00:00+00:00, run_after=2023-09-09T00:00:00+00:00
[2023-09-09 18:47:44,952] {processor.py:161} INFO - Processing /home/airflow/.local/lib/python3.7/site-packages/airflow/example_dags/example_bash_operator.py took 0.038 seconds
[2023-09-09 18:48:15,070] {processor.py:153} INFO - Started process (PID=960) to work on /home/airflow/.local/lib/python3.7/site-packages/airflow/example_dags/example_bash_operator.py
[2023-09-09 18:48:15,072] {processor.py:641} INFO - Processing file /home/airflow/.local/lib/python3.7/site-packages/airflow/example_dags/example_bash_operator.py for tasks to queue
[2023-09-09 18:48:15,073] {logging_mixin.py:115} INFO - [2023-09-09 18:48:15,073] {dagbag.py:508} INFO - Filling up the DagBag from /home/airflow/.local/lib/python3.7/site-packages/airflow/example_dags/example_bash_operator.py
[2023-09-09 18:48:15,082] {processor.py:651} INFO - DAG(s) dict_keys(['example_bash_operator']) retrieved from /home/airflow/.local/lib/python3.7/site-packages/airflow/example_dags/example_bash_operator.py
[2023-09-09 18:48:15,108] {logging_mixin.py:115} INFO - [2023-09-09 18:48:15,108] {dag.py:2420} INFO - Sync 1 DAGs
[2023-09-09 18:48:15,119] {logging_mixin.py:115} INFO - [2023-09-09 18:48:15,119] {dag.py:2972} INFO - Setting next_dagrun for example_bash_operator to 2023-09-08T00:00:00+00:00, run_after=2023-09-09T00:00:00+00:00
[2023-09-09 18:48:15,124] {processor.py:161} INFO - Processing /home/airflow/.local/lib/python3.7/site-packages/airflow/example_dags/example_bash_operator.py took 0.057 seconds
[2023-09-09 18:48:45,260] {processor.py:153} INFO - Started process (PID=1016) to work on /home/airflow/.local/lib/python3.7/site-packages/airflow/example_dags/example_bash_operator.py
[2023-09-09 18:48:45,260] {processor.py:641} INFO - Processing file /home/airflow/.local/lib/python3.7/site-packages/airflow/example_dags/example_bash_operator.py for tasks to queue
[2023-09-09 18:48:45,261] {logging_mixin.py:115} INFO - [2023-09-09 18:48:45,261] {dagbag.py:508} INFO - Filling up the DagBag from /home/airflow/.local/lib/python3.7/site-packages/airflow/example_dags/example_bash_operator.py
[2023-09-09 18:48:45,267] {processor.py:651} INFO - DAG(s) dict_keys(['example_bash_operator']) retrieved from /home/airflow/.local/lib/python3.7/site-packages/airflow/example_dags/example_bash_operator.py
[2023-09-09 18:48:45,281] {logging_mixin.py:115} INFO - [2023-09-09 18:48:45,281] {dag.py:2420} INFO - Sync 1 DAGs
[2023-09-09 18:48:45,292] {logging_mixin.py:115} INFO - [2023-09-09 18:48:45,292] {dag.py:2972} INFO - Setting next_dagrun for example_bash_operator to 2023-09-08T00:00:00+00:00, run_after=2023-09-09T00:00:00+00:00
[2023-09-09 18:48:45,297] {processor.py:161} INFO - Processing /home/airflow/.local/lib/python3.7/site-packages/airflow/example_dags/example_bash_operator.py took 0.039 seconds
[2023-09-09 18:57:33,414] {processor.py:153} INFO - Started process (PID=40) to work on /home/airflow/.local/lib/python3.7/site-packages/airflow/example_dags/example_bash_operator.py
[2023-09-09 18:57:33,417] {processor.py:641} INFO - Processing file /home/airflow/.local/lib/python3.7/site-packages/airflow/example_dags/example_bash_operator.py for tasks to queue
[2023-09-09 18:57:33,418] {logging_mixin.py:115} INFO - [2023-09-09 18:57:33,418] {dagbag.py:508} INFO - Filling up the DagBag from /home/airflow/.local/lib/python3.7/site-packages/airflow/example_dags/example_bash_operator.py
[2023-09-09 18:57:33,428] {processor.py:651} INFO - DAG(s) dict_keys(['example_bash_operator']) retrieved from /home/airflow/.local/lib/python3.7/site-packages/airflow/example_dags/example_bash_operator.py
[2023-09-09 18:57:33,468] {logging_mixin.py:115} INFO - [2023-09-09 18:57:33,468] {dag.py:2420} INFO - Sync 1 DAGs
[2023-09-09 18:57:33,496] {logging_mixin.py:115} INFO - [2023-09-09 18:57:33,496] {dag.py:2972} INFO - Setting next_dagrun for example_bash_operator to 2023-09-08T00:00:00+00:00, run_after=2023-09-09T00:00:00+00:00
[2023-09-09 18:57:33,519] {processor.py:161} INFO - Processing /home/airflow/.local/lib/python3.7/site-packages/airflow/example_dags/example_bash_operator.py took 0.107 seconds
[2023-09-09 18:58:04,116] {processor.py:153} INFO - Started process (PID=103) to work on /home/airflow/.local/lib/python3.7/site-packages/airflow/example_dags/example_bash_operator.py
[2023-09-09 18:58:04,117] {processor.py:641} INFO - Processing file /home/airflow/.local/lib/python3.7/site-packages/airflow/example_dags/example_bash_operator.py for tasks to queue
[2023-09-09 18:58:04,117] {logging_mixin.py:115} INFO - [2023-09-09 18:58:04,117] {dagbag.py:508} INFO - Filling up the DagBag from /home/airflow/.local/lib/python3.7/site-packages/airflow/example_dags/example_bash_operator.py
[2023-09-09 18:58:04,124] {processor.py:651} INFO - DAG(s) dict_keys(['example_bash_operator']) retrieved from /home/airflow/.local/lib/python3.7/site-packages/airflow/example_dags/example_bash_operator.py
[2023-09-09 18:58:04,138] {logging_mixin.py:115} INFO - [2023-09-09 18:58:04,138] {dag.py:2420} INFO - Sync 1 DAGs
[2023-09-09 18:58:04,149] {logging_mixin.py:115} INFO - [2023-09-09 18:58:04,149] {dag.py:2972} INFO - Setting next_dagrun for example_bash_operator to 2023-09-08T00:00:00+00:00, run_after=2023-09-09T00:00:00+00:00
[2023-09-09 18:58:04,155] {processor.py:161} INFO - Processing /home/airflow/.local/lib/python3.7/site-packages/airflow/example_dags/example_bash_operator.py took 0.041 seconds
[2023-09-09 18:58:34,435] {processor.py:153} INFO - Started process (PID=166) to work on /home/airflow/.local/lib/python3.7/site-packages/airflow/example_dags/example_bash_operator.py
[2023-09-09 18:58:34,436] {processor.py:641} INFO - Processing file /home/airflow/.local/lib/python3.7/site-packages/airflow/example_dags/example_bash_operator.py for tasks to queue
[2023-09-09 18:58:34,437] {logging_mixin.py:115} INFO - [2023-09-09 18:58:34,436] {dagbag.py:508} INFO - Filling up the DagBag from /home/airflow/.local/lib/python3.7/site-packages/airflow/example_dags/example_bash_operator.py
[2023-09-09 18:58:34,443] {processor.py:651} INFO - DAG(s) dict_keys(['example_bash_operator']) retrieved from /home/airflow/.local/lib/python3.7/site-packages/airflow/example_dags/example_bash_operator.py
[2023-09-09 18:58:34,457] {logging_mixin.py:115} INFO - [2023-09-09 18:58:34,457] {dag.py:2420} INFO - Sync 1 DAGs
[2023-09-09 18:58:34,468] {logging_mixin.py:115} INFO - [2023-09-09 18:58:34,468] {dag.py:2972} INFO - Setting next_dagrun for example_bash_operator to 2023-09-08T00:00:00+00:00, run_after=2023-09-09T00:00:00+00:00
[2023-09-09 18:58:34,473] {processor.py:161} INFO - Processing /home/airflow/.local/lib/python3.7/site-packages/airflow/example_dags/example_bash_operator.py took 0.039 seconds
[2023-09-09 18:59:04,703] {processor.py:153} INFO - Started process (PID=228) to work on /home/airflow/.local/lib/python3.7/site-packages/airflow/example_dags/example_bash_operator.py
[2023-09-09 18:59:04,704] {processor.py:641} INFO - Processing file /home/airflow/.local/lib/python3.7/site-packages/airflow/example_dags/example_bash_operator.py for tasks to queue
[2023-09-09 18:59:04,704] {logging_mixin.py:115} INFO - [2023-09-09 18:59:04,704] {dagbag.py:508} INFO - Filling up the DagBag from /home/airflow/.local/lib/python3.7/site-packages/airflow/example_dags/example_bash_operator.py
[2023-09-09 18:59:04,710] {processor.py:651} INFO - DAG(s) dict_keys(['example_bash_operator']) retrieved from /home/airflow/.local/lib/python3.7/site-packages/airflow/example_dags/example_bash_operator.py
[2023-09-09 18:59:04,726] {logging_mixin.py:115} INFO - [2023-09-09 18:59:04,726] {dag.py:2420} INFO - Sync 1 DAGs
[2023-09-09 18:59:04,737] {logging_mixin.py:115} INFO - [2023-09-09 18:59:04,737] {dag.py:2972} INFO - Setting next_dagrun for example_bash_operator to 2023-09-08T00:00:00+00:00, run_after=2023-09-09T00:00:00+00:00
[2023-09-09 18:59:04,742] {processor.py:161} INFO - Processing /home/airflow/.local/lib/python3.7/site-packages/airflow/example_dags/example_bash_operator.py took 0.041 seconds
[2023-09-09 18:59:35,084] {processor.py:153} INFO - Started process (PID=282) to work on /home/airflow/.local/lib/python3.7/site-packages/airflow/example_dags/example_bash_operator.py
[2023-09-09 18:59:35,085] {processor.py:641} INFO - Processing file /home/airflow/.local/lib/python3.7/site-packages/airflow/example_dags/example_bash_operator.py for tasks to queue
[2023-09-09 18:59:35,085] {logging_mixin.py:115} INFO - [2023-09-09 18:59:35,085] {dagbag.py:508} INFO - Filling up the DagBag from /home/airflow/.local/lib/python3.7/site-packages/airflow/example_dags/example_bash_operator.py
[2023-09-09 18:59:35,092] {processor.py:651} INFO - DAG(s) dict_keys(['example_bash_operator']) retrieved from /home/airflow/.local/lib/python3.7/site-packages/airflow/example_dags/example_bash_operator.py
[2023-09-09 18:59:35,107] {logging_mixin.py:115} INFO - [2023-09-09 18:59:35,107] {dag.py:2420} INFO - Sync 1 DAGs
[2023-09-09 18:59:35,117] {logging_mixin.py:115} INFO - [2023-09-09 18:59:35,117] {dag.py:2972} INFO - Setting next_dagrun for example_bash_operator to 2023-09-08T00:00:00+00:00, run_after=2023-09-09T00:00:00+00:00
[2023-09-09 18:59:35,122] {processor.py:161} INFO - Processing /home/airflow/.local/lib/python3.7/site-packages/airflow/example_dags/example_bash_operator.py took 0.039 seconds
[2023-09-09 19:00:05,382] {processor.py:153} INFO - Started process (PID=343) to work on /home/airflow/.local/lib/python3.7/site-packages/airflow/example_dags/example_bash_operator.py
[2023-09-09 19:00:05,383] {processor.py:641} INFO - Processing file /home/airflow/.local/lib/python3.7/site-packages/airflow/example_dags/example_bash_operator.py for tasks to queue
[2023-09-09 19:00:05,383] {logging_mixin.py:115} INFO - [2023-09-09 19:00:05,383] {dagbag.py:508} INFO - Filling up the DagBag from /home/airflow/.local/lib/python3.7/site-packages/airflow/example_dags/example_bash_operator.py
[2023-09-09 19:00:05,390] {processor.py:651} INFO - DAG(s) dict_keys(['example_bash_operator']) retrieved from /home/airflow/.local/lib/python3.7/site-packages/airflow/example_dags/example_bash_operator.py
[2023-09-09 19:00:05,404] {logging_mixin.py:115} INFO - [2023-09-09 19:00:05,404] {dag.py:2420} INFO - Sync 1 DAGs
[2023-09-09 19:00:05,414] {logging_mixin.py:115} INFO - [2023-09-09 19:00:05,414] {dag.py:2972} INFO - Setting next_dagrun for example_bash_operator to 2023-09-08T00:00:00+00:00, run_after=2023-09-09T00:00:00+00:00
[2023-09-09 19:00:05,419] {processor.py:161} INFO - Processing /home/airflow/.local/lib/python3.7/site-packages/airflow/example_dags/example_bash_operator.py took 0.039 seconds
[2023-09-09 19:00:35,750] {processor.py:153} INFO - Started process (PID=407) to work on /home/airflow/.local/lib/python3.7/site-packages/airflow/example_dags/example_bash_operator.py
[2023-09-09 19:00:35,750] {processor.py:641} INFO - Processing file /home/airflow/.local/lib/python3.7/site-packages/airflow/example_dags/example_bash_operator.py for tasks to queue
[2023-09-09 19:00:35,751] {logging_mixin.py:115} INFO - [2023-09-09 19:00:35,751] {dagbag.py:508} INFO - Filling up the DagBag from /home/airflow/.local/lib/python3.7/site-packages/airflow/example_dags/example_bash_operator.py
[2023-09-09 19:00:35,758] {processor.py:651} INFO - DAG(s) dict_keys(['example_bash_operator']) retrieved from /home/airflow/.local/lib/python3.7/site-packages/airflow/example_dags/example_bash_operator.py
[2023-09-09 19:00:35,774] {logging_mixin.py:115} INFO - [2023-09-09 19:00:35,774] {dag.py:2420} INFO - Sync 1 DAGs
[2023-09-09 19:00:35,787] {logging_mixin.py:115} INFO - [2023-09-09 19:00:35,787] {dag.py:2972} INFO - Setting next_dagrun for example_bash_operator to 2023-09-08T00:00:00+00:00, run_after=2023-09-09T00:00:00+00:00
[2023-09-09 19:00:35,792] {processor.py:161} INFO - Processing /home/airflow/.local/lib/python3.7/site-packages/airflow/example_dags/example_bash_operator.py took 0.045 seconds
[2023-09-09 19:01:05,975] {processor.py:153} INFO - Started process (PID=472) to work on /home/airflow/.local/lib/python3.7/site-packages/airflow/example_dags/example_bash_operator.py
[2023-09-09 19:01:05,975] {processor.py:641} INFO - Processing file /home/airflow/.local/lib/python3.7/site-packages/airflow/example_dags/example_bash_operator.py for tasks to queue
[2023-09-09 19:01:05,976] {logging_mixin.py:115} INFO - [2023-09-09 19:01:05,976] {dagbag.py:508} INFO - Filling up the DagBag from /home/airflow/.local/lib/python3.7/site-packages/airflow/example_dags/example_bash_operator.py
[2023-09-09 19:01:05,982] {processor.py:651} INFO - DAG(s) dict_keys(['example_bash_operator']) retrieved from /home/airflow/.local/lib/python3.7/site-packages/airflow/example_dags/example_bash_operator.py
[2023-09-09 19:01:05,996] {logging_mixin.py:115} INFO - [2023-09-09 19:01:05,996] {dag.py:2420} INFO - Sync 1 DAGs
[2023-09-09 19:01:06,007] {logging_mixin.py:115} INFO - [2023-09-09 19:01:06,007] {dag.py:2972} INFO - Setting next_dagrun for example_bash_operator to 2023-09-08T00:00:00+00:00, run_after=2023-09-09T00:00:00+00:00
[2023-09-09 19:01:06,012] {processor.py:161} INFO - Processing /home/airflow/.local/lib/python3.7/site-packages/airflow/example_dags/example_bash_operator.py took 0.039 seconds
[2023-09-09 19:01:36,262] {processor.py:153} INFO - Started process (PID=535) to work on /home/airflow/.local/lib/python3.7/site-packages/airflow/example_dags/example_bash_operator.py
[2023-09-09 19:01:36,263] {processor.py:641} INFO - Processing file /home/airflow/.local/lib/python3.7/site-packages/airflow/example_dags/example_bash_operator.py for tasks to queue
[2023-09-09 19:01:36,263] {logging_mixin.py:115} INFO - [2023-09-09 19:01:36,263] {dagbag.py:508} INFO - Filling up the DagBag from /home/airflow/.local/lib/python3.7/site-packages/airflow/example_dags/example_bash_operator.py
[2023-09-09 19:01:36,270] {processor.py:651} INFO - DAG(s) dict_keys(['example_bash_operator']) retrieved from /home/airflow/.local/lib/python3.7/site-packages/airflow/example_dags/example_bash_operator.py
[2023-09-09 19:01:36,284] {logging_mixin.py:115} INFO - [2023-09-09 19:01:36,284] {dag.py:2420} INFO - Sync 1 DAGs
[2023-09-09 19:01:36,295] {logging_mixin.py:115} INFO - [2023-09-09 19:01:36,295] {dag.py:2972} INFO - Setting next_dagrun for example_bash_operator to 2023-09-08T00:00:00+00:00, run_after=2023-09-09T00:00:00+00:00
[2023-09-09 19:01:36,301] {processor.py:161} INFO - Processing /home/airflow/.local/lib/python3.7/site-packages/airflow/example_dags/example_bash_operator.py took 0.040 seconds
[2023-09-09 19:02:06,574] {processor.py:153} INFO - Started process (PID=598) to work on /home/airflow/.local/lib/python3.7/site-packages/airflow/example_dags/example_bash_operator.py
[2023-09-09 19:02:06,575] {processor.py:641} INFO - Processing file /home/airflow/.local/lib/python3.7/site-packages/airflow/example_dags/example_bash_operator.py for tasks to queue
[2023-09-09 19:02:06,575] {logging_mixin.py:115} INFO - [2023-09-09 19:02:06,575] {dagbag.py:508} INFO - Filling up the DagBag from /home/airflow/.local/lib/python3.7/site-packages/airflow/example_dags/example_bash_operator.py
[2023-09-09 19:02:06,583] {processor.py:651} INFO - DAG(s) dict_keys(['example_bash_operator']) retrieved from /home/airflow/.local/lib/python3.7/site-packages/airflow/example_dags/example_bash_operator.py
[2023-09-09 19:02:06,598] {logging_mixin.py:115} INFO - [2023-09-09 19:02:06,598] {dag.py:2420} INFO - Sync 1 DAGs
[2023-09-09 19:02:06,612] {logging_mixin.py:115} INFO - [2023-09-09 19:02:06,612] {dag.py:2972} INFO - Setting next_dagrun for example_bash_operator to 2023-09-08T00:00:00+00:00, run_after=2023-09-09T00:00:00+00:00
[2023-09-09 19:02:06,620] {processor.py:161} INFO - Processing /home/airflow/.local/lib/python3.7/site-packages/airflow/example_dags/example_bash_operator.py took 0.049 seconds
[2023-09-09 19:02:37,449] {processor.py:153} INFO - Started process (PID=656) to work on /home/airflow/.local/lib/python3.7/site-packages/airflow/example_dags/example_bash_operator.py
[2023-09-09 19:02:37,449] {processor.py:641} INFO - Processing file /home/airflow/.local/lib/python3.7/site-packages/airflow/example_dags/example_bash_operator.py for tasks to queue
[2023-09-09 19:02:37,450] {logging_mixin.py:115} INFO - [2023-09-09 19:02:37,450] {dagbag.py:508} INFO - Filling up the DagBag from /home/airflow/.local/lib/python3.7/site-packages/airflow/example_dags/example_bash_operator.py
[2023-09-09 19:02:37,456] {processor.py:651} INFO - DAG(s) dict_keys(['example_bash_operator']) retrieved from /home/airflow/.local/lib/python3.7/site-packages/airflow/example_dags/example_bash_operator.py
[2023-09-09 19:02:37,471] {logging_mixin.py:115} INFO - [2023-09-09 19:02:37,471] {dag.py:2420} INFO - Sync 1 DAGs
[2023-09-09 19:02:37,481] {logging_mixin.py:115} INFO - [2023-09-09 19:02:37,481] {dag.py:2972} INFO - Setting next_dagrun for example_bash_operator to 2023-09-08T00:00:00+00:00, run_after=2023-09-09T00:00:00+00:00
[2023-09-09 19:02:37,486] {processor.py:161} INFO - Processing /home/airflow/.local/lib/python3.7/site-packages/airflow/example_dags/example_bash_operator.py took 0.039 seconds
[2023-09-09 19:03:34,909] {processor.py:153} INFO - Started process (PID=40) to work on /home/airflow/.local/lib/python3.7/site-packages/airflow/example_dags/example_bash_operator.py
[2023-09-09 19:03:34,910] {processor.py:641} INFO - Processing file /home/airflow/.local/lib/python3.7/site-packages/airflow/example_dags/example_bash_operator.py for tasks to queue
[2023-09-09 19:03:34,912] {logging_mixin.py:115} INFO - [2023-09-09 19:03:34,912] {dagbag.py:508} INFO - Filling up the DagBag from /home/airflow/.local/lib/python3.7/site-packages/airflow/example_dags/example_bash_operator.py
[2023-09-09 19:03:34,926] {processor.py:651} INFO - DAG(s) dict_keys(['example_bash_operator']) retrieved from /home/airflow/.local/lib/python3.7/site-packages/airflow/example_dags/example_bash_operator.py
[2023-09-09 19:03:34,959] {logging_mixin.py:115} INFO - [2023-09-09 19:03:34,959] {dag.py:2420} INFO - Sync 1 DAGs
[2023-09-09 19:03:34,981] {logging_mixin.py:115} INFO - [2023-09-09 19:03:34,981] {dag.py:2972} INFO - Setting next_dagrun for example_bash_operator to 2023-09-08T00:00:00+00:00, run_after=2023-09-09T00:00:00+00:00
[2023-09-09 19:03:34,989] {processor.py:161} INFO - Processing /home/airflow/.local/lib/python3.7/site-packages/airflow/example_dags/example_bash_operator.py took 0.083 seconds
[2023-09-09 19:04:05,300] {processor.py:153} INFO - Started process (PID=103) to work on /home/airflow/.local/lib/python3.7/site-packages/airflow/example_dags/example_bash_operator.py
[2023-09-09 19:04:05,301] {processor.py:641} INFO - Processing file /home/airflow/.local/lib/python3.7/site-packages/airflow/example_dags/example_bash_operator.py for tasks to queue
[2023-09-09 19:04:05,302] {logging_mixin.py:115} INFO - [2023-09-09 19:04:05,302] {dagbag.py:508} INFO - Filling up the DagBag from /home/airflow/.local/lib/python3.7/site-packages/airflow/example_dags/example_bash_operator.py
[2023-09-09 19:04:05,308] {processor.py:651} INFO - DAG(s) dict_keys(['example_bash_operator']) retrieved from /home/airflow/.local/lib/python3.7/site-packages/airflow/example_dags/example_bash_operator.py
[2023-09-09 19:04:05,321] {logging_mixin.py:115} INFO - [2023-09-09 19:04:05,321] {dag.py:2420} INFO - Sync 1 DAGs
[2023-09-09 19:04:05,331] {logging_mixin.py:115} INFO - [2023-09-09 19:04:05,331] {dag.py:2972} INFO - Setting next_dagrun for example_bash_operator to 2023-09-08T00:00:00+00:00, run_after=2023-09-09T00:00:00+00:00
[2023-09-09 19:04:05,336] {processor.py:161} INFO - Processing /home/airflow/.local/lib/python3.7/site-packages/airflow/example_dags/example_bash_operator.py took 0.038 seconds
[2023-09-09 19:04:35,664] {processor.py:153} INFO - Started process (PID=165) to work on /home/airflow/.local/lib/python3.7/site-packages/airflow/example_dags/example_bash_operator.py
[2023-09-09 19:04:35,664] {processor.py:641} INFO - Processing file /home/airflow/.local/lib/python3.7/site-packages/airflow/example_dags/example_bash_operator.py for tasks to queue
[2023-09-09 19:04:35,665] {logging_mixin.py:115} INFO - [2023-09-09 19:04:35,665] {dagbag.py:508} INFO - Filling up the DagBag from /home/airflow/.local/lib/python3.7/site-packages/airflow/example_dags/example_bash_operator.py
[2023-09-09 19:04:35,671] {processor.py:651} INFO - DAG(s) dict_keys(['example_bash_operator']) retrieved from /home/airflow/.local/lib/python3.7/site-packages/airflow/example_dags/example_bash_operator.py
[2023-09-09 19:04:35,685] {logging_mixin.py:115} INFO - [2023-09-09 19:04:35,685] {dag.py:2420} INFO - Sync 1 DAGs
[2023-09-09 19:04:35,695] {logging_mixin.py:115} INFO - [2023-09-09 19:04:35,695] {dag.py:2972} INFO - Setting next_dagrun for example_bash_operator to 2023-09-08T00:00:00+00:00, run_after=2023-09-09T00:00:00+00:00
[2023-09-09 19:04:35,700] {processor.py:161} INFO - Processing /home/airflow/.local/lib/python3.7/site-packages/airflow/example_dags/example_bash_operator.py took 0.038 seconds
[2023-09-09 19:05:05,936] {processor.py:153} INFO - Started process (PID=229) to work on /home/airflow/.local/lib/python3.7/site-packages/airflow/example_dags/example_bash_operator.py
[2023-09-09 19:05:05,937] {processor.py:641} INFO - Processing file /home/airflow/.local/lib/python3.7/site-packages/airflow/example_dags/example_bash_operator.py for tasks to queue
[2023-09-09 19:05:05,937] {logging_mixin.py:115} INFO - [2023-09-09 19:05:05,937] {dagbag.py:508} INFO - Filling up the DagBag from /home/airflow/.local/lib/python3.7/site-packages/airflow/example_dags/example_bash_operator.py
[2023-09-09 19:05:05,943] {processor.py:651} INFO - DAG(s) dict_keys(['example_bash_operator']) retrieved from /home/airflow/.local/lib/python3.7/site-packages/airflow/example_dags/example_bash_operator.py
[2023-09-09 19:05:05,957] {logging_mixin.py:115} INFO - [2023-09-09 19:05:05,957] {dag.py:2420} INFO - Sync 1 DAGs
[2023-09-09 19:05:05,968] {logging_mixin.py:115} INFO - [2023-09-09 19:05:05,968] {dag.py:2972} INFO - Setting next_dagrun for example_bash_operator to 2023-09-08T00:00:00+00:00, run_after=2023-09-09T00:00:00+00:00
[2023-09-09 19:05:05,973] {processor.py:161} INFO - Processing /home/airflow/.local/lib/python3.7/site-packages/airflow/example_dags/example_bash_operator.py took 0.038 seconds
[2023-09-09 19:05:36,258] {processor.py:153} INFO - Started process (PID=283) to work on /home/airflow/.local/lib/python3.7/site-packages/airflow/example_dags/example_bash_operator.py
[2023-09-09 19:05:36,258] {processor.py:641} INFO - Processing file /home/airflow/.local/lib/python3.7/site-packages/airflow/example_dags/example_bash_operator.py for tasks to queue
[2023-09-09 19:05:36,259] {logging_mixin.py:115} INFO - [2023-09-09 19:05:36,259] {dagbag.py:508} INFO - Filling up the DagBag from /home/airflow/.local/lib/python3.7/site-packages/airflow/example_dags/example_bash_operator.py
[2023-09-09 19:05:36,265] {processor.py:651} INFO - DAG(s) dict_keys(['example_bash_operator']) retrieved from /home/airflow/.local/lib/python3.7/site-packages/airflow/example_dags/example_bash_operator.py
[2023-09-09 19:05:36,279] {logging_mixin.py:115} INFO - [2023-09-09 19:05:36,279] {dag.py:2420} INFO - Sync 1 DAGs
[2023-09-09 19:05:36,289] {logging_mixin.py:115} INFO - [2023-09-09 19:05:36,289] {dag.py:2972} INFO - Setting next_dagrun for example_bash_operator to 2023-09-08T00:00:00+00:00, run_after=2023-09-09T00:00:00+00:00
[2023-09-09 19:05:36,294] {processor.py:161} INFO - Processing /home/airflow/.local/lib/python3.7/site-packages/airflow/example_dags/example_bash_operator.py took 0.038 seconds
[2023-09-09 19:06:06,562] {processor.py:153} INFO - Started process (PID=345) to work on /home/airflow/.local/lib/python3.7/site-packages/airflow/example_dags/example_bash_operator.py
[2023-09-09 19:06:06,562] {processor.py:641} INFO - Processing file /home/airflow/.local/lib/python3.7/site-packages/airflow/example_dags/example_bash_operator.py for tasks to queue
[2023-09-09 19:06:06,563] {logging_mixin.py:115} INFO - [2023-09-09 19:06:06,563] {dagbag.py:508} INFO - Filling up the DagBag from /home/airflow/.local/lib/python3.7/site-packages/airflow/example_dags/example_bash_operator.py
[2023-09-09 19:06:06,569] {processor.py:651} INFO - DAG(s) dict_keys(['example_bash_operator']) retrieved from /home/airflow/.local/lib/python3.7/site-packages/airflow/example_dags/example_bash_operator.py
[2023-09-09 19:06:06,583] {logging_mixin.py:115} INFO - [2023-09-09 19:06:06,583] {dag.py:2420} INFO - Sync 1 DAGs
[2023-09-09 19:06:06,594] {logging_mixin.py:115} INFO - [2023-09-09 19:06:06,593] {dag.py:2972} INFO - Setting next_dagrun for example_bash_operator to 2023-09-08T00:00:00+00:00, run_after=2023-09-09T00:00:00+00:00
[2023-09-09 19:06:06,599] {processor.py:161} INFO - Processing /home/airflow/.local/lib/python3.7/site-packages/airflow/example_dags/example_bash_operator.py took 0.039 seconds
[2023-09-09 19:06:36,927] {processor.py:153} INFO - Started process (PID=408) to work on /home/airflow/.local/lib/python3.7/site-packages/airflow/example_dags/example_bash_operator.py
[2023-09-09 19:06:36,928] {processor.py:641} INFO - Processing file /home/airflow/.local/lib/python3.7/site-packages/airflow/example_dags/example_bash_operator.py for tasks to queue
[2023-09-09 19:06:36,929] {logging_mixin.py:115} INFO - [2023-09-09 19:06:36,929] {dagbag.py:508} INFO - Filling up the DagBag from /home/airflow/.local/lib/python3.7/site-packages/airflow/example_dags/example_bash_operator.py
[2023-09-09 19:06:36,935] {processor.py:651} INFO - DAG(s) dict_keys(['example_bash_operator']) retrieved from /home/airflow/.local/lib/python3.7/site-packages/airflow/example_dags/example_bash_operator.py
[2023-09-09 19:06:36,948] {logging_mixin.py:115} INFO - [2023-09-09 19:06:36,948] {dag.py:2420} INFO - Sync 1 DAGs
[2023-09-09 19:06:36,959] {logging_mixin.py:115} INFO - [2023-09-09 19:06:36,959] {dag.py:2972} INFO - Setting next_dagrun for example_bash_operator to 2023-09-08T00:00:00+00:00, run_after=2023-09-09T00:00:00+00:00
[2023-09-09 19:06:36,964] {processor.py:161} INFO - Processing /home/airflow/.local/lib/python3.7/site-packages/airflow/example_dags/example_bash_operator.py took 0.038 seconds
[2023-09-09 19:07:07,231] {processor.py:153} INFO - Started process (PID=471) to work on /home/airflow/.local/lib/python3.7/site-packages/airflow/example_dags/example_bash_operator.py
[2023-09-09 19:07:07,231] {processor.py:641} INFO - Processing file /home/airflow/.local/lib/python3.7/site-packages/airflow/example_dags/example_bash_operator.py for tasks to queue
[2023-09-09 19:07:07,232] {logging_mixin.py:115} INFO - [2023-09-09 19:07:07,232] {dagbag.py:508} INFO - Filling up the DagBag from /home/airflow/.local/lib/python3.7/site-packages/airflow/example_dags/example_bash_operator.py
[2023-09-09 19:07:07,238] {processor.py:651} INFO - DAG(s) dict_keys(['example_bash_operator']) retrieved from /home/airflow/.local/lib/python3.7/site-packages/airflow/example_dags/example_bash_operator.py
[2023-09-09 19:07:07,251] {logging_mixin.py:115} INFO - [2023-09-09 19:07:07,251] {dag.py:2420} INFO - Sync 1 DAGs
[2023-09-09 19:07:07,262] {logging_mixin.py:115} INFO - [2023-09-09 19:07:07,262] {dag.py:2972} INFO - Setting next_dagrun for example_bash_operator to 2023-09-08T00:00:00+00:00, run_after=2023-09-09T00:00:00+00:00
[2023-09-09 19:07:07,267] {processor.py:161} INFO - Processing /home/airflow/.local/lib/python3.7/site-packages/airflow/example_dags/example_bash_operator.py took 0.039 seconds
[2023-09-09 19:07:37,539] {processor.py:153} INFO - Started process (PID=534) to work on /home/airflow/.local/lib/python3.7/site-packages/airflow/example_dags/example_bash_operator.py
[2023-09-09 19:07:37,540] {processor.py:641} INFO - Processing file /home/airflow/.local/lib/python3.7/site-packages/airflow/example_dags/example_bash_operator.py for tasks to queue
[2023-09-09 19:07:37,540] {logging_mixin.py:115} INFO - [2023-09-09 19:07:37,540] {dagbag.py:508} INFO - Filling up the DagBag from /home/airflow/.local/lib/python3.7/site-packages/airflow/example_dags/example_bash_operator.py
[2023-09-09 19:07:37,546] {processor.py:651} INFO - DAG(s) dict_keys(['example_bash_operator']) retrieved from /home/airflow/.local/lib/python3.7/site-packages/airflow/example_dags/example_bash_operator.py
[2023-09-09 19:07:37,562] {logging_mixin.py:115} INFO - [2023-09-09 19:07:37,562] {dag.py:2420} INFO - Sync 1 DAGs
[2023-09-09 19:07:37,572] {logging_mixin.py:115} INFO - [2023-09-09 19:07:37,572] {dag.py:2972} INFO - Setting next_dagrun for example_bash_operator to 2023-09-08T00:00:00+00:00, run_after=2023-09-09T00:00:00+00:00
[2023-09-09 19:07:37,577] {processor.py:161} INFO - Processing /home/airflow/.local/lib/python3.7/site-packages/airflow/example_dags/example_bash_operator.py took 0.040 seconds
[2023-09-09 19:08:08,103] {processor.py:153} INFO - Started process (PID=597) to work on /home/airflow/.local/lib/python3.7/site-packages/airflow/example_dags/example_bash_operator.py
[2023-09-09 19:08:08,104] {processor.py:641} INFO - Processing file /home/airflow/.local/lib/python3.7/site-packages/airflow/example_dags/example_bash_operator.py for tasks to queue
[2023-09-09 19:08:08,105] {logging_mixin.py:115} INFO - [2023-09-09 19:08:08,105] {dagbag.py:508} INFO - Filling up the DagBag from /home/airflow/.local/lib/python3.7/site-packages/airflow/example_dags/example_bash_operator.py
[2023-09-09 19:08:08,111] {processor.py:651} INFO - DAG(s) dict_keys(['example_bash_operator']) retrieved from /home/airflow/.local/lib/python3.7/site-packages/airflow/example_dags/example_bash_operator.py
[2023-09-09 19:08:08,127] {logging_mixin.py:115} INFO - [2023-09-09 19:08:08,127] {dag.py:2420} INFO - Sync 1 DAGs
[2023-09-09 19:08:08,139] {logging_mixin.py:115} INFO - [2023-09-09 19:08:08,139] {dag.py:2972} INFO - Setting next_dagrun for example_bash_operator to 2023-09-08T00:00:00+00:00, run_after=2023-09-09T00:00:00+00:00
[2023-09-09 19:08:08,145] {processor.py:161} INFO - Processing /home/airflow/.local/lib/python3.7/site-packages/airflow/example_dags/example_bash_operator.py took 0.043 seconds
[2023-09-09 19:08:38,814] {processor.py:153} INFO - Started process (PID=650) to work on /home/airflow/.local/lib/python3.7/site-packages/airflow/example_dags/example_bash_operator.py
[2023-09-09 19:08:38,814] {processor.py:641} INFO - Processing file /home/airflow/.local/lib/python3.7/site-packages/airflow/example_dags/example_bash_operator.py for tasks to queue
[2023-09-09 19:08:38,815] {logging_mixin.py:115} INFO - [2023-09-09 19:08:38,815] {dagbag.py:508} INFO - Filling up the DagBag from /home/airflow/.local/lib/python3.7/site-packages/airflow/example_dags/example_bash_operator.py
[2023-09-09 19:08:38,822] {processor.py:651} INFO - DAG(s) dict_keys(['example_bash_operator']) retrieved from /home/airflow/.local/lib/python3.7/site-packages/airflow/example_dags/example_bash_operator.py
[2023-09-09 19:08:38,835] {logging_mixin.py:115} INFO - [2023-09-09 19:08:38,835] {dag.py:2420} INFO - Sync 1 DAGs
[2023-09-09 19:08:38,846] {logging_mixin.py:115} INFO - [2023-09-09 19:08:38,846] {dag.py:2972} INFO - Setting next_dagrun for example_bash_operator to 2023-09-08T00:00:00+00:00, run_after=2023-09-09T00:00:00+00:00
[2023-09-09 19:08:38,851] {processor.py:161} INFO - Processing /home/airflow/.local/lib/python3.7/site-packages/airflow/example_dags/example_bash_operator.py took 0.039 seconds
[2023-09-09 19:09:09,143] {processor.py:153} INFO - Started process (PID=713) to work on /home/airflow/.local/lib/python3.7/site-packages/airflow/example_dags/example_bash_operator.py
[2023-09-09 19:09:09,143] {processor.py:641} INFO - Processing file /home/airflow/.local/lib/python3.7/site-packages/airflow/example_dags/example_bash_operator.py for tasks to queue
[2023-09-09 19:09:09,144] {logging_mixin.py:115} INFO - [2023-09-09 19:09:09,144] {dagbag.py:508} INFO - Filling up the DagBag from /home/airflow/.local/lib/python3.7/site-packages/airflow/example_dags/example_bash_operator.py
[2023-09-09 19:09:09,150] {processor.py:651} INFO - DAG(s) dict_keys(['example_bash_operator']) retrieved from /home/airflow/.local/lib/python3.7/site-packages/airflow/example_dags/example_bash_operator.py
[2023-09-09 19:09:09,164] {logging_mixin.py:115} INFO - [2023-09-09 19:09:09,164] {dag.py:2420} INFO - Sync 1 DAGs
[2023-09-09 19:09:09,175] {logging_mixin.py:115} INFO - [2023-09-09 19:09:09,175] {dag.py:2972} INFO - Setting next_dagrun for example_bash_operator to 2023-09-08T00:00:00+00:00, run_after=2023-09-09T00:00:00+00:00
[2023-09-09 19:09:09,180] {processor.py:161} INFO - Processing /home/airflow/.local/lib/python3.7/site-packages/airflow/example_dags/example_bash_operator.py took 0.039 seconds
