[2023-09-09 18:40:40,366] {processor.py:153} INFO - Started process (PID=47) to work on /home/airflow/.local/lib/python3.7/site-packages/airflow/example_dags/example_branch_datetime_operator.py
[2023-09-09 18:40:40,367] {processor.py:641} INFO - Processing file /home/airflow/.local/lib/python3.7/site-packages/airflow/example_dags/example_branch_datetime_operator.py for tasks to queue
[2023-09-09 18:40:40,367] {logging_mixin.py:115} INFO - [2023-09-09 18:40:40,367] {dagbag.py:508} INFO - Filling up the DagBag from /home/airflow/.local/lib/python3.7/site-packages/airflow/example_dags/example_branch_datetime_operator.py
[2023-09-09 18:40:40,374] {processor.py:651} INFO - DAG(s) dict_keys(['example_branch_datetime_operator', 'example_branch_datetime_operator_2']) retrieved from /home/airflow/.local/lib/python3.7/site-packages/airflow/example_dags/example_branch_datetime_operator.py
[2023-09-09 18:40:40,458] {logging_mixin.py:115} INFO - [2023-09-09 18:40:40,457] {manager.py:508} INFO - Created Permission View: can edit on DAG:example_branch_datetime_operator
[2023-09-09 18:40:40,463] {logging_mixin.py:115} INFO - [2023-09-09 18:40:40,463] {manager.py:508} INFO - Created Permission View: can read on DAG:example_branch_datetime_operator
[2023-09-09 18:40:40,467] {logging_mixin.py:115} INFO - [2023-09-09 18:40:40,467] {manager.py:508} INFO - Created Permission View: can delete on DAG:example_branch_datetime_operator
[2023-09-09 18:40:40,480] {logging_mixin.py:115} INFO - [2023-09-09 18:40:40,480] {manager.py:508} INFO - Created Permission View: can edit on DAG:example_branch_datetime_operator_2
[2023-09-09 18:40:40,483] {logging_mixin.py:115} INFO - [2023-09-09 18:40:40,483] {manager.py:508} INFO - Created Permission View: can read on DAG:example_branch_datetime_operator_2
[2023-09-09 18:40:40,486] {logging_mixin.py:115} INFO - [2023-09-09 18:40:40,486] {manager.py:508} INFO - Created Permission View: can delete on DAG:example_branch_datetime_operator_2
[2023-09-09 18:40:40,487] {logging_mixin.py:115} INFO - [2023-09-09 18:40:40,487] {dag.py:2420} INFO - Sync 2 DAGs
[2023-09-09 18:40:40,492] {logging_mixin.py:115} INFO - [2023-09-09 18:40:40,492] {dag.py:2439} INFO - Creating ORM DAG for example_branch_datetime_operator_2
[2023-09-09 18:40:40,493] {logging_mixin.py:115} INFO - [2023-09-09 18:40:40,493] {dag.py:2439} INFO - Creating ORM DAG for example_branch_datetime_operator
[2023-09-09 18:40:40,501] {logging_mixin.py:115} INFO - [2023-09-09 18:40:40,501] {dag.py:2972} INFO - Setting next_dagrun for example_branch_datetime_operator to 2023-09-08T00:00:00+00:00, run_after=2023-09-09T00:00:00+00:00
[2023-09-09 18:40:40,502] {logging_mixin.py:115} INFO - [2023-09-09 18:40:40,502] {dag.py:2972} INFO - Setting next_dagrun for example_branch_datetime_operator_2 to 2023-09-08T00:00:00+00:00, run_after=2023-09-09T00:00:00+00:00
[2023-09-09 18:40:40,514] {processor.py:161} INFO - Processing /home/airflow/.local/lib/python3.7/site-packages/airflow/example_dags/example_branch_datetime_operator.py took 0.150 seconds
[2023-09-09 18:41:11,310] {processor.py:153} INFO - Started process (PID=110) to work on /home/airflow/.local/lib/python3.7/site-packages/airflow/example_dags/example_branch_datetime_operator.py
[2023-09-09 18:41:11,311] {processor.py:641} INFO - Processing file /home/airflow/.local/lib/python3.7/site-packages/airflow/example_dags/example_branch_datetime_operator.py for tasks to queue
[2023-09-09 18:41:11,312] {logging_mixin.py:115} INFO - [2023-09-09 18:41:11,312] {dagbag.py:508} INFO - Filling up the DagBag from /home/airflow/.local/lib/python3.7/site-packages/airflow/example_dags/example_branch_datetime_operator.py
[2023-09-09 18:41:11,318] {processor.py:651} INFO - DAG(s) dict_keys(['example_branch_datetime_operator', 'example_branch_datetime_operator_2']) retrieved from /home/airflow/.local/lib/python3.7/site-packages/airflow/example_dags/example_branch_datetime_operator.py
[2023-09-09 18:41:11,336] {logging_mixin.py:115} INFO - [2023-09-09 18:41:11,336] {dag.py:2420} INFO - Sync 2 DAGs
[2023-09-09 18:41:11,347] {logging_mixin.py:115} INFO - [2023-09-09 18:41:11,347] {dag.py:2972} INFO - Setting next_dagrun for example_branch_datetime_operator to 2023-09-08T00:00:00+00:00, run_after=2023-09-09T00:00:00+00:00
[2023-09-09 18:41:11,348] {logging_mixin.py:115} INFO - [2023-09-09 18:41:11,348] {dag.py:2972} INFO - Setting next_dagrun for example_branch_datetime_operator_2 to 2023-09-08T00:00:00+00:00, run_after=2023-09-09T00:00:00+00:00
[2023-09-09 18:41:11,354] {processor.py:161} INFO - Processing /home/airflow/.local/lib/python3.7/site-packages/airflow/example_dags/example_branch_datetime_operator.py took 0.046 seconds
[2023-09-09 18:41:41,589] {processor.py:153} INFO - Started process (PID=173) to work on /home/airflow/.local/lib/python3.7/site-packages/airflow/example_dags/example_branch_datetime_operator.py
[2023-09-09 18:41:41,590] {processor.py:641} INFO - Processing file /home/airflow/.local/lib/python3.7/site-packages/airflow/example_dags/example_branch_datetime_operator.py for tasks to queue
[2023-09-09 18:41:41,590] {logging_mixin.py:115} INFO - [2023-09-09 18:41:41,590] {dagbag.py:508} INFO - Filling up the DagBag from /home/airflow/.local/lib/python3.7/site-packages/airflow/example_dags/example_branch_datetime_operator.py
[2023-09-09 18:41:41,595] {processor.py:651} INFO - DAG(s) dict_keys(['example_branch_datetime_operator', 'example_branch_datetime_operator_2']) retrieved from /home/airflow/.local/lib/python3.7/site-packages/airflow/example_dags/example_branch_datetime_operator.py
[2023-09-09 18:41:41,611] {logging_mixin.py:115} INFO - [2023-09-09 18:41:41,611] {dag.py:2420} INFO - Sync 2 DAGs
[2023-09-09 18:41:41,621] {logging_mixin.py:115} INFO - [2023-09-09 18:41:41,621] {dag.py:2972} INFO - Setting next_dagrun for example_branch_datetime_operator to 2023-09-08T00:00:00+00:00, run_after=2023-09-09T00:00:00+00:00
[2023-09-09 18:41:41,622] {logging_mixin.py:115} INFO - [2023-09-09 18:41:41,622] {dag.py:2972} INFO - Setting next_dagrun for example_branch_datetime_operator_2 to 2023-09-08T00:00:00+00:00, run_after=2023-09-09T00:00:00+00:00
[2023-09-09 18:41:41,627] {processor.py:161} INFO - Processing /home/airflow/.local/lib/python3.7/site-packages/airflow/example_dags/example_branch_datetime_operator.py took 0.040 seconds
[2023-09-09 18:42:12,027] {processor.py:153} INFO - Started process (PID=237) to work on /home/airflow/.local/lib/python3.7/site-packages/airflow/example_dags/example_branch_datetime_operator.py
[2023-09-09 18:42:12,027] {processor.py:641} INFO - Processing file /home/airflow/.local/lib/python3.7/site-packages/airflow/example_dags/example_branch_datetime_operator.py for tasks to queue
[2023-09-09 18:42:12,028] {logging_mixin.py:115} INFO - [2023-09-09 18:42:12,028] {dagbag.py:508} INFO - Filling up the DagBag from /home/airflow/.local/lib/python3.7/site-packages/airflow/example_dags/example_branch_datetime_operator.py
[2023-09-09 18:42:12,032] {processor.py:651} INFO - DAG(s) dict_keys(['example_branch_datetime_operator', 'example_branch_datetime_operator_2']) retrieved from /home/airflow/.local/lib/python3.7/site-packages/airflow/example_dags/example_branch_datetime_operator.py
[2023-09-09 18:42:12,048] {logging_mixin.py:115} INFO - [2023-09-09 18:42:12,048] {dag.py:2420} INFO - Sync 2 DAGs
[2023-09-09 18:42:12,058] {logging_mixin.py:115} INFO - [2023-09-09 18:42:12,058] {dag.py:2972} INFO - Setting next_dagrun for example_branch_datetime_operator to 2023-09-08T00:00:00+00:00, run_after=2023-09-09T00:00:00+00:00
[2023-09-09 18:42:12,059] {logging_mixin.py:115} INFO - [2023-09-09 18:42:12,059] {dag.py:2972} INFO - Setting next_dagrun for example_branch_datetime_operator_2 to 2023-09-08T00:00:00+00:00, run_after=2023-09-09T00:00:00+00:00
[2023-09-09 18:42:12,064] {processor.py:161} INFO - Processing /home/airflow/.local/lib/python3.7/site-packages/airflow/example_dags/example_branch_datetime_operator.py took 0.039 seconds
[2023-09-09 18:42:42,496] {processor.py:153} INFO - Started process (PID=298) to work on /home/airflow/.local/lib/python3.7/site-packages/airflow/example_dags/example_branch_datetime_operator.py
[2023-09-09 18:42:42,499] {processor.py:641} INFO - Processing file /home/airflow/.local/lib/python3.7/site-packages/airflow/example_dags/example_branch_datetime_operator.py for tasks to queue
[2023-09-09 18:42:42,500] {logging_mixin.py:115} INFO - [2023-09-09 18:42:42,500] {dagbag.py:508} INFO - Filling up the DagBag from /home/airflow/.local/lib/python3.7/site-packages/airflow/example_dags/example_branch_datetime_operator.py
[2023-09-09 18:42:42,507] {processor.py:651} INFO - DAG(s) dict_keys(['example_branch_datetime_operator', 'example_branch_datetime_operator_2']) retrieved from /home/airflow/.local/lib/python3.7/site-packages/airflow/example_dags/example_branch_datetime_operator.py
[2023-09-09 18:42:42,532] {logging_mixin.py:115} INFO - [2023-09-09 18:42:42,532] {dag.py:2420} INFO - Sync 2 DAGs
[2023-09-09 18:42:42,546] {logging_mixin.py:115} INFO - [2023-09-09 18:42:42,546] {dag.py:2972} INFO - Setting next_dagrun for example_branch_datetime_operator to 2023-09-08T00:00:00+00:00, run_after=2023-09-09T00:00:00+00:00
[2023-09-09 18:42:42,549] {logging_mixin.py:115} INFO - [2023-09-09 18:42:42,549] {dag.py:2972} INFO - Setting next_dagrun for example_branch_datetime_operator_2 to 2023-09-08T00:00:00+00:00, run_after=2023-09-09T00:00:00+00:00
[2023-09-09 18:42:42,555] {processor.py:161} INFO - Processing /home/airflow/.local/lib/python3.7/site-packages/airflow/example_dags/example_branch_datetime_operator.py took 0.066 seconds
[2023-09-09 18:43:13,273] {processor.py:153} INFO - Started process (PID=355) to work on /home/airflow/.local/lib/python3.7/site-packages/airflow/example_dags/example_branch_datetime_operator.py
[2023-09-09 18:43:13,274] {processor.py:641} INFO - Processing file /home/airflow/.local/lib/python3.7/site-packages/airflow/example_dags/example_branch_datetime_operator.py for tasks to queue
[2023-09-09 18:43:13,275] {logging_mixin.py:115} INFO - [2023-09-09 18:43:13,275] {dagbag.py:508} INFO - Filling up the DagBag from /home/airflow/.local/lib/python3.7/site-packages/airflow/example_dags/example_branch_datetime_operator.py
[2023-09-09 18:43:13,281] {processor.py:651} INFO - DAG(s) dict_keys(['example_branch_datetime_operator', 'example_branch_datetime_operator_2']) retrieved from /home/airflow/.local/lib/python3.7/site-packages/airflow/example_dags/example_branch_datetime_operator.py
[2023-09-09 18:43:13,303] {logging_mixin.py:115} INFO - [2023-09-09 18:43:13,303] {dag.py:2420} INFO - Sync 2 DAGs
[2023-09-09 18:43:13,316] {logging_mixin.py:115} INFO - [2023-09-09 18:43:13,316] {dag.py:2972} INFO - Setting next_dagrun for example_branch_datetime_operator to 2023-09-08T00:00:00+00:00, run_after=2023-09-09T00:00:00+00:00
[2023-09-09 18:43:13,317] {logging_mixin.py:115} INFO - [2023-09-09 18:43:13,317] {dag.py:2972} INFO - Setting next_dagrun for example_branch_datetime_operator_2 to 2023-09-08T00:00:00+00:00, run_after=2023-09-09T00:00:00+00:00
[2023-09-09 18:43:13,324] {processor.py:161} INFO - Processing /home/airflow/.local/lib/python3.7/site-packages/airflow/example_dags/example_branch_datetime_operator.py took 0.052 seconds
[2023-09-09 18:43:43,587] {processor.py:153} INFO - Started process (PID=417) to work on /home/airflow/.local/lib/python3.7/site-packages/airflow/example_dags/example_branch_datetime_operator.py
[2023-09-09 18:43:43,588] {processor.py:641} INFO - Processing file /home/airflow/.local/lib/python3.7/site-packages/airflow/example_dags/example_branch_datetime_operator.py for tasks to queue
[2023-09-09 18:43:43,588] {logging_mixin.py:115} INFO - [2023-09-09 18:43:43,588] {dagbag.py:508} INFO - Filling up the DagBag from /home/airflow/.local/lib/python3.7/site-packages/airflow/example_dags/example_branch_datetime_operator.py
[2023-09-09 18:43:43,593] {processor.py:651} INFO - DAG(s) dict_keys(['example_branch_datetime_operator', 'example_branch_datetime_operator_2']) retrieved from /home/airflow/.local/lib/python3.7/site-packages/airflow/example_dags/example_branch_datetime_operator.py
[2023-09-09 18:43:43,609] {logging_mixin.py:115} INFO - [2023-09-09 18:43:43,609] {dag.py:2420} INFO - Sync 2 DAGs
[2023-09-09 18:43:43,620] {logging_mixin.py:115} INFO - [2023-09-09 18:43:43,620] {dag.py:2972} INFO - Setting next_dagrun for example_branch_datetime_operator to 2023-09-08T00:00:00+00:00, run_after=2023-09-09T00:00:00+00:00
[2023-09-09 18:43:43,621] {logging_mixin.py:115} INFO - [2023-09-09 18:43:43,621] {dag.py:2972} INFO - Setting next_dagrun for example_branch_datetime_operator_2 to 2023-09-08T00:00:00+00:00, run_after=2023-09-09T00:00:00+00:00
[2023-09-09 18:43:43,626] {processor.py:161} INFO - Processing /home/airflow/.local/lib/python3.7/site-packages/airflow/example_dags/example_branch_datetime_operator.py took 0.040 seconds
[2023-09-09 18:44:13,934] {processor.py:153} INFO - Started process (PID=479) to work on /home/airflow/.local/lib/python3.7/site-packages/airflow/example_dags/example_branch_datetime_operator.py
[2023-09-09 18:44:13,936] {processor.py:641} INFO - Processing file /home/airflow/.local/lib/python3.7/site-packages/airflow/example_dags/example_branch_datetime_operator.py for tasks to queue
[2023-09-09 18:44:13,936] {logging_mixin.py:115} INFO - [2023-09-09 18:44:13,936] {dagbag.py:508} INFO - Filling up the DagBag from /home/airflow/.local/lib/python3.7/site-packages/airflow/example_dags/example_branch_datetime_operator.py
[2023-09-09 18:44:13,942] {processor.py:651} INFO - DAG(s) dict_keys(['example_branch_datetime_operator', 'example_branch_datetime_operator_2']) retrieved from /home/airflow/.local/lib/python3.7/site-packages/airflow/example_dags/example_branch_datetime_operator.py
[2023-09-09 18:44:13,958] {logging_mixin.py:115} INFO - [2023-09-09 18:44:13,958] {dag.py:2420} INFO - Sync 2 DAGs
[2023-09-09 18:44:13,969] {logging_mixin.py:115} INFO - [2023-09-09 18:44:13,969] {dag.py:2972} INFO - Setting next_dagrun for example_branch_datetime_operator to 2023-09-08T00:00:00+00:00, run_after=2023-09-09T00:00:00+00:00
[2023-09-09 18:44:13,970] {logging_mixin.py:115} INFO - [2023-09-09 18:44:13,970] {dag.py:2972} INFO - Setting next_dagrun for example_branch_datetime_operator_2 to 2023-09-08T00:00:00+00:00, run_after=2023-09-09T00:00:00+00:00
[2023-09-09 18:44:13,975] {processor.py:161} INFO - Processing /home/airflow/.local/lib/python3.7/site-packages/airflow/example_dags/example_branch_datetime_operator.py took 0.044 seconds
[2023-09-09 18:44:44,193] {processor.py:153} INFO - Started process (PID=542) to work on /home/airflow/.local/lib/python3.7/site-packages/airflow/example_dags/example_branch_datetime_operator.py
[2023-09-09 18:44:44,194] {processor.py:641} INFO - Processing file /home/airflow/.local/lib/python3.7/site-packages/airflow/example_dags/example_branch_datetime_operator.py for tasks to queue
[2023-09-09 18:44:44,194] {logging_mixin.py:115} INFO - [2023-09-09 18:44:44,194] {dagbag.py:508} INFO - Filling up the DagBag from /home/airflow/.local/lib/python3.7/site-packages/airflow/example_dags/example_branch_datetime_operator.py
[2023-09-09 18:44:44,199] {processor.py:651} INFO - DAG(s) dict_keys(['example_branch_datetime_operator', 'example_branch_datetime_operator_2']) retrieved from /home/airflow/.local/lib/python3.7/site-packages/airflow/example_dags/example_branch_datetime_operator.py
[2023-09-09 18:44:44,216] {logging_mixin.py:115} INFO - [2023-09-09 18:44:44,216] {dag.py:2420} INFO - Sync 2 DAGs
[2023-09-09 18:44:44,226] {logging_mixin.py:115} INFO - [2023-09-09 18:44:44,226] {dag.py:2972} INFO - Setting next_dagrun for example_branch_datetime_operator to 2023-09-08T00:00:00+00:00, run_after=2023-09-09T00:00:00+00:00
[2023-09-09 18:44:44,227] {logging_mixin.py:115} INFO - [2023-09-09 18:44:44,227] {dag.py:2972} INFO - Setting next_dagrun for example_branch_datetime_operator_2 to 2023-09-08T00:00:00+00:00, run_after=2023-09-09T00:00:00+00:00
[2023-09-09 18:44:44,232] {processor.py:161} INFO - Processing /home/airflow/.local/lib/python3.7/site-packages/airflow/example_dags/example_branch_datetime_operator.py took 0.041 seconds
[2023-09-09 18:45:14,677] {processor.py:153} INFO - Started process (PID=605) to work on /home/airflow/.local/lib/python3.7/site-packages/airflow/example_dags/example_branch_datetime_operator.py
[2023-09-09 18:45:14,678] {processor.py:641} INFO - Processing file /home/airflow/.local/lib/python3.7/site-packages/airflow/example_dags/example_branch_datetime_operator.py for tasks to queue
[2023-09-09 18:45:14,678] {logging_mixin.py:115} INFO - [2023-09-09 18:45:14,678] {dagbag.py:508} INFO - Filling up the DagBag from /home/airflow/.local/lib/python3.7/site-packages/airflow/example_dags/example_branch_datetime_operator.py
[2023-09-09 18:45:14,685] {processor.py:651} INFO - DAG(s) dict_keys(['example_branch_datetime_operator', 'example_branch_datetime_operator_2']) retrieved from /home/airflow/.local/lib/python3.7/site-packages/airflow/example_dags/example_branch_datetime_operator.py
[2023-09-09 18:45:14,707] {logging_mixin.py:115} INFO - [2023-09-09 18:45:14,707] {dag.py:2420} INFO - Sync 2 DAGs
[2023-09-09 18:45:14,722] {logging_mixin.py:115} INFO - [2023-09-09 18:45:14,722] {dag.py:2972} INFO - Setting next_dagrun for example_branch_datetime_operator to 2023-09-08T00:00:00+00:00, run_after=2023-09-09T00:00:00+00:00
[2023-09-09 18:45:14,723] {logging_mixin.py:115} INFO - [2023-09-09 18:45:14,723] {dag.py:2972} INFO - Setting next_dagrun for example_branch_datetime_operator_2 to 2023-09-08T00:00:00+00:00, run_after=2023-09-09T00:00:00+00:00
[2023-09-09 18:45:14,729] {processor.py:161} INFO - Processing /home/airflow/.local/lib/python3.7/site-packages/airflow/example_dags/example_branch_datetime_operator.py took 0.054 seconds
[2023-09-09 18:45:45,013] {processor.py:153} INFO - Started process (PID=658) to work on /home/airflow/.local/lib/python3.7/site-packages/airflow/example_dags/example_branch_datetime_operator.py
[2023-09-09 18:45:45,014] {processor.py:641} INFO - Processing file /home/airflow/.local/lib/python3.7/site-packages/airflow/example_dags/example_branch_datetime_operator.py for tasks to queue
[2023-09-09 18:45:45,014] {logging_mixin.py:115} INFO - [2023-09-09 18:45:45,014] {dagbag.py:508} INFO - Filling up the DagBag from /home/airflow/.local/lib/python3.7/site-packages/airflow/example_dags/example_branch_datetime_operator.py
[2023-09-09 18:45:45,020] {processor.py:651} INFO - DAG(s) dict_keys(['example_branch_datetime_operator', 'example_branch_datetime_operator_2']) retrieved from /home/airflow/.local/lib/python3.7/site-packages/airflow/example_dags/example_branch_datetime_operator.py
[2023-09-09 18:45:45,040] {logging_mixin.py:115} INFO - [2023-09-09 18:45:45,040] {dag.py:2420} INFO - Sync 2 DAGs
[2023-09-09 18:45:45,050] {logging_mixin.py:115} INFO - [2023-09-09 18:45:45,050] {dag.py:2972} INFO - Setting next_dagrun for example_branch_datetime_operator to 2023-09-08T00:00:00+00:00, run_after=2023-09-09T00:00:00+00:00
[2023-09-09 18:45:45,052] {logging_mixin.py:115} INFO - [2023-09-09 18:45:45,052] {dag.py:2972} INFO - Setting next_dagrun for example_branch_datetime_operator_2 to 2023-09-08T00:00:00+00:00, run_after=2023-09-09T00:00:00+00:00
[2023-09-09 18:45:45,057] {processor.py:161} INFO - Processing /home/airflow/.local/lib/python3.7/site-packages/airflow/example_dags/example_branch_datetime_operator.py took 0.046 seconds
[2023-09-09 18:46:15,314] {processor.py:153} INFO - Started process (PID=719) to work on /home/airflow/.local/lib/python3.7/site-packages/airflow/example_dags/example_branch_datetime_operator.py
[2023-09-09 18:46:15,315] {processor.py:641} INFO - Processing file /home/airflow/.local/lib/python3.7/site-packages/airflow/example_dags/example_branch_datetime_operator.py for tasks to queue
[2023-09-09 18:46:15,315] {logging_mixin.py:115} INFO - [2023-09-09 18:46:15,315] {dagbag.py:508} INFO - Filling up the DagBag from /home/airflow/.local/lib/python3.7/site-packages/airflow/example_dags/example_branch_datetime_operator.py
[2023-09-09 18:46:15,321] {processor.py:651} INFO - DAG(s) dict_keys(['example_branch_datetime_operator', 'example_branch_datetime_operator_2']) retrieved from /home/airflow/.local/lib/python3.7/site-packages/airflow/example_dags/example_branch_datetime_operator.py
[2023-09-09 18:46:15,339] {logging_mixin.py:115} INFO - [2023-09-09 18:46:15,339] {dag.py:2420} INFO - Sync 2 DAGs
[2023-09-09 18:46:15,350] {logging_mixin.py:115} INFO - [2023-09-09 18:46:15,350] {dag.py:2972} INFO - Setting next_dagrun for example_branch_datetime_operator to 2023-09-08T00:00:00+00:00, run_after=2023-09-09T00:00:00+00:00
[2023-09-09 18:46:15,351] {logging_mixin.py:115} INFO - [2023-09-09 18:46:15,351] {dag.py:2972} INFO - Setting next_dagrun for example_branch_datetime_operator_2 to 2023-09-08T00:00:00+00:00, run_after=2023-09-09T00:00:00+00:00
[2023-09-09 18:46:15,357] {processor.py:161} INFO - Processing /home/airflow/.local/lib/python3.7/site-packages/airflow/example_dags/example_branch_datetime_operator.py took 0.047 seconds
[2023-09-09 18:46:45,563] {processor.py:153} INFO - Started process (PID=782) to work on /home/airflow/.local/lib/python3.7/site-packages/airflow/example_dags/example_branch_datetime_operator.py
[2023-09-09 18:46:45,564] {processor.py:641} INFO - Processing file /home/airflow/.local/lib/python3.7/site-packages/airflow/example_dags/example_branch_datetime_operator.py for tasks to queue
[2023-09-09 18:46:45,564] {logging_mixin.py:115} INFO - [2023-09-09 18:46:45,564] {dagbag.py:508} INFO - Filling up the DagBag from /home/airflow/.local/lib/python3.7/site-packages/airflow/example_dags/example_branch_datetime_operator.py
[2023-09-09 18:46:45,569] {processor.py:651} INFO - DAG(s) dict_keys(['example_branch_datetime_operator', 'example_branch_datetime_operator_2']) retrieved from /home/airflow/.local/lib/python3.7/site-packages/airflow/example_dags/example_branch_datetime_operator.py
[2023-09-09 18:46:45,583] {logging_mixin.py:115} INFO - [2023-09-09 18:46:45,583] {dag.py:2420} INFO - Sync 2 DAGs
[2023-09-09 18:46:45,594] {logging_mixin.py:115} INFO - [2023-09-09 18:46:45,594] {dag.py:2972} INFO - Setting next_dagrun for example_branch_datetime_operator to 2023-09-08T00:00:00+00:00, run_after=2023-09-09T00:00:00+00:00
[2023-09-09 18:46:45,595] {logging_mixin.py:115} INFO - [2023-09-09 18:46:45,595] {dag.py:2972} INFO - Setting next_dagrun for example_branch_datetime_operator_2 to 2023-09-08T00:00:00+00:00, run_after=2023-09-09T00:00:00+00:00
[2023-09-09 18:46:45,600] {processor.py:161} INFO - Processing /home/airflow/.local/lib/python3.7/site-packages/airflow/example_dags/example_branch_datetime_operator.py took 0.039 seconds
[2023-09-09 18:47:15,831] {processor.py:153} INFO - Started process (PID=845) to work on /home/airflow/.local/lib/python3.7/site-packages/airflow/example_dags/example_branch_datetime_operator.py
[2023-09-09 18:47:15,831] {processor.py:641} INFO - Processing file /home/airflow/.local/lib/python3.7/site-packages/airflow/example_dags/example_branch_datetime_operator.py for tasks to queue
[2023-09-09 18:47:15,832] {logging_mixin.py:115} INFO - [2023-09-09 18:47:15,832] {dagbag.py:508} INFO - Filling up the DagBag from /home/airflow/.local/lib/python3.7/site-packages/airflow/example_dags/example_branch_datetime_operator.py
[2023-09-09 18:47:15,836] {processor.py:651} INFO - DAG(s) dict_keys(['example_branch_datetime_operator', 'example_branch_datetime_operator_2']) retrieved from /home/airflow/.local/lib/python3.7/site-packages/airflow/example_dags/example_branch_datetime_operator.py
[2023-09-09 18:47:15,851] {logging_mixin.py:115} INFO - [2023-09-09 18:47:15,851] {dag.py:2420} INFO - Sync 2 DAGs
[2023-09-09 18:47:15,863] {logging_mixin.py:115} INFO - [2023-09-09 18:47:15,863] {dag.py:2972} INFO - Setting next_dagrun for example_branch_datetime_operator to 2023-09-08T00:00:00+00:00, run_after=2023-09-09T00:00:00+00:00
[2023-09-09 18:47:15,864] {logging_mixin.py:115} INFO - [2023-09-09 18:47:15,864] {dag.py:2972} INFO - Setting next_dagrun for example_branch_datetime_operator_2 to 2023-09-08T00:00:00+00:00, run_after=2023-09-09T00:00:00+00:00
[2023-09-09 18:47:15,869] {processor.py:161} INFO - Processing /home/airflow/.local/lib/python3.7/site-packages/airflow/example_dags/example_branch_datetime_operator.py took 0.040 seconds
[2023-09-09 18:47:46,063] {processor.py:153} INFO - Started process (PID=908) to work on /home/airflow/.local/lib/python3.7/site-packages/airflow/example_dags/example_branch_datetime_operator.py
[2023-09-09 18:47:46,063] {processor.py:641} INFO - Processing file /home/airflow/.local/lib/python3.7/site-packages/airflow/example_dags/example_branch_datetime_operator.py for tasks to queue
[2023-09-09 18:47:46,064] {logging_mixin.py:115} INFO - [2023-09-09 18:47:46,064] {dagbag.py:508} INFO - Filling up the DagBag from /home/airflow/.local/lib/python3.7/site-packages/airflow/example_dags/example_branch_datetime_operator.py
[2023-09-09 18:47:46,069] {processor.py:651} INFO - DAG(s) dict_keys(['example_branch_datetime_operator', 'example_branch_datetime_operator_2']) retrieved from /home/airflow/.local/lib/python3.7/site-packages/airflow/example_dags/example_branch_datetime_operator.py
[2023-09-09 18:47:46,083] {logging_mixin.py:115} INFO - [2023-09-09 18:47:46,083] {dag.py:2420} INFO - Sync 2 DAGs
[2023-09-09 18:47:46,094] {logging_mixin.py:115} INFO - [2023-09-09 18:47:46,094] {dag.py:2972} INFO - Setting next_dagrun for example_branch_datetime_operator to 2023-09-08T00:00:00+00:00, run_after=2023-09-09T00:00:00+00:00
[2023-09-09 18:47:46,095] {logging_mixin.py:115} INFO - [2023-09-09 18:47:46,095] {dag.py:2972} INFO - Setting next_dagrun for example_branch_datetime_operator_2 to 2023-09-08T00:00:00+00:00, run_after=2023-09-09T00:00:00+00:00
[2023-09-09 18:47:46,100] {processor.py:161} INFO - Processing /home/airflow/.local/lib/python3.7/site-packages/airflow/example_dags/example_branch_datetime_operator.py took 0.039 seconds
[2023-09-09 18:48:16,288] {processor.py:153} INFO - Started process (PID=970) to work on /home/airflow/.local/lib/python3.7/site-packages/airflow/example_dags/example_branch_datetime_operator.py
[2023-09-09 18:48:16,289] {processor.py:641} INFO - Processing file /home/airflow/.local/lib/python3.7/site-packages/airflow/example_dags/example_branch_datetime_operator.py for tasks to queue
[2023-09-09 18:48:16,289] {logging_mixin.py:115} INFO - [2023-09-09 18:48:16,289] {dagbag.py:508} INFO - Filling up the DagBag from /home/airflow/.local/lib/python3.7/site-packages/airflow/example_dags/example_branch_datetime_operator.py
[2023-09-09 18:48:16,294] {processor.py:651} INFO - DAG(s) dict_keys(['example_branch_datetime_operator', 'example_branch_datetime_operator_2']) retrieved from /home/airflow/.local/lib/python3.7/site-packages/airflow/example_dags/example_branch_datetime_operator.py
[2023-09-09 18:48:16,309] {logging_mixin.py:115} INFO - [2023-09-09 18:48:16,309] {dag.py:2420} INFO - Sync 2 DAGs
[2023-09-09 18:48:16,320] {logging_mixin.py:115} INFO - [2023-09-09 18:48:16,320] {dag.py:2972} INFO - Setting next_dagrun for example_branch_datetime_operator to 2023-09-08T00:00:00+00:00, run_after=2023-09-09T00:00:00+00:00
[2023-09-09 18:48:16,321] {logging_mixin.py:115} INFO - [2023-09-09 18:48:16,320] {dag.py:2972} INFO - Setting next_dagrun for example_branch_datetime_operator_2 to 2023-09-08T00:00:00+00:00, run_after=2023-09-09T00:00:00+00:00
[2023-09-09 18:48:16,325] {processor.py:161} INFO - Processing /home/airflow/.local/lib/python3.7/site-packages/airflow/example_dags/example_branch_datetime_operator.py took 0.039 seconds
[2023-09-09 18:48:46,525] {processor.py:153} INFO - Started process (PID=1024) to work on /home/airflow/.local/lib/python3.7/site-packages/airflow/example_dags/example_branch_datetime_operator.py
[2023-09-09 18:48:46,525] {processor.py:641} INFO - Processing file /home/airflow/.local/lib/python3.7/site-packages/airflow/example_dags/example_branch_datetime_operator.py for tasks to queue
[2023-09-09 18:48:46,526] {logging_mixin.py:115} INFO - [2023-09-09 18:48:46,526] {dagbag.py:508} INFO - Filling up the DagBag from /home/airflow/.local/lib/python3.7/site-packages/airflow/example_dags/example_branch_datetime_operator.py
[2023-09-09 18:48:46,531] {processor.py:651} INFO - DAG(s) dict_keys(['example_branch_datetime_operator', 'example_branch_datetime_operator_2']) retrieved from /home/airflow/.local/lib/python3.7/site-packages/airflow/example_dags/example_branch_datetime_operator.py
[2023-09-09 18:48:46,551] {logging_mixin.py:115} INFO - [2023-09-09 18:48:46,550] {dag.py:2420} INFO - Sync 2 DAGs
[2023-09-09 18:48:46,562] {logging_mixin.py:115} INFO - [2023-09-09 18:48:46,561] {dag.py:2972} INFO - Setting next_dagrun for example_branch_datetime_operator to 2023-09-08T00:00:00+00:00, run_after=2023-09-09T00:00:00+00:00
[2023-09-09 18:48:46,562] {logging_mixin.py:115} INFO - [2023-09-09 18:48:46,562] {dag.py:2972} INFO - Setting next_dagrun for example_branch_datetime_operator_2 to 2023-09-08T00:00:00+00:00, run_after=2023-09-09T00:00:00+00:00
[2023-09-09 18:48:46,568] {processor.py:161} INFO - Processing /home/airflow/.local/lib/python3.7/site-packages/airflow/example_dags/example_branch_datetime_operator.py took 0.045 seconds
[2023-09-09 18:57:33,967] {processor.py:153} INFO - Started process (PID=47) to work on /home/airflow/.local/lib/python3.7/site-packages/airflow/example_dags/example_branch_datetime_operator.py
[2023-09-09 18:57:33,968] {processor.py:641} INFO - Processing file /home/airflow/.local/lib/python3.7/site-packages/airflow/example_dags/example_branch_datetime_operator.py for tasks to queue
[2023-09-09 18:57:33,969] {logging_mixin.py:115} INFO - [2023-09-09 18:57:33,969] {dagbag.py:508} INFO - Filling up the DagBag from /home/airflow/.local/lib/python3.7/site-packages/airflow/example_dags/example_branch_datetime_operator.py
[2023-09-09 18:57:33,983] {processor.py:651} INFO - DAG(s) dict_keys(['example_branch_datetime_operator', 'example_branch_datetime_operator_2']) retrieved from /home/airflow/.local/lib/python3.7/site-packages/airflow/example_dags/example_branch_datetime_operator.py
[2023-09-09 18:57:34,016] {logging_mixin.py:115} INFO - [2023-09-09 18:57:34,016] {dag.py:2420} INFO - Sync 2 DAGs
[2023-09-09 18:57:34,034] {logging_mixin.py:115} INFO - [2023-09-09 18:57:34,034] {dag.py:2972} INFO - Setting next_dagrun for example_branch_datetime_operator to 2023-09-08T00:00:00+00:00, run_after=2023-09-09T00:00:00+00:00
[2023-09-09 18:57:34,037] {logging_mixin.py:115} INFO - [2023-09-09 18:57:34,037] {dag.py:2972} INFO - Setting next_dagrun for example_branch_datetime_operator_2 to 2023-09-08T00:00:00+00:00, run_after=2023-09-09T00:00:00+00:00
[2023-09-09 18:57:34,046] {processor.py:161} INFO - Processing /home/airflow/.local/lib/python3.7/site-packages/airflow/example_dags/example_branch_datetime_operator.py took 0.088 seconds
[2023-09-09 18:58:04,322] {processor.py:153} INFO - Started process (PID=110) to work on /home/airflow/.local/lib/python3.7/site-packages/airflow/example_dags/example_branch_datetime_operator.py
[2023-09-09 18:58:04,322] {processor.py:641} INFO - Processing file /home/airflow/.local/lib/python3.7/site-packages/airflow/example_dags/example_branch_datetime_operator.py for tasks to queue
[2023-09-09 18:58:04,323] {logging_mixin.py:115} INFO - [2023-09-09 18:58:04,323] {dagbag.py:508} INFO - Filling up the DagBag from /home/airflow/.local/lib/python3.7/site-packages/airflow/example_dags/example_branch_datetime_operator.py
[2023-09-09 18:58:04,327] {processor.py:651} INFO - DAG(s) dict_keys(['example_branch_datetime_operator', 'example_branch_datetime_operator_2']) retrieved from /home/airflow/.local/lib/python3.7/site-packages/airflow/example_dags/example_branch_datetime_operator.py
[2023-09-09 18:58:04,343] {logging_mixin.py:115} INFO - [2023-09-09 18:58:04,343] {dag.py:2420} INFO - Sync 2 DAGs
[2023-09-09 18:58:04,354] {logging_mixin.py:115} INFO - [2023-09-09 18:58:04,354] {dag.py:2972} INFO - Setting next_dagrun for example_branch_datetime_operator to 2023-09-08T00:00:00+00:00, run_after=2023-09-09T00:00:00+00:00
[2023-09-09 18:58:04,355] {logging_mixin.py:115} INFO - [2023-09-09 18:58:04,355] {dag.py:2972} INFO - Setting next_dagrun for example_branch_datetime_operator_2 to 2023-09-08T00:00:00+00:00, run_after=2023-09-09T00:00:00+00:00
[2023-09-09 18:58:04,360] {processor.py:161} INFO - Processing /home/airflow/.local/lib/python3.7/site-packages/airflow/example_dags/example_branch_datetime_operator.py took 0.040 seconds
[2023-09-09 18:58:34,656] {processor.py:153} INFO - Started process (PID=173) to work on /home/airflow/.local/lib/python3.7/site-packages/airflow/example_dags/example_branch_datetime_operator.py
[2023-09-09 18:58:34,657] {processor.py:641} INFO - Processing file /home/airflow/.local/lib/python3.7/site-packages/airflow/example_dags/example_branch_datetime_operator.py for tasks to queue
[2023-09-09 18:58:34,657] {logging_mixin.py:115} INFO - [2023-09-09 18:58:34,657] {dagbag.py:508} INFO - Filling up the DagBag from /home/airflow/.local/lib/python3.7/site-packages/airflow/example_dags/example_branch_datetime_operator.py
[2023-09-09 18:58:34,661] {processor.py:651} INFO - DAG(s) dict_keys(['example_branch_datetime_operator', 'example_branch_datetime_operator_2']) retrieved from /home/airflow/.local/lib/python3.7/site-packages/airflow/example_dags/example_branch_datetime_operator.py
[2023-09-09 18:58:34,676] {logging_mixin.py:115} INFO - [2023-09-09 18:58:34,676] {dag.py:2420} INFO - Sync 2 DAGs
[2023-09-09 18:58:34,686] {logging_mixin.py:115} INFO - [2023-09-09 18:58:34,686] {dag.py:2972} INFO - Setting next_dagrun for example_branch_datetime_operator to 2023-09-08T00:00:00+00:00, run_after=2023-09-09T00:00:00+00:00
[2023-09-09 18:58:34,687] {logging_mixin.py:115} INFO - [2023-09-09 18:58:34,687] {dag.py:2972} INFO - Setting next_dagrun for example_branch_datetime_operator_2 to 2023-09-08T00:00:00+00:00, run_after=2023-09-09T00:00:00+00:00
[2023-09-09 18:58:34,694] {processor.py:161} INFO - Processing /home/airflow/.local/lib/python3.7/site-packages/airflow/example_dags/example_branch_datetime_operator.py took 0.040 seconds
[2023-09-09 18:59:04,941] {processor.py:153} INFO - Started process (PID=235) to work on /home/airflow/.local/lib/python3.7/site-packages/airflow/example_dags/example_branch_datetime_operator.py
[2023-09-09 18:59:04,941] {processor.py:641} INFO - Processing file /home/airflow/.local/lib/python3.7/site-packages/airflow/example_dags/example_branch_datetime_operator.py for tasks to queue
[2023-09-09 18:59:04,942] {logging_mixin.py:115} INFO - [2023-09-09 18:59:04,942] {dagbag.py:508} INFO - Filling up the DagBag from /home/airflow/.local/lib/python3.7/site-packages/airflow/example_dags/example_branch_datetime_operator.py
[2023-09-09 18:59:04,946] {processor.py:651} INFO - DAG(s) dict_keys(['example_branch_datetime_operator', 'example_branch_datetime_operator_2']) retrieved from /home/airflow/.local/lib/python3.7/site-packages/airflow/example_dags/example_branch_datetime_operator.py
[2023-09-09 18:59:04,962] {logging_mixin.py:115} INFO - [2023-09-09 18:59:04,962] {dag.py:2420} INFO - Sync 2 DAGs
[2023-09-09 18:59:04,972] {logging_mixin.py:115} INFO - [2023-09-09 18:59:04,972] {dag.py:2972} INFO - Setting next_dagrun for example_branch_datetime_operator to 2023-09-08T00:00:00+00:00, run_after=2023-09-09T00:00:00+00:00
[2023-09-09 18:59:04,973] {logging_mixin.py:115} INFO - [2023-09-09 18:59:04,973] {dag.py:2972} INFO - Setting next_dagrun for example_branch_datetime_operator_2 to 2023-09-08T00:00:00+00:00, run_after=2023-09-09T00:00:00+00:00
[2023-09-09 18:59:04,978] {processor.py:161} INFO - Processing /home/airflow/.local/lib/python3.7/site-packages/airflow/example_dags/example_branch_datetime_operator.py took 0.039 seconds
[2023-09-09 18:59:35,333] {processor.py:153} INFO - Started process (PID=289) to work on /home/airflow/.local/lib/python3.7/site-packages/airflow/example_dags/example_branch_datetime_operator.py
[2023-09-09 18:59:35,333] {processor.py:641} INFO - Processing file /home/airflow/.local/lib/python3.7/site-packages/airflow/example_dags/example_branch_datetime_operator.py for tasks to queue
[2023-09-09 18:59:35,334] {logging_mixin.py:115} INFO - [2023-09-09 18:59:35,334] {dagbag.py:508} INFO - Filling up the DagBag from /home/airflow/.local/lib/python3.7/site-packages/airflow/example_dags/example_branch_datetime_operator.py
[2023-09-09 18:59:35,339] {processor.py:651} INFO - DAG(s) dict_keys(['example_branch_datetime_operator', 'example_branch_datetime_operator_2']) retrieved from /home/airflow/.local/lib/python3.7/site-packages/airflow/example_dags/example_branch_datetime_operator.py
[2023-09-09 18:59:35,355] {logging_mixin.py:115} INFO - [2023-09-09 18:59:35,355] {dag.py:2420} INFO - Sync 2 DAGs
[2023-09-09 18:59:35,365] {logging_mixin.py:115} INFO - [2023-09-09 18:59:35,365] {dag.py:2972} INFO - Setting next_dagrun for example_branch_datetime_operator to 2023-09-08T00:00:00+00:00, run_after=2023-09-09T00:00:00+00:00
[2023-09-09 18:59:35,366] {logging_mixin.py:115} INFO - [2023-09-09 18:59:35,366] {dag.py:2972} INFO - Setting next_dagrun for example_branch_datetime_operator_2 to 2023-09-08T00:00:00+00:00, run_after=2023-09-09T00:00:00+00:00
[2023-09-09 18:59:35,371] {processor.py:161} INFO - Processing /home/airflow/.local/lib/python3.7/site-packages/airflow/example_dags/example_branch_datetime_operator.py took 0.040 seconds
[2023-09-09 19:00:05,616] {processor.py:153} INFO - Started process (PID=351) to work on /home/airflow/.local/lib/python3.7/site-packages/airflow/example_dags/example_branch_datetime_operator.py
[2023-09-09 19:00:05,616] {processor.py:641} INFO - Processing file /home/airflow/.local/lib/python3.7/site-packages/airflow/example_dags/example_branch_datetime_operator.py for tasks to queue
[2023-09-09 19:00:05,617] {logging_mixin.py:115} INFO - [2023-09-09 19:00:05,617] {dagbag.py:508} INFO - Filling up the DagBag from /home/airflow/.local/lib/python3.7/site-packages/airflow/example_dags/example_branch_datetime_operator.py
[2023-09-09 19:00:05,621] {processor.py:651} INFO - DAG(s) dict_keys(['example_branch_datetime_operator', 'example_branch_datetime_operator_2']) retrieved from /home/airflow/.local/lib/python3.7/site-packages/airflow/example_dags/example_branch_datetime_operator.py
[2023-09-09 19:00:05,637] {logging_mixin.py:115} INFO - [2023-09-09 19:00:05,637] {dag.py:2420} INFO - Sync 2 DAGs
[2023-09-09 19:00:05,648] {logging_mixin.py:115} INFO - [2023-09-09 19:00:05,648] {dag.py:2972} INFO - Setting next_dagrun for example_branch_datetime_operator to 2023-09-08T00:00:00+00:00, run_after=2023-09-09T00:00:00+00:00
[2023-09-09 19:00:05,649] {logging_mixin.py:115} INFO - [2023-09-09 19:00:05,649] {dag.py:2972} INFO - Setting next_dagrun for example_branch_datetime_operator_2 to 2023-09-08T00:00:00+00:00, run_after=2023-09-09T00:00:00+00:00
[2023-09-09 19:00:05,654] {processor.py:161} INFO - Processing /home/airflow/.local/lib/python3.7/site-packages/airflow/example_dags/example_branch_datetime_operator.py took 0.040 seconds
[2023-09-09 19:00:36,003] {processor.py:153} INFO - Started process (PID=415) to work on /home/airflow/.local/lib/python3.7/site-packages/airflow/example_dags/example_branch_datetime_operator.py
[2023-09-09 19:00:36,004] {processor.py:641} INFO - Processing file /home/airflow/.local/lib/python3.7/site-packages/airflow/example_dags/example_branch_datetime_operator.py for tasks to queue
[2023-09-09 19:00:36,005] {logging_mixin.py:115} INFO - [2023-09-09 19:00:36,005] {dagbag.py:508} INFO - Filling up the DagBag from /home/airflow/.local/lib/python3.7/site-packages/airflow/example_dags/example_branch_datetime_operator.py
[2023-09-09 19:00:36,011] {processor.py:651} INFO - DAG(s) dict_keys(['example_branch_datetime_operator', 'example_branch_datetime_operator_2']) retrieved from /home/airflow/.local/lib/python3.7/site-packages/airflow/example_dags/example_branch_datetime_operator.py
[2023-09-09 19:00:36,028] {logging_mixin.py:115} INFO - [2023-09-09 19:00:36,028] {dag.py:2420} INFO - Sync 2 DAGs
[2023-09-09 19:00:36,038] {logging_mixin.py:115} INFO - [2023-09-09 19:00:36,038] {dag.py:2972} INFO - Setting next_dagrun for example_branch_datetime_operator to 2023-09-08T00:00:00+00:00, run_after=2023-09-09T00:00:00+00:00
[2023-09-09 19:00:36,039] {logging_mixin.py:115} INFO - [2023-09-09 19:00:36,039] {dag.py:2972} INFO - Setting next_dagrun for example_branch_datetime_operator_2 to 2023-09-08T00:00:00+00:00, run_after=2023-09-09T00:00:00+00:00
[2023-09-09 19:00:36,044] {processor.py:161} INFO - Processing /home/airflow/.local/lib/python3.7/site-packages/airflow/example_dags/example_branch_datetime_operator.py took 0.045 seconds
[2023-09-09 19:01:06,162] {processor.py:153} INFO - Started process (PID=479) to work on /home/airflow/.local/lib/python3.7/site-packages/airflow/example_dags/example_branch_datetime_operator.py
[2023-09-09 19:01:06,163] {processor.py:641} INFO - Processing file /home/airflow/.local/lib/python3.7/site-packages/airflow/example_dags/example_branch_datetime_operator.py for tasks to queue
[2023-09-09 19:01:06,164] {logging_mixin.py:115} INFO - [2023-09-09 19:01:06,163] {dagbag.py:508} INFO - Filling up the DagBag from /home/airflow/.local/lib/python3.7/site-packages/airflow/example_dags/example_branch_datetime_operator.py
[2023-09-09 19:01:06,168] {processor.py:651} INFO - DAG(s) dict_keys(['example_branch_datetime_operator', 'example_branch_datetime_operator_2']) retrieved from /home/airflow/.local/lib/python3.7/site-packages/airflow/example_dags/example_branch_datetime_operator.py
[2023-09-09 19:01:06,184] {logging_mixin.py:115} INFO - [2023-09-09 19:01:06,184] {dag.py:2420} INFO - Sync 2 DAGs
[2023-09-09 19:01:06,195] {logging_mixin.py:115} INFO - [2023-09-09 19:01:06,195] {dag.py:2972} INFO - Setting next_dagrun for example_branch_datetime_operator to 2023-09-08T00:00:00+00:00, run_after=2023-09-09T00:00:00+00:00
[2023-09-09 19:01:06,196] {logging_mixin.py:115} INFO - [2023-09-09 19:01:06,196] {dag.py:2972} INFO - Setting next_dagrun for example_branch_datetime_operator_2 to 2023-09-08T00:00:00+00:00, run_after=2023-09-09T00:00:00+00:00
[2023-09-09 19:01:06,201] {processor.py:161} INFO - Processing /home/airflow/.local/lib/python3.7/site-packages/airflow/example_dags/example_branch_datetime_operator.py took 0.041 seconds
[2023-09-09 19:01:36,465] {processor.py:153} INFO - Started process (PID=542) to work on /home/airflow/.local/lib/python3.7/site-packages/airflow/example_dags/example_branch_datetime_operator.py
[2023-09-09 19:01:36,465] {processor.py:641} INFO - Processing file /home/airflow/.local/lib/python3.7/site-packages/airflow/example_dags/example_branch_datetime_operator.py for tasks to queue
[2023-09-09 19:01:36,466] {logging_mixin.py:115} INFO - [2023-09-09 19:01:36,466] {dagbag.py:508} INFO - Filling up the DagBag from /home/airflow/.local/lib/python3.7/site-packages/airflow/example_dags/example_branch_datetime_operator.py
[2023-09-09 19:01:36,471] {processor.py:651} INFO - DAG(s) dict_keys(['example_branch_datetime_operator', 'example_branch_datetime_operator_2']) retrieved from /home/airflow/.local/lib/python3.7/site-packages/airflow/example_dags/example_branch_datetime_operator.py
[2023-09-09 19:01:36,488] {logging_mixin.py:115} INFO - [2023-09-09 19:01:36,488] {dag.py:2420} INFO - Sync 2 DAGs
[2023-09-09 19:01:36,500] {logging_mixin.py:115} INFO - [2023-09-09 19:01:36,500] {dag.py:2972} INFO - Setting next_dagrun for example_branch_datetime_operator to 2023-09-08T00:00:00+00:00, run_after=2023-09-09T00:00:00+00:00
[2023-09-09 19:01:36,501] {logging_mixin.py:115} INFO - [2023-09-09 19:01:36,501] {dag.py:2972} INFO - Setting next_dagrun for example_branch_datetime_operator_2 to 2023-09-08T00:00:00+00:00, run_after=2023-09-09T00:00:00+00:00
[2023-09-09 19:01:36,507] {processor.py:161} INFO - Processing /home/airflow/.local/lib/python3.7/site-packages/airflow/example_dags/example_branch_datetime_operator.py took 0.044 seconds
[2023-09-09 19:02:06,812] {processor.py:153} INFO - Started process (PID=605) to work on /home/airflow/.local/lib/python3.7/site-packages/airflow/example_dags/example_branch_datetime_operator.py
[2023-09-09 19:02:06,813] {processor.py:641} INFO - Processing file /home/airflow/.local/lib/python3.7/site-packages/airflow/example_dags/example_branch_datetime_operator.py for tasks to queue
[2023-09-09 19:02:06,814] {logging_mixin.py:115} INFO - [2023-09-09 19:02:06,814] {dagbag.py:508} INFO - Filling up the DagBag from /home/airflow/.local/lib/python3.7/site-packages/airflow/example_dags/example_branch_datetime_operator.py
[2023-09-09 19:02:06,819] {processor.py:651} INFO - DAG(s) dict_keys(['example_branch_datetime_operator', 'example_branch_datetime_operator_2']) retrieved from /home/airflow/.local/lib/python3.7/site-packages/airflow/example_dags/example_branch_datetime_operator.py
[2023-09-09 19:02:06,836] {logging_mixin.py:115} INFO - [2023-09-09 19:02:06,836] {dag.py:2420} INFO - Sync 2 DAGs
[2023-09-09 19:02:06,849] {logging_mixin.py:115} INFO - [2023-09-09 19:02:06,849] {dag.py:2972} INFO - Setting next_dagrun for example_branch_datetime_operator to 2023-09-08T00:00:00+00:00, run_after=2023-09-09T00:00:00+00:00
[2023-09-09 19:02:06,852] {logging_mixin.py:115} INFO - [2023-09-09 19:02:06,852] {dag.py:2972} INFO - Setting next_dagrun for example_branch_datetime_operator_2 to 2023-09-08T00:00:00+00:00, run_after=2023-09-09T00:00:00+00:00
[2023-09-09 19:02:06,861] {processor.py:161} INFO - Processing /home/airflow/.local/lib/python3.7/site-packages/airflow/example_dags/example_branch_datetime_operator.py took 0.051 seconds
[2023-09-09 19:02:37,692] {processor.py:153} INFO - Started process (PID=663) to work on /home/airflow/.local/lib/python3.7/site-packages/airflow/example_dags/example_branch_datetime_operator.py
[2023-09-09 19:02:37,693] {processor.py:641} INFO - Processing file /home/airflow/.local/lib/python3.7/site-packages/airflow/example_dags/example_branch_datetime_operator.py for tasks to queue
[2023-09-09 19:02:37,694] {logging_mixin.py:115} INFO - [2023-09-09 19:02:37,694] {dagbag.py:508} INFO - Filling up the DagBag from /home/airflow/.local/lib/python3.7/site-packages/airflow/example_dags/example_branch_datetime_operator.py
[2023-09-09 19:02:37,699] {processor.py:651} INFO - DAG(s) dict_keys(['example_branch_datetime_operator', 'example_branch_datetime_operator_2']) retrieved from /home/airflow/.local/lib/python3.7/site-packages/airflow/example_dags/example_branch_datetime_operator.py
[2023-09-09 19:02:37,715] {logging_mixin.py:115} INFO - [2023-09-09 19:02:37,715] {dag.py:2420} INFO - Sync 2 DAGs
[2023-09-09 19:02:37,725] {logging_mixin.py:115} INFO - [2023-09-09 19:02:37,725] {dag.py:2972} INFO - Setting next_dagrun for example_branch_datetime_operator to 2023-09-08T00:00:00+00:00, run_after=2023-09-09T00:00:00+00:00
[2023-09-09 19:02:37,726] {logging_mixin.py:115} INFO - [2023-09-09 19:02:37,726] {dag.py:2972} INFO - Setting next_dagrun for example_branch_datetime_operator_2 to 2023-09-08T00:00:00+00:00, run_after=2023-09-09T00:00:00+00:00
[2023-09-09 19:02:37,731] {processor.py:161} INFO - Processing /home/airflow/.local/lib/python3.7/site-packages/airflow/example_dags/example_branch_datetime_operator.py took 0.041 seconds
[2023-09-09 19:03:35,385] {processor.py:153} INFO - Started process (PID=47) to work on /home/airflow/.local/lib/python3.7/site-packages/airflow/example_dags/example_branch_datetime_operator.py
[2023-09-09 19:03:35,386] {processor.py:641} INFO - Processing file /home/airflow/.local/lib/python3.7/site-packages/airflow/example_dags/example_branch_datetime_operator.py for tasks to queue
[2023-09-09 19:03:35,398] {logging_mixin.py:115} INFO - [2023-09-09 19:03:35,398] {dagbag.py:508} INFO - Filling up the DagBag from /home/airflow/.local/lib/python3.7/site-packages/airflow/example_dags/example_branch_datetime_operator.py
[2023-09-09 19:03:35,405] {processor.py:651} INFO - DAG(s) dict_keys(['example_branch_datetime_operator', 'example_branch_datetime_operator_2']) retrieved from /home/airflow/.local/lib/python3.7/site-packages/airflow/example_dags/example_branch_datetime_operator.py
[2023-09-09 19:03:35,427] {logging_mixin.py:115} INFO - [2023-09-09 19:03:35,427] {dag.py:2420} INFO - Sync 2 DAGs
[2023-09-09 19:03:35,457] {logging_mixin.py:115} INFO - [2023-09-09 19:03:35,455] {dag.py:2972} INFO - Setting next_dagrun for example_branch_datetime_operator to 2023-09-08T00:00:00+00:00, run_after=2023-09-09T00:00:00+00:00
[2023-09-09 19:03:35,465] {logging_mixin.py:115} INFO - [2023-09-09 19:03:35,465] {dag.py:2972} INFO - Setting next_dagrun for example_branch_datetime_operator_2 to 2023-09-08T00:00:00+00:00, run_after=2023-09-09T00:00:00+00:00
[2023-09-09 19:03:35,480] {processor.py:161} INFO - Processing /home/airflow/.local/lib/python3.7/site-packages/airflow/example_dags/example_branch_datetime_operator.py took 0.098 seconds
[2023-09-09 19:04:05,500] {processor.py:153} INFO - Started process (PID=110) to work on /home/airflow/.local/lib/python3.7/site-packages/airflow/example_dags/example_branch_datetime_operator.py
[2023-09-09 19:04:05,500] {processor.py:641} INFO - Processing file /home/airflow/.local/lib/python3.7/site-packages/airflow/example_dags/example_branch_datetime_operator.py for tasks to queue
[2023-09-09 19:04:05,501] {logging_mixin.py:115} INFO - [2023-09-09 19:04:05,501] {dagbag.py:508} INFO - Filling up the DagBag from /home/airflow/.local/lib/python3.7/site-packages/airflow/example_dags/example_branch_datetime_operator.py
[2023-09-09 19:04:05,505] {processor.py:651} INFO - DAG(s) dict_keys(['example_branch_datetime_operator', 'example_branch_datetime_operator_2']) retrieved from /home/airflow/.local/lib/python3.7/site-packages/airflow/example_dags/example_branch_datetime_operator.py
[2023-09-09 19:04:05,523] {logging_mixin.py:115} INFO - [2023-09-09 19:04:05,523] {dag.py:2420} INFO - Sync 2 DAGs
[2023-09-09 19:04:05,533] {logging_mixin.py:115} INFO - [2023-09-09 19:04:05,533] {dag.py:2972} INFO - Setting next_dagrun for example_branch_datetime_operator to 2023-09-08T00:00:00+00:00, run_after=2023-09-09T00:00:00+00:00
[2023-09-09 19:04:05,534] {logging_mixin.py:115} INFO - [2023-09-09 19:04:05,534] {dag.py:2972} INFO - Setting next_dagrun for example_branch_datetime_operator_2 to 2023-09-08T00:00:00+00:00, run_after=2023-09-09T00:00:00+00:00
[2023-09-09 19:04:05,539] {processor.py:161} INFO - Processing /home/airflow/.local/lib/python3.7/site-packages/airflow/example_dags/example_branch_datetime_operator.py took 0.041 seconds
[2023-09-09 19:04:35,873] {processor.py:153} INFO - Started process (PID=172) to work on /home/airflow/.local/lib/python3.7/site-packages/airflow/example_dags/example_branch_datetime_operator.py
[2023-09-09 19:04:35,874] {processor.py:641} INFO - Processing file /home/airflow/.local/lib/python3.7/site-packages/airflow/example_dags/example_branch_datetime_operator.py for tasks to queue
[2023-09-09 19:04:35,874] {logging_mixin.py:115} INFO - [2023-09-09 19:04:35,874] {dagbag.py:508} INFO - Filling up the DagBag from /home/airflow/.local/lib/python3.7/site-packages/airflow/example_dags/example_branch_datetime_operator.py
[2023-09-09 19:04:35,878] {processor.py:651} INFO - DAG(s) dict_keys(['example_branch_datetime_operator', 'example_branch_datetime_operator_2']) retrieved from /home/airflow/.local/lib/python3.7/site-packages/airflow/example_dags/example_branch_datetime_operator.py
[2023-09-09 19:04:35,893] {logging_mixin.py:115} INFO - [2023-09-09 19:04:35,893] {dag.py:2420} INFO - Sync 2 DAGs
[2023-09-09 19:04:35,903] {logging_mixin.py:115} INFO - [2023-09-09 19:04:35,903] {dag.py:2972} INFO - Setting next_dagrun for example_branch_datetime_operator to 2023-09-08T00:00:00+00:00, run_after=2023-09-09T00:00:00+00:00
[2023-09-09 19:04:35,906] {logging_mixin.py:115} INFO - [2023-09-09 19:04:35,905] {dag.py:2972} INFO - Setting next_dagrun for example_branch_datetime_operator_2 to 2023-09-08T00:00:00+00:00, run_after=2023-09-09T00:00:00+00:00
[2023-09-09 19:04:35,914] {processor.py:161} INFO - Processing /home/airflow/.local/lib/python3.7/site-packages/airflow/example_dags/example_branch_datetime_operator.py took 0.042 seconds
[2023-09-09 19:05:06,153] {processor.py:153} INFO - Started process (PID=236) to work on /home/airflow/.local/lib/python3.7/site-packages/airflow/example_dags/example_branch_datetime_operator.py
[2023-09-09 19:05:06,154] {processor.py:641} INFO - Processing file /home/airflow/.local/lib/python3.7/site-packages/airflow/example_dags/example_branch_datetime_operator.py for tasks to queue
[2023-09-09 19:05:06,154] {logging_mixin.py:115} INFO - [2023-09-09 19:05:06,154] {dagbag.py:508} INFO - Filling up the DagBag from /home/airflow/.local/lib/python3.7/site-packages/airflow/example_dags/example_branch_datetime_operator.py
[2023-09-09 19:05:06,159] {processor.py:651} INFO - DAG(s) dict_keys(['example_branch_datetime_operator', 'example_branch_datetime_operator_2']) retrieved from /home/airflow/.local/lib/python3.7/site-packages/airflow/example_dags/example_branch_datetime_operator.py
[2023-09-09 19:05:06,174] {logging_mixin.py:115} INFO - [2023-09-09 19:05:06,173] {dag.py:2420} INFO - Sync 2 DAGs
[2023-09-09 19:05:06,184] {logging_mixin.py:115} INFO - [2023-09-09 19:05:06,184] {dag.py:2972} INFO - Setting next_dagrun for example_branch_datetime_operator to 2023-09-08T00:00:00+00:00, run_after=2023-09-09T00:00:00+00:00
[2023-09-09 19:05:06,185] {logging_mixin.py:115} INFO - [2023-09-09 19:05:06,185] {dag.py:2972} INFO - Setting next_dagrun for example_branch_datetime_operator_2 to 2023-09-08T00:00:00+00:00, run_after=2023-09-09T00:00:00+00:00
[2023-09-09 19:05:06,189] {processor.py:161} INFO - Processing /home/airflow/.local/lib/python3.7/site-packages/airflow/example_dags/example_branch_datetime_operator.py took 0.037 seconds
[2023-09-09 19:05:36,492] {processor.py:153} INFO - Started process (PID=290) to work on /home/airflow/.local/lib/python3.7/site-packages/airflow/example_dags/example_branch_datetime_operator.py
[2023-09-09 19:05:36,492] {processor.py:641} INFO - Processing file /home/airflow/.local/lib/python3.7/site-packages/airflow/example_dags/example_branch_datetime_operator.py for tasks to queue
[2023-09-09 19:05:36,493] {logging_mixin.py:115} INFO - [2023-09-09 19:05:36,493] {dagbag.py:508} INFO - Filling up the DagBag from /home/airflow/.local/lib/python3.7/site-packages/airflow/example_dags/example_branch_datetime_operator.py
[2023-09-09 19:05:36,498] {processor.py:651} INFO - DAG(s) dict_keys(['example_branch_datetime_operator', 'example_branch_datetime_operator_2']) retrieved from /home/airflow/.local/lib/python3.7/site-packages/airflow/example_dags/example_branch_datetime_operator.py
[2023-09-09 19:05:36,515] {logging_mixin.py:115} INFO - [2023-09-09 19:05:36,515] {dag.py:2420} INFO - Sync 2 DAGs
[2023-09-09 19:05:36,528] {logging_mixin.py:115} INFO - [2023-09-09 19:05:36,528] {dag.py:2972} INFO - Setting next_dagrun for example_branch_datetime_operator to 2023-09-08T00:00:00+00:00, run_after=2023-09-09T00:00:00+00:00
[2023-09-09 19:05:36,529] {logging_mixin.py:115} INFO - [2023-09-09 19:05:36,529] {dag.py:2972} INFO - Setting next_dagrun for example_branch_datetime_operator_2 to 2023-09-08T00:00:00+00:00, run_after=2023-09-09T00:00:00+00:00
[2023-09-09 19:05:36,535] {processor.py:161} INFO - Processing /home/airflow/.local/lib/python3.7/site-packages/airflow/example_dags/example_branch_datetime_operator.py took 0.045 seconds
[2023-09-09 19:06:06,796] {processor.py:153} INFO - Started process (PID=352) to work on /home/airflow/.local/lib/python3.7/site-packages/airflow/example_dags/example_branch_datetime_operator.py
[2023-09-09 19:06:06,797] {processor.py:641} INFO - Processing file /home/airflow/.local/lib/python3.7/site-packages/airflow/example_dags/example_branch_datetime_operator.py for tasks to queue
[2023-09-09 19:06:06,797] {logging_mixin.py:115} INFO - [2023-09-09 19:06:06,797] {dagbag.py:508} INFO - Filling up the DagBag from /home/airflow/.local/lib/python3.7/site-packages/airflow/example_dags/example_branch_datetime_operator.py
[2023-09-09 19:06:06,801] {processor.py:651} INFO - DAG(s) dict_keys(['example_branch_datetime_operator', 'example_branch_datetime_operator_2']) retrieved from /home/airflow/.local/lib/python3.7/site-packages/airflow/example_dags/example_branch_datetime_operator.py
[2023-09-09 19:06:06,817] {logging_mixin.py:115} INFO - [2023-09-09 19:06:06,817] {dag.py:2420} INFO - Sync 2 DAGs
[2023-09-09 19:06:06,828] {logging_mixin.py:115} INFO - [2023-09-09 19:06:06,828] {dag.py:2972} INFO - Setting next_dagrun for example_branch_datetime_operator to 2023-09-08T00:00:00+00:00, run_after=2023-09-09T00:00:00+00:00
[2023-09-09 19:06:06,829] {logging_mixin.py:115} INFO - [2023-09-09 19:06:06,829] {dag.py:2972} INFO - Setting next_dagrun for example_branch_datetime_operator_2 to 2023-09-08T00:00:00+00:00, run_after=2023-09-09T00:00:00+00:00
[2023-09-09 19:06:06,834] {processor.py:161} INFO - Processing /home/airflow/.local/lib/python3.7/site-packages/airflow/example_dags/example_branch_datetime_operator.py took 0.040 seconds
[2023-09-09 19:06:37,138] {processor.py:153} INFO - Started process (PID=415) to work on /home/airflow/.local/lib/python3.7/site-packages/airflow/example_dags/example_branch_datetime_operator.py
[2023-09-09 19:06:37,139] {processor.py:641} INFO - Processing file /home/airflow/.local/lib/python3.7/site-packages/airflow/example_dags/example_branch_datetime_operator.py for tasks to queue
[2023-09-09 19:06:37,139] {logging_mixin.py:115} INFO - [2023-09-09 19:06:37,139] {dagbag.py:508} INFO - Filling up the DagBag from /home/airflow/.local/lib/python3.7/site-packages/airflow/example_dags/example_branch_datetime_operator.py
[2023-09-09 19:06:37,144] {processor.py:651} INFO - DAG(s) dict_keys(['example_branch_datetime_operator', 'example_branch_datetime_operator_2']) retrieved from /home/airflow/.local/lib/python3.7/site-packages/airflow/example_dags/example_branch_datetime_operator.py
[2023-09-09 19:06:37,159] {logging_mixin.py:115} INFO - [2023-09-09 19:06:37,159] {dag.py:2420} INFO - Sync 2 DAGs
[2023-09-09 19:06:37,170] {logging_mixin.py:115} INFO - [2023-09-09 19:06:37,170] {dag.py:2972} INFO - Setting next_dagrun for example_branch_datetime_operator to 2023-09-08T00:00:00+00:00, run_after=2023-09-09T00:00:00+00:00
[2023-09-09 19:06:37,171] {logging_mixin.py:115} INFO - [2023-09-09 19:06:37,171] {dag.py:2972} INFO - Setting next_dagrun for example_branch_datetime_operator_2 to 2023-09-08T00:00:00+00:00, run_after=2023-09-09T00:00:00+00:00
[2023-09-09 19:06:37,176] {processor.py:161} INFO - Processing /home/airflow/.local/lib/python3.7/site-packages/airflow/example_dags/example_branch_datetime_operator.py took 0.040 seconds
[2023-09-09 19:07:07,443] {processor.py:153} INFO - Started process (PID=478) to work on /home/airflow/.local/lib/python3.7/site-packages/airflow/example_dags/example_branch_datetime_operator.py
[2023-09-09 19:07:07,444] {processor.py:641} INFO - Processing file /home/airflow/.local/lib/python3.7/site-packages/airflow/example_dags/example_branch_datetime_operator.py for tasks to queue
[2023-09-09 19:07:07,444] {logging_mixin.py:115} INFO - [2023-09-09 19:07:07,444] {dagbag.py:508} INFO - Filling up the DagBag from /home/airflow/.local/lib/python3.7/site-packages/airflow/example_dags/example_branch_datetime_operator.py
[2023-09-09 19:07:07,449] {processor.py:651} INFO - DAG(s) dict_keys(['example_branch_datetime_operator', 'example_branch_datetime_operator_2']) retrieved from /home/airflow/.local/lib/python3.7/site-packages/airflow/example_dags/example_branch_datetime_operator.py
[2023-09-09 19:07:07,464] {logging_mixin.py:115} INFO - [2023-09-09 19:07:07,464] {dag.py:2420} INFO - Sync 2 DAGs
[2023-09-09 19:07:07,474] {logging_mixin.py:115} INFO - [2023-09-09 19:07:07,474] {dag.py:2972} INFO - Setting next_dagrun for example_branch_datetime_operator to 2023-09-08T00:00:00+00:00, run_after=2023-09-09T00:00:00+00:00
[2023-09-09 19:07:07,475] {logging_mixin.py:115} INFO - [2023-09-09 19:07:07,475] {dag.py:2972} INFO - Setting next_dagrun for example_branch_datetime_operator_2 to 2023-09-08T00:00:00+00:00, run_after=2023-09-09T00:00:00+00:00
[2023-09-09 19:07:07,480] {processor.py:161} INFO - Processing /home/airflow/.local/lib/python3.7/site-packages/airflow/example_dags/example_branch_datetime_operator.py took 0.039 seconds
[2023-09-09 19:07:37,767] {processor.py:153} INFO - Started process (PID=541) to work on /home/airflow/.local/lib/python3.7/site-packages/airflow/example_dags/example_branch_datetime_operator.py
[2023-09-09 19:07:37,767] {processor.py:641} INFO - Processing file /home/airflow/.local/lib/python3.7/site-packages/airflow/example_dags/example_branch_datetime_operator.py for tasks to queue
[2023-09-09 19:07:37,768] {logging_mixin.py:115} INFO - [2023-09-09 19:07:37,768] {dagbag.py:508} INFO - Filling up the DagBag from /home/airflow/.local/lib/python3.7/site-packages/airflow/example_dags/example_branch_datetime_operator.py
[2023-09-09 19:07:37,773] {processor.py:651} INFO - DAG(s) dict_keys(['example_branch_datetime_operator', 'example_branch_datetime_operator_2']) retrieved from /home/airflow/.local/lib/python3.7/site-packages/airflow/example_dags/example_branch_datetime_operator.py
[2023-09-09 19:07:37,790] {logging_mixin.py:115} INFO - [2023-09-09 19:07:37,790] {dag.py:2420} INFO - Sync 2 DAGs
[2023-09-09 19:07:37,800] {logging_mixin.py:115} INFO - [2023-09-09 19:07:37,800] {dag.py:2972} INFO - Setting next_dagrun for example_branch_datetime_operator to 2023-09-08T00:00:00+00:00, run_after=2023-09-09T00:00:00+00:00
[2023-09-09 19:07:37,801] {logging_mixin.py:115} INFO - [2023-09-09 19:07:37,801] {dag.py:2972} INFO - Setting next_dagrun for example_branch_datetime_operator_2 to 2023-09-08T00:00:00+00:00, run_after=2023-09-09T00:00:00+00:00
[2023-09-09 19:07:37,806] {processor.py:161} INFO - Processing /home/airflow/.local/lib/python3.7/site-packages/airflow/example_dags/example_branch_datetime_operator.py took 0.041 seconds
[2023-09-09 19:08:08,320] {processor.py:153} INFO - Started process (PID=604) to work on /home/airflow/.local/lib/python3.7/site-packages/airflow/example_dags/example_branch_datetime_operator.py
[2023-09-09 19:08:08,321] {processor.py:641} INFO - Processing file /home/airflow/.local/lib/python3.7/site-packages/airflow/example_dags/example_branch_datetime_operator.py for tasks to queue
[2023-09-09 19:08:08,321] {logging_mixin.py:115} INFO - [2023-09-09 19:08:08,321] {dagbag.py:508} INFO - Filling up the DagBag from /home/airflow/.local/lib/python3.7/site-packages/airflow/example_dags/example_branch_datetime_operator.py
[2023-09-09 19:08:08,326] {processor.py:651} INFO - DAG(s) dict_keys(['example_branch_datetime_operator', 'example_branch_datetime_operator_2']) retrieved from /home/airflow/.local/lib/python3.7/site-packages/airflow/example_dags/example_branch_datetime_operator.py
[2023-09-09 19:08:08,343] {logging_mixin.py:115} INFO - [2023-09-09 19:08:08,343] {dag.py:2420} INFO - Sync 2 DAGs
[2023-09-09 19:08:08,354] {logging_mixin.py:115} INFO - [2023-09-09 19:08:08,354] {dag.py:2972} INFO - Setting next_dagrun for example_branch_datetime_operator to 2023-09-08T00:00:00+00:00, run_after=2023-09-09T00:00:00+00:00
[2023-09-09 19:08:08,355] {logging_mixin.py:115} INFO - [2023-09-09 19:08:08,355] {dag.py:2972} INFO - Setting next_dagrun for example_branch_datetime_operator_2 to 2023-09-08T00:00:00+00:00, run_after=2023-09-09T00:00:00+00:00
[2023-09-09 19:08:08,360] {processor.py:161} INFO - Processing /home/airflow/.local/lib/python3.7/site-packages/airflow/example_dags/example_branch_datetime_operator.py took 0.042 seconds
[2023-09-09 19:08:38,995] {processor.py:153} INFO - Started process (PID=657) to work on /home/airflow/.local/lib/python3.7/site-packages/airflow/example_dags/example_branch_datetime_operator.py
[2023-09-09 19:08:38,996] {processor.py:641} INFO - Processing file /home/airflow/.local/lib/python3.7/site-packages/airflow/example_dags/example_branch_datetime_operator.py for tasks to queue
[2023-09-09 19:08:38,996] {logging_mixin.py:115} INFO - [2023-09-09 19:08:38,996] {dagbag.py:508} INFO - Filling up the DagBag from /home/airflow/.local/lib/python3.7/site-packages/airflow/example_dags/example_branch_datetime_operator.py
[2023-09-09 19:08:39,001] {processor.py:651} INFO - DAG(s) dict_keys(['example_branch_datetime_operator', 'example_branch_datetime_operator_2']) retrieved from /home/airflow/.local/lib/python3.7/site-packages/airflow/example_dags/example_branch_datetime_operator.py
[2023-09-09 19:08:39,018] {logging_mixin.py:115} INFO - [2023-09-09 19:08:39,018] {dag.py:2420} INFO - Sync 2 DAGs
[2023-09-09 19:08:39,040] {logging_mixin.py:115} INFO - [2023-09-09 19:08:39,040] {dag.py:2972} INFO - Setting next_dagrun for example_branch_datetime_operator to 2023-09-08T00:00:00+00:00, run_after=2023-09-09T00:00:00+00:00
[2023-09-09 19:08:39,041] {logging_mixin.py:115} INFO - [2023-09-09 19:08:39,041] {dag.py:2972} INFO - Setting next_dagrun for example_branch_datetime_operator_2 to 2023-09-08T00:00:00+00:00, run_after=2023-09-09T00:00:00+00:00
[2023-09-09 19:08:39,046] {processor.py:161} INFO - Processing /home/airflow/.local/lib/python3.7/site-packages/airflow/example_dags/example_branch_datetime_operator.py took 0.053 seconds
[2023-09-09 19:09:09,339] {processor.py:153} INFO - Started process (PID=720) to work on /home/airflow/.local/lib/python3.7/site-packages/airflow/example_dags/example_branch_datetime_operator.py
[2023-09-09 19:09:09,339] {processor.py:641} INFO - Processing file /home/airflow/.local/lib/python3.7/site-packages/airflow/example_dags/example_branch_datetime_operator.py for tasks to queue
[2023-09-09 19:09:09,340] {logging_mixin.py:115} INFO - [2023-09-09 19:09:09,340] {dagbag.py:508} INFO - Filling up the DagBag from /home/airflow/.local/lib/python3.7/site-packages/airflow/example_dags/example_branch_datetime_operator.py
[2023-09-09 19:09:09,345] {processor.py:651} INFO - DAG(s) dict_keys(['example_branch_datetime_operator', 'example_branch_datetime_operator_2']) retrieved from /home/airflow/.local/lib/python3.7/site-packages/airflow/example_dags/example_branch_datetime_operator.py
[2023-09-09 19:09:09,361] {logging_mixin.py:115} INFO - [2023-09-09 19:09:09,361] {dag.py:2420} INFO - Sync 2 DAGs
[2023-09-09 19:09:09,371] {logging_mixin.py:115} INFO - [2023-09-09 19:09:09,371] {dag.py:2972} INFO - Setting next_dagrun for example_branch_datetime_operator to 2023-09-08T00:00:00+00:00, run_after=2023-09-09T00:00:00+00:00
[2023-09-09 19:09:09,372] {logging_mixin.py:115} INFO - [2023-09-09 19:09:09,372] {dag.py:2972} INFO - Setting next_dagrun for example_branch_datetime_operator_2 to 2023-09-08T00:00:00+00:00, run_after=2023-09-09T00:00:00+00:00
[2023-09-09 19:09:09,377] {processor.py:161} INFO - Processing /home/airflow/.local/lib/python3.7/site-packages/airflow/example_dags/example_branch_datetime_operator.py took 0.040 seconds
