[2023-09-09 18:40:41,038] {processor.py:153} INFO - Started process (PID=54) to work on /home/airflow/.local/lib/python3.7/site-packages/airflow/example_dags/tutorial_taskflow_api_etl.py
[2023-09-09 18:40:41,039] {processor.py:641} INFO - Processing file /home/airflow/.local/lib/python3.7/site-packages/airflow/example_dags/tutorial_taskflow_api_etl.py for tasks to queue
[2023-09-09 18:40:41,040] {logging_mixin.py:115} INFO - [2023-09-09 18:40:41,040] {dagbag.py:508} INFO - Filling up the DagBag from /home/airflow/.local/lib/python3.7/site-packages/airflow/example_dags/tutorial_taskflow_api_etl.py
[2023-09-09 18:40:41,056] {processor.py:651} INFO - DAG(s) dict_keys(['tutorial_taskflow_api_etl']) retrieved from /home/airflow/.local/lib/python3.7/site-packages/airflow/example_dags/tutorial_taskflow_api_etl.py
[2023-09-09 18:40:41,157] {logging_mixin.py:115} INFO - [2023-09-09 18:40:41,157] {manager.py:508} INFO - Created Permission View: can edit on DAG:tutorial_taskflow_api_etl
[2023-09-09 18:40:41,162] {logging_mixin.py:115} INFO - [2023-09-09 18:40:41,162] {manager.py:508} INFO - Created Permission View: can read on DAG:tutorial_taskflow_api_etl
[2023-09-09 18:40:41,172] {logging_mixin.py:115} INFO - [2023-09-09 18:40:41,172] {manager.py:508} INFO - Created Permission View: can delete on DAG:tutorial_taskflow_api_etl
[2023-09-09 18:40:41,173] {logging_mixin.py:115} INFO - [2023-09-09 18:40:41,173] {dag.py:2420} INFO - Sync 1 DAGs
[2023-09-09 18:40:41,185] {logging_mixin.py:115} INFO - [2023-09-09 18:40:41,185] {dag.py:2439} INFO - Creating ORM DAG for tutorial_taskflow_api_etl
[2023-09-09 18:40:41,198] {logging_mixin.py:115} INFO - [2023-09-09 18:40:41,198] {dag.py:2972} INFO - Setting next_dagrun for tutorial_taskflow_api_etl to None, run_after=None
[2023-09-09 18:40:41,209] {processor.py:161} INFO - Processing /home/airflow/.local/lib/python3.7/site-packages/airflow/example_dags/tutorial_taskflow_api_etl.py took 0.173 seconds
[2023-09-09 18:41:11,503] {processor.py:153} INFO - Started process (PID=117) to work on /home/airflow/.local/lib/python3.7/site-packages/airflow/example_dags/tutorial_taskflow_api_etl.py
[2023-09-09 18:41:11,504] {processor.py:641} INFO - Processing file /home/airflow/.local/lib/python3.7/site-packages/airflow/example_dags/tutorial_taskflow_api_etl.py for tasks to queue
[2023-09-09 18:41:11,504] {logging_mixin.py:115} INFO - [2023-09-09 18:41:11,504] {dagbag.py:508} INFO - Filling up the DagBag from /home/airflow/.local/lib/python3.7/site-packages/airflow/example_dags/tutorial_taskflow_api_etl.py
[2023-09-09 18:41:11,511] {processor.py:651} INFO - DAG(s) dict_keys(['tutorial_taskflow_api_etl']) retrieved from /home/airflow/.local/lib/python3.7/site-packages/airflow/example_dags/tutorial_taskflow_api_etl.py
[2023-09-09 18:41:11,541] {logging_mixin.py:115} INFO - [2023-09-09 18:41:11,541] {dag.py:2420} INFO - Sync 1 DAGs
[2023-09-09 18:41:11,551] {logging_mixin.py:115} INFO - [2023-09-09 18:41:11,551] {dag.py:2972} INFO - Setting next_dagrun for tutorial_taskflow_api_etl to None, run_after=None
[2023-09-09 18:41:11,556] {processor.py:161} INFO - Processing /home/airflow/.local/lib/python3.7/site-packages/airflow/example_dags/tutorial_taskflow_api_etl.py took 0.054 seconds
[2023-09-09 18:41:41,775] {processor.py:153} INFO - Started process (PID=180) to work on /home/airflow/.local/lib/python3.7/site-packages/airflow/example_dags/tutorial_taskflow_api_etl.py
[2023-09-09 18:41:41,776] {processor.py:641} INFO - Processing file /home/airflow/.local/lib/python3.7/site-packages/airflow/example_dags/tutorial_taskflow_api_etl.py for tasks to queue
[2023-09-09 18:41:41,776] {logging_mixin.py:115} INFO - [2023-09-09 18:41:41,776] {dagbag.py:508} INFO - Filling up the DagBag from /home/airflow/.local/lib/python3.7/site-packages/airflow/example_dags/tutorial_taskflow_api_etl.py
[2023-09-09 18:41:41,783] {processor.py:651} INFO - DAG(s) dict_keys(['tutorial_taskflow_api_etl']) retrieved from /home/airflow/.local/lib/python3.7/site-packages/airflow/example_dags/tutorial_taskflow_api_etl.py
[2023-09-09 18:41:41,814] {logging_mixin.py:115} INFO - [2023-09-09 18:41:41,814] {dag.py:2420} INFO - Sync 1 DAGs
[2023-09-09 18:41:41,823] {logging_mixin.py:115} INFO - [2023-09-09 18:41:41,823] {dag.py:2972} INFO - Setting next_dagrun for tutorial_taskflow_api_etl to None, run_after=None
[2023-09-09 18:41:41,829] {processor.py:161} INFO - Processing /home/airflow/.local/lib/python3.7/site-packages/airflow/example_dags/tutorial_taskflow_api_etl.py took 0.056 seconds
[2023-09-09 18:42:12,210] {processor.py:153} INFO - Started process (PID=244) to work on /home/airflow/.local/lib/python3.7/site-packages/airflow/example_dags/tutorial_taskflow_api_etl.py
[2023-09-09 18:42:12,210] {processor.py:641} INFO - Processing file /home/airflow/.local/lib/python3.7/site-packages/airflow/example_dags/tutorial_taskflow_api_etl.py for tasks to queue
[2023-09-09 18:42:12,210] {logging_mixin.py:115} INFO - [2023-09-09 18:42:12,210] {dagbag.py:508} INFO - Filling up the DagBag from /home/airflow/.local/lib/python3.7/site-packages/airflow/example_dags/tutorial_taskflow_api_etl.py
[2023-09-09 18:42:12,217] {processor.py:651} INFO - DAG(s) dict_keys(['tutorial_taskflow_api_etl']) retrieved from /home/airflow/.local/lib/python3.7/site-packages/airflow/example_dags/tutorial_taskflow_api_etl.py
[2023-09-09 18:42:12,246] {logging_mixin.py:115} INFO - [2023-09-09 18:42:12,246] {dag.py:2420} INFO - Sync 1 DAGs
[2023-09-09 18:42:12,255] {logging_mixin.py:115} INFO - [2023-09-09 18:42:12,255] {dag.py:2972} INFO - Setting next_dagrun for tutorial_taskflow_api_etl to None, run_after=None
[2023-09-09 18:42:12,261] {processor.py:161} INFO - Processing /home/airflow/.local/lib/python3.7/site-packages/airflow/example_dags/tutorial_taskflow_api_etl.py took 0.053 seconds
[2023-09-09 18:42:42,947] {processor.py:153} INFO - Started process (PID=307) to work on /home/airflow/.local/lib/python3.7/site-packages/airflow/example_dags/tutorial_taskflow_api_etl.py
[2023-09-09 18:42:42,949] {processor.py:641} INFO - Processing file /home/airflow/.local/lib/python3.7/site-packages/airflow/example_dags/tutorial_taskflow_api_etl.py for tasks to queue
[2023-09-09 18:42:42,950] {logging_mixin.py:115} INFO - [2023-09-09 18:42:42,950] {dagbag.py:508} INFO - Filling up the DagBag from /home/airflow/.local/lib/python3.7/site-packages/airflow/example_dags/tutorial_taskflow_api_etl.py
[2023-09-09 18:42:42,966] {processor.py:651} INFO - DAG(s) dict_keys(['tutorial_taskflow_api_etl']) retrieved from /home/airflow/.local/lib/python3.7/site-packages/airflow/example_dags/tutorial_taskflow_api_etl.py
[2023-09-09 18:42:43,091] {logging_mixin.py:115} INFO - [2023-09-09 18:42:43,091] {dag.py:2420} INFO - Sync 1 DAGs
[2023-09-09 18:42:43,176] {logging_mixin.py:115} INFO - [2023-09-09 18:42:43,176] {dag.py:2972} INFO - Setting next_dagrun for tutorial_taskflow_api_etl to None, run_after=None
[2023-09-09 18:42:43,214] {processor.py:161} INFO - Processing /home/airflow/.local/lib/python3.7/site-packages/airflow/example_dags/tutorial_taskflow_api_etl.py took 0.273 seconds
[2023-09-09 18:43:13,476] {processor.py:153} INFO - Started process (PID=362) to work on /home/airflow/.local/lib/python3.7/site-packages/airflow/example_dags/tutorial_taskflow_api_etl.py
[2023-09-09 18:43:13,477] {processor.py:641} INFO - Processing file /home/airflow/.local/lib/python3.7/site-packages/airflow/example_dags/tutorial_taskflow_api_etl.py for tasks to queue
[2023-09-09 18:43:13,477] {logging_mixin.py:115} INFO - [2023-09-09 18:43:13,477] {dagbag.py:508} INFO - Filling up the DagBag from /home/airflow/.local/lib/python3.7/site-packages/airflow/example_dags/tutorial_taskflow_api_etl.py
[2023-09-09 18:43:13,485] {processor.py:651} INFO - DAG(s) dict_keys(['tutorial_taskflow_api_etl']) retrieved from /home/airflow/.local/lib/python3.7/site-packages/airflow/example_dags/tutorial_taskflow_api_etl.py
[2023-09-09 18:43:13,522] {logging_mixin.py:115} INFO - [2023-09-09 18:43:13,522] {dag.py:2420} INFO - Sync 1 DAGs
[2023-09-09 18:43:13,534] {logging_mixin.py:115} INFO - [2023-09-09 18:43:13,534] {dag.py:2972} INFO - Setting next_dagrun for tutorial_taskflow_api_etl to None, run_after=None
[2023-09-09 18:43:13,541] {processor.py:161} INFO - Processing /home/airflow/.local/lib/python3.7/site-packages/airflow/example_dags/tutorial_taskflow_api_etl.py took 0.066 seconds
[2023-09-09 18:43:43,771] {processor.py:153} INFO - Started process (PID=424) to work on /home/airflow/.local/lib/python3.7/site-packages/airflow/example_dags/tutorial_taskflow_api_etl.py
[2023-09-09 18:43:43,771] {processor.py:641} INFO - Processing file /home/airflow/.local/lib/python3.7/site-packages/airflow/example_dags/tutorial_taskflow_api_etl.py for tasks to queue
[2023-09-09 18:43:43,772] {logging_mixin.py:115} INFO - [2023-09-09 18:43:43,772] {dagbag.py:508} INFO - Filling up the DagBag from /home/airflow/.local/lib/python3.7/site-packages/airflow/example_dags/tutorial_taskflow_api_etl.py
[2023-09-09 18:43:43,779] {processor.py:651} INFO - DAG(s) dict_keys(['tutorial_taskflow_api_etl']) retrieved from /home/airflow/.local/lib/python3.7/site-packages/airflow/example_dags/tutorial_taskflow_api_etl.py
[2023-09-09 18:43:43,792] {logging_mixin.py:115} INFO - [2023-09-09 18:43:43,792] {dag.py:2420} INFO - Sync 1 DAGs
[2023-09-09 18:43:43,802] {logging_mixin.py:115} INFO - [2023-09-09 18:43:43,802] {dag.py:2972} INFO - Setting next_dagrun for tutorial_taskflow_api_etl to None, run_after=None
[2023-09-09 18:43:43,807] {processor.py:161} INFO - Processing /home/airflow/.local/lib/python3.7/site-packages/airflow/example_dags/tutorial_taskflow_api_etl.py took 0.037 seconds
[2023-09-09 18:44:14,122] {processor.py:153} INFO - Started process (PID=486) to work on /home/airflow/.local/lib/python3.7/site-packages/airflow/example_dags/tutorial_taskflow_api_etl.py
[2023-09-09 18:44:14,123] {processor.py:641} INFO - Processing file /home/airflow/.local/lib/python3.7/site-packages/airflow/example_dags/tutorial_taskflow_api_etl.py for tasks to queue
[2023-09-09 18:44:14,123] {logging_mixin.py:115} INFO - [2023-09-09 18:44:14,123] {dagbag.py:508} INFO - Filling up the DagBag from /home/airflow/.local/lib/python3.7/site-packages/airflow/example_dags/tutorial_taskflow_api_etl.py
[2023-09-09 18:44:14,131] {processor.py:651} INFO - DAG(s) dict_keys(['tutorial_taskflow_api_etl']) retrieved from /home/airflow/.local/lib/python3.7/site-packages/airflow/example_dags/tutorial_taskflow_api_etl.py
[2023-09-09 18:44:14,162] {logging_mixin.py:115} INFO - [2023-09-09 18:44:14,162] {dag.py:2420} INFO - Sync 1 DAGs
[2023-09-09 18:44:14,172] {logging_mixin.py:115} INFO - [2023-09-09 18:44:14,172] {dag.py:2972} INFO - Setting next_dagrun for tutorial_taskflow_api_etl to None, run_after=None
[2023-09-09 18:44:14,177] {processor.py:161} INFO - Processing /home/airflow/.local/lib/python3.7/site-packages/airflow/example_dags/tutorial_taskflow_api_etl.py took 0.056 seconds
[2023-09-09 18:44:44,380] {processor.py:153} INFO - Started process (PID=549) to work on /home/airflow/.local/lib/python3.7/site-packages/airflow/example_dags/tutorial_taskflow_api_etl.py
[2023-09-09 18:44:44,380] {processor.py:641} INFO - Processing file /home/airflow/.local/lib/python3.7/site-packages/airflow/example_dags/tutorial_taskflow_api_etl.py for tasks to queue
[2023-09-09 18:44:44,381] {logging_mixin.py:115} INFO - [2023-09-09 18:44:44,381] {dagbag.py:508} INFO - Filling up the DagBag from /home/airflow/.local/lib/python3.7/site-packages/airflow/example_dags/tutorial_taskflow_api_etl.py
[2023-09-09 18:44:44,389] {processor.py:651} INFO - DAG(s) dict_keys(['tutorial_taskflow_api_etl']) retrieved from /home/airflow/.local/lib/python3.7/site-packages/airflow/example_dags/tutorial_taskflow_api_etl.py
[2023-09-09 18:44:44,419] {logging_mixin.py:115} INFO - [2023-09-09 18:44:44,419] {dag.py:2420} INFO - Sync 1 DAGs
[2023-09-09 18:44:44,429] {logging_mixin.py:115} INFO - [2023-09-09 18:44:44,429] {dag.py:2972} INFO - Setting next_dagrun for tutorial_taskflow_api_etl to None, run_after=None
[2023-09-09 18:44:44,434] {processor.py:161} INFO - Processing /home/airflow/.local/lib/python3.7/site-packages/airflow/example_dags/tutorial_taskflow_api_etl.py took 0.057 seconds
[2023-09-09 18:45:14,915] {processor.py:153} INFO - Started process (PID=612) to work on /home/airflow/.local/lib/python3.7/site-packages/airflow/example_dags/tutorial_taskflow_api_etl.py
[2023-09-09 18:45:14,916] {processor.py:641} INFO - Processing file /home/airflow/.local/lib/python3.7/site-packages/airflow/example_dags/tutorial_taskflow_api_etl.py for tasks to queue
[2023-09-09 18:45:14,916] {logging_mixin.py:115} INFO - [2023-09-09 18:45:14,916] {dagbag.py:508} INFO - Filling up the DagBag from /home/airflow/.local/lib/python3.7/site-packages/airflow/example_dags/tutorial_taskflow_api_etl.py
[2023-09-09 18:45:14,923] {processor.py:651} INFO - DAG(s) dict_keys(['tutorial_taskflow_api_etl']) retrieved from /home/airflow/.local/lib/python3.7/site-packages/airflow/example_dags/tutorial_taskflow_api_etl.py
[2023-09-09 18:45:14,937] {logging_mixin.py:115} INFO - [2023-09-09 18:45:14,937] {dag.py:2420} INFO - Sync 1 DAGs
[2023-09-09 18:45:14,947] {logging_mixin.py:115} INFO - [2023-09-09 18:45:14,947] {dag.py:2972} INFO - Setting next_dagrun for tutorial_taskflow_api_etl to None, run_after=None
[2023-09-09 18:45:14,952] {processor.py:161} INFO - Processing /home/airflow/.local/lib/python3.7/site-packages/airflow/example_dags/tutorial_taskflow_api_etl.py took 0.038 seconds
[2023-09-09 18:45:45,220] {processor.py:153} INFO - Started process (PID=671) to work on /home/airflow/.local/lib/python3.7/site-packages/airflow/example_dags/tutorial_taskflow_api_etl.py
[2023-09-09 18:45:45,220] {processor.py:641} INFO - Processing file /home/airflow/.local/lib/python3.7/site-packages/airflow/example_dags/tutorial_taskflow_api_etl.py for tasks to queue
[2023-09-09 18:45:45,221] {logging_mixin.py:115} INFO - [2023-09-09 18:45:45,221] {dagbag.py:508} INFO - Filling up the DagBag from /home/airflow/.local/lib/python3.7/site-packages/airflow/example_dags/tutorial_taskflow_api_etl.py
[2023-09-09 18:45:45,230] {processor.py:651} INFO - DAG(s) dict_keys(['tutorial_taskflow_api_etl']) retrieved from /home/airflow/.local/lib/python3.7/site-packages/airflow/example_dags/tutorial_taskflow_api_etl.py
[2023-09-09 18:45:45,262] {logging_mixin.py:115} INFO - [2023-09-09 18:45:45,262] {dag.py:2420} INFO - Sync 1 DAGs
[2023-09-09 18:45:45,272] {logging_mixin.py:115} INFO - [2023-09-09 18:45:45,272] {dag.py:2972} INFO - Setting next_dagrun for tutorial_taskflow_api_etl to None, run_after=None
[2023-09-09 18:45:45,278] {processor.py:161} INFO - Processing /home/airflow/.local/lib/python3.7/site-packages/airflow/example_dags/tutorial_taskflow_api_etl.py took 0.060 seconds
[2023-09-09 18:46:15,500] {processor.py:153} INFO - Started process (PID=726) to work on /home/airflow/.local/lib/python3.7/site-packages/airflow/example_dags/tutorial_taskflow_api_etl.py
[2023-09-09 18:46:15,501] {processor.py:641} INFO - Processing file /home/airflow/.local/lib/python3.7/site-packages/airflow/example_dags/tutorial_taskflow_api_etl.py for tasks to queue
[2023-09-09 18:46:15,501] {logging_mixin.py:115} INFO - [2023-09-09 18:46:15,501] {dagbag.py:508} INFO - Filling up the DagBag from /home/airflow/.local/lib/python3.7/site-packages/airflow/example_dags/tutorial_taskflow_api_etl.py
[2023-09-09 18:46:15,509] {processor.py:651} INFO - DAG(s) dict_keys(['tutorial_taskflow_api_etl']) retrieved from /home/airflow/.local/lib/python3.7/site-packages/airflow/example_dags/tutorial_taskflow_api_etl.py
[2023-09-09 18:46:15,541] {logging_mixin.py:115} INFO - [2023-09-09 18:46:15,541] {dag.py:2420} INFO - Sync 1 DAGs
[2023-09-09 18:46:15,550] {logging_mixin.py:115} INFO - [2023-09-09 18:46:15,550] {dag.py:2972} INFO - Setting next_dagrun for tutorial_taskflow_api_etl to None, run_after=None
[2023-09-09 18:46:15,556] {processor.py:161} INFO - Processing /home/airflow/.local/lib/python3.7/site-packages/airflow/example_dags/tutorial_taskflow_api_etl.py took 0.058 seconds
[2023-09-09 18:46:45,754] {processor.py:153} INFO - Started process (PID=789) to work on /home/airflow/.local/lib/python3.7/site-packages/airflow/example_dags/tutorial_taskflow_api_etl.py
[2023-09-09 18:46:45,754] {processor.py:641} INFO - Processing file /home/airflow/.local/lib/python3.7/site-packages/airflow/example_dags/tutorial_taskflow_api_etl.py for tasks to queue
[2023-09-09 18:46:45,755] {logging_mixin.py:115} INFO - [2023-09-09 18:46:45,755] {dagbag.py:508} INFO - Filling up the DagBag from /home/airflow/.local/lib/python3.7/site-packages/airflow/example_dags/tutorial_taskflow_api_etl.py
[2023-09-09 18:46:45,762] {processor.py:651} INFO - DAG(s) dict_keys(['tutorial_taskflow_api_etl']) retrieved from /home/airflow/.local/lib/python3.7/site-packages/airflow/example_dags/tutorial_taskflow_api_etl.py
[2023-09-09 18:46:45,776] {logging_mixin.py:115} INFO - [2023-09-09 18:46:45,776] {dag.py:2420} INFO - Sync 1 DAGs
[2023-09-09 18:46:45,786] {logging_mixin.py:115} INFO - [2023-09-09 18:46:45,786] {dag.py:2972} INFO - Setting next_dagrun for tutorial_taskflow_api_etl to None, run_after=None
[2023-09-09 18:46:45,791] {processor.py:161} INFO - Processing /home/airflow/.local/lib/python3.7/site-packages/airflow/example_dags/tutorial_taskflow_api_etl.py took 0.039 seconds
[2023-09-09 18:47:16,065] {processor.py:153} INFO - Started process (PID=852) to work on /home/airflow/.local/lib/python3.7/site-packages/airflow/example_dags/tutorial_taskflow_api_etl.py
[2023-09-09 18:47:16,066] {processor.py:641} INFO - Processing file /home/airflow/.local/lib/python3.7/site-packages/airflow/example_dags/tutorial_taskflow_api_etl.py for tasks to queue
[2023-09-09 18:47:16,066] {logging_mixin.py:115} INFO - [2023-09-09 18:47:16,066] {dagbag.py:508} INFO - Filling up the DagBag from /home/airflow/.local/lib/python3.7/site-packages/airflow/example_dags/tutorial_taskflow_api_etl.py
[2023-09-09 18:47:16,073] {processor.py:651} INFO - DAG(s) dict_keys(['tutorial_taskflow_api_etl']) retrieved from /home/airflow/.local/lib/python3.7/site-packages/airflow/example_dags/tutorial_taskflow_api_etl.py
[2023-09-09 18:47:16,087] {logging_mixin.py:115} INFO - [2023-09-09 18:47:16,087] {dag.py:2420} INFO - Sync 1 DAGs
[2023-09-09 18:47:16,096] {logging_mixin.py:115} INFO - [2023-09-09 18:47:16,096] {dag.py:2972} INFO - Setting next_dagrun for tutorial_taskflow_api_etl to None, run_after=None
[2023-09-09 18:47:16,101] {processor.py:161} INFO - Processing /home/airflow/.local/lib/python3.7/site-packages/airflow/example_dags/tutorial_taskflow_api_etl.py took 0.038 seconds
[2023-09-09 18:47:46,247] {processor.py:153} INFO - Started process (PID=915) to work on /home/airflow/.local/lib/python3.7/site-packages/airflow/example_dags/tutorial_taskflow_api_etl.py
[2023-09-09 18:47:46,247] {processor.py:641} INFO - Processing file /home/airflow/.local/lib/python3.7/site-packages/airflow/example_dags/tutorial_taskflow_api_etl.py for tasks to queue
[2023-09-09 18:47:46,248] {logging_mixin.py:115} INFO - [2023-09-09 18:47:46,248] {dagbag.py:508} INFO - Filling up the DagBag from /home/airflow/.local/lib/python3.7/site-packages/airflow/example_dags/tutorial_taskflow_api_etl.py
[2023-09-09 18:47:46,255] {processor.py:651} INFO - DAG(s) dict_keys(['tutorial_taskflow_api_etl']) retrieved from /home/airflow/.local/lib/python3.7/site-packages/airflow/example_dags/tutorial_taskflow_api_etl.py
[2023-09-09 18:47:46,268] {logging_mixin.py:115} INFO - [2023-09-09 18:47:46,268] {dag.py:2420} INFO - Sync 1 DAGs
[2023-09-09 18:47:46,278] {logging_mixin.py:115} INFO - [2023-09-09 18:47:46,278] {dag.py:2972} INFO - Setting next_dagrun for tutorial_taskflow_api_etl to None, run_after=None
[2023-09-09 18:47:46,282] {processor.py:161} INFO - Processing /home/airflow/.local/lib/python3.7/site-packages/airflow/example_dags/tutorial_taskflow_api_etl.py took 0.037 seconds
[2023-09-09 18:48:16,459] {processor.py:153} INFO - Started process (PID=977) to work on /home/airflow/.local/lib/python3.7/site-packages/airflow/example_dags/tutorial_taskflow_api_etl.py
[2023-09-09 18:48:16,460] {processor.py:641} INFO - Processing file /home/airflow/.local/lib/python3.7/site-packages/airflow/example_dags/tutorial_taskflow_api_etl.py for tasks to queue
[2023-09-09 18:48:16,460] {logging_mixin.py:115} INFO - [2023-09-09 18:48:16,460] {dagbag.py:508} INFO - Filling up the DagBag from /home/airflow/.local/lib/python3.7/site-packages/airflow/example_dags/tutorial_taskflow_api_etl.py
[2023-09-09 18:48:16,468] {processor.py:651} INFO - DAG(s) dict_keys(['tutorial_taskflow_api_etl']) retrieved from /home/airflow/.local/lib/python3.7/site-packages/airflow/example_dags/tutorial_taskflow_api_etl.py
[2023-09-09 18:48:16,482] {logging_mixin.py:115} INFO - [2023-09-09 18:48:16,482] {dag.py:2420} INFO - Sync 1 DAGs
[2023-09-09 18:48:16,491] {logging_mixin.py:115} INFO - [2023-09-09 18:48:16,491] {dag.py:2972} INFO - Setting next_dagrun for tutorial_taskflow_api_etl to None, run_after=None
[2023-09-09 18:48:16,497] {processor.py:161} INFO - Processing /home/airflow/.local/lib/python3.7/site-packages/airflow/example_dags/tutorial_taskflow_api_etl.py took 0.040 seconds
[2023-09-09 18:48:46,718] {processor.py:153} INFO - Started process (PID=1031) to work on /home/airflow/.local/lib/python3.7/site-packages/airflow/example_dags/tutorial_taskflow_api_etl.py
[2023-09-09 18:48:46,719] {processor.py:641} INFO - Processing file /home/airflow/.local/lib/python3.7/site-packages/airflow/example_dags/tutorial_taskflow_api_etl.py for tasks to queue
[2023-09-09 18:48:46,719] {logging_mixin.py:115} INFO - [2023-09-09 18:48:46,719] {dagbag.py:508} INFO - Filling up the DagBag from /home/airflow/.local/lib/python3.7/site-packages/airflow/example_dags/tutorial_taskflow_api_etl.py
[2023-09-09 18:48:46,727] {processor.py:651} INFO - DAG(s) dict_keys(['tutorial_taskflow_api_etl']) retrieved from /home/airflow/.local/lib/python3.7/site-packages/airflow/example_dags/tutorial_taskflow_api_etl.py
[2023-09-09 18:48:46,758] {logging_mixin.py:115} INFO - [2023-09-09 18:48:46,758] {dag.py:2420} INFO - Sync 1 DAGs
[2023-09-09 18:48:46,767] {logging_mixin.py:115} INFO - [2023-09-09 18:48:46,767] {dag.py:2972} INFO - Setting next_dagrun for tutorial_taskflow_api_etl to None, run_after=None
[2023-09-09 18:48:46,772] {processor.py:161} INFO - Processing /home/airflow/.local/lib/python3.7/site-packages/airflow/example_dags/tutorial_taskflow_api_etl.py took 0.055 seconds
[2023-09-09 18:57:34,327] {processor.py:153} INFO - Started process (PID=54) to work on /home/airflow/.local/lib/python3.7/site-packages/airflow/example_dags/tutorial_taskflow_api_etl.py
[2023-09-09 18:57:34,328] {processor.py:641} INFO - Processing file /home/airflow/.local/lib/python3.7/site-packages/airflow/example_dags/tutorial_taskflow_api_etl.py for tasks to queue
[2023-09-09 18:57:34,329] {logging_mixin.py:115} INFO - [2023-09-09 18:57:34,329] {dagbag.py:508} INFO - Filling up the DagBag from /home/airflow/.local/lib/python3.7/site-packages/airflow/example_dags/tutorial_taskflow_api_etl.py
[2023-09-09 18:57:34,341] {processor.py:651} INFO - DAG(s) dict_keys(['tutorial_taskflow_api_etl']) retrieved from /home/airflow/.local/lib/python3.7/site-packages/airflow/example_dags/tutorial_taskflow_api_etl.py
[2023-09-09 18:57:34,408] {logging_mixin.py:115} INFO - [2023-09-09 18:57:34,408] {dag.py:2420} INFO - Sync 1 DAGs
[2023-09-09 18:57:34,429] {logging_mixin.py:115} INFO - [2023-09-09 18:57:34,429] {dag.py:2972} INFO - Setting next_dagrun for tutorial_taskflow_api_etl to None, run_after=None
[2023-09-09 18:57:34,438] {processor.py:161} INFO - Processing /home/airflow/.local/lib/python3.7/site-packages/airflow/example_dags/tutorial_taskflow_api_etl.py took 0.114 seconds
[2023-09-09 18:58:04,551] {processor.py:153} INFO - Started process (PID=117) to work on /home/airflow/.local/lib/python3.7/site-packages/airflow/example_dags/tutorial_taskflow_api_etl.py
[2023-09-09 18:58:04,551] {processor.py:641} INFO - Processing file /home/airflow/.local/lib/python3.7/site-packages/airflow/example_dags/tutorial_taskflow_api_etl.py for tasks to queue
[2023-09-09 18:58:04,552] {logging_mixin.py:115} INFO - [2023-09-09 18:58:04,552] {dagbag.py:508} INFO - Filling up the DagBag from /home/airflow/.local/lib/python3.7/site-packages/airflow/example_dags/tutorial_taskflow_api_etl.py
[2023-09-09 18:58:04,559] {processor.py:651} INFO - DAG(s) dict_keys(['tutorial_taskflow_api_etl']) retrieved from /home/airflow/.local/lib/python3.7/site-packages/airflow/example_dags/tutorial_taskflow_api_etl.py
[2023-09-09 18:58:04,591] {logging_mixin.py:115} INFO - [2023-09-09 18:58:04,591] {dag.py:2420} INFO - Sync 1 DAGs
[2023-09-09 18:58:04,600] {logging_mixin.py:115} INFO - [2023-09-09 18:58:04,600] {dag.py:2972} INFO - Setting next_dagrun for tutorial_taskflow_api_etl to None, run_after=None
[2023-09-09 18:58:04,605] {processor.py:161} INFO - Processing /home/airflow/.local/lib/python3.7/site-packages/airflow/example_dags/tutorial_taskflow_api_etl.py took 0.056 seconds
[2023-09-09 18:58:34,852] {processor.py:153} INFO - Started process (PID=180) to work on /home/airflow/.local/lib/python3.7/site-packages/airflow/example_dags/tutorial_taskflow_api_etl.py
[2023-09-09 18:58:34,853] {processor.py:641} INFO - Processing file /home/airflow/.local/lib/python3.7/site-packages/airflow/example_dags/tutorial_taskflow_api_etl.py for tasks to queue
[2023-09-09 18:58:34,853] {logging_mixin.py:115} INFO - [2023-09-09 18:58:34,853] {dagbag.py:508} INFO - Filling up the DagBag from /home/airflow/.local/lib/python3.7/site-packages/airflow/example_dags/tutorial_taskflow_api_etl.py
[2023-09-09 18:58:34,861] {processor.py:651} INFO - DAG(s) dict_keys(['tutorial_taskflow_api_etl']) retrieved from /home/airflow/.local/lib/python3.7/site-packages/airflow/example_dags/tutorial_taskflow_api_etl.py
[2023-09-09 18:58:34,893] {logging_mixin.py:115} INFO - [2023-09-09 18:58:34,893] {dag.py:2420} INFO - Sync 1 DAGs
[2023-09-09 18:58:34,902] {logging_mixin.py:115} INFO - [2023-09-09 18:58:34,902] {dag.py:2972} INFO - Setting next_dagrun for tutorial_taskflow_api_etl to None, run_after=None
[2023-09-09 18:58:34,908] {processor.py:161} INFO - Processing /home/airflow/.local/lib/python3.7/site-packages/airflow/example_dags/tutorial_taskflow_api_etl.py took 0.057 seconds
[2023-09-09 18:59:05,128] {processor.py:153} INFO - Started process (PID=242) to work on /home/airflow/.local/lib/python3.7/site-packages/airflow/example_dags/tutorial_taskflow_api_etl.py
[2023-09-09 18:59:05,129] {processor.py:641} INFO - Processing file /home/airflow/.local/lib/python3.7/site-packages/airflow/example_dags/tutorial_taskflow_api_etl.py for tasks to queue
[2023-09-09 18:59:05,129] {logging_mixin.py:115} INFO - [2023-09-09 18:59:05,129] {dagbag.py:508} INFO - Filling up the DagBag from /home/airflow/.local/lib/python3.7/site-packages/airflow/example_dags/tutorial_taskflow_api_etl.py
[2023-09-09 18:59:05,136] {processor.py:651} INFO - DAG(s) dict_keys(['tutorial_taskflow_api_etl']) retrieved from /home/airflow/.local/lib/python3.7/site-packages/airflow/example_dags/tutorial_taskflow_api_etl.py
[2023-09-09 18:59:05,166] {logging_mixin.py:115} INFO - [2023-09-09 18:59:05,166] {dag.py:2420} INFO - Sync 1 DAGs
[2023-09-09 18:59:05,175] {logging_mixin.py:115} INFO - [2023-09-09 18:59:05,175] {dag.py:2972} INFO - Setting next_dagrun for tutorial_taskflow_api_etl to None, run_after=None
[2023-09-09 18:59:05,180] {processor.py:161} INFO - Processing /home/airflow/.local/lib/python3.7/site-packages/airflow/example_dags/tutorial_taskflow_api_etl.py took 0.053 seconds
[2023-09-09 18:59:35,569] {processor.py:153} INFO - Started process (PID=296) to work on /home/airflow/.local/lib/python3.7/site-packages/airflow/example_dags/tutorial_taskflow_api_etl.py
[2023-09-09 18:59:35,570] {processor.py:641} INFO - Processing file /home/airflow/.local/lib/python3.7/site-packages/airflow/example_dags/tutorial_taskflow_api_etl.py for tasks to queue
[2023-09-09 18:59:35,570] {logging_mixin.py:115} INFO - [2023-09-09 18:59:35,570] {dagbag.py:508} INFO - Filling up the DagBag from /home/airflow/.local/lib/python3.7/site-packages/airflow/example_dags/tutorial_taskflow_api_etl.py
[2023-09-09 18:59:35,578] {processor.py:651} INFO - DAG(s) dict_keys(['tutorial_taskflow_api_etl']) retrieved from /home/airflow/.local/lib/python3.7/site-packages/airflow/example_dags/tutorial_taskflow_api_etl.py
[2023-09-09 18:59:35,609] {logging_mixin.py:115} INFO - [2023-09-09 18:59:35,609] {dag.py:2420} INFO - Sync 1 DAGs
[2023-09-09 18:59:35,618] {logging_mixin.py:115} INFO - [2023-09-09 18:59:35,618] {dag.py:2972} INFO - Setting next_dagrun for tutorial_taskflow_api_etl to None, run_after=None
[2023-09-09 18:59:35,624] {processor.py:161} INFO - Processing /home/airflow/.local/lib/python3.7/site-packages/airflow/example_dags/tutorial_taskflow_api_etl.py took 0.057 seconds
[2023-09-09 19:00:05,798] {processor.py:153} INFO - Started process (PID=358) to work on /home/airflow/.local/lib/python3.7/site-packages/airflow/example_dags/tutorial_taskflow_api_etl.py
[2023-09-09 19:00:05,798] {processor.py:641} INFO - Processing file /home/airflow/.local/lib/python3.7/site-packages/airflow/example_dags/tutorial_taskflow_api_etl.py for tasks to queue
[2023-09-09 19:00:05,799] {logging_mixin.py:115} INFO - [2023-09-09 19:00:05,799] {dagbag.py:508} INFO - Filling up the DagBag from /home/airflow/.local/lib/python3.7/site-packages/airflow/example_dags/tutorial_taskflow_api_etl.py
[2023-09-09 19:00:05,807] {processor.py:651} INFO - DAG(s) dict_keys(['tutorial_taskflow_api_etl']) retrieved from /home/airflow/.local/lib/python3.7/site-packages/airflow/example_dags/tutorial_taskflow_api_etl.py
[2023-09-09 19:00:05,841] {logging_mixin.py:115} INFO - [2023-09-09 19:00:05,841] {dag.py:2420} INFO - Sync 1 DAGs
[2023-09-09 19:00:05,851] {logging_mixin.py:115} INFO - [2023-09-09 19:00:05,851] {dag.py:2972} INFO - Setting next_dagrun for tutorial_taskflow_api_etl to None, run_after=None
[2023-09-09 19:00:05,859] {processor.py:161} INFO - Processing /home/airflow/.local/lib/python3.7/site-packages/airflow/example_dags/tutorial_taskflow_api_etl.py took 0.063 seconds
[2023-09-09 19:00:36,188] {processor.py:153} INFO - Started process (PID=422) to work on /home/airflow/.local/lib/python3.7/site-packages/airflow/example_dags/tutorial_taskflow_api_etl.py
[2023-09-09 19:00:36,188] {processor.py:641} INFO - Processing file /home/airflow/.local/lib/python3.7/site-packages/airflow/example_dags/tutorial_taskflow_api_etl.py for tasks to queue
[2023-09-09 19:00:36,189] {logging_mixin.py:115} INFO - [2023-09-09 19:00:36,189] {dagbag.py:508} INFO - Filling up the DagBag from /home/airflow/.local/lib/python3.7/site-packages/airflow/example_dags/tutorial_taskflow_api_etl.py
[2023-09-09 19:00:36,197] {processor.py:651} INFO - DAG(s) dict_keys(['tutorial_taskflow_api_etl']) retrieved from /home/airflow/.local/lib/python3.7/site-packages/airflow/example_dags/tutorial_taskflow_api_etl.py
[2023-09-09 19:00:36,229] {logging_mixin.py:115} INFO - [2023-09-09 19:00:36,229] {dag.py:2420} INFO - Sync 1 DAGs
[2023-09-09 19:00:36,238] {logging_mixin.py:115} INFO - [2023-09-09 19:00:36,238] {dag.py:2972} INFO - Setting next_dagrun for tutorial_taskflow_api_etl to None, run_after=None
[2023-09-09 19:00:36,244] {processor.py:161} INFO - Processing /home/airflow/.local/lib/python3.7/site-packages/airflow/example_dags/tutorial_taskflow_api_etl.py took 0.058 seconds
[2023-09-09 19:01:06,337] {processor.py:153} INFO - Started process (PID=486) to work on /home/airflow/.local/lib/python3.7/site-packages/airflow/example_dags/tutorial_taskflow_api_etl.py
[2023-09-09 19:01:06,338] {processor.py:641} INFO - Processing file /home/airflow/.local/lib/python3.7/site-packages/airflow/example_dags/tutorial_taskflow_api_etl.py for tasks to queue
[2023-09-09 19:01:06,339] {logging_mixin.py:115} INFO - [2023-09-09 19:01:06,339] {dagbag.py:508} INFO - Filling up the DagBag from /home/airflow/.local/lib/python3.7/site-packages/airflow/example_dags/tutorial_taskflow_api_etl.py
[2023-09-09 19:01:06,346] {processor.py:651} INFO - DAG(s) dict_keys(['tutorial_taskflow_api_etl']) retrieved from /home/airflow/.local/lib/python3.7/site-packages/airflow/example_dags/tutorial_taskflow_api_etl.py
[2023-09-09 19:01:06,380] {logging_mixin.py:115} INFO - [2023-09-09 19:01:06,380] {dag.py:2420} INFO - Sync 1 DAGs
[2023-09-09 19:01:06,389] {logging_mixin.py:115} INFO - [2023-09-09 19:01:06,389] {dag.py:2972} INFO - Setting next_dagrun for tutorial_taskflow_api_etl to None, run_after=None
[2023-09-09 19:01:06,396] {processor.py:161} INFO - Processing /home/airflow/.local/lib/python3.7/site-packages/airflow/example_dags/tutorial_taskflow_api_etl.py took 0.060 seconds
[2023-09-09 19:01:36,663] {processor.py:153} INFO - Started process (PID=549) to work on /home/airflow/.local/lib/python3.7/site-packages/airflow/example_dags/tutorial_taskflow_api_etl.py
[2023-09-09 19:01:36,663] {processor.py:641} INFO - Processing file /home/airflow/.local/lib/python3.7/site-packages/airflow/example_dags/tutorial_taskflow_api_etl.py for tasks to queue
[2023-09-09 19:01:36,664] {logging_mixin.py:115} INFO - [2023-09-09 19:01:36,664] {dagbag.py:508} INFO - Filling up the DagBag from /home/airflow/.local/lib/python3.7/site-packages/airflow/example_dags/tutorial_taskflow_api_etl.py
[2023-09-09 19:01:36,671] {processor.py:651} INFO - DAG(s) dict_keys(['tutorial_taskflow_api_etl']) retrieved from /home/airflow/.local/lib/python3.7/site-packages/airflow/example_dags/tutorial_taskflow_api_etl.py
[2023-09-09 19:01:36,703] {logging_mixin.py:115} INFO - [2023-09-09 19:01:36,703] {dag.py:2420} INFO - Sync 1 DAGs
[2023-09-09 19:01:36,712] {logging_mixin.py:115} INFO - [2023-09-09 19:01:36,712] {dag.py:2972} INFO - Setting next_dagrun for tutorial_taskflow_api_etl to None, run_after=None
[2023-09-09 19:01:36,718] {processor.py:161} INFO - Processing /home/airflow/.local/lib/python3.7/site-packages/airflow/example_dags/tutorial_taskflow_api_etl.py took 0.057 seconds
[2023-09-09 19:02:07,159] {processor.py:153} INFO - Started process (PID=612) to work on /home/airflow/.local/lib/python3.7/site-packages/airflow/example_dags/tutorial_taskflow_api_etl.py
[2023-09-09 19:02:07,161] {processor.py:641} INFO - Processing file /home/airflow/.local/lib/python3.7/site-packages/airflow/example_dags/tutorial_taskflow_api_etl.py for tasks to queue
[2023-09-09 19:02:07,162] {logging_mixin.py:115} INFO - [2023-09-09 19:02:07,162] {dagbag.py:508} INFO - Filling up the DagBag from /home/airflow/.local/lib/python3.7/site-packages/airflow/example_dags/tutorial_taskflow_api_etl.py
[2023-09-09 19:02:07,187] {processor.py:651} INFO - DAG(s) dict_keys(['tutorial_taskflow_api_etl']) retrieved from /home/airflow/.local/lib/python3.7/site-packages/airflow/example_dags/tutorial_taskflow_api_etl.py
[2023-09-09 19:02:07,225] {logging_mixin.py:115} INFO - [2023-09-09 19:02:07,225] {dag.py:2420} INFO - Sync 1 DAGs
[2023-09-09 19:02:07,234] {logging_mixin.py:115} INFO - [2023-09-09 19:02:07,234] {dag.py:2972} INFO - Setting next_dagrun for tutorial_taskflow_api_etl to None, run_after=None
[2023-09-09 19:02:07,240] {processor.py:161} INFO - Processing /home/airflow/.local/lib/python3.7/site-packages/airflow/example_dags/tutorial_taskflow_api_etl.py took 0.085 seconds
[2023-09-09 19:02:37,893] {processor.py:153} INFO - Started process (PID=670) to work on /home/airflow/.local/lib/python3.7/site-packages/airflow/example_dags/tutorial_taskflow_api_etl.py
[2023-09-09 19:02:37,894] {processor.py:641} INFO - Processing file /home/airflow/.local/lib/python3.7/site-packages/airflow/example_dags/tutorial_taskflow_api_etl.py for tasks to queue
[2023-09-09 19:02:37,894] {logging_mixin.py:115} INFO - [2023-09-09 19:02:37,894] {dagbag.py:508} INFO - Filling up the DagBag from /home/airflow/.local/lib/python3.7/site-packages/airflow/example_dags/tutorial_taskflow_api_etl.py
[2023-09-09 19:02:37,901] {processor.py:651} INFO - DAG(s) dict_keys(['tutorial_taskflow_api_etl']) retrieved from /home/airflow/.local/lib/python3.7/site-packages/airflow/example_dags/tutorial_taskflow_api_etl.py
[2023-09-09 19:02:37,932] {logging_mixin.py:115} INFO - [2023-09-09 19:02:37,931] {dag.py:2420} INFO - Sync 1 DAGs
[2023-09-09 19:02:37,940] {logging_mixin.py:115} INFO - [2023-09-09 19:02:37,940] {dag.py:2972} INFO - Setting next_dagrun for tutorial_taskflow_api_etl to None, run_after=None
[2023-09-09 19:02:37,946] {processor.py:161} INFO - Processing /home/airflow/.local/lib/python3.7/site-packages/airflow/example_dags/tutorial_taskflow_api_etl.py took 0.055 seconds
[2023-09-09 19:03:35,803] {processor.py:153} INFO - Started process (PID=54) to work on /home/airflow/.local/lib/python3.7/site-packages/airflow/example_dags/tutorial_taskflow_api_etl.py
[2023-09-09 19:03:35,805] {processor.py:641} INFO - Processing file /home/airflow/.local/lib/python3.7/site-packages/airflow/example_dags/tutorial_taskflow_api_etl.py for tasks to queue
[2023-09-09 19:03:35,805] {logging_mixin.py:115} INFO - [2023-09-09 19:03:35,805] {dagbag.py:508} INFO - Filling up the DagBag from /home/airflow/.local/lib/python3.7/site-packages/airflow/example_dags/tutorial_taskflow_api_etl.py
[2023-09-09 19:03:35,818] {processor.py:651} INFO - DAG(s) dict_keys(['tutorial_taskflow_api_etl']) retrieved from /home/airflow/.local/lib/python3.7/site-packages/airflow/example_dags/tutorial_taskflow_api_etl.py
[2023-09-09 19:03:35,897] {logging_mixin.py:115} INFO - [2023-09-09 19:03:35,896] {dag.py:2420} INFO - Sync 1 DAGs
[2023-09-09 19:03:35,909] {logging_mixin.py:115} INFO - [2023-09-09 19:03:35,909] {dag.py:2972} INFO - Setting next_dagrun for tutorial_taskflow_api_etl to None, run_after=None
[2023-09-09 19:03:35,917] {processor.py:161} INFO - Processing /home/airflow/.local/lib/python3.7/site-packages/airflow/example_dags/tutorial_taskflow_api_etl.py took 0.122 seconds
[2023-09-09 19:04:06,819] {processor.py:153} INFO - Started process (PID=117) to work on /home/airflow/.local/lib/python3.7/site-packages/airflow/example_dags/tutorial_taskflow_api_etl.py
[2023-09-09 19:04:06,820] {processor.py:641} INFO - Processing file /home/airflow/.local/lib/python3.7/site-packages/airflow/example_dags/tutorial_taskflow_api_etl.py for tasks to queue
[2023-09-09 19:04:06,820] {logging_mixin.py:115} INFO - [2023-09-09 19:04:06,820] {dagbag.py:508} INFO - Filling up the DagBag from /home/airflow/.local/lib/python3.7/site-packages/airflow/example_dags/tutorial_taskflow_api_etl.py
[2023-09-09 19:04:06,828] {processor.py:651} INFO - DAG(s) dict_keys(['tutorial_taskflow_api_etl']) retrieved from /home/airflow/.local/lib/python3.7/site-packages/airflow/example_dags/tutorial_taskflow_api_etl.py
[2023-09-09 19:04:06,857] {logging_mixin.py:115} INFO - [2023-09-09 19:04:06,857] {dag.py:2420} INFO - Sync 1 DAGs
[2023-09-09 19:04:06,865] {logging_mixin.py:115} INFO - [2023-09-09 19:04:06,865] {dag.py:2972} INFO - Setting next_dagrun for tutorial_taskflow_api_etl to None, run_after=None
[2023-09-09 19:04:06,870] {processor.py:161} INFO - Processing /home/airflow/.local/lib/python3.7/site-packages/airflow/example_dags/tutorial_taskflow_api_etl.py took 0.053 seconds
[2023-09-09 19:04:37,134] {processor.py:153} INFO - Started process (PID=179) to work on /home/airflow/.local/lib/python3.7/site-packages/airflow/example_dags/tutorial_taskflow_api_etl.py
[2023-09-09 19:04:37,134] {processor.py:641} INFO - Processing file /home/airflow/.local/lib/python3.7/site-packages/airflow/example_dags/tutorial_taskflow_api_etl.py for tasks to queue
[2023-09-09 19:04:37,135] {logging_mixin.py:115} INFO - [2023-09-09 19:04:37,134] {dagbag.py:508} INFO - Filling up the DagBag from /home/airflow/.local/lib/python3.7/site-packages/airflow/example_dags/tutorial_taskflow_api_etl.py
[2023-09-09 19:04:37,142] {processor.py:651} INFO - DAG(s) dict_keys(['tutorial_taskflow_api_etl']) retrieved from /home/airflow/.local/lib/python3.7/site-packages/airflow/example_dags/tutorial_taskflow_api_etl.py
[2023-09-09 19:04:37,171] {logging_mixin.py:115} INFO - [2023-09-09 19:04:37,171] {dag.py:2420} INFO - Sync 1 DAGs
[2023-09-09 19:04:37,180] {logging_mixin.py:115} INFO - [2023-09-09 19:04:37,180] {dag.py:2972} INFO - Setting next_dagrun for tutorial_taskflow_api_etl to None, run_after=None
[2023-09-09 19:04:37,185] {processor.py:161} INFO - Processing /home/airflow/.local/lib/python3.7/site-packages/airflow/example_dags/tutorial_taskflow_api_etl.py took 0.053 seconds
[2023-09-09 19:05:07,420] {processor.py:153} INFO - Started process (PID=243) to work on /home/airflow/.local/lib/python3.7/site-packages/airflow/example_dags/tutorial_taskflow_api_etl.py
[2023-09-09 19:05:07,420] {processor.py:641} INFO - Processing file /home/airflow/.local/lib/python3.7/site-packages/airflow/example_dags/tutorial_taskflow_api_etl.py for tasks to queue
[2023-09-09 19:05:07,421] {logging_mixin.py:115} INFO - [2023-09-09 19:05:07,421] {dagbag.py:508} INFO - Filling up the DagBag from /home/airflow/.local/lib/python3.7/site-packages/airflow/example_dags/tutorial_taskflow_api_etl.py
[2023-09-09 19:05:07,428] {processor.py:651} INFO - DAG(s) dict_keys(['tutorial_taskflow_api_etl']) retrieved from /home/airflow/.local/lib/python3.7/site-packages/airflow/example_dags/tutorial_taskflow_api_etl.py
[2023-09-09 19:05:07,458] {logging_mixin.py:115} INFO - [2023-09-09 19:05:07,458] {dag.py:2420} INFO - Sync 1 DAGs
[2023-09-09 19:05:07,467] {logging_mixin.py:115} INFO - [2023-09-09 19:05:07,466] {dag.py:2972} INFO - Setting next_dagrun for tutorial_taskflow_api_etl to None, run_after=None
[2023-09-09 19:05:07,472] {processor.py:161} INFO - Processing /home/airflow/.local/lib/python3.7/site-packages/airflow/example_dags/tutorial_taskflow_api_etl.py took 0.054 seconds
[2023-09-09 19:05:37,675] {processor.py:153} INFO - Started process (PID=305) to work on /home/airflow/.local/lib/python3.7/site-packages/airflow/example_dags/tutorial_taskflow_api_etl.py
[2023-09-09 19:05:37,676] {processor.py:641} INFO - Processing file /home/airflow/.local/lib/python3.7/site-packages/airflow/example_dags/tutorial_taskflow_api_etl.py for tasks to queue
[2023-09-09 19:05:37,676] {logging_mixin.py:115} INFO - [2023-09-09 19:05:37,676] {dagbag.py:508} INFO - Filling up the DagBag from /home/airflow/.local/lib/python3.7/site-packages/airflow/example_dags/tutorial_taskflow_api_etl.py
[2023-09-09 19:05:37,684] {processor.py:651} INFO - DAG(s) dict_keys(['tutorial_taskflow_api_etl']) retrieved from /home/airflow/.local/lib/python3.7/site-packages/airflow/example_dags/tutorial_taskflow_api_etl.py
[2023-09-09 19:05:37,714] {logging_mixin.py:115} INFO - [2023-09-09 19:05:37,714] {dag.py:2420} INFO - Sync 1 DAGs
[2023-09-09 19:05:37,724] {logging_mixin.py:115} INFO - [2023-09-09 19:05:37,724] {dag.py:2972} INFO - Setting next_dagrun for tutorial_taskflow_api_etl to None, run_after=None
[2023-09-09 19:05:37,730] {processor.py:161} INFO - Processing /home/airflow/.local/lib/python3.7/site-packages/airflow/example_dags/tutorial_taskflow_api_etl.py took 0.057 seconds
[2023-09-09 19:06:08,018] {processor.py:153} INFO - Started process (PID=359) to work on /home/airflow/.local/lib/python3.7/site-packages/airflow/example_dags/tutorial_taskflow_api_etl.py
[2023-09-09 19:06:08,018] {processor.py:641} INFO - Processing file /home/airflow/.local/lib/python3.7/site-packages/airflow/example_dags/tutorial_taskflow_api_etl.py for tasks to queue
[2023-09-09 19:06:08,019] {logging_mixin.py:115} INFO - [2023-09-09 19:06:08,019] {dagbag.py:508} INFO - Filling up the DagBag from /home/airflow/.local/lib/python3.7/site-packages/airflow/example_dags/tutorial_taskflow_api_etl.py
[2023-09-09 19:06:08,026] {processor.py:651} INFO - DAG(s) dict_keys(['tutorial_taskflow_api_etl']) retrieved from /home/airflow/.local/lib/python3.7/site-packages/airflow/example_dags/tutorial_taskflow_api_etl.py
[2023-09-09 19:06:08,055] {logging_mixin.py:115} INFO - [2023-09-09 19:06:08,054] {dag.py:2420} INFO - Sync 1 DAGs
[2023-09-09 19:06:08,063] {logging_mixin.py:115} INFO - [2023-09-09 19:06:08,063] {dag.py:2972} INFO - Setting next_dagrun for tutorial_taskflow_api_etl to None, run_after=None
[2023-09-09 19:06:08,068] {processor.py:161} INFO - Processing /home/airflow/.local/lib/python3.7/site-packages/airflow/example_dags/tutorial_taskflow_api_etl.py took 0.053 seconds
[2023-09-09 19:06:38,368] {processor.py:153} INFO - Started process (PID=422) to work on /home/airflow/.local/lib/python3.7/site-packages/airflow/example_dags/tutorial_taskflow_api_etl.py
[2023-09-09 19:06:38,368] {processor.py:641} INFO - Processing file /home/airflow/.local/lib/python3.7/site-packages/airflow/example_dags/tutorial_taskflow_api_etl.py for tasks to queue
[2023-09-09 19:06:38,369] {logging_mixin.py:115} INFO - [2023-09-09 19:06:38,369] {dagbag.py:508} INFO - Filling up the DagBag from /home/airflow/.local/lib/python3.7/site-packages/airflow/example_dags/tutorial_taskflow_api_etl.py
[2023-09-09 19:06:38,376] {processor.py:651} INFO - DAG(s) dict_keys(['tutorial_taskflow_api_etl']) retrieved from /home/airflow/.local/lib/python3.7/site-packages/airflow/example_dags/tutorial_taskflow_api_etl.py
[2023-09-09 19:06:38,408] {logging_mixin.py:115} INFO - [2023-09-09 19:06:38,408] {dag.py:2420} INFO - Sync 1 DAGs
[2023-09-09 19:06:38,417] {logging_mixin.py:115} INFO - [2023-09-09 19:06:38,417] {dag.py:2972} INFO - Setting next_dagrun for tutorial_taskflow_api_etl to None, run_after=None
[2023-09-09 19:06:38,423] {processor.py:161} INFO - Processing /home/airflow/.local/lib/python3.7/site-packages/airflow/example_dags/tutorial_taskflow_api_etl.py took 0.057 seconds
[2023-09-09 19:07:08,698] {processor.py:153} INFO - Started process (PID=485) to work on /home/airflow/.local/lib/python3.7/site-packages/airflow/example_dags/tutorial_taskflow_api_etl.py
[2023-09-09 19:07:08,698] {processor.py:641} INFO - Processing file /home/airflow/.local/lib/python3.7/site-packages/airflow/example_dags/tutorial_taskflow_api_etl.py for tasks to queue
[2023-09-09 19:07:08,699] {logging_mixin.py:115} INFO - [2023-09-09 19:07:08,699] {dagbag.py:508} INFO - Filling up the DagBag from /home/airflow/.local/lib/python3.7/site-packages/airflow/example_dags/tutorial_taskflow_api_etl.py
[2023-09-09 19:07:08,706] {processor.py:651} INFO - DAG(s) dict_keys(['tutorial_taskflow_api_etl']) retrieved from /home/airflow/.local/lib/python3.7/site-packages/airflow/example_dags/tutorial_taskflow_api_etl.py
[2023-09-09 19:07:08,736] {logging_mixin.py:115} INFO - [2023-09-09 19:07:08,736] {dag.py:2420} INFO - Sync 1 DAGs
[2023-09-09 19:07:08,745] {logging_mixin.py:115} INFO - [2023-09-09 19:07:08,745] {dag.py:2972} INFO - Setting next_dagrun for tutorial_taskflow_api_etl to None, run_after=None
[2023-09-09 19:07:08,750] {processor.py:161} INFO - Processing /home/airflow/.local/lib/python3.7/site-packages/airflow/example_dags/tutorial_taskflow_api_etl.py took 0.055 seconds
[2023-09-09 19:07:38,987] {processor.py:153} INFO - Started process (PID=548) to work on /home/airflow/.local/lib/python3.7/site-packages/airflow/example_dags/tutorial_taskflow_api_etl.py
[2023-09-09 19:07:38,988] {processor.py:641} INFO - Processing file /home/airflow/.local/lib/python3.7/site-packages/airflow/example_dags/tutorial_taskflow_api_etl.py for tasks to queue
[2023-09-09 19:07:38,988] {logging_mixin.py:115} INFO - [2023-09-09 19:07:38,988] {dagbag.py:508} INFO - Filling up the DagBag from /home/airflow/.local/lib/python3.7/site-packages/airflow/example_dags/tutorial_taskflow_api_etl.py
[2023-09-09 19:07:38,997] {processor.py:651} INFO - DAG(s) dict_keys(['tutorial_taskflow_api_etl']) retrieved from /home/airflow/.local/lib/python3.7/site-packages/airflow/example_dags/tutorial_taskflow_api_etl.py
[2023-09-09 19:07:39,013] {logging_mixin.py:115} INFO - [2023-09-09 19:07:39,013] {dag.py:2420} INFO - Sync 1 DAGs
[2023-09-09 19:07:39,023] {logging_mixin.py:115} INFO - [2023-09-09 19:07:39,023] {dag.py:2972} INFO - Setting next_dagrun for tutorial_taskflow_api_etl to None, run_after=None
[2023-09-09 19:07:39,029] {processor.py:161} INFO - Processing /home/airflow/.local/lib/python3.7/site-packages/airflow/example_dags/tutorial_taskflow_api_etl.py took 0.044 seconds
[2023-09-09 19:08:09,626] {processor.py:153} INFO - Started process (PID=611) to work on /home/airflow/.local/lib/python3.7/site-packages/airflow/example_dags/tutorial_taskflow_api_etl.py
[2023-09-09 19:08:09,627] {processor.py:641} INFO - Processing file /home/airflow/.local/lib/python3.7/site-packages/airflow/example_dags/tutorial_taskflow_api_etl.py for tasks to queue
[2023-09-09 19:08:09,628] {logging_mixin.py:115} INFO - [2023-09-09 19:08:09,628] {dagbag.py:508} INFO - Filling up the DagBag from /home/airflow/.local/lib/python3.7/site-packages/airflow/example_dags/tutorial_taskflow_api_etl.py
[2023-09-09 19:08:09,642] {processor.py:651} INFO - DAG(s) dict_keys(['tutorial_taskflow_api_etl']) retrieved from /home/airflow/.local/lib/python3.7/site-packages/airflow/example_dags/tutorial_taskflow_api_etl.py
[2023-09-09 19:08:09,661] {logging_mixin.py:115} INFO - [2023-09-09 19:08:09,661] {dag.py:2420} INFO - Sync 1 DAGs
[2023-09-09 19:08:09,672] {logging_mixin.py:115} INFO - [2023-09-09 19:08:09,671] {dag.py:2972} INFO - Setting next_dagrun for tutorial_taskflow_api_etl to None, run_after=None
[2023-09-09 19:08:09,681] {processor.py:161} INFO - Processing /home/airflow/.local/lib/python3.7/site-packages/airflow/example_dags/tutorial_taskflow_api_etl.py took 0.058 seconds
[2023-09-09 19:08:40,176] {processor.py:153} INFO - Started process (PID=673) to work on /home/airflow/.local/lib/python3.7/site-packages/airflow/example_dags/tutorial_taskflow_api_etl.py
[2023-09-09 19:08:40,177] {processor.py:641} INFO - Processing file /home/airflow/.local/lib/python3.7/site-packages/airflow/example_dags/tutorial_taskflow_api_etl.py for tasks to queue
[2023-09-09 19:08:40,177] {logging_mixin.py:115} INFO - [2023-09-09 19:08:40,177] {dagbag.py:508} INFO - Filling up the DagBag from /home/airflow/.local/lib/python3.7/site-packages/airflow/example_dags/tutorial_taskflow_api_etl.py
[2023-09-09 19:08:40,185] {processor.py:651} INFO - DAG(s) dict_keys(['tutorial_taskflow_api_etl']) retrieved from /home/airflow/.local/lib/python3.7/site-packages/airflow/example_dags/tutorial_taskflow_api_etl.py
[2023-09-09 19:08:40,219] {logging_mixin.py:115} INFO - [2023-09-09 19:08:40,219] {dag.py:2420} INFO - Sync 1 DAGs
[2023-09-09 19:08:40,229] {logging_mixin.py:115} INFO - [2023-09-09 19:08:40,229] {dag.py:2972} INFO - Setting next_dagrun for tutorial_taskflow_api_etl to None, run_after=None
[2023-09-09 19:08:40,234] {processor.py:161} INFO - Processing /home/airflow/.local/lib/python3.7/site-packages/airflow/example_dags/tutorial_taskflow_api_etl.py took 0.061 seconds
[2023-09-09 19:09:10,532] {processor.py:153} INFO - Started process (PID=727) to work on /home/airflow/.local/lib/python3.7/site-packages/airflow/example_dags/tutorial_taskflow_api_etl.py
[2023-09-09 19:09:10,533] {processor.py:641} INFO - Processing file /home/airflow/.local/lib/python3.7/site-packages/airflow/example_dags/tutorial_taskflow_api_etl.py for tasks to queue
[2023-09-09 19:09:10,533] {logging_mixin.py:115} INFO - [2023-09-09 19:09:10,533] {dagbag.py:508} INFO - Filling up the DagBag from /home/airflow/.local/lib/python3.7/site-packages/airflow/example_dags/tutorial_taskflow_api_etl.py
[2023-09-09 19:09:10,541] {processor.py:651} INFO - DAG(s) dict_keys(['tutorial_taskflow_api_etl']) retrieved from /home/airflow/.local/lib/python3.7/site-packages/airflow/example_dags/tutorial_taskflow_api_etl.py
[2023-09-09 19:09:10,570] {logging_mixin.py:115} INFO - [2023-09-09 19:09:10,570] {dag.py:2420} INFO - Sync 1 DAGs
[2023-09-09 19:09:10,579] {logging_mixin.py:115} INFO - [2023-09-09 19:09:10,579] {dag.py:2972} INFO - Setting next_dagrun for tutorial_taskflow_api_etl to None, run_after=None
[2023-09-09 19:09:10,584] {processor.py:161} INFO - Processing /home/airflow/.local/lib/python3.7/site-packages/airflow/example_dags/tutorial_taskflow_api_etl.py took 0.054 seconds
