[2023-09-09 18:40:39,239] {processor.py:153} INFO - Started process (PID=34) to work on /opt/airflow/dags/data_cleaning_dag/data_cleaning.py
[2023-09-09 18:40:39,240] {processor.py:641} INFO - Processing file /opt/airflow/dags/data_cleaning_dag/data_cleaning.py for tasks to queue
[2023-09-09 18:40:39,240] {logging_mixin.py:115} INFO - [2023-09-09 18:40:39,240] {dagbag.py:508} INFO - Filling up the DagBag from /opt/airflow/dags/data_cleaning_dag/data_cleaning.py
[2023-09-09 18:40:39,824] {processor.py:651} INFO - DAG(s) dict_keys(['data_cleaning_dag']) retrieved from /opt/airflow/dags/data_cleaning_dag/data_cleaning.py
[2023-09-09 18:40:39,873] {logging_mixin.py:115} INFO - [2023-09-09 18:40:39,873] {manager.py:508} INFO - Created Permission View: can edit on DAG:data_cleaning_dag
[2023-09-09 18:40:39,881] {logging_mixin.py:115} INFO - [2023-09-09 18:40:39,881] {manager.py:508} INFO - Created Permission View: can read on DAG:data_cleaning_dag
[2023-09-09 18:40:39,885] {logging_mixin.py:115} INFO - [2023-09-09 18:40:39,885] {manager.py:508} INFO - Created Permission View: can delete on DAG:data_cleaning_dag
[2023-09-09 18:40:39,889] {logging_mixin.py:115} INFO - [2023-09-09 18:40:39,886] {dag.py:2420} INFO - Sync 1 DAGs
[2023-09-09 18:40:39,895] {logging_mixin.py:115} INFO - [2023-09-09 18:40:39,895] {dag.py:2439} INFO - Creating ORM DAG for data_cleaning_dag
[2023-09-09 18:40:39,903] {logging_mixin.py:115} INFO - [2023-09-09 18:40:39,903] {dag.py:2972} INFO - Setting next_dagrun for data_cleaning_dag to 2023-09-02T00:00:00+00:00, run_after=2023-10-02T00:00:00+00:00
[2023-09-09 18:40:39,915] {processor.py:161} INFO - Processing /opt/airflow/dags/data_cleaning_dag/data_cleaning.py took 0.679 seconds
[2023-09-09 18:41:09,971] {processor.py:153} INFO - Started process (PID=102) to work on /opt/airflow/dags/data_cleaning_dag/data_cleaning.py
[2023-09-09 18:41:09,971] {processor.py:641} INFO - Processing file /opt/airflow/dags/data_cleaning_dag/data_cleaning.py for tasks to queue
[2023-09-09 18:41:09,972] {logging_mixin.py:115} INFO - [2023-09-09 18:41:09,972] {dagbag.py:508} INFO - Filling up the DagBag from /opt/airflow/dags/data_cleaning_dag/data_cleaning.py
[2023-09-09 18:41:10,096] {processor.py:651} INFO - DAG(s) dict_keys(['data_cleaning_dag']) retrieved from /opt/airflow/dags/data_cleaning_dag/data_cleaning.py
[2023-09-09 18:41:10,112] {logging_mixin.py:115} INFO - [2023-09-09 18:41:10,112] {dag.py:2420} INFO - Sync 1 DAGs
[2023-09-09 18:41:10,124] {logging_mixin.py:115} INFO - [2023-09-09 18:41:10,124] {dag.py:2972} INFO - Setting next_dagrun for data_cleaning_dag to 2023-09-02T00:00:00+00:00, run_after=2023-10-02T00:00:00+00:00
[2023-09-09 18:41:10,130] {processor.py:161} INFO - Processing /opt/airflow/dags/data_cleaning_dag/data_cleaning.py took 0.161 seconds
[2023-09-09 18:41:40,302] {processor.py:153} INFO - Started process (PID=165) to work on /opt/airflow/dags/data_cleaning_dag/data_cleaning.py
[2023-09-09 18:41:40,303] {processor.py:641} INFO - Processing file /opt/airflow/dags/data_cleaning_dag/data_cleaning.py for tasks to queue
[2023-09-09 18:41:40,303] {logging_mixin.py:115} INFO - [2023-09-09 18:41:40,303] {dagbag.py:508} INFO - Filling up the DagBag from /opt/airflow/dags/data_cleaning_dag/data_cleaning.py
[2023-09-09 18:41:40,434] {processor.py:651} INFO - DAG(s) dict_keys(['data_cleaning_dag']) retrieved from /opt/airflow/dags/data_cleaning_dag/data_cleaning.py
[2023-09-09 18:41:40,447] {logging_mixin.py:115} INFO - [2023-09-09 18:41:40,447] {dag.py:2420} INFO - Sync 1 DAGs
[2023-09-09 18:41:40,458] {logging_mixin.py:115} INFO - [2023-09-09 18:41:40,458] {dag.py:2972} INFO - Setting next_dagrun for data_cleaning_dag to 2023-09-02T00:00:00+00:00, run_after=2023-10-02T00:00:00+00:00
[2023-09-09 18:41:40,462] {processor.py:161} INFO - Processing /opt/airflow/dags/data_cleaning_dag/data_cleaning.py took 0.162 seconds
[2023-09-09 18:42:10,761] {processor.py:153} INFO - Started process (PID=230) to work on /opt/airflow/dags/data_cleaning_dag/data_cleaning.py
[2023-09-09 18:42:10,762] {processor.py:641} INFO - Processing file /opt/airflow/dags/data_cleaning_dag/data_cleaning.py for tasks to queue
[2023-09-09 18:42:10,763] {logging_mixin.py:115} INFO - [2023-09-09 18:42:10,763] {dagbag.py:508} INFO - Filling up the DagBag from /opt/airflow/dags/data_cleaning_dag/data_cleaning.py
[2023-09-09 18:42:10,903] {processor.py:651} INFO - DAG(s) dict_keys(['data_cleaning_dag']) retrieved from /opt/airflow/dags/data_cleaning_dag/data_cleaning.py
[2023-09-09 18:42:10,917] {logging_mixin.py:115} INFO - [2023-09-09 18:42:10,916] {dag.py:2420} INFO - Sync 1 DAGs
[2023-09-09 18:42:10,927] {logging_mixin.py:115} INFO - [2023-09-09 18:42:10,927] {dag.py:2972} INFO - Setting next_dagrun for data_cleaning_dag to 2023-09-02T00:00:00+00:00, run_after=2023-10-02T00:00:00+00:00
[2023-09-09 18:42:10,932] {processor.py:161} INFO - Processing /opt/airflow/dags/data_cleaning_dag/data_cleaning.py took 0.172 seconds
[2023-09-09 18:42:41,144] {processor.py:153} INFO - Started process (PID=285) to work on /opt/airflow/dags/data_cleaning_dag/data_cleaning.py
[2023-09-09 18:42:41,145] {processor.py:641} INFO - Processing file /opt/airflow/dags/data_cleaning_dag/data_cleaning.py for tasks to queue
[2023-09-09 18:42:41,145] {logging_mixin.py:115} INFO - [2023-09-09 18:42:41,145] {dagbag.py:508} INFO - Filling up the DagBag from /opt/airflow/dags/data_cleaning_dag/data_cleaning.py
[2023-09-09 18:42:41,268] {processor.py:651} INFO - DAG(s) dict_keys(['data_cleaning_dag']) retrieved from /opt/airflow/dags/data_cleaning_dag/data_cleaning.py
[2023-09-09 18:42:41,282] {logging_mixin.py:115} INFO - [2023-09-09 18:42:41,281] {dag.py:2420} INFO - Sync 1 DAGs
[2023-09-09 18:42:41,292] {logging_mixin.py:115} INFO - [2023-09-09 18:42:41,292] {dag.py:2972} INFO - Setting next_dagrun for data_cleaning_dag to 2023-09-02T00:00:00+00:00, run_after=2023-10-02T00:00:00+00:00
[2023-09-09 18:42:41,296] {processor.py:161} INFO - Processing /opt/airflow/dags/data_cleaning_dag/data_cleaning.py took 0.154 seconds
[2023-09-09 18:43:11,829] {processor.py:153} INFO - Started process (PID=342) to work on /opt/airflow/dags/data_cleaning_dag/data_cleaning.py
[2023-09-09 18:43:11,830] {processor.py:641} INFO - Processing file /opt/airflow/dags/data_cleaning_dag/data_cleaning.py for tasks to queue
[2023-09-09 18:43:11,831] {logging_mixin.py:115} INFO - [2023-09-09 18:43:11,831] {dagbag.py:508} INFO - Filling up the DagBag from /opt/airflow/dags/data_cleaning_dag/data_cleaning.py
[2023-09-09 18:43:11,997] {processor.py:651} INFO - DAG(s) dict_keys(['data_cleaning_dag']) retrieved from /opt/airflow/dags/data_cleaning_dag/data_cleaning.py
[2023-09-09 18:43:12,012] {logging_mixin.py:115} INFO - [2023-09-09 18:43:12,011] {dag.py:2420} INFO - Sync 1 DAGs
[2023-09-09 18:43:12,022] {logging_mixin.py:115} INFO - [2023-09-09 18:43:12,022] {dag.py:2972} INFO - Setting next_dagrun for data_cleaning_dag to 2023-09-02T00:00:00+00:00, run_after=2023-10-02T00:00:00+00:00
[2023-09-09 18:43:12,027] {processor.py:161} INFO - Processing /opt/airflow/dags/data_cleaning_dag/data_cleaning.py took 0.205 seconds
[2023-09-09 18:43:42,188] {processor.py:153} INFO - Started process (PID=404) to work on /opt/airflow/dags/data_cleaning_dag/data_cleaning.py
[2023-09-09 18:43:42,189] {processor.py:641} INFO - Processing file /opt/airflow/dags/data_cleaning_dag/data_cleaning.py for tasks to queue
[2023-09-09 18:43:42,190] {logging_mixin.py:115} INFO - [2023-09-09 18:43:42,190] {dagbag.py:508} INFO - Filling up the DagBag from /opt/airflow/dags/data_cleaning_dag/data_cleaning.py
[2023-09-09 18:43:42,333] {processor.py:651} INFO - DAG(s) dict_keys(['data_cleaning_dag']) retrieved from /opt/airflow/dags/data_cleaning_dag/data_cleaning.py
[2023-09-09 18:43:42,347] {logging_mixin.py:115} INFO - [2023-09-09 18:43:42,346] {dag.py:2420} INFO - Sync 1 DAGs
[2023-09-09 18:43:42,358] {logging_mixin.py:115} INFO - [2023-09-09 18:43:42,358] {dag.py:2972} INFO - Setting next_dagrun for data_cleaning_dag to 2023-09-02T00:00:00+00:00, run_after=2023-10-02T00:00:00+00:00
[2023-09-09 18:43:42,363] {processor.py:161} INFO - Processing /opt/airflow/dags/data_cleaning_dag/data_cleaning.py took 0.180 seconds
[2023-09-09 18:44:12,496] {processor.py:153} INFO - Started process (PID=468) to work on /opt/airflow/dags/data_cleaning_dag/data_cleaning.py
[2023-09-09 18:44:12,497] {processor.py:641} INFO - Processing file /opt/airflow/dags/data_cleaning_dag/data_cleaning.py for tasks to queue
[2023-09-09 18:44:12,497] {logging_mixin.py:115} INFO - [2023-09-09 18:44:12,497] {dagbag.py:508} INFO - Filling up the DagBag from /opt/airflow/dags/data_cleaning_dag/data_cleaning.py
[2023-09-09 18:44:12,615] {processor.py:651} INFO - DAG(s) dict_keys(['data_cleaning_dag']) retrieved from /opt/airflow/dags/data_cleaning_dag/data_cleaning.py
[2023-09-09 18:44:12,629] {logging_mixin.py:115} INFO - [2023-09-09 18:44:12,629] {dag.py:2420} INFO - Sync 1 DAGs
[2023-09-09 18:44:12,640] {logging_mixin.py:115} INFO - [2023-09-09 18:44:12,640] {dag.py:2972} INFO - Setting next_dagrun for data_cleaning_dag to 2023-09-02T00:00:00+00:00, run_after=2023-10-02T00:00:00+00:00
[2023-09-09 18:44:12,644] {processor.py:161} INFO - Processing /opt/airflow/dags/data_cleaning_dag/data_cleaning.py took 0.150 seconds
[2023-09-09 18:44:42,750] {processor.py:153} INFO - Started process (PID=529) to work on /opt/airflow/dags/data_cleaning_dag/data_cleaning.py
[2023-09-09 18:44:42,751] {processor.py:641} INFO - Processing file /opt/airflow/dags/data_cleaning_dag/data_cleaning.py for tasks to queue
[2023-09-09 18:44:42,751] {logging_mixin.py:115} INFO - [2023-09-09 18:44:42,751] {dagbag.py:508} INFO - Filling up the DagBag from /opt/airflow/dags/data_cleaning_dag/data_cleaning.py
[2023-09-09 18:44:42,887] {processor.py:651} INFO - DAG(s) dict_keys(['data_cleaning_dag']) retrieved from /opt/airflow/dags/data_cleaning_dag/data_cleaning.py
[2023-09-09 18:44:42,906] {logging_mixin.py:115} INFO - [2023-09-09 18:44:42,905] {dag.py:2420} INFO - Sync 1 DAGs
[2023-09-09 18:44:42,917] {logging_mixin.py:115} INFO - [2023-09-09 18:44:42,917] {dag.py:2972} INFO - Setting next_dagrun for data_cleaning_dag to 2023-09-02T00:00:00+00:00, run_after=2023-10-02T00:00:00+00:00
[2023-09-09 18:44:42,923] {processor.py:161} INFO - Processing /opt/airflow/dags/data_cleaning_dag/data_cleaning.py took 0.177 seconds
[2023-09-09 18:45:13,061] {processor.py:153} INFO - Started process (PID=592) to work on /opt/airflow/dags/data_cleaning_dag/data_cleaning.py
[2023-09-09 18:45:13,062] {processor.py:641} INFO - Processing file /opt/airflow/dags/data_cleaning_dag/data_cleaning.py for tasks to queue
[2023-09-09 18:45:13,063] {logging_mixin.py:115} INFO - [2023-09-09 18:45:13,063] {dagbag.py:508} INFO - Filling up the DagBag from /opt/airflow/dags/data_cleaning_dag/data_cleaning.py
[2023-09-09 18:45:13,198] {processor.py:651} INFO - DAG(s) dict_keys(['data_cleaning_dag']) retrieved from /opt/airflow/dags/data_cleaning_dag/data_cleaning.py
[2023-09-09 18:45:13,215] {logging_mixin.py:115} INFO - [2023-09-09 18:45:13,214] {dag.py:2420} INFO - Sync 1 DAGs
[2023-09-09 18:45:13,226] {logging_mixin.py:115} INFO - [2023-09-09 18:45:13,226] {dag.py:2972} INFO - Setting next_dagrun for data_cleaning_dag to 2023-09-02T00:00:00+00:00, run_after=2023-10-02T00:00:00+00:00
[2023-09-09 18:45:13,232] {processor.py:161} INFO - Processing /opt/airflow/dags/data_cleaning_dag/data_cleaning.py took 0.172 seconds
[2023-09-09 18:45:43,596] {processor.py:153} INFO - Started process (PID=645) to work on /opt/airflow/dags/data_cleaning_dag/data_cleaning.py
[2023-09-09 18:45:43,597] {processor.py:641} INFO - Processing file /opt/airflow/dags/data_cleaning_dag/data_cleaning.py for tasks to queue
[2023-09-09 18:45:43,598] {logging_mixin.py:115} INFO - [2023-09-09 18:45:43,598] {dagbag.py:508} INFO - Filling up the DagBag from /opt/airflow/dags/data_cleaning_dag/data_cleaning.py
[2023-09-09 18:45:43,724] {processor.py:651} INFO - DAG(s) dict_keys(['data_cleaning_dag']) retrieved from /opt/airflow/dags/data_cleaning_dag/data_cleaning.py
[2023-09-09 18:45:43,738] {logging_mixin.py:115} INFO - [2023-09-09 18:45:43,737] {dag.py:2420} INFO - Sync 1 DAGs
[2023-09-09 18:45:43,748] {logging_mixin.py:115} INFO - [2023-09-09 18:45:43,748] {dag.py:2972} INFO - Setting next_dagrun for data_cleaning_dag to 2023-09-02T00:00:00+00:00, run_after=2023-10-02T00:00:00+00:00
[2023-09-09 18:45:43,753] {processor.py:161} INFO - Processing /opt/airflow/dags/data_cleaning_dag/data_cleaning.py took 0.162 seconds
[2023-09-09 18:46:13,876] {processor.py:153} INFO - Started process (PID=706) to work on /opt/airflow/dags/data_cleaning_dag/data_cleaning.py
[2023-09-09 18:46:13,879] {processor.py:641} INFO - Processing file /opt/airflow/dags/data_cleaning_dag/data_cleaning.py for tasks to queue
[2023-09-09 18:46:13,880] {logging_mixin.py:115} INFO - [2023-09-09 18:46:13,880] {dagbag.py:508} INFO - Filling up the DagBag from /opt/airflow/dags/data_cleaning_dag/data_cleaning.py
[2023-09-09 18:46:14,039] {processor.py:651} INFO - DAG(s) dict_keys(['data_cleaning_dag']) retrieved from /opt/airflow/dags/data_cleaning_dag/data_cleaning.py
[2023-09-09 18:46:14,056] {logging_mixin.py:115} INFO - [2023-09-09 18:46:14,055] {dag.py:2420} INFO - Sync 1 DAGs
[2023-09-09 18:46:14,067] {logging_mixin.py:115} INFO - [2023-09-09 18:46:14,067] {dag.py:2972} INFO - Setting next_dagrun for data_cleaning_dag to 2023-09-02T00:00:00+00:00, run_after=2023-10-02T00:00:00+00:00
[2023-09-09 18:46:14,073] {processor.py:161} INFO - Processing /opt/airflow/dags/data_cleaning_dag/data_cleaning.py took 0.203 seconds
[2023-09-09 18:46:44,133] {processor.py:153} INFO - Started process (PID=769) to work on /opt/airflow/dags/data_cleaning_dag/data_cleaning.py
[2023-09-09 18:46:44,134] {processor.py:641} INFO - Processing file /opt/airflow/dags/data_cleaning_dag/data_cleaning.py for tasks to queue
[2023-09-09 18:46:44,135] {logging_mixin.py:115} INFO - [2023-09-09 18:46:44,135] {dagbag.py:508} INFO - Filling up the DagBag from /opt/airflow/dags/data_cleaning_dag/data_cleaning.py
[2023-09-09 18:46:44,263] {processor.py:651} INFO - DAG(s) dict_keys(['data_cleaning_dag']) retrieved from /opt/airflow/dags/data_cleaning_dag/data_cleaning.py
[2023-09-09 18:46:44,277] {logging_mixin.py:115} INFO - [2023-09-09 18:46:44,277] {dag.py:2420} INFO - Sync 1 DAGs
[2023-09-09 18:46:44,287] {logging_mixin.py:115} INFO - [2023-09-09 18:46:44,287] {dag.py:2972} INFO - Setting next_dagrun for data_cleaning_dag to 2023-09-02T00:00:00+00:00, run_after=2023-10-02T00:00:00+00:00
[2023-09-09 18:46:44,292] {processor.py:161} INFO - Processing /opt/airflow/dags/data_cleaning_dag/data_cleaning.py took 0.166 seconds
[2023-09-09 18:47:14,367] {processor.py:153} INFO - Started process (PID=832) to work on /opt/airflow/dags/data_cleaning_dag/data_cleaning.py
[2023-09-09 18:47:14,368] {processor.py:641} INFO - Processing file /opt/airflow/dags/data_cleaning_dag/data_cleaning.py for tasks to queue
[2023-09-09 18:47:14,369] {logging_mixin.py:115} INFO - [2023-09-09 18:47:14,369] {dagbag.py:508} INFO - Filling up the DagBag from /opt/airflow/dags/data_cleaning_dag/data_cleaning.py
[2023-09-09 18:47:14,535] {processor.py:651} INFO - DAG(s) dict_keys(['data_cleaning_dag']) retrieved from /opt/airflow/dags/data_cleaning_dag/data_cleaning.py
[2023-09-09 18:47:14,550] {logging_mixin.py:115} INFO - [2023-09-09 18:47:14,550] {dag.py:2420} INFO - Sync 1 DAGs
[2023-09-09 18:47:14,563] {logging_mixin.py:115} INFO - [2023-09-09 18:47:14,563] {dag.py:2972} INFO - Setting next_dagrun for data_cleaning_dag to 2023-09-02T00:00:00+00:00, run_after=2023-10-02T00:00:00+00:00
[2023-09-09 18:47:14,568] {processor.py:161} INFO - Processing /opt/airflow/dags/data_cleaning_dag/data_cleaning.py took 0.207 seconds
[2023-09-09 18:47:44,704] {processor.py:153} INFO - Started process (PID=895) to work on /opt/airflow/dags/data_cleaning_dag/data_cleaning.py
[2023-09-09 18:47:44,705] {processor.py:641} INFO - Processing file /opt/airflow/dags/data_cleaning_dag/data_cleaning.py for tasks to queue
[2023-09-09 18:47:44,705] {logging_mixin.py:115} INFO - [2023-09-09 18:47:44,705] {dagbag.py:508} INFO - Filling up the DagBag from /opt/airflow/dags/data_cleaning_dag/data_cleaning.py
[2023-09-09 18:47:44,815] {processor.py:651} INFO - DAG(s) dict_keys(['data_cleaning_dag']) retrieved from /opt/airflow/dags/data_cleaning_dag/data_cleaning.py
[2023-09-09 18:47:44,828] {logging_mixin.py:115} INFO - [2023-09-09 18:47:44,828] {dag.py:2420} INFO - Sync 1 DAGs
[2023-09-09 18:47:44,839] {logging_mixin.py:115} INFO - [2023-09-09 18:47:44,839] {dag.py:2972} INFO - Setting next_dagrun for data_cleaning_dag to 2023-09-02T00:00:00+00:00, run_after=2023-10-02T00:00:00+00:00
[2023-09-09 18:47:44,844] {processor.py:161} INFO - Processing /opt/airflow/dags/data_cleaning_dag/data_cleaning.py took 0.142 seconds
[2023-09-09 18:48:14,931] {processor.py:153} INFO - Started process (PID=950) to work on /opt/airflow/dags/data_cleaning_dag/data_cleaning.py
[2023-09-09 18:48:14,931] {processor.py:641} INFO - Processing file /opt/airflow/dags/data_cleaning_dag/data_cleaning.py for tasks to queue
[2023-09-09 18:48:14,932] {logging_mixin.py:115} INFO - [2023-09-09 18:48:14,932] {dagbag.py:508} INFO - Filling up the DagBag from /opt/airflow/dags/data_cleaning_dag/data_cleaning.py
[2023-09-09 18:48:15,053] {processor.py:651} INFO - DAG(s) dict_keys(['data_cleaning_dag']) retrieved from /opt/airflow/dags/data_cleaning_dag/data_cleaning.py
[2023-09-09 18:48:15,071] {logging_mixin.py:115} INFO - [2023-09-09 18:48:15,071] {dag.py:2420} INFO - Sync 1 DAGs
[2023-09-09 18:48:15,084] {logging_mixin.py:115} INFO - [2023-09-09 18:48:15,084] {dag.py:2972} INFO - Setting next_dagrun for data_cleaning_dag to 2023-09-02T00:00:00+00:00, run_after=2023-10-02T00:00:00+00:00
[2023-09-09 18:48:15,097] {processor.py:161} INFO - Processing /opt/airflow/dags/data_cleaning_dag/data_cleaning.py took 0.168 seconds
[2023-09-09 18:48:45,259] {processor.py:153} INFO - Started process (PID=1015) to work on /opt/airflow/dags/data_cleaning_dag/data_cleaning.py
[2023-09-09 18:48:45,259] {processor.py:641} INFO - Processing file /opt/airflow/dags/data_cleaning_dag/data_cleaning.py for tasks to queue
[2023-09-09 18:48:45,260] {logging_mixin.py:115} INFO - [2023-09-09 18:48:45,260] {dagbag.py:508} INFO - Filling up the DagBag from /opt/airflow/dags/data_cleaning_dag/data_cleaning.py
[2023-09-09 18:48:45,367] {processor.py:651} INFO - DAG(s) dict_keys(['data_cleaning_dag']) retrieved from /opt/airflow/dags/data_cleaning_dag/data_cleaning.py
[2023-09-09 18:48:45,380] {logging_mixin.py:115} INFO - [2023-09-09 18:48:45,379] {dag.py:2420} INFO - Sync 1 DAGs
[2023-09-09 18:48:45,390] {logging_mixin.py:115} INFO - [2023-09-09 18:48:45,390] {dag.py:2972} INFO - Setting next_dagrun for data_cleaning_dag to 2023-09-02T00:00:00+00:00, run_after=2023-10-02T00:00:00+00:00
[2023-09-09 18:48:45,395] {processor.py:161} INFO - Processing /opt/airflow/dags/data_cleaning_dag/data_cleaning.py took 0.138 seconds
[2023-09-09 18:57:33,036] {processor.py:153} INFO - Started process (PID=34) to work on /opt/airflow/dags/data_cleaning_dag/data_cleaning.py
[2023-09-09 18:57:33,041] {processor.py:641} INFO - Processing file /opt/airflow/dags/data_cleaning_dag/data_cleaning.py for tasks to queue
[2023-09-09 18:57:33,043] {logging_mixin.py:115} INFO - [2023-09-09 18:57:33,042] {dagbag.py:508} INFO - Filling up the DagBag from /opt/airflow/dags/data_cleaning_dag/data_cleaning.py
[2023-09-09 18:57:33,597] {processor.py:651} INFO - DAG(s) dict_keys(['data_cleaning_dag']) retrieved from /opt/airflow/dags/data_cleaning_dag/data_cleaning.py
[2023-09-09 18:57:33,638] {logging_mixin.py:115} INFO - [2023-09-09 18:57:33,637] {dag.py:2420} INFO - Sync 1 DAGs
[2023-09-09 18:57:33,648] {logging_mixin.py:115} INFO - [2023-09-09 18:57:33,648] {dag.py:2972} INFO - Setting next_dagrun for data_cleaning_dag to 2023-09-09T18:56:33.648401+00:00, run_after=2023-09-09T18:57:33.648401+00:00
[2023-09-09 18:57:33,658] {processor.py:161} INFO - Processing /opt/airflow/dags/data_cleaning_dag/data_cleaning.py took 0.624 seconds
[2023-09-09 18:58:03,834] {processor.py:153} INFO - Started process (PID=97) to work on /opt/airflow/dags/data_cleaning_dag/data_cleaning.py
[2023-09-09 18:58:03,835] {processor.py:641} INFO - Processing file /opt/airflow/dags/data_cleaning_dag/data_cleaning.py for tasks to queue
[2023-09-09 18:58:03,837] {logging_mixin.py:115} INFO - [2023-09-09 18:58:03,837] {dagbag.py:508} INFO - Filling up the DagBag from /opt/airflow/dags/data_cleaning_dag/data_cleaning.py
[2023-09-09 18:58:04,008] {processor.py:651} INFO - DAG(s) dict_keys(['data_cleaning_dag']) retrieved from /opt/airflow/dags/data_cleaning_dag/data_cleaning.py
[2023-09-09 18:58:04,023] {logging_mixin.py:115} INFO - [2023-09-09 18:58:04,022] {dag.py:2420} INFO - Sync 1 DAGs
[2023-09-09 18:58:04,034] {logging_mixin.py:115} INFO - [2023-09-09 18:58:04,034] {dag.py:2972} INFO - Setting next_dagrun for data_cleaning_dag to 2023-09-09T18:57:04.034008+00:00, run_after=2023-09-09T18:58:04.034008+00:00
[2023-09-09 18:58:04,039] {processor.py:161} INFO - Processing /opt/airflow/dags/data_cleaning_dag/data_cleaning.py took 0.213 seconds
[2023-09-09 18:58:34,219] {processor.py:153} INFO - Started process (PID=160) to work on /opt/airflow/dags/data_cleaning_dag/data_cleaning.py
[2023-09-09 18:58:34,220] {processor.py:641} INFO - Processing file /opt/airflow/dags/data_cleaning_dag/data_cleaning.py for tasks to queue
[2023-09-09 18:58:34,225] {logging_mixin.py:115} INFO - [2023-09-09 18:58:34,225] {dagbag.py:508} INFO - Filling up the DagBag from /opt/airflow/dags/data_cleaning_dag/data_cleaning.py
[2023-09-09 18:58:34,386] {processor.py:651} INFO - DAG(s) dict_keys(['data_cleaning_dag']) retrieved from /opt/airflow/dags/data_cleaning_dag/data_cleaning.py
[2023-09-09 18:58:34,400] {logging_mixin.py:115} INFO - [2023-09-09 18:58:34,399] {dag.py:2420} INFO - Sync 1 DAGs
[2023-09-09 18:58:34,410] {logging_mixin.py:115} INFO - [2023-09-09 18:58:34,410] {dag.py:2972} INFO - Setting next_dagrun for data_cleaning_dag to 2023-09-09T18:57:34.410297+00:00, run_after=2023-09-09T18:58:34.410297+00:00
[2023-09-09 18:58:34,415] {processor.py:161} INFO - Processing /opt/airflow/dags/data_cleaning_dag/data_cleaning.py took 0.200 seconds
[2023-09-09 18:59:04,473] {processor.py:153} INFO - Started process (PID=222) to work on /opt/airflow/dags/data_cleaning_dag/data_cleaning.py
[2023-09-09 18:59:04,474] {processor.py:641} INFO - Processing file /opt/airflow/dags/data_cleaning_dag/data_cleaning.py for tasks to queue
[2023-09-09 18:59:04,474] {logging_mixin.py:115} INFO - [2023-09-09 18:59:04,474] {dagbag.py:508} INFO - Filling up the DagBag from /opt/airflow/dags/data_cleaning_dag/data_cleaning.py
[2023-09-09 18:59:04,619] {processor.py:651} INFO - DAG(s) dict_keys(['data_cleaning_dag']) retrieved from /opt/airflow/dags/data_cleaning_dag/data_cleaning.py
[2023-09-09 18:59:04,636] {logging_mixin.py:115} INFO - [2023-09-09 18:59:04,635] {dag.py:2420} INFO - Sync 1 DAGs
[2023-09-09 18:59:04,648] {logging_mixin.py:115} INFO - [2023-09-09 18:59:04,648] {dag.py:2972} INFO - Setting next_dagrun for data_cleaning_dag to 2023-09-09T18:58:04.648319+00:00, run_after=2023-09-09T18:59:04.648319+00:00
[2023-09-09 18:59:04,654] {processor.py:161} INFO - Processing /opt/airflow/dags/data_cleaning_dag/data_cleaning.py took 0.184 seconds
[2023-09-09 18:59:34,824] {processor.py:153} INFO - Started process (PID=276) to work on /opt/airflow/dags/data_cleaning_dag/data_cleaning.py
[2023-09-09 18:59:34,825] {processor.py:641} INFO - Processing file /opt/airflow/dags/data_cleaning_dag/data_cleaning.py for tasks to queue
[2023-09-09 18:59:34,826] {logging_mixin.py:115} INFO - [2023-09-09 18:59:34,826] {dagbag.py:508} INFO - Filling up the DagBag from /opt/airflow/dags/data_cleaning_dag/data_cleaning.py
[2023-09-09 18:59:35,008] {processor.py:651} INFO - DAG(s) dict_keys(['data_cleaning_dag']) retrieved from /opt/airflow/dags/data_cleaning_dag/data_cleaning.py
[2023-09-09 18:59:35,025] {logging_mixin.py:115} INFO - [2023-09-09 18:59:35,024] {dag.py:2420} INFO - Sync 1 DAGs
[2023-09-09 18:59:35,036] {logging_mixin.py:115} INFO - [2023-09-09 18:59:35,036] {dag.py:2972} INFO - Setting next_dagrun for data_cleaning_dag to 2023-09-09T18:58:35.036652+00:00, run_after=2023-09-09T18:59:35.036652+00:00
[2023-09-09 18:59:35,042] {processor.py:161} INFO - Processing /opt/airflow/dags/data_cleaning_dag/data_cleaning.py took 0.224 seconds
[2023-09-09 19:00:05,174] {processor.py:153} INFO - Started process (PID=338) to work on /opt/airflow/dags/data_cleaning_dag/data_cleaning.py
[2023-09-09 19:00:05,175] {processor.py:641} INFO - Processing file /opt/airflow/dags/data_cleaning_dag/data_cleaning.py for tasks to queue
[2023-09-09 19:00:05,176] {logging_mixin.py:115} INFO - [2023-09-09 19:00:05,176] {dagbag.py:508} INFO - Filling up the DagBag from /opt/airflow/dags/data_cleaning_dag/data_cleaning.py
[2023-09-09 19:00:05,339] {processor.py:651} INFO - DAG(s) dict_keys(['data_cleaning_dag']) retrieved from /opt/airflow/dags/data_cleaning_dag/data_cleaning.py
[2023-09-09 19:00:05,352] {logging_mixin.py:115} INFO - [2023-09-09 19:00:05,352] {dag.py:2420} INFO - Sync 1 DAGs
[2023-09-09 19:00:05,363] {logging_mixin.py:115} INFO - [2023-09-09 19:00:05,363] {dag.py:2972} INFO - Setting next_dagrun for data_cleaning_dag to 2023-09-09T18:59:35.036652+00:00, run_after=2023-09-09T19:00:35.036652+00:00
[2023-09-09 19:00:05,368] {processor.py:161} INFO - Processing /opt/airflow/dags/data_cleaning_dag/data_cleaning.py took 0.202 seconds
[2023-09-09 19:00:35,473] {processor.py:153} INFO - Started process (PID=402) to work on /opt/airflow/dags/data_cleaning_dag/data_cleaning.py
[2023-09-09 19:00:35,475] {processor.py:641} INFO - Processing file /opt/airflow/dags/data_cleaning_dag/data_cleaning.py for tasks to queue
[2023-09-09 19:00:35,476] {logging_mixin.py:115} INFO - [2023-09-09 19:00:35,476] {dagbag.py:508} INFO - Filling up the DagBag from /opt/airflow/dags/data_cleaning_dag/data_cleaning.py
[2023-09-09 19:00:35,678] {processor.py:651} INFO - DAG(s) dict_keys(['data_cleaning_dag']) retrieved from /opt/airflow/dags/data_cleaning_dag/data_cleaning.py
[2023-09-09 19:00:35,712] {logging_mixin.py:115} INFO - [2023-09-09 19:00:35,711] {dag.py:2420} INFO - Sync 1 DAGs
[2023-09-09 19:00:35,725] {logging_mixin.py:115} INFO - [2023-09-09 19:00:35,725] {dag.py:2972} INFO - Setting next_dagrun for data_cleaning_dag to 2023-09-09T19:00:35.036652+00:00, run_after=2023-09-09T19:01:35.036652+00:00
[2023-09-09 19:00:35,731] {processor.py:161} INFO - Processing /opt/airflow/dags/data_cleaning_dag/data_cleaning.py took 0.262 seconds
[2023-09-09 19:01:05,773] {processor.py:153} INFO - Started process (PID=466) to work on /opt/airflow/dags/data_cleaning_dag/data_cleaning.py
[2023-09-09 19:01:05,775] {processor.py:641} INFO - Processing file /opt/airflow/dags/data_cleaning_dag/data_cleaning.py for tasks to queue
[2023-09-09 19:01:05,776] {logging_mixin.py:115} INFO - [2023-09-09 19:01:05,776] {dagbag.py:508} INFO - Filling up the DagBag from /opt/airflow/dags/data_cleaning_dag/data_cleaning.py
[2023-09-09 19:01:05,903] {processor.py:651} INFO - DAG(s) dict_keys(['data_cleaning_dag']) retrieved from /opt/airflow/dags/data_cleaning_dag/data_cleaning.py
[2023-09-09 19:01:05,916] {logging_mixin.py:115} INFO - [2023-09-09 19:01:05,916] {dag.py:2420} INFO - Sync 1 DAGs
[2023-09-09 19:01:05,927] {logging_mixin.py:115} INFO - [2023-09-09 19:01:05,927] {dag.py:2972} INFO - Setting next_dagrun for data_cleaning_dag to 2023-09-09T19:00:35.036652+00:00, run_after=2023-09-09T19:01:35.036652+00:00
[2023-09-09 19:01:05,932] {processor.py:161} INFO - Processing /opt/airflow/dags/data_cleaning_dag/data_cleaning.py took 0.164 seconds
[2023-09-09 19:01:36,026] {processor.py:153} INFO - Started process (PID=531) to work on /opt/airflow/dags/data_cleaning_dag/data_cleaning.py
[2023-09-09 19:01:36,026] {processor.py:641} INFO - Processing file /opt/airflow/dags/data_cleaning_dag/data_cleaning.py for tasks to queue
[2023-09-09 19:01:36,027] {logging_mixin.py:115} INFO - [2023-09-09 19:01:36,027] {dagbag.py:508} INFO - Filling up the DagBag from /opt/airflow/dags/data_cleaning_dag/data_cleaning.py
[2023-09-09 19:01:36,147] {processor.py:651} INFO - DAG(s) dict_keys(['data_cleaning_dag']) retrieved from /opt/airflow/dags/data_cleaning_dag/data_cleaning.py
[2023-09-09 19:01:36,162] {logging_mixin.py:115} INFO - [2023-09-09 19:01:36,161] {dag.py:2420} INFO - Sync 1 DAGs
[2023-09-09 19:01:36,175] {logging_mixin.py:115} INFO - [2023-09-09 19:01:36,175] {dag.py:2972} INFO - Setting next_dagrun for data_cleaning_dag to 2023-09-09T19:00:36.175166+00:00, run_after=2023-09-09T19:01:36.175166+00:00
[2023-09-09 19:01:36,180] {processor.py:161} INFO - Processing /opt/airflow/dags/data_cleaning_dag/data_cleaning.py took 0.157 seconds
[2023-09-09 19:02:06,308] {processor.py:153} INFO - Started process (PID=583) to work on /opt/airflow/dags/data_cleaning_dag/data_cleaning.py
[2023-09-09 19:02:06,309] {processor.py:641} INFO - Processing file /opt/airflow/dags/data_cleaning_dag/data_cleaning.py for tasks to queue
[2023-09-09 19:02:06,310] {logging_mixin.py:115} INFO - [2023-09-09 19:02:06,310] {dagbag.py:508} INFO - Filling up the DagBag from /opt/airflow/dags/data_cleaning_dag/data_cleaning.py
[2023-09-09 19:02:06,469] {processor.py:651} INFO - DAG(s) dict_keys(['data_cleaning_dag']) retrieved from /opt/airflow/dags/data_cleaning_dag/data_cleaning.py
[2023-09-09 19:02:06,488] {logging_mixin.py:115} INFO - [2023-09-09 19:02:06,487] {dag.py:2420} INFO - Sync 1 DAGs
[2023-09-09 19:02:06,503] {logging_mixin.py:115} INFO - [2023-09-09 19:02:06,503] {dag.py:2972} INFO - Setting next_dagrun for data_cleaning_dag to 2023-09-09T19:01:06.503325+00:00, run_after=2023-09-09T19:02:06.503325+00:00
[2023-09-09 19:02:06,511] {processor.py:161} INFO - Processing /opt/airflow/dags/data_cleaning_dag/data_cleaning.py took 0.209 seconds
[2023-09-09 19:02:11,866] {processor.py:153} INFO - Started process (PID=628) to work on /opt/airflow/dags/data_cleaning_dag/data_cleaning.py
[2023-09-09 19:02:11,868] {processor.py:641} INFO - Processing file /opt/airflow/dags/data_cleaning_dag/data_cleaning.py for tasks to queue
[2023-09-09 19:02:11,869] {logging_mixin.py:115} INFO - [2023-09-09 19:02:11,869] {dagbag.py:508} INFO - Filling up the DagBag from /opt/airflow/dags/data_cleaning_dag/data_cleaning.py
[2023-09-09 19:02:11,998] {processor.py:651} INFO - DAG(s) dict_keys(['data_cleaning_dag']) retrieved from /opt/airflow/dags/data_cleaning_dag/data_cleaning.py
[2023-09-09 19:02:12,015] {logging_mixin.py:115} INFO - [2023-09-09 19:02:12,014] {dag.py:2420} INFO - Sync 1 DAGs
[2023-09-09 19:02:12,026] {logging_mixin.py:115} INFO - [2023-09-09 19:02:12,026] {dag.py:2972} INFO - Setting next_dagrun for data_cleaning_dag to 2023-09-09T19:01:12.026372+00:00, run_after=2023-09-09T19:02:12.026372+00:00
[2023-09-09 19:02:12,033] {processor.py:161} INFO - Processing /opt/airflow/dags/data_cleaning_dag/data_cleaning.py took 0.173 seconds
[2023-09-09 19:02:27,957] {processor.py:153} INFO - Started process (PID=639) to work on /opt/airflow/dags/data_cleaning_dag/data_cleaning.py
[2023-09-09 19:02:27,960] {processor.py:641} INFO - Processing file /opt/airflow/dags/data_cleaning_dag/data_cleaning.py for tasks to queue
[2023-09-09 19:02:27,962] {logging_mixin.py:115} INFO - [2023-09-09 19:02:27,961] {dagbag.py:508} INFO - Filling up the DagBag from /opt/airflow/dags/data_cleaning_dag/data_cleaning.py
[2023-09-09 19:02:28,115] {processor.py:651} INFO - DAG(s) dict_keys(['data_cleaning_dag']) retrieved from /opt/airflow/dags/data_cleaning_dag/data_cleaning.py
[2023-09-09 19:02:28,132] {logging_mixin.py:115} INFO - [2023-09-09 19:02:28,132] {dag.py:2420} INFO - Sync 1 DAGs
[2023-09-09 19:02:28,144] {logging_mixin.py:115} INFO - [2023-09-09 19:02:28,144] {dag.py:2972} INFO - Setting next_dagrun for data_cleaning_dag to 2023-09-09T19:01:28.144173+00:00, run_after=2023-09-09T19:02:28.144173+00:00
[2023-09-09 19:02:28,152] {processor.py:161} INFO - Processing /opt/airflow/dags/data_cleaning_dag/data_cleaning.py took 0.206 seconds
[2023-09-09 19:02:37,255] {processor.py:153} INFO - Started process (PID=650) to work on /opt/airflow/dags/data_cleaning_dag/data_cleaning.py
[2023-09-09 19:02:37,257] {processor.py:641} INFO - Processing file /opt/airflow/dags/data_cleaning_dag/data_cleaning.py for tasks to queue
[2023-09-09 19:02:37,258] {logging_mixin.py:115} INFO - [2023-09-09 19:02:37,258] {dagbag.py:508} INFO - Filling up the DagBag from /opt/airflow/dags/data_cleaning_dag/data_cleaning.py
[2023-09-09 19:02:37,386] {processor.py:651} INFO - DAG(s) dict_keys(['data_cleaning_dag']) retrieved from /opt/airflow/dags/data_cleaning_dag/data_cleaning.py
[2023-09-09 19:02:37,400] {logging_mixin.py:115} INFO - [2023-09-09 19:02:37,399] {dag.py:2420} INFO - Sync 1 DAGs
[2023-09-09 19:02:37,410] {logging_mixin.py:115} INFO - [2023-09-09 19:02:37,410] {dag.py:2972} INFO - Setting next_dagrun for data_cleaning_dag to 2023-09-09T19:01:37.410795+00:00, run_after=2023-09-09T19:02:37.410795+00:00
[2023-09-09 19:02:37,417] {processor.py:161} INFO - Processing /opt/airflow/dags/data_cleaning_dag/data_cleaning.py took 0.167 seconds
[2023-09-09 19:03:34,296] {processor.py:153} INFO - Started process (PID=34) to work on /opt/airflow/dags/data_cleaning_dag/data_cleaning.py
[2023-09-09 19:03:34,296] {processor.py:641} INFO - Processing file /opt/airflow/dags/data_cleaning_dag/data_cleaning.py for tasks to queue
[2023-09-09 19:03:34,297] {logging_mixin.py:115} INFO - [2023-09-09 19:03:34,297] {dagbag.py:508} INFO - Filling up the DagBag from /opt/airflow/dags/data_cleaning_dag/data_cleaning.py
[2023-09-09 19:03:35,013] {processor.py:651} INFO - DAG(s) dict_keys(['data_cleaning_dag']) retrieved from /opt/airflow/dags/data_cleaning_dag/data_cleaning.py
[2023-09-09 19:03:35,029] {logging_mixin.py:115} INFO - [2023-09-09 19:03:35,029] {dag.py:2420} INFO - Sync 1 DAGs
[2023-09-09 19:03:35,043] {logging_mixin.py:115} INFO - [2023-09-09 19:03:35,043] {dag.py:2972} INFO - Setting next_dagrun for data_cleaning_dag to 2023-09-09T19:02:35.043543+00:00, run_after=2023-09-09T19:03:35.043543+00:00
[2023-09-09 19:03:35,054] {processor.py:161} INFO - Processing /opt/airflow/dags/data_cleaning_dag/data_cleaning.py took 0.761 seconds
[2023-09-09 19:04:05,141] {processor.py:153} INFO - Started process (PID=101) to work on /opt/airflow/dags/data_cleaning_dag/data_cleaning.py
[2023-09-09 19:04:05,142] {processor.py:641} INFO - Processing file /opt/airflow/dags/data_cleaning_dag/data_cleaning.py for tasks to queue
[2023-09-09 19:04:05,142] {logging_mixin.py:115} INFO - [2023-09-09 19:04:05,142] {dagbag.py:508} INFO - Filling up the DagBag from /opt/airflow/dags/data_cleaning_dag/data_cleaning.py
[2023-09-09 19:04:05,258] {processor.py:651} INFO - DAG(s) dict_keys(['data_cleaning_dag']) retrieved from /opt/airflow/dags/data_cleaning_dag/data_cleaning.py
[2023-09-09 19:04:05,272] {logging_mixin.py:115} INFO - [2023-09-09 19:04:05,272] {dag.py:2420} INFO - Sync 1 DAGs
[2023-09-09 19:04:05,282] {logging_mixin.py:115} INFO - [2023-09-09 19:04:05,282] {dag.py:2972} INFO - Setting next_dagrun for data_cleaning_dag to 2023-09-09T19:03:05.281994+00:00, run_after=2023-09-09T19:04:05.281994+00:00
[2023-09-09 19:04:05,287] {processor.py:161} INFO - Processing /opt/airflow/dags/data_cleaning_dag/data_cleaning.py took 0.147 seconds
[2023-09-09 19:04:35,466] {processor.py:153} INFO - Started process (PID=159) to work on /opt/airflow/dags/data_cleaning_dag/data_cleaning.py
[2023-09-09 19:04:35,467] {processor.py:641} INFO - Processing file /opt/airflow/dags/data_cleaning_dag/data_cleaning.py for tasks to queue
[2023-09-09 19:04:35,469] {logging_mixin.py:115} INFO - [2023-09-09 19:04:35,469] {dagbag.py:508} INFO - Filling up the DagBag from /opt/airflow/dags/data_cleaning_dag/data_cleaning.py
[2023-09-09 19:04:35,602] {processor.py:651} INFO - DAG(s) dict_keys(['data_cleaning_dag']) retrieved from /opt/airflow/dags/data_cleaning_dag/data_cleaning.py
[2023-09-09 19:04:35,615] {logging_mixin.py:115} INFO - [2023-09-09 19:04:35,615] {dag.py:2420} INFO - Sync 1 DAGs
[2023-09-09 19:04:35,626] {logging_mixin.py:115} INFO - [2023-09-09 19:04:35,626] {dag.py:2972} INFO - Setting next_dagrun for data_cleaning_dag to 2023-09-09T19:03:35.626060+00:00, run_after=2023-09-09T19:04:35.626060+00:00
[2023-09-09 19:04:35,631] {processor.py:161} INFO - Processing /opt/airflow/dags/data_cleaning_dag/data_cleaning.py took 0.171 seconds
[2023-09-09 19:05:05,735] {processor.py:153} INFO - Started process (PID=223) to work on /opt/airflow/dags/data_cleaning_dag/data_cleaning.py
[2023-09-09 19:05:05,736] {processor.py:641} INFO - Processing file /opt/airflow/dags/data_cleaning_dag/data_cleaning.py for tasks to queue
[2023-09-09 19:05:05,736] {logging_mixin.py:115} INFO - [2023-09-09 19:05:05,736] {dagbag.py:508} INFO - Filling up the DagBag from /opt/airflow/dags/data_cleaning_dag/data_cleaning.py
[2023-09-09 19:05:05,887] {processor.py:651} INFO - DAG(s) dict_keys(['data_cleaning_dag']) retrieved from /opt/airflow/dags/data_cleaning_dag/data_cleaning.py
[2023-09-09 19:05:05,903] {logging_mixin.py:115} INFO - [2023-09-09 19:05:05,902] {dag.py:2420} INFO - Sync 1 DAGs
[2023-09-09 19:05:05,914] {logging_mixin.py:115} INFO - [2023-09-09 19:05:05,914] {dag.py:2972} INFO - Setting next_dagrun for data_cleaning_dag to 2023-09-09T19:04:05.913933+00:00, run_after=2023-09-09T19:05:05.913933+00:00
[2023-09-09 19:05:05,918] {processor.py:161} INFO - Processing /opt/airflow/dags/data_cleaning_dag/data_cleaning.py took 0.186 seconds
[2023-09-09 19:05:36,064] {processor.py:153} INFO - Started process (PID=277) to work on /opt/airflow/dags/data_cleaning_dag/data_cleaning.py
[2023-09-09 19:05:36,066] {processor.py:641} INFO - Processing file /opt/airflow/dags/data_cleaning_dag/data_cleaning.py for tasks to queue
[2023-09-09 19:05:36,067] {logging_mixin.py:115} INFO - [2023-09-09 19:05:36,067] {dagbag.py:508} INFO - Filling up the DagBag from /opt/airflow/dags/data_cleaning_dag/data_cleaning.py
[2023-09-09 19:05:36,196] {processor.py:651} INFO - DAG(s) dict_keys(['data_cleaning_dag']) retrieved from /opt/airflow/dags/data_cleaning_dag/data_cleaning.py
[2023-09-09 19:05:36,210] {logging_mixin.py:115} INFO - [2023-09-09 19:05:36,210] {dag.py:2420} INFO - Sync 1 DAGs
[2023-09-09 19:05:36,220] {logging_mixin.py:115} INFO - [2023-09-09 19:05:36,220] {dag.py:2972} INFO - Setting next_dagrun for data_cleaning_dag to 2023-09-09T19:04:36.220571+00:00, run_after=2023-09-09T19:05:36.220571+00:00
[2023-09-09 19:05:36,225] {processor.py:161} INFO - Processing /opt/airflow/dags/data_cleaning_dag/data_cleaning.py took 0.166 seconds
[2023-09-09 19:06:06,359] {processor.py:153} INFO - Started process (PID=339) to work on /opt/airflow/dags/data_cleaning_dag/data_cleaning.py
[2023-09-09 19:06:06,360] {processor.py:641} INFO - Processing file /opt/airflow/dags/data_cleaning_dag/data_cleaning.py for tasks to queue
[2023-09-09 19:06:06,361] {logging_mixin.py:115} INFO - [2023-09-09 19:06:06,361] {dagbag.py:508} INFO - Filling up the DagBag from /opt/airflow/dags/data_cleaning_dag/data_cleaning.py
[2023-09-09 19:06:06,504] {processor.py:651} INFO - DAG(s) dict_keys(['data_cleaning_dag']) retrieved from /opt/airflow/dags/data_cleaning_dag/data_cleaning.py
[2023-09-09 19:06:06,518] {logging_mixin.py:115} INFO - [2023-09-09 19:06:06,517] {dag.py:2420} INFO - Sync 1 DAGs
[2023-09-09 19:06:06,528] {logging_mixin.py:115} INFO - [2023-09-09 19:06:06,528] {dag.py:2972} INFO - Setting next_dagrun for data_cleaning_dag to 2023-09-09T19:05:06.528590+00:00, run_after=2023-09-09T19:06:06.528590+00:00
[2023-09-09 19:06:06,533] {processor.py:161} INFO - Processing /opt/airflow/dags/data_cleaning_dag/data_cleaning.py took 0.181 seconds
[2023-09-09 19:06:36,737] {processor.py:153} INFO - Started process (PID=402) to work on /opt/airflow/dags/data_cleaning_dag/data_cleaning.py
[2023-09-09 19:06:36,739] {processor.py:641} INFO - Processing file /opt/airflow/dags/data_cleaning_dag/data_cleaning.py for tasks to queue
[2023-09-09 19:06:36,741] {logging_mixin.py:115} INFO - [2023-09-09 19:06:36,740] {dagbag.py:508} INFO - Filling up the DagBag from /opt/airflow/dags/data_cleaning_dag/data_cleaning.py
[2023-09-09 19:06:36,868] {processor.py:651} INFO - DAG(s) dict_keys(['data_cleaning_dag']) retrieved from /opt/airflow/dags/data_cleaning_dag/data_cleaning.py
[2023-09-09 19:06:36,882] {logging_mixin.py:115} INFO - [2023-09-09 19:06:36,881] {dag.py:2420} INFO - Sync 1 DAGs
[2023-09-09 19:06:36,891] {logging_mixin.py:115} INFO - [2023-09-09 19:06:36,891] {dag.py:2972} INFO - Setting next_dagrun for data_cleaning_dag to 2023-09-09T19:05:36.891734+00:00, run_after=2023-09-09T19:06:36.891734+00:00
[2023-09-09 19:06:36,896] {processor.py:161} INFO - Processing /opt/airflow/dags/data_cleaning_dag/data_cleaning.py took 0.165 seconds
[2023-09-09 19:07:07,031] {processor.py:153} INFO - Started process (PID=465) to work on /opt/airflow/dags/data_cleaning_dag/data_cleaning.py
[2023-09-09 19:07:07,033] {processor.py:641} INFO - Processing file /opt/airflow/dags/data_cleaning_dag/data_cleaning.py for tasks to queue
[2023-09-09 19:07:07,034] {logging_mixin.py:115} INFO - [2023-09-09 19:07:07,034] {dagbag.py:508} INFO - Filling up the DagBag from /opt/airflow/dags/data_cleaning_dag/data_cleaning.py
[2023-09-09 19:07:07,169] {processor.py:651} INFO - DAG(s) dict_keys(['data_cleaning_dag']) retrieved from /opt/airflow/dags/data_cleaning_dag/data_cleaning.py
[2023-09-09 19:07:07,183] {logging_mixin.py:115} INFO - [2023-09-09 19:07:07,183] {dag.py:2420} INFO - Sync 1 DAGs
[2023-09-09 19:07:07,194] {logging_mixin.py:115} INFO - [2023-09-09 19:07:07,194] {dag.py:2972} INFO - Setting next_dagrun for data_cleaning_dag to 2023-09-09T19:06:07.194087+00:00, run_after=2023-09-09T19:07:07.194087+00:00
[2023-09-09 19:07:07,199] {processor.py:161} INFO - Processing /opt/airflow/dags/data_cleaning_dag/data_cleaning.py took 0.175 seconds
[2023-09-09 19:07:37,330] {processor.py:153} INFO - Started process (PID=528) to work on /opt/airflow/dags/data_cleaning_dag/data_cleaning.py
[2023-09-09 19:07:37,331] {processor.py:641} INFO - Processing file /opt/airflow/dags/data_cleaning_dag/data_cleaning.py for tasks to queue
[2023-09-09 19:07:37,332] {logging_mixin.py:115} INFO - [2023-09-09 19:07:37,332] {dagbag.py:508} INFO - Filling up the DagBag from /opt/airflow/dags/data_cleaning_dag/data_cleaning.py
[2023-09-09 19:07:37,496] {processor.py:651} INFO - DAG(s) dict_keys(['data_cleaning_dag']) retrieved from /opt/airflow/dags/data_cleaning_dag/data_cleaning.py
[2023-09-09 19:07:37,511] {logging_mixin.py:115} INFO - [2023-09-09 19:07:37,510] {dag.py:2420} INFO - Sync 1 DAGs
[2023-09-09 19:07:37,521] {logging_mixin.py:115} INFO - [2023-09-09 19:07:37,521] {dag.py:2972} INFO - Setting next_dagrun for data_cleaning_dag to 2023-09-09T19:06:37.520888+00:00, run_after=2023-09-09T19:07:37.520888+00:00
[2023-09-09 19:07:37,525] {processor.py:161} INFO - Processing /opt/airflow/dags/data_cleaning_dag/data_cleaning.py took 0.201 seconds
[2023-09-09 19:08:07,705] {processor.py:153} INFO - Started process (PID=591) to work on /opt/airflow/dags/data_cleaning_dag/data_cleaning.py
[2023-09-09 19:08:07,706] {processor.py:641} INFO - Processing file /opt/airflow/dags/data_cleaning_dag/data_cleaning.py for tasks to queue
[2023-09-09 19:08:07,737] {logging_mixin.py:115} INFO - [2023-09-09 19:08:07,737] {dagbag.py:508} INFO - Filling up the DagBag from /opt/airflow/dags/data_cleaning_dag/data_cleaning.py
[2023-09-09 19:08:07,985] {processor.py:651} INFO - DAG(s) dict_keys(['data_cleaning_dag']) retrieved from /opt/airflow/dags/data_cleaning_dag/data_cleaning.py
[2023-09-09 19:08:08,004] {logging_mixin.py:115} INFO - [2023-09-09 19:08:08,003] {dag.py:2420} INFO - Sync 1 DAGs
[2023-09-09 19:08:08,016] {logging_mixin.py:115} INFO - [2023-09-09 19:08:08,016] {dag.py:2972} INFO - Setting next_dagrun for data_cleaning_dag to 2023-09-09T19:07:37.520888+00:00, run_after=2023-09-09T19:08:37.520888+00:00
[2023-09-09 19:08:08,023] {processor.py:161} INFO - Processing /opt/airflow/dags/data_cleaning_dag/data_cleaning.py took 0.327 seconds
[2023-09-09 19:08:38,488] {processor.py:153} INFO - Started process (PID=644) to work on /opt/airflow/dags/data_cleaning_dag/data_cleaning.py
[2023-09-09 19:08:38,489] {processor.py:641} INFO - Processing file /opt/airflow/dags/data_cleaning_dag/data_cleaning.py for tasks to queue
[2023-09-09 19:08:38,490] {logging_mixin.py:115} INFO - [2023-09-09 19:08:38,490] {dagbag.py:508} INFO - Filling up the DagBag from /opt/airflow/dags/data_cleaning_dag/data_cleaning.py
[2023-09-09 19:08:38,689] {processor.py:651} INFO - DAG(s) dict_keys(['data_cleaning_dag']) retrieved from /opt/airflow/dags/data_cleaning_dag/data_cleaning.py
[2023-09-09 19:08:38,708] {logging_mixin.py:115} INFO - [2023-09-09 19:08:38,706] {dag.py:2420} INFO - Sync 1 DAGs
[2023-09-09 19:08:38,723] {logging_mixin.py:115} INFO - [2023-09-09 19:08:38,723] {dag.py:2972} INFO - Setting next_dagrun for data_cleaning_dag to 2023-09-09T19:07:38.723402+00:00, run_after=2023-09-09T19:08:38.723402+00:00
[2023-09-09 19:08:38,729] {processor.py:161} INFO - Processing /opt/airflow/dags/data_cleaning_dag/data_cleaning.py took 0.245 seconds
[2023-09-09 19:09:08,831] {processor.py:153} INFO - Started process (PID=707) to work on /opt/airflow/dags/data_cleaning_dag/data_cleaning.py
[2023-09-09 19:09:08,833] {processor.py:641} INFO - Processing file /opt/airflow/dags/data_cleaning_dag/data_cleaning.py for tasks to queue
[2023-09-09 19:09:08,835] {logging_mixin.py:115} INFO - [2023-09-09 19:09:08,835] {dagbag.py:508} INFO - Filling up the DagBag from /opt/airflow/dags/data_cleaning_dag/data_cleaning.py
[2023-09-09 19:09:09,014] {processor.py:651} INFO - DAG(s) dict_keys(['data_cleaning_dag']) retrieved from /opt/airflow/dags/data_cleaning_dag/data_cleaning.py
[2023-09-09 19:09:09,046] {logging_mixin.py:115} INFO - [2023-09-09 19:09:09,045] {dag.py:2420} INFO - Sync 1 DAGs
[2023-09-09 19:09:09,057] {logging_mixin.py:115} INFO - [2023-09-09 19:09:09,057] {dag.py:2972} INFO - Setting next_dagrun for data_cleaning_dag to 2023-09-09T19:08:09.057715+00:00, run_after=2023-09-09T19:09:09.057715+00:00
[2023-09-09 19:09:09,063] {processor.py:161} INFO - Processing /opt/airflow/dags/data_cleaning_dag/data_cleaning.py took 0.240 seconds
